2023-09-26 10:02:54.705 [info] Log level: Info
2023-09-26 10:02:54.705 [info] Validating found git in: "git"
2023-09-26 10:02:54.705 [info] Using git "2.42.0" from "git"
2023-09-26 10:02:54.705 [info] > git rev-parse --show-toplevel [63ms]
2023-09-26 10:02:54.705 [info] > git rev-parse --git-dir --git-common-dir [3ms]
2023-09-26 10:02:54.705 [info] Open repository: /workspace/mijn-website
2023-09-26 10:02:54.705 [info] > git config --get commit.template [12ms]
2023-09-26 10:02:54.705 [info] > git rev-parse --show-toplevel [4ms]
2023-09-26 10:02:54.857 [info] > git for-each-ref --format=%(refname)%00%(upstream:short)%00%(objectname)%00%(upstream:track)%00%(upstream:remotename)%00%(upstream:remoteref) refs/heads/master refs/remotes/master [154ms]
2023-09-26 10:02:54.925 [info] > git status -z -uall [10ms]
2023-09-26 10:02:55.022 [info] > git config --get commit.template [68ms]
2023-09-26 10:02:55.065 [info] > git for-each-ref --format=%(refname)%00%(upstream:short)%00%(objectname)%00%(upstream:track)%00%(upstream:remotename)%00%(upstream:remoteref) refs/heads/master refs/remotes/master [21ms]
2023-09-26 10:02:55.083 [info] > git status -z -uall [3ms]
2023-09-26 10:02:55.369 [info] > git config --local branch.master.github-pr-owner-number [2ms]
2023-09-26 10:02:55.390 [info] > git config --get commit.template [4ms]
2023-09-26 10:02:55.450 [info] > git check-ignore -v -z --stdin [5ms]
2023-09-26 10:02:55.451 [info] > git for-each-ref --format=%(refname)%00%(upstream:short)%00%(objectname)%00%(upstream:track)%00%(upstream:remotename)%00%(upstream:remoteref) refs/heads/master refs/remotes/master [27ms]
2023-09-26 10:02:55.542 [info] > git status -z -uall [49ms]
2023-09-26 10:02:56.136 [info] > git show --textconv :info.html [17ms]
2023-09-26 10:02:56.137 [info] > git ls-files --stage -- /workspace/mijn-website/info.html [3ms]
2023-09-26 10:02:56.155 [info] > git cat-file -s 8f1f864cb474b3d3893b8d381f024265d1da0a0a [3ms]
2023-09-26 10:04:12.470 [info] > git show --textconv :index.html [13ms]
2023-09-26 10:04:12.471 [info] > git ls-files --stage -- /workspace/mijn-website/index.html [2ms]
2023-09-26 10:04:12.486 [info] > git cat-file -s 85e27382d88bed1cb0308dad246749e62bf3edb6 [2ms]
2023-09-26 10:04:26.191 [info] > git config --get commit.template [17ms]
2023-09-26 10:04:26.191 [info] > git for-each-ref --format=%(refname)%00%(upstream:short)%00%(objectname)%00%(upstream:track)%00%(upstream:remotename)%00%(upstream:remoteref) refs/heads/master refs/remotes/master [2ms]
2023-09-26 10:04:26.206 [info] > git status -z -uall [3ms]
2023-09-26 10:04:35.758 [info] > git config --get commit.template [18ms]
2023-09-26 10:04:35.759 [info] > git for-each-ref --format=%(refname)%00%(upstream:short)%00%(objectname)%00%(upstream:track)%00%(upstream:remotename)%00%(upstream:remoteref) refs/heads/master refs/remotes/master [2ms]
2023-09-26 10:04:35.775 [info] > git status -z -uall [3ms]
2023-09-26 10:05:45.207 [info] > git config --get commit.template [3ms]
2023-09-26 10:05:45.223 [info] > git for-each-ref --format=%(refname)%00%(upstream:short)%00%(objectname)%00%(upstream:track)%00%(upstream:remotename)%00%(upstream:remoteref) refs/heads/master refs/remotes/master [2ms]
2023-09-26 10:05:45.238 [info] > git status -z -uall [3ms]
2023-09-26 10:05:52.222 [info] > git config --get commit.template [18ms]
2023-09-26 10:05:52.223 [info] > git for-each-ref --format=%(refname)%00%(upstream:short)%00%(objectname)%00%(upstream:track)%00%(upstream:remotename)%00%(upstream:remoteref) refs/heads/master refs/remotes/master [2ms]
2023-09-26 10:05:52.241 [info] > git status -z -uall [2ms]
2023-09-26 10:06:02.101 [info] > git config --get commit.template [45ms]
2023-09-26 10:06:02.102 [info] > git for-each-ref --format=%(refname)%00%(upstream:short)%00%(objectname)%00%(upstream:track)%00%(upstream:remotename)%00%(upstream:remoteref) refs/heads/master refs/remotes/master [3ms]
2023-09-26 10:06:02.121 [info] > git status -z -uall [3ms]
2023-09-26 10:06:39.088 [info] > git add -A -- . [3ms]
2023-09-26 10:06:39.459 [info] > git show --textconv :.git/COMMIT_EDITMSG [13ms]
2023-09-26 10:06:39.460 [info] > git ls-files --stage -- /workspace/mijn-website/.git/COMMIT_EDITMSG [2ms]
2023-09-26 10:06:39.747 [info] > git check-ignore -v -z --stdin [2ms]
2023-09-26 10:06:40.342 [info] > git ls-files --stage -- /workspace/mijn-website/index.html [13ms]
2023-09-26 10:06:40.355 [info] > git ls-files --stage -- /workspace/mijn-website/info.html [43ms]
2023-09-26 10:06:40.367 [info] > git cat-file -s f09760d2df591caf8aee1638fc974e9d98ed3f68 [12ms]
2023-09-26 10:06:40.368 [info] > git ls-files --stage -- /workspace/mijn-website/.git/COMMIT_EDITMSG [27ms]
2023-09-26 10:06:40.369 [info] > git cat-file -s b6341238be2d8ac70c7ddd7b762b1622e713be79 [3ms]
2023-09-26 10:06:40.410 [info] > git show --textconv :index.html [17ms]
2023-09-26 10:06:40.412 [info] > git show --textconv :.git/COMMIT_EDITMSG [3ms]
2023-09-26 10:06:40.432 [info] > git show --textconv :info.html [3ms]
2023-09-26 10:07:09.350 [info] > git show --textconv HEAD:index.html [14ms]
2023-09-26 10:07:09.352 [info] > git ls-tree -l HEAD -- /workspace/mijn-website/index.html [2ms]
2023-09-26 10:07:55.332 [info] > git config --local branch.master.github-pr-owner-number [2ms]
2023-09-26 10:07:55.357 [info] > git config --get commit.template [12ms]
2023-09-26 10:07:55.358 [info] > git for-each-ref --format=%(refname)%00%(upstream:short)%00%(objectname)%00%(upstream:track)%00%(upstream:remotename)%00%(upstream:remoteref) refs/heads/master refs/remotes/master [2ms]
2023-09-26 10:07:55.373 [info] > git status -z -uall [3ms]
