2023-10-03 10:25:48.742 [info] Extension host with pid 758 started
2023-10-03 10:25:48.747 [error] Error: EEXIST: file already exists, open '/workspace/.vscode-remote/data/User/workspaceStorage/-7bd84a89/vscode.lock'
2023-10-03 10:25:48.759 [info] Lock '/workspace/.vscode-remote/data/User/workspaceStorage/-7bd84a89/vscode.lock': Could not acquire lock, checking if the file is stale.
2023-10-03 10:25:48.760 [info] Lock '/workspace/.vscode-remote/data/User/workspaceStorage/-7bd84a89/vscode.lock': The lock does not look stale, elapsed: 257760 ms, giving up.
2023-10-03 10:25:48.763 [info] Lock '/workspace/.vscode-remote/data/User/workspaceStorage/-7bd84a89-1/vscode.lock': Lock acquired.
2023-10-03 10:25:48.791 [info] ExtensionService#_doActivateExtension gitpod.gitpod-web, startup: false, activationEvent: 'onView:gitpod.portsView'
2023-10-03 10:25:48.792 [info] ExtensionService#_doActivateExtension vscode.emmet, startup: false, activationEvent: 'onLanguage'
2023-10-03 10:25:48.792 [info] ExtensionService#_doActivateExtension vscode.css-language-features, startup: false, activationEvent: 'onLanguage:css'
2023-10-03 10:25:49.355 [info] ExtensionService#_doActivateExtension vscode.git-base, startup: true, activationEvent: '*', root cause: vscode.git
2023-10-03 10:25:49.396 [info] ExtensionService#_doActivateExtension vscode.git, startup: true, activationEvent: '*'
2023-10-03 10:25:49.396 [info] ExtensionService#_doActivateExtension vscode.github, startup: true, activationEvent: '*'
2023-10-03 10:25:49.593 [info] Eager extensions activated
2023-10-03 10:25:49.593 [info] ExtensionService#_doActivateExtension vscode.debug-auto-launch, startup: false, activationEvent: 'onStartupFinished'
2023-10-03 10:25:49.593 [info] ExtensionService#_doActivateExtension vscode.merge-conflict, startup: false, activationEvent: 'onStartupFinished'
2023-10-03 10:25:49.594 [info] ExtensionService#_doActivateExtension vscode.github-authentication, startup: false, activationEvent: 'onStartupFinished', root cause: GitHub.vscode-pull-request-github
2023-10-03 10:25:49.664 [info] ExtensionService#_doActivateExtension redhat.vscode-yaml, startup: false, activationEvent: 'onLanguage:yaml'
2023-10-03 10:25:49.864 [info] ExtensionService#_doActivateExtension GitHub.vscode-pull-request-github, startup: false, activationEvent: 'onStartupFinished'
2023-10-03 10:25:50.372 [warning] [redhat.vscode-yaml] Accessing a resource scoped configuration without providing a resource is not expected. To get the effective value for '[yaml]', provide the URI of a resource or 'null' for any resource.
2023-10-03 10:25:50.385 [warning] [redhat.vscode-yaml] Accessing a resource scoped configuration without providing a resource is not expected. To get the effective value for '[yaml]', provide the URI of a resource or 'null' for any resource.
2023-10-03 10:25:53.529 [info] ExtensionService#_doActivateExtension vscode.json-language-features, startup: false, activationEvent: 'onLanguage:jsonc'
2023-10-03 10:25:53.529 [info] ExtensionService#_doActivateExtension vscode.typescript-language-features, startup: false, activationEvent: 'onLanguage:jsonc'
2023-10-03 10:25:58.104 [warning] [redhat.vscode-yaml] Accessing a resource scoped configuration without providing a resource is not expected. To get the effective value for '[yaml]', provide the URI of a resource or 'null' for any resource.
2023-10-03 10:26:07.508 [info] Extension host terminating: received terminate message from renderer
2023-10-03 10:26:07.509 [info] Lock '/workspace/.vscode-remote/data/User/workspaceStorage/-7bd84a89-1/vscode.lock': Marking the lockfile as scheduled to be released in 6000 ms.
2023-10-03 10:26:07.533 [error] Canceled: Canceled
	at new h (/ide/out/vs/workbench/api/node/extensionHostProcess.js:107:57382)
	at i.O (/ide/out/vs/workbench/api/node/extensionHostProcess.js:116:10850)
	at j.<computed>.T.charCodeAt.j.<computed> (/ide/out/vs/workbench/api/node/extensionHostProcess.js:116:8289)
	at r.g (/ide/out/vs/workbench/api/node/extensionHostProcess.js:107:82208)
	at r.executeCommand (/ide/out/vs/workbench/api/node/extensionHostProcess.js:107:81646)
	at u.registerCommand.description (/ide/out/vs/workbench/api/node/extensionHostProcess.js:107:80967)
	at r.h (/ide/out/vs/workbench/api/node/extensionHostProcess.js:107:82744)
	at r.g (/ide/out/vs/workbench/api/node/extensionHostProcess.js:107:81739)
	at r.executeCommand (/ide/out/vs/workbench/api/node/extensionHostProcess.js:107:81646)
	at Object.executeCommand (/ide/out/vs/workbench/api/node/extensionHostProcess.js:122:21247)
	at n.D [as value] (/ide/extensions/git/dist/main.js:2:1309000)
	at f.w (/ide/out/vs/workbench/api/node/extensionHostProcess.js:63:1902)
	at f.x (/ide/out/vs/workbench/api/node/extensionHostProcess.js:63:1972)
	at f.fire (/ide/out/vs/workbench/api/node/extensionHostProcess.js:63:2188)
	at Object.m [as dispose] (/ide/extensions/git/dist/main.js:2:1324784)
	at /ide/extensions/git/dist/main.js:2:1329625
	at Array.forEach (<anonymous>)
	at g.dispose (/ide/extensions/git/dist/main.js:2:1329611)
	at E.<anonymous> (/ide/out/vs/workbench/api/node/extensionHostProcess.js:103:3484)
	at E.dispose (/ide/out/vs/workbench/api/node/extensionHostProcess.js:103:3581)
	at E.<anonymous> (/ide/extensions/git/dist/main.js:2:1311012)
	at E.dispose (/ide/out/vs/workbench/api/node/extensionHostProcess.js:103:3581)
	at k (/ide/out/vs/workbench/api/node/extensionHostProcess.js:13:11730)
	at n.Z (/ide/out/vs/workbench/api/node/extensionHostProcess.js:118:9652)
	at /ide/out/vs/workbench/api/node/extensionHostProcess.js:118:7585
	at Array.map (<anonymous>)
	at n.S (/ide/out/vs/workbench/api/node/extensionHostProcess.js:118:7572)
	at n.terminate (/ide/out/vs/workbench/api/node/extensionHostProcess.js:118:7844)
	at o.terminate (/ide/out/vs/workbench/api/node/extensionHostProcess.js:122:1513)
	at D (/ide/out/vs/workbench/api/node/extensionHostProcess.js:135:9800)
	at n.value (/ide/out/vs/workbench/api/node/extensionHostProcess.js:135:7847)
	at f.w (/ide/out/vs/workbench/api/node/extensionHostProcess.js:63:1902)
	at f.fire (/ide/out/vs/workbench/api/node/extensionHostProcess.js:63:2119)
	at v.fire (/ide/out/vs/workbench/api/node/extensionHostProcess.js:79:13940)
	at s.z (/ide/out/vs/workbench/api/node/extensionHostProcess.js:79:17005)
	at n.value (/ide/out/vs/workbench/api/node/extensionHostProcess.js:79:15457)
	at f.w (/ide/out/vs/workbench/api/node/extensionHostProcess.js:63:1902)
	at f.fire (/ide/out/vs/workbench/api/node/extensionHostProcess.js:63:2119)
	at n.acceptChunk (/ide/out/vs/workbench/api/node/extensionHostProcess.js:79:11714)
	at n.value (/ide/out/vs/workbench/api/node/extensionHostProcess.js:79:11001)
	at f.w (/ide/out/vs/workbench/api/node/extensionHostProcess.js:63:1902)
	at f.fire (/ide/out/vs/workbench/api/node/extensionHostProcess.js:63:2119)
	at f.u (/ide/out/vs/workbench/api/node/extensionHostProcess.js:132:19343) setContext undefined
2023-10-03 10:26:07.535 [error] Canceled: Canceled
	at new h (/ide/out/vs/workbench/api/node/extensionHostProcess.js:107:57382)
	at i.O (/ide/out/vs/workbench/api/node/extensionHostProcess.js:116:10850)
	at j.<computed>.T.charCodeAt.j.<computed> (/ide/out/vs/workbench/api/node/extensionHostProcess.js:116:8289)
	at r.g (/ide/out/vs/workbench/api/node/extensionHostProcess.js:107:82208)
	at r.executeCommand (/ide/out/vs/workbench/api/node/extensionHostProcess.js:107:81646)
	at u.registerCommand.description (/ide/out/vs/workbench/api/node/extensionHostProcess.js:107:80967)
	at r.h (/ide/out/vs/workbench/api/node/extensionHostProcess.js:107:82744)
	at r.g (/ide/out/vs/workbench/api/node/extensionHostProcess.js:107:81739)
	at r.executeCommand (/ide/out/vs/workbench/api/node/extensionHostProcess.js:107:81646)
	at Object.executeCommand (/ide/out/vs/workbench/api/node/extensionHostProcess.js:122:21247)
	at set b [as b] (/ide/extensions/github/dist/extension.js:2:714434)
	at /ide/extensions/github/dist/extension.js:2:715075
	at n.value (/ide/extensions/git/dist/main.js:2:1396602)
	at f.w (/ide/out/vs/workbench/api/node/extensionHostProcess.js:63:1902)
	at f.x (/ide/out/vs/workbench/api/node/extensionHostProcess.js:63:1972)
	at f.fire (/ide/out/vs/workbench/api/node/extensionHostProcess.js:63:2188)
	at Object.m [as dispose] (/ide/extensions/git/dist/main.js:2:1324784)
	at /ide/extensions/git/dist/main.js:2:1329625
	at Array.forEach (<anonymous>)
	at g.dispose (/ide/extensions/git/dist/main.js:2:1329611)
	at E.<anonymous> (/ide/out/vs/workbench/api/node/extensionHostProcess.js:103:3484)
	at E.dispose (/ide/out/vs/workbench/api/node/extensionHostProcess.js:103:3581)
	at E.<anonymous> (/ide/extensions/git/dist/main.js:2:1311012)
	at E.dispose (/ide/out/vs/workbench/api/node/extensionHostProcess.js:103:3581)
	at k (/ide/out/vs/workbench/api/node/extensionHostProcess.js:13:11730)
	at n.Z (/ide/out/vs/workbench/api/node/extensionHostProcess.js:118:9652)
	at /ide/out/vs/workbench/api/node/extensionHostProcess.js:118:7585
	at Array.map (<anonymous>)
	at n.S (/ide/out/vs/workbench/api/node/extensionHostProcess.js:118:7572)
	at n.terminate (/ide/out/vs/workbench/api/node/extensionHostProcess.js:118:7844)
	at o.terminate (/ide/out/vs/workbench/api/node/extensionHostProcess.js:122:1513)
	at D (/ide/out/vs/workbench/api/node/extensionHostProcess.js:135:9800)
	at n.value (/ide/out/vs/workbench/api/node/extensionHostProcess.js:135:7847)
	at f.w (/ide/out/vs/workbench/api/node/extensionHostProcess.js:63:1902)
	at f.fire (/ide/out/vs/workbench/api/node/extensionHostProcess.js:63:2119)
	at v.fire (/ide/out/vs/workbench/api/node/extensionHostProcess.js:79:13940)
	at s.z (/ide/out/vs/workbench/api/node/extensionHostProcess.js:79:17005)
	at n.value (/ide/out/vs/workbench/api/node/extensionHostProcess.js:79:15457)
	at f.w (/ide/out/vs/workbench/api/node/extensionHostProcess.js:63:1902)
	at f.fire (/ide/out/vs/workbench/api/node/extensionHostProcess.js:63:2119)
	at n.acceptChunk (/ide/out/vs/workbench/api/node/extensionHostProcess.js:79:11714)
	at n.value (/ide/out/vs/workbench/api/node/extensionHostProcess.js:79:11001)
	at f.w (/ide/out/vs/workbench/api/node/extensionHostProcess.js:63:1902)
	at f.fire (/ide/out/vs/workbench/api/node/extensionHostProcess.js:63:2119)
	at f.u (/ide/out/vs/workbench/api/node/extensionHostProcess.js:132:19343) setContext undefined
2023-10-03 10:26:07.536 [error] Canceled: Canceled
	at new h (/ide/out/vs/workbench/api/node/extensionHostProcess.js:107:57382)
	at i.O (/ide/out/vs/workbench/api/node/extensionHostProcess.js:116:10850)
	at j.<computed>.T.charCodeAt.j.<computed> (/ide/out/vs/workbench/api/node/extensionHostProcess.js:116:8289)
	at r.g (/ide/out/vs/workbench/api/node/extensionHostProcess.js:107:82208)
	at r.executeCommand (/ide/out/vs/workbench/api/node/extensionHostProcess.js:107:81646)
	at u.registerCommand.description (/ide/out/vs/workbench/api/node/extensionHostProcess.js:107:80967)
	at r.h (/ide/out/vs/workbench/api/node/extensionHostProcess.js:107:82744)
	at r.g (/ide/out/vs/workbench/api/node/extensionHostProcess.js:107:81739)
	at r.executeCommand (/ide/out/vs/workbench/api/node/extensionHostProcess.js:107:81646)
	at Object.executeCommand (/ide/out/vs/workbench/api/node/extensionHostProcess.js:122:21247)
	at e (/workspace/.vscode-remote/extensions/github.vscode-pull-request-github-0.72.0-universal/dist/extension.js:1655:1445)
	at Object.n [as setContext] (/workspace/.vscode-remote/extensions/github.vscode-pull-request-github-0.72.0-universal/dist/extension.js:1655:1560)
	at hp.updateActiveReviewCount (/workspace/.vscode-remote/extensions/github.vscode-pull-request-github-0.72.0-universal/dist/extension.js:1772:22546)
	at hp.removeRepo (/workspace/.vscode-remote/extensions/github.vscode-pull-request-github-0.72.0-universal/dist/extension.js:1772:23673)
	at n.value (/workspace/.vscode-remote/extensions/github.vscode-pull-request-github-0.72.0-universal/dist/extension.js:1818:4126)
	at f.w (/ide/out/vs/workbench/api/node/extensionHostProcess.js:63:1902)
	at f.x (/ide/out/vs/workbench/api/node/extensionHostProcess.js:63:1972)
	at f.fire (/ide/out/vs/workbench/api/node/extensionHostProcess.js:63:2188)
	at n.value (/workspace/.vscode-remote/extensions/github.vscode-pull-request-github-0.72.0-universal/dist/extension.js:1624:461993)
	at f.w (/ide/out/vs/workbench/api/node/extensionHostProcess.js:63:1902)
	at f.fire (/ide/out/vs/workbench/api/node/extensionHostProcess.js:63:2119)
	at /workspace/.vscode-remote/extensions/github.vscode-pull-request-github-0.72.0-universal/dist/extension.js:1772:27387
	at n.value (/ide/extensions/git/dist/main.js:2:1396602)
	at f.w (/ide/out/vs/workbench/api/node/extensionHostProcess.js:63:1902)
	at f.x (/ide/out/vs/workbench/api/node/extensionHostProcess.js:63:1972)
	at f.fire (/ide/out/vs/workbench/api/node/extensionHostProcess.js:63:2188)
	at Object.m [as dispose] (/ide/extensions/git/dist/main.js:2:1324784)
	at /ide/extensions/git/dist/main.js:2:1329625
	at Array.forEach (<anonymous>)
	at g.dispose (/ide/extensions/git/dist/main.js:2:1329611)
	at E.<anonymous> (/ide/out/vs/workbench/api/node/extensionHostProcess.js:103:3484)
	at E.dispose (/ide/out/vs/workbench/api/node/extensionHostProcess.js:103:3581)
	at E.<anonymous> (/ide/extensions/git/dist/main.js:2:1311012)
	at E.dispose (/ide/out/vs/workbench/api/node/extensionHostProcess.js:103:3581)
	at k (/ide/out/vs/workbench/api/node/extensionHostProcess.js:13:11730)
	at n.Z (/ide/out/vs/workbench/api/node/extensionHostProcess.js:118:9652)
	at /ide/out/vs/workbench/api/node/extensionHostProcess.js:118:7585
	at Array.map (<anonymous>)
	at n.S (/ide/out/vs/workbench/api/node/extensionHostProcess.js:118:7572)
	at n.terminate (/ide/out/vs/workbench/api/node/extensionHostProcess.js:118:7844)
	at o.terminate (/ide/out/vs/workbench/api/node/extensionHostProcess.js:122:1513)
	at D (/ide/out/vs/workbench/api/node/extensionHostProcess.js:135:9800)
	at n.value (/ide/out/vs/workbench/api/node/extensionHostProcess.js:135:7847)
	at f.w (/ide/out/vs/workbench/api/node/extensionHostProcess.js:63:1902)
	at f.fire (/ide/out/vs/workbench/api/node/extensionHostProcess.js:63:2119)
	at v.fire (/ide/out/vs/workbench/api/node/extensionHostProcess.js:79:13940)
	at s.z (/ide/out/vs/workbench/api/node/extensionHostProcess.js:79:17005)
	at n.value (/ide/out/vs/workbench/api/node/extensionHostProcess.js:79:15457)
	at f.w (/ide/out/vs/workbench/api/node/extensionHostProcess.js:63:1902)
	at f.fire (/ide/out/vs/workbench/api/node/extensionHostProcess.js:63:2119)
	at n.acceptChunk (/ide/out/vs/workbench/api/node/extensionHostProcess.js:79:11714)
	at n.value (/ide/out/vs/workbench/api/node/extensionHostProcess.js:79:11001)
	at f.w (/ide/out/vs/workbench/api/node/extensionHostProcess.js:63:1902)
	at f.fire (/ide/out/vs/workbench/api/node/extensionHostProcess.js:63:2119)
	at f.u (/ide/out/vs/workbench/api/node/extensionHostProcess.js:132:19343) setContext undefined
2023-10-03 10:26:07.537 [error] Canceled: Canceled
	at new h (/ide/out/vs/workbench/api/node/extensionHostProcess.js:107:57382)
	at i.O (/ide/out/vs/workbench/api/node/extensionHostProcess.js:116:10850)
	at j.<computed>.T.charCodeAt.j.<computed> (/ide/out/vs/workbench/api/node/extensionHostProcess.js:116:8289)
	at r.g (/ide/out/vs/workbench/api/node/extensionHostProcess.js:107:82208)
	at r.executeCommand (/ide/out/vs/workbench/api/node/extensionHostProcess.js:107:81646)
	at u.registerCommand.description (/ide/out/vs/workbench/api/node/extensionHostProcess.js:107:80967)
	at r.h (/ide/out/vs/workbench/api/node/extensionHostProcess.js:107:82744)
	at r.g (/ide/out/vs/workbench/api/node/extensionHostProcess.js:107:81739)
	at r.executeCommand (/ide/out/vs/workbench/api/node/extensionHostProcess.js:107:81646)
	at Object.executeCommand (/ide/out/vs/workbench/api/node/extensionHostProcess.js:122:21247)
	at e0.reset (/workspace/.vscode-remote/extensions/github.vscode-pull-request-github-0.72.0-universal/dist/extension.js:1805:3944)
	at e0.dispose (/workspace/.vscode-remote/extensions/github.vscode-pull-request-github-0.72.0-universal/dist/extension.js:1805:4183)
	at k (/ide/out/vs/workbench/api/node/extensionHostProcess.js:13:11730)
	at n.Z (/ide/out/vs/workbench/api/node/extensionHostProcess.js:118:9652)
	at /ide/out/vs/workbench/api/node/extensionHostProcess.js:118:7585
	at Array.map (<anonymous>)
	at n.S (/ide/out/vs/workbench/api/node/extensionHostProcess.js:118:7572)
	at n.terminate (/ide/out/vs/workbench/api/node/extensionHostProcess.js:118:7844)
	at o.terminate (/ide/out/vs/workbench/api/node/extensionHostProcess.js:122:1513)
	at D (/ide/out/vs/workbench/api/node/extensionHostProcess.js:135:9800)
	at n.value (/ide/out/vs/workbench/api/node/extensionHostProcess.js:135:7847)
	at f.w (/ide/out/vs/workbench/api/node/extensionHostProcess.js:63:1902)
	at f.fire (/ide/out/vs/workbench/api/node/extensionHostProcess.js:63:2119)
	at v.fire (/ide/out/vs/workbench/api/node/extensionHostProcess.js:79:13940)
	at s.z (/ide/out/vs/workbench/api/node/extensionHostProcess.js:79:17005)
	at n.value (/ide/out/vs/workbench/api/node/extensionHostProcess.js:79:15457)
	at f.w (/ide/out/vs/workbench/api/node/extensionHostProcess.js:63:1902)
	at f.fire (/ide/out/vs/workbench/api/node/extensionHostProcess.js:63:2119)
	at n.acceptChunk (/ide/out/vs/workbench/api/node/extensionHostProcess.js:79:11714)
	at n.value (/ide/out/vs/workbench/api/node/extensionHostProcess.js:79:11001)
	at f.w (/ide/out/vs/workbench/api/node/extensionHostProcess.js:63:1902)
	at f.fire (/ide/out/vs/workbench/api/node/extensionHostProcess.js:63:2119)
	at f.u (/ide/out/vs/workbench/api/node/extensionHostProcess.js:132:19343) setContext undefined
2023-10-03 10:26:07.542 [info] Extension host with pid 758 exiting with code 0
