2023-09-28 13:39:56.386 [warning] /home/gitpod/.ssh/config: ENOENT: no such file or directory, open '/home/gitpod/.ssh/config'
2023-09-28 13:39:56.675 [info] Looking for git repository
2023-09-28 13:39:56.675 [info] Found 0 repositories during activation
2023-09-28 13:39:56.675 [info] Git repository found, initializing review manager and pr tree view.
2023-09-28 13:39:56.679 [info] Registering git provider
2023-09-28 13:39:56.679 [info] Review> Validate state in progress
2023-09-28 13:39:56.679 [info] Review> Validating state...
2023-09-28 13:39:56.702 [info] Found GitHub remote for folder /workspace/mijn-website
2023-09-28 13:39:56.704 [info] Trying to use globalState for assignableUsers.
2023-09-28 13:39:56.773 [info] GlobalState does not exist for assignableUsers.
2023-09-28 13:39:56.776 [info] Repo state for file:///workspace/mijn-website changed.
2023-09-28 13:39:56.776 [info] Repo file:///workspace/mijn-website has already been setup.
2023-09-28 13:39:56.777 [info] Review> No matching pull request metadata found locally for current branch master
2023-09-28 13:39:56.777 [info] Review> no matching pull request metadata found for current branch master
2023-09-28 13:39:56.777 [info] Review> No matching pull request metadata found on GitHub for current branch master
2023-09-28 14:15:16.183 [info] Review> Validate state in progress
2023-09-28 14:15:16.183 [info] Review> Validating state...
2023-09-28 14:15:16.216 [info] Found GitHub remote for folder /workspace/mijn-website
2023-09-28 14:15:16.218 [info] Using in-memory cached assignable users.
2023-09-28 14:15:16.281 [info] Review> No matching pull request metadata found locally for current branch master
2023-09-28 14:15:16.281 [info] Review> no matching pull request metadata found for current branch master
2023-09-28 14:15:16.281 [info] Review> No matching pull request metadata found on GitHub for current branch master
