2023-10-03 10:25:49.964 [info] Log level: Info
2023-10-03 10:25:49.965 [info] Validating found git in: "git"
2023-10-03 10:25:49.965 [info] Using git "2.42.0" from "git"
2023-10-03 10:25:49.965 [info] > git rev-parse --show-toplevel [3ms]
2023-10-03 10:25:49.965 [info] > git rev-parse --git-dir --git-common-dir [2ms]
2023-10-03 10:25:49.965 [info] Open repository: /workspace/mijn-website
2023-10-03 10:25:49.965 [info] > git rev-parse --show-toplevel [9ms]
2023-10-03 10:25:49.965 [info] > git config --get commit.template [21ms]
2023-10-03 10:25:49.965 [info] > git for-each-ref --format=%(refname)%00%(upstream:short)%00%(objectname)%00%(upstream:track)%00%(upstream:remotename)%00%(upstream:remoteref) refs/heads/master refs/remotes/master [3ms]
2023-10-03 10:25:49.965 [info] > git status -z -uall [94ms]
2023-10-03 10:25:49.979 [info] > git config --get commit.template [16ms]
2023-10-03 10:25:49.981 [info] > git for-each-ref --format=%(refname)%00%(upstream:short)%00%(objectname)%00%(upstream:track)%00%(upstream:remotename)%00%(upstream:remoteref) refs/heads/master refs/remotes/master [3ms]
2023-10-03 10:25:50.007 [info] > git status -z -uall [16ms]
2023-10-03 10:25:50.355 [info] > git config --local branch.master.github-pr-owner-number [11ms]
2023-10-03 10:25:50.370 [info] > git config --get commit.template [2ms]
2023-10-03 10:25:50.387 [info] > git for-each-ref --format=%(refname)%00%(upstream:short)%00%(objectname)%00%(upstream:track)%00%(upstream:remotename)%00%(upstream:remoteref) refs/heads/master refs/remotes/master [3ms]
2023-10-03 10:25:50.403 [info] > git status -z -uall [4ms]
2023-10-03 10:25:50.454 [info] > git show --textconv :style.css [14ms]
2023-10-03 10:25:50.455 [info] > git ls-files --stage -- /workspace/mijn-website/style.css [3ms]
2023-10-03 10:25:50.480 [info] > git check-ignore -v -z --stdin [1ms]
2023-10-03 10:25:50.481 [info] > git cat-file -s 2ad9a078d0f7cb195d8f67a55a43696b4469fca2 [14ms]
2023-10-03 10:25:50.623 [info] > git fetch [354ms]
2023-10-03 10:25:50.650 [info] > git config --get commit.template [13ms]
2023-10-03 10:25:50.651 [info] > git for-each-ref --format=%(refname)%00%(upstream:short)%00%(objectname)%00%(upstream:track)%00%(upstream:remotename)%00%(upstream:remoteref) refs/heads/master refs/remotes/master [2ms]
2023-10-03 10:25:50.664 [info] > git status -z -uall [2ms]
2023-10-03 10:25:51.775 [info] > git config --get commit.template [9ms]
2023-10-03 10:25:51.775 [info] > git for-each-ref --format=%(refname)%00%(upstream:short)%00%(objectname)%00%(upstream:track)%00%(upstream:remotename)%00%(upstream:remoteref) refs/heads/master refs/remotes/master [1ms]
2023-10-03 10:25:51.784 [info] > git status -z -uall [2ms]
2023-10-03 10:25:51.883 [info] > git ls-files --stage -- /workspace/mijn-website/style.css [2ms]
2023-10-03 10:25:51.901 [info] > git cat-file -s 2ad9a078d0f7cb195d8f67a55a43696b4469fca2 [5ms]
2023-10-03 10:25:51.958 [info] > git show --textconv :style.css [2ms]
2023-10-03 10:25:58.620 [info] > git check-ignore -v -z --stdin [2ms]
2023-10-03 10:26:03.256 [info] > git add -A -- . [3ms]
2023-10-03 10:26:03.623 [info] > git show --textconv :.git/COMMIT_EDITMSG [12ms]
2023-10-03 10:26:03.625 [info] > git ls-files --stage -- /workspace/mijn-website/.git/COMMIT_EDITMSG [2ms]
2023-10-03 10:26:03.902 [info] > git check-ignore -v -z --stdin [2ms]
2023-10-03 10:26:04.487 [info] > git ls-files --stage -- /workspace/mijn-website/style.css [15ms]
2023-10-03 10:26:04.500 [info] > git ls-files --stage -- /workspace/mijn-website/.git/COMMIT_EDITMSG [14ms]
2023-10-03 10:26:04.501 [info] > git cat-file -s 96cee73c10ae90f069a48d07f679e06d5eea960b [2ms]
2023-10-03 10:26:04.538 [info] > git show --textconv :.git/COMMIT_EDITMSG [14ms]
2023-10-03 10:26:04.540 [info] > git show --textconv :style.css [3ms]
