2023-09-26 09:57:19.763 [info] Log level: Info
2023-09-26 09:57:19.763 [info] Validating found git in: "git"
2023-09-26 09:57:19.763 [info] Using git "2.42.0" from "git"
2023-09-26 09:57:19.763 [info] > git rev-parse --show-toplevel [4ms]
2023-09-26 09:57:19.763 [info] > git rev-parse --git-dir --git-common-dir [3ms]
2023-09-26 09:57:19.763 [info] Open repository: /workspace/mijn-website
2023-09-26 09:57:19.763 [info] > git rev-parse --show-toplevel [2ms]
2023-09-26 09:57:19.763 [info] > git config --get commit.template [24ms]
2023-09-26 09:57:19.763 [info] > git for-each-ref --format=%(refname)%00%(upstream:short)%00%(objectname)%00%(upstream:track)%00%(upstream:remotename)%00%(upstream:remoteref) refs/heads/master refs/remotes/master [4ms]
2023-09-26 09:57:19.763 [info] > git status -z -uall [20ms]
2023-09-26 09:57:19.763 [info] > git config --get commit.template [6ms]
2023-09-26 09:57:19.763 [info] > git for-each-ref --format=%(refname)%00%(upstream:short)%00%(objectname)%00%(upstream:track)%00%(upstream:remotename)%00%(upstream:remoteref) refs/heads/master refs/remotes/master [3ms]
2023-09-26 09:57:19.763 [info] > git status -z -uall [3ms]
2023-09-26 09:57:20.031 [info] > git config --local branch.master.github-pr-owner-number [2ms]
2023-09-26 09:57:20.048 [info] > git config --get commit.template [2ms]
2023-09-26 09:57:20.087 [info] > git show --textconv :index.html [14ms]
2023-09-26 09:57:20.089 [info] > git for-each-ref --format=%(refname)%00%(upstream:short)%00%(objectname)%00%(upstream:track)%00%(upstream:remotename)%00%(upstream:remoteref) refs/heads/master refs/remotes/master [28ms]
2023-09-26 09:57:20.111 [info] > git ls-files --stage -- /workspace/mijn-website/index.html [26ms]
2023-09-26 09:57:20.129 [info] > git status -z -uall [20ms]
2023-09-26 09:57:20.136 [info] > git cat-file -s 85e27382d88bed1cb0308dad246749e62bf3edb6 [7ms]
2023-09-26 09:57:20.288 [info] > git check-ignore -v -z --stdin [5ms]
2023-09-26 09:57:27.861 [info] > git show --textconv :wedstrijd.html [16ms]
2023-09-26 09:57:27.862 [info] > git ls-files --stage -- /workspace/mijn-website/wedstrijd.html [2ms]
2023-09-26 09:57:33.221 [info] > git check-ignore -v -z --stdin [1ms]
2023-09-26 09:57:52.345 [info] > git show --textconv :spelers.html [16ms]
2023-09-26 09:57:52.346 [info] > git ls-files --stage -- /workspace/mijn-website/spelers.html [2ms]
2023-09-26 09:58:08.249 [info] > git config --get commit.template [14ms]
2023-09-26 09:58:08.249 [info] > git for-each-ref --format=%(refname)%00%(upstream:short)%00%(objectname)%00%(upstream:track)%00%(upstream:remotename)%00%(upstream:remoteref) refs/heads/master refs/remotes/master [2ms]
2023-09-26 09:58:08.263 [info] > git status -z -uall [3ms]
2023-09-26 09:58:20.122 [info] > git config --get commit.template [15ms]
2023-09-26 09:58:20.122 [info] > git for-each-ref --format=%(refname)%00%(upstream:short)%00%(objectname)%00%(upstream:track)%00%(upstream:remotename)%00%(upstream:remoteref) refs/heads/master refs/remotes/master [2ms]
2023-09-26 09:58:20.138 [info] > git status -z -uall [3ms]
2023-09-26 09:58:25.301 [info] > git config --get commit.template [2ms]
2023-09-26 09:58:25.319 [info] > git for-each-ref --format=%(refname)%00%(upstream:short)%00%(objectname)%00%(upstream:track)%00%(upstream:remotename)%00%(upstream:remoteref) refs/heads/master refs/remotes/master [2ms]
2023-09-26 09:58:25.336 [info] > git status -z -uall [2ms]
2023-09-26 09:59:27.050 [info] > git checkout -q -- /workspace/mijn-website/index.html /workspace/mijn-website/info.html /workspace/mijn-website/overmij.html [3ms]
2023-09-26 09:59:27.076 [info] > git config --get commit.template [12ms]
2023-09-26 09:59:27.077 [info] > git for-each-ref --format=%(refname)%00%(upstream:short)%00%(objectname)%00%(upstream:track)%00%(upstream:remotename)%00%(upstream:remoteref) refs/heads/master refs/remotes/master [1ms]
2023-09-26 09:59:27.094 [info] > git status -z -uall [3ms]
2023-09-26 09:59:28.162 [info] > git config --get commit.template [12ms]
2023-09-26 09:59:28.163 [info] > git for-each-ref --format=%(refname)%00%(upstream:short)%00%(objectname)%00%(upstream:track)%00%(upstream:remotename)%00%(upstream:remoteref) refs/heads/master refs/remotes/master [1ms]
2023-09-26 09:59:28.175 [info] > git status -z -uall [2ms]
2023-09-26 09:59:28.299 [info] > git ls-files --stage -- /workspace/mijn-website/spelers.html [3ms]
2023-09-26 09:59:28.300 [info] > git ls-files --stage -- /workspace/mijn-website/wedstrijd.html [22ms]
2023-09-26 09:59:28.300 [info] > git ls-files --stage -- /workspace/mijn-website/index.html [35ms]
2023-09-26 09:59:28.318 [info] > git cat-file -s 85e27382d88bed1cb0308dad246749e62bf3edb6 [2ms]
2023-09-26 09:59:28.360 [info] > git show --textconv :spelers.html [15ms]
2023-09-26 09:59:28.360 [info] > git show --textconv :wedstrijd.html [2ms]
2023-09-26 09:59:28.378 [info] > git show --textconv :index.html [2ms]
2023-09-26 09:59:29.768 [info] > git ls-files --stage -- /workspace/mijn-website/wedstrijd.html [11ms]
2023-09-26 09:59:29.769 [info] > git ls-files --stage -- /workspace/mijn-website/index.html [24ms]
2023-09-26 09:59:29.780 [info] > git ls-files --stage -- /workspace/mijn-website/spelers.html [12ms]
2023-09-26 09:59:29.781 [info] > git cat-file -s 85e27382d88bed1cb0308dad246749e62bf3edb6 [2ms]
2023-09-26 09:59:29.838 [info] > git show --textconv :wedstrijd.html [19ms]
2023-09-26 09:59:29.839 [info] > git show --textconv :spelers.html [2ms]
2023-09-26 09:59:29.854 [info] > git show --textconv :index.html [2ms]
2023-09-26 09:59:33.218 [info] > git config --get commit.template [20ms]
2023-09-26 09:59:33.219 [info] > git for-each-ref --format=%(refname)%00%(upstream:short)%00%(objectname)%00%(upstream:track)%00%(upstream:remotename)%00%(upstream:remoteref) refs/heads/master refs/remotes/master [2ms]
2023-09-26 09:59:33.238 [info] > git status -z -uall [2ms]
2023-09-26 09:59:56.503 [info] > git config --get commit.template [20ms]
2023-09-26 09:59:56.512 [info] > git for-each-ref --format=%(refname)%00%(upstream:short)%00%(objectname)%00%(upstream:track)%00%(upstream:remotename)%00%(upstream:remoteref) refs/heads/master refs/remotes/master [11ms]
2023-09-26 09:59:56.531 [info] > git status -z -uall [2ms]
2023-09-26 10:00:07.360 [info] > git config --get commit.template [13ms]
2023-09-26 10:00:07.361 [info] > git for-each-ref --format=%(refname)%00%(upstream:short)%00%(objectname)%00%(upstream:track)%00%(upstream:remotename)%00%(upstream:remoteref) refs/heads/master refs/remotes/master [2ms]
2023-09-26 10:00:07.375 [info] > git status -z -uall [2ms]
2023-09-26 10:00:22.727 [info] > git config --get commit.template [16ms]
2023-09-26 10:00:22.728 [info] > git for-each-ref --format=%(refname)%00%(upstream:short)%00%(objectname)%00%(upstream:track)%00%(upstream:remotename)%00%(upstream:remoteref) refs/heads/master refs/remotes/master [3ms]
2023-09-26 10:00:22.741 [info] > git status -z -uall [2ms]
2023-09-26 10:00:27.770 [info] > git config --get commit.template [12ms]
2023-09-26 10:00:27.772 [info] > git for-each-ref --format=%(refname)%00%(upstream:short)%00%(objectname)%00%(upstream:track)%00%(upstream:remotename)%00%(upstream:remoteref) refs/heads/master refs/remotes/master [3ms]
2023-09-26 10:00:27.788 [info] > git status -z -uall [5ms]
2023-09-26 10:00:35.830 [info] > git config --get commit.template [3ms]
2023-09-26 10:00:35.861 [info] > git for-each-ref --format=%(refname)%00%(upstream:short)%00%(objectname)%00%(upstream:track)%00%(upstream:remotename)%00%(upstream:remoteref) refs/heads/master refs/remotes/master [2ms]
2023-09-26 10:00:35.876 [info] > git status -z -uall [2ms]
2023-09-26 10:00:40.923 [info] > git config --get commit.template [18ms]
2023-09-26 10:00:40.924 [info] > git for-each-ref --format=%(refname)%00%(upstream:short)%00%(objectname)%00%(upstream:track)%00%(upstream:remotename)%00%(upstream:remoteref) refs/heads/master refs/remotes/master [3ms]
2023-09-26 10:00:40.943 [info] > git status -z -uall [2ms]
2023-09-26 10:00:49.675 [info] > git config --get commit.template [13ms]
2023-09-26 10:00:49.677 [info] > git for-each-ref --format=%(refname)%00%(upstream:short)%00%(objectname)%00%(upstream:track)%00%(upstream:remotename)%00%(upstream:remoteref) refs/heads/master refs/remotes/master [2ms]
2023-09-26 10:00:49.696 [info] > git status -z -uall [1ms]
2023-09-26 10:00:55.831 [info] > git config --get commit.template [17ms]
2023-09-26 10:00:55.833 [info] > git for-each-ref --format=%(refname)%00%(upstream:short)%00%(objectname)%00%(upstream:track)%00%(upstream:remotename)%00%(upstream:remoteref) refs/heads/master refs/remotes/master [3ms]
2023-09-26 10:00:55.848 [info] > git status -z -uall [2ms]
2023-09-26 10:01:00.875 [info] > git config --get commit.template [12ms]
2023-09-26 10:01:00.876 [info] > git for-each-ref --format=%(refname)%00%(upstream:short)%00%(objectname)%00%(upstream:track)%00%(upstream:remotename)%00%(upstream:remoteref) refs/heads/master refs/remotes/master [2ms]
2023-09-26 10:01:00.892 [info] > git status -z -uall [1ms]
2023-09-26 10:01:05.931 [info] > git config --get commit.template [15ms]
2023-09-26 10:01:05.932 [info] > git for-each-ref --format=%(refname)%00%(upstream:short)%00%(objectname)%00%(upstream:track)%00%(upstream:remotename)%00%(upstream:remoteref) refs/heads/master refs/remotes/master [2ms]
2023-09-26 10:01:05.946 [info] > git status -z -uall [2ms]
2023-09-26 10:01:10.976 [info] > git config --get commit.template [14ms]
2023-09-26 10:01:10.977 [info] > git for-each-ref --format=%(refname)%00%(upstream:short)%00%(objectname)%00%(upstream:track)%00%(upstream:remotename)%00%(upstream:remoteref) refs/heads/master refs/remotes/master [2ms]
2023-09-26 10:01:10.999 [info] > git status -z -uall [5ms]
2023-09-26 10:01:21.187 [info] > git config --get commit.template [13ms]
2023-09-26 10:01:21.188 [info] > git for-each-ref --format=%(refname)%00%(upstream:short)%00%(objectname)%00%(upstream:track)%00%(upstream:remotename)%00%(upstream:remoteref) refs/heads/master refs/remotes/master [2ms]
2023-09-26 10:01:21.210 [info] > git status -z -uall [3ms]
2023-09-26 10:01:31.021 [info] > git show --textconv :info.html [30ms]
2023-09-26 10:01:31.022 [info] > git ls-files --stage -- /workspace/mijn-website/info.html [2ms]
2023-09-26 10:01:31.039 [info] > git cat-file -s 8f1f864cb474b3d3893b8d381f024265d1da0a0a [2ms]
2023-09-26 10:01:46.652 [info] > git config --get commit.template [17ms]
2023-09-26 10:01:46.653 [info] > git for-each-ref --format=%(refname)%00%(upstream:short)%00%(objectname)%00%(upstream:track)%00%(upstream:remotename)%00%(upstream:remoteref) refs/heads/master refs/remotes/master [2ms]
2023-09-26 10:01:46.672 [info] > git status -z -uall [3ms]
2023-09-26 10:01:52.796 [info] > git config --get commit.template [8ms]
2023-09-26 10:01:52.819 [info] > git for-each-ref --format=%(refname)%00%(upstream:short)%00%(objectname)%00%(upstream:track)%00%(upstream:remotename)%00%(upstream:remoteref) refs/heads/master refs/remotes/master [2ms]
2023-09-26 10:01:52.843 [info] > git status -z -uall [4ms]
2023-09-26 10:01:59.515 [info] > git config --get commit.template [33ms]
2023-09-26 10:01:59.517 [info] > git for-each-ref --format=%(refname)%00%(upstream:short)%00%(objectname)%00%(upstream:track)%00%(upstream:remotename)%00%(upstream:remoteref) refs/heads/master refs/remotes/master [6ms]
2023-09-26 10:01:59.539 [info] > git status -z -uall [3ms]
2023-09-26 10:02:04.569 [info] > git config --get commit.template [12ms]
2023-09-26 10:02:04.570 [info] > git for-each-ref --format=%(refname)%00%(upstream:short)%00%(objectname)%00%(upstream:track)%00%(upstream:remotename)%00%(upstream:remoteref) refs/heads/master refs/remotes/master [2ms]
2023-09-26 10:02:04.585 [info] > git status -z -uall [3ms]
2023-09-26 10:02:05.317 [info] > git show --textconv :overmij.html [34ms]
2023-09-26 10:02:05.317 [info] > git ls-files --stage -- /workspace/mijn-website/overmij.html [2ms]
2023-09-26 10:02:05.343 [info] > git cat-file -s bbdcb54e199ab68a4739083cef3ac26d83f45d72 [3ms]
2023-09-26 10:02:09.902 [info] > git config --get commit.template [3ms]
2023-09-26 10:02:09.920 [info] > git for-each-ref --format=%(refname)%00%(upstream:short)%00%(objectname)%00%(upstream:track)%00%(upstream:remotename)%00%(upstream:remoteref) refs/heads/master refs/remotes/master [2ms]
2023-09-26 10:02:09.936 [info] > git status -z -uall [3ms]
2023-09-26 10:02:15.009 [info] > git for-each-ref --format=%(refname)%00%(upstream:short)%00%(objectname)%00%(upstream:track)%00%(upstream:remotename)%00%(upstream:remoteref) refs/heads/master refs/remotes/master [2ms]
2023-09-26 10:02:15.009 [info] > git config --get commit.template [29ms]
2023-09-26 10:02:15.028 [info] > git status -z -uall [3ms]
2023-09-26 10:02:20.005 [info] > git config --local branch.master.github-pr-owner-number [7ms]
2023-09-26 10:02:20.039 [info] > git config --get commit.template [16ms]
2023-09-26 10:02:20.040 [info] > git for-each-ref --format=%(refname)%00%(upstream:short)%00%(objectname)%00%(upstream:track)%00%(upstream:remotename)%00%(upstream:remoteref) refs/heads/master refs/remotes/master [2ms]
2023-09-26 10:02:20.056 [info] > git status -z -uall [2ms]
2023-09-26 10:02:24.247 [info] > git config --get commit.template [18ms]
2023-09-26 10:02:24.248 [info] > git for-each-ref --format=%(refname)%00%(upstream:short)%00%(objectname)%00%(upstream:track)%00%(upstream:remotename)%00%(upstream:remoteref) refs/heads/master refs/remotes/master [3ms]
2023-09-26 10:02:24.264 [info] > git status -z -uall [3ms]
2023-09-26 10:02:30.769 [info] > git config --get commit.template [16ms]
2023-09-26 10:02:30.770 [info] > git for-each-ref --format=%(refname)%00%(upstream:short)%00%(objectname)%00%(upstream:track)%00%(upstream:remotename)%00%(upstream:remoteref) refs/heads/master refs/remotes/master [2ms]
2023-09-26 10:02:30.787 [info] > git status -z -uall [2ms]
2023-09-26 10:02:40.736 [info] > git config --get commit.template [15ms]
2023-09-26 10:02:40.736 [info] > git for-each-ref --format=%(refname)%00%(upstream:short)%00%(objectname)%00%(upstream:track)%00%(upstream:remotename)%00%(upstream:remoteref) refs/heads/master refs/remotes/master [2ms]
2023-09-26 10:02:40.751 [info] > git status -z -uall [3ms]
2023-09-26 10:02:46.492 [info] > git config --get commit.template [16ms]
2023-09-26 10:02:46.494 [info] > git for-each-ref --format=%(refname)%00%(upstream:short)%00%(objectname)%00%(upstream:track)%00%(upstream:remotename)%00%(upstream:remoteref) refs/heads/master refs/remotes/master [3ms]
2023-09-26 10:02:46.518 [info] > git status -z -uall [3ms]
