2023-09-26 09:33:57.104 [info] Log level: Info
2023-09-26 09:33:57.104 [info] Validating found git in: "git"
2023-09-26 09:33:57.104 [info] Using git "2.42.0" from "git"
2023-09-26 09:33:57.104 [info] > git rev-parse --show-toplevel [144ms]
2023-09-26 09:33:57.104 [info] > git rev-parse --git-dir --git-common-dir [11ms]
2023-09-26 09:33:57.104 [info] Open repository: /workspace/mijn-website
2023-09-26 09:33:57.104 [info] > git rev-parse --show-toplevel [11ms]
2023-09-26 09:33:57.104 [info] > git config --get commit.template [27ms]
2023-09-26 09:33:57.104 [info] > git for-each-ref --format=%(refname)%00%(upstream:short)%00%(objectname)%00%(upstream:track)%00%(upstream:remotename)%00%(upstream:remoteref) refs/heads/master refs/remotes/master [6ms]
2023-09-26 09:33:57.104 [info] > git status -z -uall [4ms]
2023-09-26 09:33:57.123 [info] > git config --get commit.template [3ms]
2023-09-26 09:33:57.248 [info] > git for-each-ref --format=%(refname)%00%(upstream:short)%00%(objectname)%00%(upstream:track)%00%(upstream:remotename)%00%(upstream:remoteref) refs/heads/master refs/remotes/master [111ms]
2023-09-26 09:33:57.268 [info] > git status -z -uall [4ms]
2023-09-26 09:33:57.674 [info] > git config --local branch.master.github-pr-owner-number [2ms]
2023-09-26 09:33:57.696 [info] > git config --get commit.template [2ms]
2023-09-26 09:33:57.718 [info] > git for-each-ref --format=%(refname)%00%(upstream:short)%00%(objectname)%00%(upstream:track)%00%(upstream:remotename)%00%(upstream:remoteref) refs/heads/master refs/remotes/master [5ms]
2023-09-26 09:33:57.742 [info] > git status -z -uall [4ms]
2023-09-26 09:33:57.803 [info] > git check-ignore -v -z --stdin [3ms]
2023-09-26 09:33:58.122 [info] > git show --textconv :index.html [19ms]
2023-09-26 09:33:58.123 [info] > git ls-files --stage -- /workspace/mijn-website/index.html [2ms]
2023-09-26 09:33:58.147 [info] > git cat-file -s 85e27382d88bed1cb0308dad246749e62bf3edb6 [6ms]
2023-09-26 09:37:42.155 [info] > git config --get commit.template [22ms]
2023-09-26 09:37:42.159 [info] > git for-each-ref --format=%(refname)%00%(upstream:short)%00%(objectname)%00%(upstream:track)%00%(upstream:remotename)%00%(upstream:remoteref) refs/heads/master refs/remotes/master [6ms]
2023-09-26 09:37:42.185 [info] > git status -z -uall [4ms]
2023-09-26 09:38:45.809 [info] > git config --get commit.template [21ms]
2023-09-26 09:38:45.810 [info] > git for-each-ref --format=%(refname)%00%(upstream:short)%00%(objectname)%00%(upstream:track)%00%(upstream:remotename)%00%(upstream:remoteref) refs/heads/master refs/remotes/master [3ms]
2023-09-26 09:38:45.832 [info] > git status -z -uall [4ms]
2023-09-26 09:38:50.879 [info] > git config --get commit.template [20ms]
2023-09-26 09:38:50.880 [info] > git for-each-ref --format=%(refname)%00%(upstream:short)%00%(objectname)%00%(upstream:track)%00%(upstream:remotename)%00%(upstream:remoteref) refs/heads/master refs/remotes/master [3ms]
2023-09-26 09:38:50.898 [info] > git status -z -uall [3ms]
2023-09-26 09:38:56.660 [info] > git config --get commit.template [22ms]
2023-09-26 09:38:56.661 [info] > git for-each-ref --format=%(refname)%00%(upstream:short)%00%(objectname)%00%(upstream:track)%00%(upstream:remotename)%00%(upstream:remoteref) refs/heads/master refs/remotes/master [3ms]
2023-09-26 09:38:56.684 [info] > git status -z -uall [4ms]
2023-09-26 09:38:57.650 [info] > git config --local branch.master.github-pr-owner-number [7ms]
2023-09-26 09:38:57.694 [info] > git config --get commit.template [23ms]
2023-09-26 09:38:57.696 [info] > git for-each-ref --format=%(refname)%00%(upstream:short)%00%(objectname)%00%(upstream:track)%00%(upstream:remotename)%00%(upstream:remoteref) refs/heads/master refs/remotes/master [3ms]
2023-09-26 09:38:57.721 [info] > git status -z -uall [4ms]
2023-09-26 09:40:31.830 [info] > git config --get commit.template [15ms]
2023-09-26 09:40:31.831 [info] > git for-each-ref --format=%(refname)%00%(upstream:short)%00%(objectname)%00%(upstream:track)%00%(upstream:remotename)%00%(upstream:remoteref) refs/heads/master refs/remotes/master [2ms]
2023-09-26 09:40:31.847 [info] > git status -z -uall [3ms]
2023-09-26 09:40:38.856 [info] > git config --get commit.template [16ms]
2023-09-26 09:40:38.857 [info] > git for-each-ref --format=%(refname)%00%(upstream:short)%00%(objectname)%00%(upstream:track)%00%(upstream:remotename)%00%(upstream:remoteref) refs/heads/master refs/remotes/master [3ms]
2023-09-26 09:40:38.876 [info] > git status -z -uall [4ms]
2023-09-26 09:40:46.104 [info] > git config --get commit.template [17ms]
2023-09-26 09:40:46.105 [info] > git for-each-ref --format=%(refname)%00%(upstream:short)%00%(objectname)%00%(upstream:track)%00%(upstream:remotename)%00%(upstream:remoteref) refs/heads/master refs/remotes/master [2ms]
2023-09-26 09:40:46.125 [info] > git status -z -uall [3ms]
2023-09-26 09:40:53.206 [info] > git config --get commit.template [17ms]
2023-09-26 09:40:53.224 [info] > git for-each-ref --format=%(refname)%00%(upstream:short)%00%(objectname)%00%(upstream:track)%00%(upstream:remotename)%00%(upstream:remoteref) refs/heads/master refs/remotes/master [21ms]
2023-09-26 09:40:53.243 [info] > git status -z -uall [4ms]
