2023-09-26 09:53:33.926 [info] Log level: Info
2023-09-26 09:53:33.926 [info] Validating found git in: "git"
2023-09-26 09:53:33.926 [info] Using git "2.42.0" from "git"
2023-09-26 09:53:33.926 [info] > git rev-parse --show-toplevel [4ms]
2023-09-26 09:53:33.926 [info] > git rev-parse --git-dir --git-common-dir [54ms]
2023-09-26 09:53:33.926 [info] Open repository: /workspace/mijn-website
2023-09-26 09:53:33.926 [info] > git config --get commit.template [19ms]
2023-09-26 09:53:33.926 [info] > git rev-parse --show-toplevel [4ms]
2023-09-26 09:53:33.926 [info] > git for-each-ref --format=%(refname)%00%(upstream:short)%00%(objectname)%00%(upstream:track)%00%(upstream:remotename)%00%(upstream:remoteref) refs/heads/master refs/remotes/master [9ms]
2023-09-26 09:53:33.926 [info] > git status -z -uall [128ms]
2023-09-26 09:53:33.938 [info] > git config --get commit.template [27ms]
2023-09-26 09:53:33.981 [info] > git for-each-ref --format=%(refname)%00%(upstream:short)%00%(objectname)%00%(upstream:track)%00%(upstream:remotename)%00%(upstream:remoteref) refs/heads/master refs/remotes/master [19ms]
2023-09-26 09:53:34.038 [info] > git status -z -uall [28ms]
2023-09-26 09:53:34.359 [info] > git config --local branch.master.github-pr-owner-number [3ms]
2023-09-26 09:53:34.413 [info] > git config --get commit.template [35ms]
2023-09-26 09:53:34.420 [info] > git for-each-ref --format=%(refname)%00%(upstream:short)%00%(objectname)%00%(upstream:track)%00%(upstream:remotename)%00%(upstream:remoteref) refs/heads/master refs/remotes/master [8ms]
2023-09-26 09:53:34.514 [info] > git status -z -uall [74ms]
2023-09-26 09:53:34.515 [info] > git check-ignore -v -z --stdin [2ms]
2023-09-26 09:53:35.181 [info] > git show --textconv :trofeeën.html [19ms]
2023-09-26 09:53:35.182 [info] > git ls-files --stage -- /workspace/mijn-website/trofeeën.html [2ms]
2023-09-26 09:53:48.683 [info] > git config --get commit.template [14ms]
2023-09-26 09:53:48.685 [info] > git for-each-ref --format=%(refname)%00%(upstream:short)%00%(objectname)%00%(upstream:track)%00%(upstream:remotename)%00%(upstream:remoteref) refs/heads/master refs/remotes/master [2ms]
2023-09-26 09:53:48.722 [info] > git status -z -uall [2ms]
2023-09-26 09:54:04.420 [info] > git config --get commit.template [2ms]
2023-09-26 09:54:04.439 [info] > git for-each-ref --format=%(refname)%00%(upstream:short)%00%(objectname)%00%(upstream:track)%00%(upstream:remotename)%00%(upstream:remoteref) refs/heads/master refs/remotes/master [2ms]
2023-09-26 09:54:04.453 [info] > git status -z -uall [3ms]
2023-09-26 09:54:10.300 [info] > git show --textconv :spelers.html [31ms]
2023-09-26 09:54:10.301 [info] > git ls-files --stage -- /workspace/mijn-website/spelers.html [2ms]
2023-09-26 09:54:10.531 [info] > git check-ignore -v -z --stdin [1ms]
2023-09-26 09:54:11.108 [info] > git for-each-ref --format=%(refname)%00%(upstream:short)%00%(objectname)%00%(upstream:track)%00%(upstream:remotename)%00%(upstream:remoteref) refs/heads/master refs/remotes/master [1ms]
2023-09-26 09:54:11.109 [info] > git config --get commit.template [31ms]
2023-09-26 09:54:11.130 [info] > git status -z -uall [3ms]
2023-09-26 09:54:11.841 [info] > git show --textconv :info.html [15ms]
2023-09-26 09:54:11.842 [info] > git ls-files --stage -- /workspace/mijn-website/info.html [2ms]
2023-09-26 09:54:11.857 [info] > git cat-file -s 8f1f864cb474b3d3893b8d381f024265d1da0a0a [3ms]
2023-09-26 09:54:22.368 [info] > git show --textconv :wedstrijd.html [16ms]
2023-09-26 09:54:22.369 [info] > git ls-files --stage -- /workspace/mijn-website/wedstrijd.html [2ms]
2023-09-26 09:54:22.622 [info] > git check-ignore -v -z --stdin [2ms]
2023-09-26 09:54:23.196 [info] > git for-each-ref --format=%(refname)%00%(upstream:short)%00%(objectname)%00%(upstream:track)%00%(upstream:remotename)%00%(upstream:remoteref) refs/heads/master refs/remotes/master [4ms]
2023-09-26 09:54:23.196 [info] > git config --get commit.template [24ms]
2023-09-26 09:54:23.217 [info] > git status -z -uall [3ms]
2023-09-26 09:54:33.447 [info] > git config --get commit.template [15ms]
2023-09-26 09:54:33.448 [info] > git for-each-ref --format=%(refname)%00%(upstream:short)%00%(objectname)%00%(upstream:track)%00%(upstream:remotename)%00%(upstream:remoteref) refs/heads/master refs/remotes/master [3ms]
2023-09-26 09:54:33.462 [info] > git status -z -uall [2ms]
2023-09-26 09:54:38.505 [info] > git config --get commit.template [24ms]
2023-09-26 09:54:38.506 [info] > git for-each-ref --format=%(refname)%00%(upstream:short)%00%(objectname)%00%(upstream:track)%00%(upstream:remotename)%00%(upstream:remoteref) refs/heads/master refs/remotes/master [2ms]
2023-09-26 09:54:38.523 [info] > git status -z -uall [2ms]
