2023-10-03 10:26:11.573 [warning] /home/gitpod/.ssh/config: ENOENT: no such file or directory, open '/home/gitpod/.ssh/config'
2023-10-03 10:26:11.816 [info] Looking for git repository
2023-10-03 10:26:11.816 [info] Found 0 repositories during activation
2023-10-03 10:26:11.816 [info] Git repository found, initializing review manager and pr tree view.
2023-10-03 10:26:11.820 [info] Registering git provider
2023-10-03 10:26:11.820 [info] Review> Validate state in progress
2023-10-03 10:26:11.820 [info] Review> Validating state...
2023-10-03 10:26:11.841 [info] Found GitHub remote for folder /workspace/mijn-website
2023-10-03 10:26:11.844 [info] Trying to use globalState for assignableUsers.
2023-10-03 10:26:11.942 [info] Repo state for file:///workspace/mijn-website changed.
2023-10-03 10:26:11.942 [info] Repo file:///workspace/mijn-website has already been setup.
2023-10-03 10:26:11.943 [info] Review> No matching pull request metadata found locally for current branch master
2023-10-03 10:26:11.943 [info] Review> no matching pull request metadata found for current branch master
2023-10-03 10:26:11.943 [info] Review> No matching pull request metadata found on GitHub for current branch master
2023-10-03 10:26:11.944 [info] GlobalState does not exist for assignableUsers.
2023-10-03 10:26:17.822 [info] Review> Validate state in progress
2023-10-03 10:26:17.822 [info] Review> Validating state...
2023-10-03 10:26:17.867 [info] Found GitHub remote for folder /workspace/mijn-website
2023-10-03 10:26:17.869 [info] Using in-memory cached assignable users.
2023-10-03 10:26:17.945 [info] Review> No matching pull request metadata found locally for current branch master
2023-10-03 10:26:17.945 [info] Review> no matching pull request metadata found for current branch master
2023-10-03 10:26:17.945 [info] Review> No matching pull request metadata found on GitHub for current branch master
