2023-10-13 08:30:54.743 [info] Log level: Info
2023-10-13 08:30:54.743 [info] Validating found git in: "git"
2023-10-13 08:30:54.743 [info] Using git "2.42.0" from "git"
2023-10-13 08:30:54.743 [info] > git rev-parse --show-toplevel [4ms]
2023-10-13 08:30:54.743 [info] > git rev-parse --git-dir --git-common-dir [2ms]
2023-10-13 08:30:54.743 [info] Open repository: /workspace/mijn-website
2023-10-13 08:30:54.743 [info] > git config --get commit.template [7ms]
2023-10-13 08:30:54.743 [info] > git rev-parse --show-toplevel [2ms]
2023-10-13 08:30:54.743 [info] > git for-each-ref --format=%(refname)%00%(upstream:short)%00%(objectname)%00%(upstream:track)%00%(upstream:remotename)%00%(upstream:remoteref) refs/heads/master refs/remotes/master [6ms]
2023-10-13 08:30:54.743 [info] > git status -z -uall [113ms]
2023-10-13 08:30:54.743 [info] > git config --get commit.template [4ms]
2023-10-13 08:30:54.743 [info] > git for-each-ref --format=%(refname)%00%(upstream:short)%00%(objectname)%00%(upstream:track)%00%(upstream:remotename)%00%(upstream:remoteref) refs/heads/master refs/remotes/master [2ms]
2023-10-13 08:30:54.743 [info] > git status -z -uall [2ms]
2023-10-13 08:30:54.877 [info] > git fetch [351ms]
2023-10-13 08:30:54.901 [info] > git config --get commit.template [10ms]
2023-10-13 08:30:54.912 [info] > git for-each-ref --format=%(refname)%00%(upstream:short)%00%(objectname)%00%(upstream:track)%00%(upstream:remotename)%00%(upstream:remoteref) refs/heads/master refs/remotes/master [3ms]
2023-10-13 08:30:54.922 [info] > git status -z -uall [2ms]
2023-10-13 08:30:55.702 [info] > git config --local branch.master.github-pr-owner-number [151ms]
2023-10-13 08:30:55.724 [info] > git config --get commit.template [11ms]
2023-10-13 08:30:55.794 [info] > git for-each-ref --format=%(refname)%00%(upstream:short)%00%(objectname)%00%(upstream:track)%00%(upstream:remotename)%00%(upstream:remoteref) refs/heads/master refs/remotes/master [14ms]
2023-10-13 08:30:55.816 [info] > git status -z -uall [11ms]
2023-10-13 08:30:55.816 [info] > git check-ignore -v -z --stdin [2ms]
2023-10-13 08:30:56.317 [info] > git config --get commit.template [4ms]
2023-10-13 08:30:56.334 [info] > git for-each-ref --format=%(refname)%00%(upstream:short)%00%(objectname)%00%(upstream:track)%00%(upstream:remotename)%00%(upstream:remoteref) refs/heads/master refs/remotes/master [2ms]
2023-10-13 08:30:56.348 [info] > git status -z -uall [2ms]
2023-10-13 08:35:55.210 [info] > git config --local branch.master.github-pr-owner-number [1ms]
2023-10-13 08:35:55.229 [info] > git config --get commit.template [11ms]
2023-10-13 08:35:55.232 [info] > git for-each-ref --format=%(refname)%00%(upstream:short)%00%(objectname)%00%(upstream:track)%00%(upstream:remotename)%00%(upstream:remoteref) refs/heads/master refs/remotes/master [4ms]
2023-10-13 08:35:55.245 [info] > git status -z -uall [2ms]
2023-10-13 08:40:55.259 [info] > git config --local branch.master.github-pr-owner-number [1ms]
2023-10-13 08:40:55.282 [info] > git config --get commit.template [17ms]
2023-10-13 08:40:55.283 [info] > git for-each-ref --format=%(refname)%00%(upstream:short)%00%(objectname)%00%(upstream:track)%00%(upstream:remotename)%00%(upstream:remoteref) refs/heads/master refs/remotes/master [1ms]
2023-10-13 08:40:55.293 [info] > git status -z -uall [1ms]
2023-10-13 08:44:47.635 [info] > git fetch [340ms]
2023-10-13 08:44:47.660 [info] > git config --get commit.template [12ms]
2023-10-13 08:44:47.660 [info] > git for-each-ref --format=%(refname)%00%(upstream:short)%00%(objectname)%00%(upstream:track)%00%(upstream:remotename)%00%(upstream:remoteref) refs/heads/master refs/remotes/master [2ms]
2023-10-13 08:44:47.680 [info] > git status -z -uall [3ms]
2023-10-13 08:44:48.798 [info] > git config --get commit.template [9ms]
2023-10-13 08:44:48.799 [info] > git for-each-ref --format=%(refname)%00%(upstream:short)%00%(objectname)%00%(upstream:track)%00%(upstream:remotename)%00%(upstream:remoteref) refs/heads/master refs/remotes/master [1ms]
2023-10-13 08:44:48.807 [info] > git status -z -uall [2ms]
2023-10-13 08:44:52.632 [info] > git show --textconv :index.html [11ms]
2023-10-13 08:44:52.633 [info] > git ls-files --stage -- /workspace/mijn-website/index.html [2ms]
2023-10-13 08:44:52.646 [info] > git cat-file -s c4655f987f21fb0d233a39880ad0a000ceb4b7d6 [2ms]
2023-10-13 08:45:08.228 [info] > git show --textconv :style.css [10ms]
2023-10-13 08:45:08.232 [info] > git ls-files --stage -- /workspace/mijn-website/style.css [6ms]
2023-10-13 08:45:08.244 [info] > git cat-file -s 96cee73c10ae90f069a48d07f679e06d5eea960b [2ms]
2023-10-13 08:45:31.424 [info] > git show --textconv :overmij.html [13ms]
2023-10-13 08:45:31.425 [info] > git ls-files --stage -- /workspace/mijn-website/overmij.html [2ms]
2023-10-13 08:45:31.437 [info] > git cat-file -s 2659ed5ec4d38bbb51b3d273ca7aa81aa66b8792 [1ms]
2023-10-13 08:45:32.392 [info] > git show --textconv :info.html [15ms]
2023-10-13 08:45:32.393 [info] > git ls-files --stage -- /workspace/mijn-website/info.html [2ms]
2023-10-13 08:45:32.405 [info] > git cat-file -s 6c023f97fd1adb00c8dcca30bba056bce77d7d41 [1ms]
2023-10-13 08:45:33.031 [info] > git show --textconv :index.html [14ms]
2023-10-13 08:45:33.032 [info] > git ls-files --stage -- /workspace/mijn-website/index.html [2ms]
2023-10-13 08:45:33.038 [info] > git cat-file -s c4655f987f21fb0d233a39880ad0a000ceb4b7d6 [1ms]
2023-10-13 08:45:41.007 [info] > git show --textconv :style.css [11ms]
2023-10-13 08:45:41.008 [info] > git ls-files --stage -- /workspace/mijn-website/style.css [2ms]
2023-10-13 08:45:41.019 [info] > git cat-file -s 96cee73c10ae90f069a48d07f679e06d5eea960b [1ms]
2023-10-13 08:45:55.312 [info] > git config --local branch.master.github-pr-owner-number [1ms]
2023-10-13 08:45:55.338 [info] > git config --get commit.template [13ms]
2023-10-13 08:45:55.339 [info] > git for-each-ref --format=%(refname)%00%(upstream:short)%00%(objectname)%00%(upstream:track)%00%(upstream:remotename)%00%(upstream:remoteref) refs/heads/master refs/remotes/master [2ms]
2023-10-13 08:45:55.354 [info] > git status -z -uall [1ms]
2023-10-13 08:47:48.053 [info] > git fetch [355ms]
2023-10-13 08:47:48.074 [info] > git config --get commit.template [7ms]
2023-10-13 08:47:48.098 [info] > git for-each-ref --format=%(refname)%00%(upstream:short)%00%(objectname)%00%(upstream:track)%00%(upstream:remotename)%00%(upstream:remoteref) refs/heads/master refs/remotes/master [2ms]
2023-10-13 08:47:48.114 [info] > git status -z -uall [2ms]
2023-10-13 08:47:49.235 [info] > git config --get commit.template [17ms]
2023-10-13 08:47:49.236 [info] > git for-each-ref --format=%(refname)%00%(upstream:short)%00%(objectname)%00%(upstream:track)%00%(upstream:remotename)%00%(upstream:remoteref) refs/heads/master refs/remotes/master [2ms]
2023-10-13 08:47:49.251 [info] > git status -z -uall [2ms]
2023-10-13 08:47:49.332 [info] > git ls-files --stage -- /workspace/mijn-website/style.css [2ms]
2023-10-13 08:47:49.347 [info] > git cat-file -s 96cee73c10ae90f069a48d07f679e06d5eea960b [3ms]
2023-10-13 08:47:49.388 [info] > git show --textconv :style.css [1ms]
2023-10-13 08:48:05.904 [info] > git config --get commit.template [3ms]
2023-10-13 08:48:05.914 [info] > git for-each-ref --format=%(refname)%00%(upstream:short)%00%(objectname)%00%(upstream:track)%00%(upstream:remotename)%00%(upstream:remoteref) refs/heads/master refs/remotes/master [1ms]
2023-10-13 08:48:05.923 [info] > git status -z -uall [1ms]
2023-10-13 08:48:15.537 [info] > git config --get commit.template [9ms]
2023-10-13 08:48:15.538 [info] > git for-each-ref --format=%(refname)%00%(upstream:short)%00%(objectname)%00%(upstream:track)%00%(upstream:remotename)%00%(upstream:remoteref) refs/heads/master refs/remotes/master [2ms]
2023-10-13 08:48:15.546 [info] > git status -z -uall [2ms]
2023-10-13 08:50:55.367 [info] > git config --local branch.master.github-pr-owner-number [1ms]
2023-10-13 08:50:55.400 [info] > git config --get commit.template [13ms]
2023-10-13 08:50:55.400 [info] > git for-each-ref --format=%(refname)%00%(upstream:short)%00%(objectname)%00%(upstream:track)%00%(upstream:remotename)%00%(upstream:remoteref) refs/heads/master refs/remotes/master [2ms]
2023-10-13 08:50:55.411 [info] > git status -z -uall [1ms]
2023-10-13 08:54:47.689 [info] > git config --get commit.template [9ms]
2023-10-13 08:54:47.706 [info] > git for-each-ref --format=%(refname)%00%(upstream:short)%00%(objectname)%00%(upstream:track)%00%(upstream:remotename)%00%(upstream:remoteref) refs/heads/master refs/remotes/master [2ms]
2023-10-13 08:54:47.736 [info] > git status -z -uall [16ms]
2023-10-13 08:54:47.738 [info] > git ls-files --stage -- /workspace/mijn-website/style.css [2ms]
2023-10-13 08:54:47.749 [info] > git cat-file -s 96cee73c10ae90f069a48d07f679e06d5eea960b [1ms]
2023-10-13 08:54:47.773 [info] > git show --textconv :style.css [1ms]
2023-10-13 08:54:47.995 [info] > git fetch [330ms]
2023-10-13 08:54:48.020 [info] > git config --get commit.template [11ms]
2023-10-13 08:54:48.020 [info] > git for-each-ref --format=%(refname)%00%(upstream:short)%00%(objectname)%00%(upstream:track)%00%(upstream:remotename)%00%(upstream:remoteref) refs/heads/master refs/remotes/master [1ms]
2023-10-13 08:54:48.032 [info] > git status -z -uall [1ms]
2023-10-13 08:54:49.256 [info] > git ls-files --stage -- /workspace/mijn-website/style.css [2ms]
2023-10-13 08:54:49.264 [info] > git cat-file -s 96cee73c10ae90f069a48d07f679e06d5eea960b [2ms]
2023-10-13 08:54:49.296 [info] > git show --textconv :style.css [1ms]
2023-10-13 08:54:52.755 [info] > git config --get commit.template [7ms]
2023-10-13 08:54:52.756 [info] > git for-each-ref --format=%(refname)%00%(upstream:short)%00%(objectname)%00%(upstream:track)%00%(upstream:remotename)%00%(upstream:remoteref) refs/heads/master refs/remotes/master [1ms]
2023-10-13 08:54:52.764 [info] > git status -z -uall [1ms]
2023-10-13 08:55:55.427 [info] > git config --local branch.master.github-pr-owner-number [1ms]
2023-10-13 08:55:55.445 [info] > git config --get commit.template [7ms]
2023-10-13 08:55:55.446 [info] > git for-each-ref --format=%(refname)%00%(upstream:short)%00%(objectname)%00%(upstream:track)%00%(upstream:remotename)%00%(upstream:remoteref) refs/heads/master refs/remotes/master [1ms]
2023-10-13 08:55:55.457 [info] > git status -z -uall [1ms]
2023-10-13 08:59:21.528 [info] > git fetch [329ms]
2023-10-13 08:59:21.552 [info] > git config --get commit.template [12ms]
2023-10-13 08:59:21.553 [info] > git for-each-ref --format=%(refname)%00%(upstream:short)%00%(objectname)%00%(upstream:track)%00%(upstream:remotename)%00%(upstream:remoteref) refs/heads/master refs/remotes/master [2ms]
2023-10-13 08:59:21.561 [info] > git status -z -uall [1ms]
2023-10-13 08:59:22.681 [info] > git config --get commit.template [1ms]
2023-10-13 08:59:22.694 [info] > git for-each-ref --format=%(refname)%00%(upstream:short)%00%(objectname)%00%(upstream:track)%00%(upstream:remotename)%00%(upstream:remoteref) refs/heads/master refs/remotes/master [2ms]
2023-10-13 08:59:22.705 [info] > git status -z -uall [1ms]
2023-10-13 08:59:22.794 [info] > git ls-files --stage -- /workspace/mijn-website/style.css [2ms]
2023-10-13 08:59:22.809 [info] > git cat-file -s 96cee73c10ae90f069a48d07f679e06d5eea960b [2ms]
2023-10-13 08:59:22.834 [info] > git show --textconv :style.css [2ms]
2023-10-13 08:59:34.666 [info] > git show --textconv :index.html [7ms]
2023-10-13 08:59:34.666 [info] > git ls-files --stage -- /workspace/mijn-website/index.html [1ms]
2023-10-13 08:59:34.682 [info] > git cat-file -s c4655f987f21fb0d233a39880ad0a000ceb4b7d6 [1ms]
