2023-09-26 10:09:59.705 [warning] /home/gitpod/.ssh/config: ENOENT: no such file or directory, open '/home/gitpod/.ssh/config'
2023-09-26 10:10:00.153 [info] Looking for git repository
2023-09-26 10:10:00.153 [info] Found 0 repositories during activation
2023-09-26 10:10:00.153 [info] Git repository found, initializing review manager and pr tree view.
2023-09-26 10:10:00.158 [info] Registering git provider
2023-09-26 10:10:00.158 [info] Review> Validate state in progress
2023-09-26 10:10:00.158 [info] Review> Validating state...
2023-09-26 10:10:00.190 [info] Found GitHub remote for folder /workspace/mijn-website
2023-09-26 10:10:00.193 [info] Trying to use globalState for assignableUsers.
2023-09-26 10:10:00.330 [info] GlobalState does not exist for assignableUsers.
2023-09-26 10:10:00.333 [info] Repo state for file:///workspace/mijn-website changed.
2023-09-26 10:10:00.333 [info] Repo file:///workspace/mijn-website has already been setup.
2023-09-26 10:10:00.333 [info] Review> No matching pull request metadata found locally for current branch master
2023-09-26 10:10:00.333 [info] Review> no matching pull request metadata found for current branch master
2023-09-26 10:10:00.334 [info] Review> No matching pull request metadata found on GitHub for current branch master
2023-09-26 10:25:30.527 [info] Review> Validate state in progress
2023-09-26 10:25:30.527 [info] Review> Validating state...
2023-09-26 10:25:30.565 [info] Found GitHub remote for folder /workspace/mijn-website
2023-09-26 10:25:30.566 [info] Using in-memory cached assignable users.
2023-09-26 10:25:30.663 [info] Review> No matching pull request metadata found locally for current branch master
2023-09-26 10:25:30.663 [info] Review> no matching pull request metadata found for current branch master
2023-09-26 10:25:30.664 [info] Review> No matching pull request metadata found on GitHub for current branch master
2023-09-26 10:25:54.184 [info] Review> Validate state in progress
2023-09-26 10:25:54.184 [info] Review> Validating state...
2023-09-26 10:25:54.212 [info] Found GitHub remote for folder /workspace/mijn-website
2023-09-26 10:25:54.213 [info] Using in-memory cached assignable users.
2023-09-26 10:25:54.307 [info] Review> No matching pull request metadata found locally for current branch master
2023-09-26 10:25:54.307 [info] Review> no matching pull request metadata found for current branch master
2023-09-26 10:25:54.307 [info] Review> No matching pull request metadata found on GitHub for current branch master
