2023-09-29 08:18:54.844 [warning] /home/gitpod/.ssh/config: ENOENT: no such file or directory, open '/home/gitpod/.ssh/config'
2023-09-29 08:18:55.393 [info] Looking for git repository
2023-09-29 08:18:55.393 [info] Found 0 repositories during activation
2023-09-29 08:18:55.393 [info] Git repository found, initializing review manager and pr tree view.
2023-09-29 08:18:55.398 [info] Registering git provider
2023-09-29 08:18:55.398 [info] Review> Validate state in progress
2023-09-29 08:18:55.398 [info] Review> Validating state...
2023-09-29 08:18:55.429 [info] Found GitHub remote for folder /workspace/mijn-website
2023-09-29 08:18:55.431 [info] Trying to use globalState for assignableUsers.
2023-09-29 08:18:55.467 [info] Repo state for file:///workspace/mijn-website changed.
2023-09-29 08:18:55.467 [info] Repo file:///workspace/mijn-website has already been setup.
2023-09-29 08:18:55.468 [info] Review> No matching pull request metadata found locally for current branch master
2023-09-29 08:18:55.468 [info] Review> no matching pull request metadata found for current branch master
2023-09-29 08:18:55.468 [info] Review> No matching pull request metadata found on GitHub for current branch master
2023-09-29 08:18:55.468 [info] GlobalState does not exist for assignableUsers.
2023-09-29 09:00:10.583 [info] Review> Validate state in progress
2023-09-29 09:00:10.583 [info] Review> Validating state...
2023-09-29 09:00:10.615 [info] Found GitHub remote for folder /workspace/mijn-website
2023-09-29 09:00:10.616 [info] Using in-memory cached assignable users.
2023-09-29 09:00:10.660 [info] Review> No matching pull request metadata found locally for current branch master
2023-09-29 09:00:10.660 [info] Review> no matching pull request metadata found for current branch master
2023-09-29 09:00:10.661 [info] Review> No matching pull request metadata found on GitHub for current branch master
