2023-09-28 13:39:55.573 [info] Log level: Info
2023-09-28 13:39:55.950 [info] VSCODE_MACHINE_ID: 6d879b46-a94f-4ab7-9a36-2f4b28126ded
2023-09-28 13:39:55.953 [info] VSCODE_SESSION_ID: 2e30a92d-eef3-4e8e-b31c-02d37982c8e11695908392273
2023-09-28 13:39:55.953 [info] VSCODE_VERSION: 1.82.2
2023-09-28 13:39:55.953 [info] VSCODE_APP_NAME: Gitpod Code
2023-09-28 13:39:55.953 [info] VSCODE_APP_HOST: Gitpod
2023-09-28 13:39:55.953 [info] VSCODE_UI_KIND: web
2023-09-28 13:39:55.953 [info] GITPOD_WORKSPACE_CONTEXT_URL: https://github.com/timmeb1/mijn-website.git
2023-09-28 13:39:55.953 [info] GITPOD_INSTANCE_ID: d7e5476a-7914-479d-b46a-5e42928f5379
2023-09-28 13:39:55.953 [info] GITPOD_WORKSPACE_URL: https://timmeb1-mijnwebsite-wh2jp5oijgu.ws-eu105.gitpod.io
2023-09-28 13:39:55.960 [info] Gitpod Web 1de61b5
2023-09-28 13:39:55.960 [info] Reading sessions from keychain...
2023-09-28 13:39:56.094 [info] Getting sessions for all scopes...
2023-09-28 13:39:56.094 [info] Getting GitHub sessions for all scopes...
2023-09-28 13:39:56.095 [info] Getting sessions for function:accessCodeSyncStorage...
2023-09-28 13:39:56.095 [info] Got stored sessions!
2023-09-28 13:39:56.262 [info] Verified session with the following scopes: function:accessCodeSyncStorage function:closePort function:controlAdmission function:deleteEnvVar function:generateNewGitpodToken function:getDefaultWorkspaceImage function:getEnvVars function:getGitpodTokenScopes function:getIDToken function:getLoggedInUser function:getOpenPorts function:getSupportedWorkspaceClasses function:getTeams function:getToken function:getWorkspace function:getWorkspaceEnvVars function:getWorkspaceOwner function:getWorkspaceTimeout function:getWorkspaceUsers function:guessGitTokenScopes function:isWorkspaceOwner function:openPort function:sendHeartBeat function:setEnvVar function:setWorkspaceTimeout function:stopWorkspace function:takeSnapshot function:trackEvent function:updateGitStatus function:waitForSnapshot resource:contentBlob::*::create/get resource:envVar::TimmeB1/mijn-website::create/get/update/delete resource:gitpodToken::*::create resource:snapshot::ws-timmeb1-mijnwebsite-wh2jp5oijgu::create resource:token::*::get resource:userStorage::*::create/get/update resource:workspace::timmeb1-mijnwebsite-wh2jp5oijgu::get/update resource:workspaceInstance::d7e5476a-7914-479d-b46a-5e42928f5379::get/update/delete
2023-09-28 13:39:56.262 [info] Got 1 verified sessions.
2023-09-28 13:39:56.263 [info] Got 1 sessions for all scopes...
2023-09-28 13:39:56.263 [info] Got 1 sessions for function:accessCodeSyncStorage...
2023-09-28 13:39:56.265 [info] Getting GitHub sessions for all scopes...
2023-09-28 13:39:56.384 [info] Getting sessions for all scopes...
2023-09-28 13:39:56.384 [info] Got 1 sessions for all scopes...
2023-09-28 13:39:56.510 [info] Got 1 GitHub sessions for all scopes...
2023-09-28 13:39:56.510 [info] Got 1 GitHub sessions for all scopes...
2023-09-28 13:39:56.526 [info] Getting GitHub sessions for read:user,repo,user:email,workflow...
2023-09-28 13:39:56.526 [info] Got 0 GitHub sessions for read:user,repo,user:email,workflow...
2023-09-28 13:39:56.595 [info] Getting GitHub sessions for all scopes...
2023-09-28 13:39:56.596 [info] Got 1 GitHub sessions for all scopes...
2023-09-28 13:39:56.621 [info] Getting GitHub sessions for read:user,repo,user:email,workflow...
2023-09-28 13:39:56.621 [info] Got 0 GitHub sessions for read:user,repo,user:email,workflow...
2023-09-28 13:39:56.656 [info] Getting GitHub sessions for read:user,repo,user:email...
2023-09-28 13:39:56.657 [info] Got 0 GitHub sessions for read:user,repo,user:email...
