2023-10-24 09:21:32.367 [warning] /home/gitpod/.ssh/config: ENOENT: no such file or directory, open '/home/gitpod/.ssh/config'
2023-10-24 09:21:32.988 [info] Looking for git repository
2023-10-24 09:21:32.988 [info] Found 0 repositories during activation
2023-10-24 09:21:32.988 [info] Git repository found, initializing review manager and pr tree view.
2023-10-24 09:21:32.991 [info] Registering git provider
2023-10-24 09:21:32.991 [info] Review> Validate state in progress
2023-10-24 09:21:32.991 [info] Review> Validating state...
2023-10-24 09:21:33.018 [info] Found GitHub remote for folder /workspace/mijn-website
2023-10-24 09:21:33.325 [info] Trying to use globalState for assignableUsers.
2023-10-24 09:21:33.503 [info] Repo state for file:///workspace/mijn-website changed.
2023-10-24 09:21:33.503 [info] Repo file:///workspace/mijn-website has already been setup.
2023-10-24 09:21:33.505 [info] Review> No matching pull request metadata found locally for current branch master
2023-10-24 09:21:33.505 [info] Review> no matching pull request metadata found for current branch master
2023-10-24 09:21:33.546 [info] Using globalState assignableUsers for 1.
2023-10-24 09:21:33.820 [info] Review> No matching pull request metadata found on GitHub for current branch master
2023-10-24 09:53:00.381 [info] Review> Validate state in progress
2023-10-24 09:53:00.381 [info] Review> Validating state...
2023-10-24 09:53:00.527 [info] Found GitHub remote for folder /workspace/mijn-website
2023-10-24 09:53:00.528 [info] Using in-memory cached assignable users.
2023-10-24 09:53:00.594 [info] Review> No matching pull request metadata found locally for current branch master
2023-10-24 09:53:00.594 [info] Review> no matching pull request metadata found for current branch master
2023-10-24 09:53:00.873 [info] Review> No matching pull request metadata found on GitHub for current branch master
2023-10-24 09:53:03.937 [info] Review> Validate state in progress
2023-10-24 09:53:03.937 [info] Review> Validating state...
2023-10-24 09:53:03.983 [info] Found GitHub remote for folder /workspace/mijn-website
2023-10-24 09:53:03.984 [info] Using in-memory cached assignable users.
2023-10-24 09:53:04.152 [info] Review> No matching pull request metadata found locally for current branch master
2023-10-24 09:53:04.152 [info] Review> no matching pull request metadata found for current branch master
2023-10-24 09:53:04.412 [info] Review> No matching pull request metadata found on GitHub for current branch master
2023-10-24 10:30:19.127 [info] Review> Validate state in progress
2023-10-24 10:30:19.127 [info] Review> Validating state...
2023-10-24 10:30:19.271 [info] Found GitHub remote for folder /workspace/mijn-website
2023-10-24 10:30:19.272 [info] Using in-memory cached assignable users.
2023-10-24 10:30:19.316 [info] Review> No matching pull request metadata found locally for current branch master
2023-10-24 10:30:19.316 [info] Review> no matching pull request metadata found for current branch master
2023-10-24 10:30:19.560 [info] Review> No matching pull request metadata found on GitHub for current branch master
2023-10-24 10:30:21.692 [info] Review> Validate state in progress
2023-10-24 10:30:21.692 [info] Review> Validating state...
2023-10-24 10:30:21.735 [info] Found GitHub remote for folder /workspace/mijn-website
2023-10-24 10:30:21.736 [info] Using in-memory cached assignable users.
2023-10-24 10:30:21.897 [info] Review> No matching pull request metadata found locally for current branch master
2023-10-24 10:30:21.897 [info] Review> no matching pull request metadata found for current branch master
2023-10-24 10:30:22.149 [info] Review> No matching pull request metadata found on GitHub for current branch master
