2023-09-26 09:41:02.733 [info] Log level: Info
2023-09-26 09:41:02.733 [info] Validating found git in: "git"
2023-09-26 09:41:02.733 [info] Using git "2.42.0" from "git"
2023-09-26 09:41:02.733 [info] > git rev-parse --show-toplevel [4ms]
2023-09-26 09:41:02.733 [info] > git rev-parse --git-dir --git-common-dir [4ms]
2023-09-26 09:41:02.733 [info] Open repository: /workspace/mijn-website
2023-09-26 09:41:02.733 [info] > git config --get commit.template [20ms]
2023-09-26 09:41:02.733 [info] > git rev-parse --show-toplevel [38ms]
2023-09-26 09:41:02.733 [info] > git for-each-ref --format=%(refname)%00%(upstream:short)%00%(objectname)%00%(upstream:track)%00%(upstream:remotename)%00%(upstream:remoteref) refs/heads/master refs/remotes/master [8ms]
2023-09-26 09:41:02.733 [info] > git status -z -uall [132ms]
2023-09-26 09:41:02.733 [info] > git config --get commit.template [3ms]
2023-09-26 09:41:02.733 [info] > git for-each-ref --format=%(refname)%00%(upstream:short)%00%(objectname)%00%(upstream:track)%00%(upstream:remotename)%00%(upstream:remoteref) refs/heads/master refs/remotes/master [3ms]
2023-09-26 09:41:02.733 [info] > git status -z -uall [4ms]
2023-09-26 09:41:03.237 [info] > git config --local branch.master.github-pr-owner-number [3ms]
2023-09-26 09:41:03.283 [info] > git config --get commit.template [17ms]
2023-09-26 09:41:03.284 [info] > git for-each-ref --format=%(refname)%00%(upstream:short)%00%(objectname)%00%(upstream:track)%00%(upstream:remotename)%00%(upstream:remoteref) refs/heads/master refs/remotes/master [15ms]
2023-09-26 09:41:03.308 [info] > git status -z -uall [6ms]
2023-09-26 09:41:03.419 [info] > git check-ignore -v -z --stdin [15ms]
2023-09-26 09:41:04.137 [info] > git show --textconv :index.html [22ms]
2023-09-26 09:41:04.140 [info] > git ls-files --stage -- /workspace/mijn-website/index.html [7ms]
2023-09-26 09:41:04.163 [info] > git cat-file -s 85e27382d88bed1cb0308dad246749e62bf3edb6 [4ms]
2023-09-26 09:41:13.459 [info] > git config --get commit.template [17ms]
2023-09-26 09:41:13.461 [info] > git for-each-ref --format=%(refname)%00%(upstream:short)%00%(objectname)%00%(upstream:track)%00%(upstream:remotename)%00%(upstream:remoteref) refs/heads/master refs/remotes/master [3ms]
2023-09-26 09:41:13.480 [info] > git status -z -uall [3ms]
2023-09-26 09:41:36.621 [info] > git config --get commit.template [1ms]
2023-09-26 09:41:36.673 [info] > git for-each-ref --format=%(refname)%00%(upstream:short)%00%(objectname)%00%(upstream:track)%00%(upstream:remotename)%00%(upstream:remoteref) refs/heads/master refs/remotes/master [2ms]
2023-09-26 09:41:36.711 [info] > git status -z -uall [4ms]
2023-09-26 09:41:41.759 [info] > git config --get commit.template [18ms]
2023-09-26 09:41:41.760 [info] > git for-each-ref --format=%(refname)%00%(upstream:short)%00%(objectname)%00%(upstream:track)%00%(upstream:remotename)%00%(upstream:remoteref) refs/heads/master refs/remotes/master [2ms]
2023-09-26 09:41:41.775 [info] > git status -z -uall [2ms]
2023-09-26 09:41:46.805 [info] > git config --get commit.template [1ms]
2023-09-26 09:41:46.831 [info] > git for-each-ref --format=%(refname)%00%(upstream:short)%00%(objectname)%00%(upstream:track)%00%(upstream:remotename)%00%(upstream:remoteref) refs/heads/master refs/remotes/master [3ms]
2023-09-26 09:41:46.854 [info] > git status -z -uall [3ms]
2023-09-26 09:41:57.577 [info] > git config --get commit.template [17ms]
2023-09-26 09:41:57.578 [info] > git for-each-ref --format=%(refname)%00%(upstream:short)%00%(objectname)%00%(upstream:track)%00%(upstream:remotename)%00%(upstream:remoteref) refs/heads/master refs/remotes/master [3ms]
2023-09-26 09:41:57.616 [info] > git status -z -uall [7ms]
2023-09-26 09:42:04.014 [info] > git for-each-ref --format=%(refname)%00%(upstream:short)%00%(objectname)%00%(upstream:track)%00%(upstream:remotename)%00%(upstream:remoteref) refs/heads/master refs/remotes/master [6ms]
2023-09-26 09:42:04.014 [info] > git config --get commit.template [34ms]
2023-09-26 09:42:04.039 [info] > git status -z -uall [3ms]
2023-09-26 09:42:11.480 [info] > git config --get commit.template [15ms]
2023-09-26 09:42:11.481 [info] > git for-each-ref --format=%(refname)%00%(upstream:short)%00%(objectname)%00%(upstream:track)%00%(upstream:remotename)%00%(upstream:remoteref) refs/heads/master refs/remotes/master [3ms]
2023-09-26 09:42:11.508 [info] > git status -z -uall [4ms]
2023-09-26 09:42:16.558 [info] > git config --get commit.template [21ms]
2023-09-26 09:42:16.560 [info] > git for-each-ref --format=%(refname)%00%(upstream:short)%00%(objectname)%00%(upstream:track)%00%(upstream:remotename)%00%(upstream:remoteref) refs/heads/master refs/remotes/master [3ms]
2023-09-26 09:42:16.580 [info] > git status -z -uall [3ms]
2023-09-26 09:42:25.200 [info] > git config --get commit.template [1ms]
2023-09-26 09:42:25.225 [info] > git for-each-ref --format=%(refname)%00%(upstream:short)%00%(objectname)%00%(upstream:track)%00%(upstream:remotename)%00%(upstream:remoteref) refs/heads/master refs/remotes/master [3ms]
2023-09-26 09:42:25.244 [info] > git status -z -uall [3ms]
2023-09-26 09:42:50.761 [info] > git config --get commit.template [30ms]
2023-09-26 09:42:50.764 [info] > git for-each-ref --format=%(refname)%00%(upstream:short)%00%(objectname)%00%(upstream:track)%00%(upstream:remotename)%00%(upstream:remoteref) refs/heads/master refs/remotes/master [4ms]
2023-09-26 09:42:50.786 [info] > git status -z -uall [4ms]
2023-09-26 09:46:03.212 [info] > git config --local branch.master.github-pr-owner-number [2ms]
2023-09-26 09:46:03.248 [info] > git config --get commit.template [18ms]
2023-09-26 09:46:03.249 [info] > git for-each-ref --format=%(refname)%00%(upstream:short)%00%(objectname)%00%(upstream:track)%00%(upstream:remotename)%00%(upstream:remoteref) refs/heads/master refs/remotes/master [2ms]
2023-09-26 09:46:03.263 [info] > git status -z -uall [2ms]
2023-09-26 09:47:53.677 [info] > git config --get commit.template [12ms]
2023-09-26 09:47:53.679 [info] > git for-each-ref --format=%(refname)%00%(upstream:short)%00%(objectname)%00%(upstream:track)%00%(upstream:remotename)%00%(upstream:remoteref) refs/heads/master refs/remotes/master [2ms]
2023-09-26 09:47:53.707 [info] > git status -z -uall [5ms]
2023-09-26 09:48:57.882 [info] > git show --textconv :overmij.html [20ms]
2023-09-26 09:48:57.883 [info] > git ls-files --stage -- /workspace/mijn-website/overmij.html [2ms]
2023-09-26 09:48:57.931 [info] > git cat-file -s bbdcb54e199ab68a4739083cef3ac26d83f45d72 [5ms]
2023-09-26 09:49:03.055 [info] > git show --textconv :info.html [40ms]
2023-09-26 09:49:03.055 [info] > git ls-files --stage -- /workspace/mijn-website/info.html [17ms]
2023-09-26 09:49:03.069 [info] > git config --get commit.template [15ms]
2023-09-26 09:49:03.082 [info] > git cat-file -s 8f1f864cb474b3d3893b8d381f024265d1da0a0a [15ms]
2023-09-26 09:49:03.088 [info] > git for-each-ref --format=%(refname)%00%(upstream:short)%00%(objectname)%00%(upstream:track)%00%(upstream:remotename)%00%(upstream:remoteref) refs/heads/master refs/remotes/master [7ms]
2023-09-26 09:49:03.114 [info] > git status -z -uall [4ms]
2023-09-26 09:49:36.442 [info] > git config --get commit.template [3ms]
2023-09-26 09:49:36.459 [info] > git for-each-ref --format=%(refname)%00%(upstream:short)%00%(objectname)%00%(upstream:track)%00%(upstream:remotename)%00%(upstream:remoteref) refs/heads/master refs/remotes/master [3ms]
2023-09-26 09:49:36.474 [info] > git status -z -uall [3ms]
