2023-09-26 09:49:56.891 [info] Log level: Info
2023-09-26 09:49:56.891 [info] Validating found git in: "git"
2023-09-26 09:49:56.891 [info] Using git "2.42.0" from "git"
2023-09-26 09:49:56.891 [info] > git rev-parse --show-toplevel [6ms]
2023-09-26 09:49:56.891 [info] > git rev-parse --git-dir --git-common-dir [59ms]
2023-09-26 09:49:56.891 [info] Open repository: /workspace/mijn-website
2023-09-26 09:49:56.891 [info] > git rev-parse --show-toplevel [3ms]
2023-09-26 09:49:56.891 [info] > git config --get commit.template [32ms]
2023-09-26 09:49:56.891 [info] > git for-each-ref --format=%(refname)%00%(upstream:short)%00%(objectname)%00%(upstream:track)%00%(upstream:remotename)%00%(upstream:remoteref) refs/heads/master refs/remotes/master [3ms]
2023-09-26 09:49:56.891 [info] > git status -z -uall [157ms]
2023-09-26 09:49:56.891 [info] > git config --get commit.template [7ms]
2023-09-26 09:49:56.891 [info] > git for-each-ref --format=%(refname)%00%(upstream:short)%00%(objectname)%00%(upstream:track)%00%(upstream:remotename)%00%(upstream:remoteref) refs/heads/master refs/remotes/master [4ms]
2023-09-26 09:49:56.891 [info] > git status -z -uall [3ms]
2023-09-26 09:49:57.431 [info] > git show --textconv :info.html [23ms]
2023-09-26 09:49:57.433 [info] > git ls-files --stage -- /workspace/mijn-website/info.html [5ms]
2023-09-26 09:49:57.512 [info] > git cat-file -s 8f1f864cb474b3d3893b8d381f024265d1da0a0a [9ms]
2023-09-26 09:49:57.597 [info] > git check-ignore -v -z --stdin [5ms]
2023-09-26 09:49:57.728 [info] > git config --local branch.master.github-pr-owner-number [4ms]
2023-09-26 09:49:57.801 [info] > git config --get commit.template [6ms]
2023-09-26 09:49:57.826 [info] > git for-each-ref --format=%(refname)%00%(upstream:short)%00%(objectname)%00%(upstream:track)%00%(upstream:remotename)%00%(upstream:remoteref) refs/heads/master refs/remotes/master [4ms]
2023-09-26 09:49:57.928 [info] > git status -z -uall [84ms]
2023-09-26 09:50:19.376 [info] > git show --textconv :index.html [13ms]
2023-09-26 09:50:19.378 [info] > git ls-files --stage -- /workspace/mijn-website/index.html [2ms]
2023-09-26 09:50:19.399 [info] > git cat-file -s 85e27382d88bed1cb0308dad246749e62bf3edb6 [4ms]
2023-09-26 09:50:28.819 [info] > git config --get commit.template [35ms]
2023-09-26 09:50:28.820 [info] > git for-each-ref --format=%(refname)%00%(upstream:short)%00%(objectname)%00%(upstream:track)%00%(upstream:remotename)%00%(upstream:remoteref) refs/heads/master refs/remotes/master [3ms]
2023-09-26 09:50:28.840 [info] > git status -z -uall [3ms]
2023-09-26 09:50:40.558 [info] > git config --get commit.template [21ms]
2023-09-26 09:50:40.559 [info] > git for-each-ref --format=%(refname)%00%(upstream:short)%00%(objectname)%00%(upstream:track)%00%(upstream:remotename)%00%(upstream:remoteref) refs/heads/master refs/remotes/master [6ms]
2023-09-26 09:50:40.574 [info] > git status -z -uall [2ms]
2023-09-26 09:50:45.604 [info] > git config --get commit.template [5ms]
2023-09-26 09:50:45.626 [info] > git for-each-ref --format=%(refname)%00%(upstream:short)%00%(objectname)%00%(upstream:track)%00%(upstream:remotename)%00%(upstream:remoteref) refs/heads/master refs/remotes/master [3ms]
2023-09-26 09:50:45.648 [info] > git status -z -uall [3ms]
2023-09-26 09:50:48.749 [info] > git show --textconv :overmij.html [23ms]
2023-09-26 09:50:48.750 [info] > git ls-files --stage -- /workspace/mijn-website/overmij.html [3ms]
2023-09-26 09:50:48.767 [info] > git cat-file -s bbdcb54e199ab68a4739083cef3ac26d83f45d72 [2ms]
2023-09-26 09:51:19.540 [info] > git config --get commit.template [20ms]
2023-09-26 09:51:19.541 [info] > git for-each-ref --format=%(refname)%00%(upstream:short)%00%(objectname)%00%(upstream:track)%00%(upstream:remotename)%00%(upstream:remoteref) refs/heads/master refs/remotes/master [2ms]
2023-09-26 09:51:19.559 [info] > git status -z -uall [3ms]
2023-09-26 09:51:24.602 [info] > git for-each-ref --format=%(refname)%00%(upstream:short)%00%(objectname)%00%(upstream:track)%00%(upstream:remotename)%00%(upstream:remoteref) refs/heads/master refs/remotes/master [1ms]
2023-09-26 09:51:24.602 [info] > git config --get commit.template [23ms]
2023-09-26 09:51:24.620 [info] > git status -z -uall [3ms]
