2023-10-03 10:26:11.209 [info] Log level: Info
2023-10-03 10:26:11.209 [info] Validating found git in: "git"
2023-10-03 10:26:11.209 [info] Using git "2.42.0" from "git"
2023-10-03 10:26:11.209 [info] > git rev-parse --show-toplevel [3ms]
2023-10-03 10:26:11.209 [info] > git rev-parse --git-dir --git-common-dir [15ms]
2023-10-03 10:26:11.209 [info] Open repository: /workspace/mijn-website
2023-10-03 10:26:11.209 [info] > git rev-parse --show-toplevel [34ms]
2023-10-03 10:26:11.209 [info] > git config --get commit.template [48ms]
2023-10-03 10:26:11.209 [info] > git for-each-ref --format=%(refname)%00%(upstream:short)%00%(objectname)%00%(upstream:track)%00%(upstream:remotename)%00%(upstream:remoteref) refs/heads/master refs/remotes/master [3ms]
2023-10-03 10:26:11.209 [info] > git status -z -uall [110ms]
2023-10-03 10:26:11.209 [info] > git config --get commit.template [8ms]
2023-10-03 10:26:11.209 [info] > git for-each-ref --format=%(refname)%00%(upstream:short)%00%(objectname)%00%(upstream:track)%00%(upstream:remotename)%00%(upstream:remoteref) refs/heads/master refs/remotes/master [2ms]
2023-10-03 10:26:11.209 [info] > git status -z -uall [4ms]
2023-10-03 10:26:11.357 [info] > git fetch [429ms]
2023-10-03 10:26:11.380 [info] > git config --get commit.template [5ms]
2023-10-03 10:26:11.396 [info] > git for-each-ref --format=%(refname)%00%(upstream:short)%00%(objectname)%00%(upstream:track)%00%(upstream:remotename)%00%(upstream:remoteref) refs/heads/master refs/remotes/master [3ms]
2023-10-03 10:26:11.409 [info] > git status -z -uall [2ms]
2023-10-03 10:26:11.714 [info] > git show --textconv :style.css [12ms]
2023-10-03 10:26:11.716 [info] > git ls-files --stage -- /workspace/mijn-website/style.css [3ms]
2023-10-03 10:26:11.727 [info] > git cat-file -s 96cee73c10ae90f069a48d07f679e06d5eea960b [2ms]
2023-10-03 10:26:11.861 [info] > git config --local branch.master.github-pr-owner-number [1ms]
2023-10-03 10:26:11.881 [info] > git config --get commit.template [2ms]
2023-10-03 10:26:11.896 [info] > git for-each-ref --format=%(refname)%00%(upstream:short)%00%(objectname)%00%(upstream:track)%00%(upstream:remotename)%00%(upstream:remoteref) refs/heads/master refs/remotes/master [1ms]
2023-10-03 10:26:11.939 [info] > git status -z -uall [29ms]
2023-10-03 10:26:12.094 [info] > git check-ignore -v -z --stdin [2ms]
2023-10-03 10:26:12.598 [info] > git config --get commit.template [4ms]
2023-10-03 10:26:12.618 [info] > git for-each-ref --format=%(refname)%00%(upstream:short)%00%(objectname)%00%(upstream:track)%00%(upstream:remotename)%00%(upstream:remoteref) refs/heads/master refs/remotes/master [4ms]
2023-10-03 10:26:12.635 [info] > git status -z -uall [2ms]
2023-10-03 10:26:12.707 [info] > git ls-files --stage -- /workspace/mijn-website/style.css [1ms]
2023-10-03 10:26:12.719 [info] > git cat-file -s 96cee73c10ae90f069a48d07f679e06d5eea960b [1ms]
2023-10-03 10:26:12.754 [info] > git show --textconv :style.css [3ms]
2023-10-03 10:26:17.745 [info] > git -c user.useConfigOnly=true commit --quiet --allow-empty-message --file - [5ms]
2023-10-03 10:26:17.759 [info] > git config --get commit.template [1ms]
2023-10-03 10:26:17.778 [info] > git config --get commit.template [2ms]
2023-10-03 10:26:17.797 [info] > git for-each-ref --format=%(refname)%00%(upstream:short)%00%(objectname)%00%(upstream:track)%00%(upstream:remotename)%00%(upstream:remoteref) refs/heads/master refs/remotes/master [2ms]
2023-10-03 10:26:17.818 [info] > git status -z -uall [4ms]
2023-10-03 10:26:17.884 [info] > git config --local branch.master.github-pr-owner-number [1ms]
2023-10-03 10:26:17.902 [info] > git config --get commit.template [2ms]
2023-10-03 10:26:17.944 [info] > git for-each-ref --format=%(refname)%00%(upstream:short)%00%(objectname)%00%(upstream:track)%00%(upstream:remotename)%00%(upstream:remoteref) refs/heads/master refs/remotes/master [25ms]
2023-10-03 10:26:17.946 [info] > git config --get commit.template [4ms]
2023-10-03 10:26:17.966 [info] > git for-each-ref --format=%(refname)%00%(upstream:short)%00%(objectname)%00%(upstream:track)%00%(upstream:remotename)%00%(upstream:remoteref) refs/heads/master refs/remotes/master [2ms]
2023-10-03 10:26:17.987 [info] > git status -z -uall [2ms]
2023-10-03 10:26:18.986 [info] > git ls-files --stage -- /workspace/mijn-website/style.css [1ms]
2023-10-03 10:26:19.003 [info] > git cat-file -s 96cee73c10ae90f069a48d07f679e06d5eea960b [1ms]
2023-10-03 10:26:19.032 [info] > git show --textconv :style.css [2ms]
