2023-09-26 09:57:18.535 [info] Log level: Info
2023-09-26 09:57:18.747 [info] VSCODE_MACHINE_ID: 13b9c56f-588b-4606-89da-0ff44f5c16a6
2023-09-26 09:57:18.747 [info] VSCODE_SESSION_ID: 406ccfc4-682a-4fc0-b972-f4eac4b3dfe71695722237089
2023-09-26 09:57:18.747 [info] VSCODE_VERSION: 1.82.2
2023-09-26 09:57:18.747 [info] VSCODE_APP_NAME: Gitpod Code
2023-09-26 09:57:18.747 [info] VSCODE_APP_HOST: Gitpod
2023-09-26 09:57:18.747 [info] VSCODE_UI_KIND: web
2023-09-26 09:57:18.747 [info] GITPOD_WORKSPACE_CONTEXT_URL: https://github.com/timmeb1/mijn-website.git
2023-09-26 09:57:18.747 [info] GITPOD_INSTANCE_ID: 8f44eab9-37f9-4885-8cec-939e39a2f9f5
2023-09-26 09:57:18.747 [info] GITPOD_WORKSPACE_URL: https://timmeb1-mijnwebsite-wh2jp5oijgu.ws-eu104.gitpod.io
2023-09-26 09:57:18.754 [info] Gitpod Web 1de61b5
2023-09-26 09:57:18.754 [info] Reading sessions from keychain...
2023-09-26 09:57:18.925 [info] Getting sessions for all scopes...
2023-09-26 09:57:18.925 [info] Getting GitHub sessions for all scopes...
2023-09-26 09:57:18.925 [info] Getting sessions for function:accessCodeSyncStorage...
2023-09-26 09:57:18.925 [info] Got stored sessions!
2023-09-26 09:57:19.095 [info] Getting GitHub sessions for all scopes...
2023-09-26 09:57:19.233 [info] Verified session with the following scopes: function:accessCodeSyncStorage function:closePort function:controlAdmission function:deleteEnvVar function:generateNewGitpodToken function:getDefaultWorkspaceImage function:getEnvVars function:getGitpodTokenScopes function:getIDToken function:getLoggedInUser function:getOpenPorts function:getSupportedWorkspaceClasses function:getTeams function:getToken function:getWorkspace function:getWorkspaceEnvVars function:getWorkspaceOwner function:getWorkspaceTimeout function:getWorkspaceUsers function:guessGitTokenScopes function:isWorkspaceOwner function:openPort function:sendHeartBeat function:setEnvVar function:setWorkspaceTimeout function:stopWorkspace function:takeSnapshot function:trackEvent function:updateGitStatus function:waitForSnapshot resource:contentBlob::*::create/get resource:envVar::TimmeB1/mijn-website::create/get/update/delete resource:gitpodToken::*::create resource:snapshot::ws-timmeb1-mijnwebsite-wh2jp5oijgu::create resource:token::*::get resource:userStorage::*::create/get/update resource:workspace::timmeb1-mijnwebsite-wh2jp5oijgu::get/update resource:workspaceInstance::8f44eab9-37f9-4885-8cec-939e39a2f9f5::get/update/delete
2023-09-26 09:57:19.233 [info] Got 1 verified sessions.
2023-09-26 09:57:19.233 [info] Got 1 sessions for all scopes...
2023-09-26 09:57:19.233 [info] Got 1 sessions for function:accessCodeSyncStorage...
2023-09-26 09:57:19.352 [info] Got 1 GitHub sessions for all scopes...
2023-09-26 09:57:19.352 [info] Got 1 GitHub sessions for all scopes...
2023-09-26 09:57:19.612 [info] Getting sessions for all scopes...
2023-09-26 09:57:19.612 [info] Got 1 sessions for all scopes...
2023-09-26 09:57:19.772 [info] Getting GitHub sessions for all scopes...
2023-09-26 09:57:19.772 [info] Got 1 GitHub sessions for all scopes...
2023-09-26 09:57:19.882 [info] Getting GitHub sessions for read:user,repo,user:email,workflow...
2023-09-26 09:57:19.882 [info] Got 0 GitHub sessions for read:user,repo,user:email,workflow...
2023-09-26 09:57:19.918 [info] Getting GitHub sessions for read:user,repo,user:email,workflow...
2023-09-26 09:57:19.918 [info] Got 0 GitHub sessions for read:user,repo,user:email,workflow...
2023-09-26 09:57:19.958 [info] Getting GitHub sessions for read:user,repo,user:email...
2023-09-26 09:57:19.958 [info] Got 0 GitHub sessions for read:user,repo,user:email...
