2023-09-26 09:49:54.924 [info] Extension host with pid 1585 started
2023-09-26 09:49:54.943 [info] Lock '/workspace/.vscode-remote/data/User/workspaceStorage/4707f158/vscode.lock': Lock acquired.
2023-09-26 09:49:54.978 [info] ExtensionService#_doActivateExtension vscode.html-language-features, startup: false, activationEvent: 'onLanguage:html'
2023-09-26 09:49:54.979 [info] ExtensionService#_doActivateExtension vscode.emmet, startup: false, activationEvent: 'onLanguage'
2023-09-26 09:49:54.983 [info] ExtensionService#_doActivateExtension gitpod.gitpod-web, startup: false, activationEvent: 'onAuthenticationRequest:gitpod'
2023-09-26 09:49:56.015 [info] ExtensionService#_doActivateExtension vscode.git-base, startup: true, activationEvent: '*', root cause: vscode.git
2023-09-26 09:49:56.049 [info] ExtensionService#_doActivateExtension vscode.git, startup: true, activationEvent: '*'
2023-09-26 09:49:56.049 [info] ExtensionService#_doActivateExtension vscode.github, startup: true, activationEvent: '*'
2023-09-26 09:49:56.418 [info] Eager extensions activated
2023-09-26 09:49:56.418 [info] ExtensionService#_doActivateExtension vscode.debug-auto-launch, startup: false, activationEvent: 'onStartupFinished'
2023-09-26 09:49:56.418 [info] ExtensionService#_doActivateExtension vscode.merge-conflict, startup: false, activationEvent: 'onStartupFinished'
2023-09-26 09:49:56.419 [info] ExtensionService#_doActivateExtension vscode.github-authentication, startup: false, activationEvent: 'onStartupFinished', root cause: GitHub.vscode-pull-request-github
2023-09-26 09:49:56.653 [info] ExtensionService#_doActivateExtension redhat.vscode-yaml, startup: false, activationEvent: 'onLanguage:yaml'
2023-09-26 09:49:56.905 [info] ExtensionService#_doActivateExtension GitHub.vscode-pull-request-github, startup: false, activationEvent: 'onStartupFinished'
2023-09-26 09:49:57.692 [warning] [redhat.vscode-yaml] Accessing a resource scoped configuration without providing a resource is not expected. To get the effective value for '[yaml]', provide the URI of a resource or 'null' for any resource.
2023-09-26 09:49:57.724 [warning] [redhat.vscode-yaml] Accessing a resource scoped configuration without providing a resource is not expected. To get the effective value for '[yaml]', provide the URI of a resource or 'null' for any resource.
2023-09-26 09:51:26.121 [info] Extension host terminating: received terminate message from renderer
2023-09-26 09:51:26.123 [info] Lock '/workspace/.vscode-remote/data/User/workspaceStorage/4707f158/vscode.lock': Marking the lockfile as scheduled to be released in 6000 ms.
2023-09-26 09:51:26.160 [error] Canceled: Canceled
	at new h (/ide/out/vs/workbench/api/node/extensionHostProcess.js:107:57382)
	at i.O (/ide/out/vs/workbench/api/node/extensionHostProcess.js:116:10850)
	at j.<computed>.T.charCodeAt.j.<computed> (/ide/out/vs/workbench/api/node/extensionHostProcess.js:116:8289)
	at r.g (/ide/out/vs/workbench/api/node/extensionHostProcess.js:107:82208)
	at r.executeCommand (/ide/out/vs/workbench/api/node/extensionHostProcess.js:107:81646)
	at u.registerCommand.description (/ide/out/vs/workbench/api/node/extensionHostProcess.js:107:80967)
	at r.h (/ide/out/vs/workbench/api/node/extensionHostProcess.js:107:82744)
	at r.g (/ide/out/vs/workbench/api/node/extensionHostProcess.js:107:81739)
	at r.executeCommand (/ide/out/vs/workbench/api/node/extensionHostProcess.js:107:81646)
	at Object.executeCommand (/ide/out/vs/workbench/api/node/extensionHostProcess.js:122:21247)
	at n.D [as value] (/ide/extensions/git/dist/main.js:2:1309000)
	at f.w (/ide/out/vs/workbench/api/node/extensionHostProcess.js:63:1902)
	at f.x (/ide/out/vs/workbench/api/node/extensionHostProcess.js:63:1972)
	at f.fire (/ide/out/vs/workbench/api/node/extensionHostProcess.js:63:2188)
	at Object.m [as dispose] (/ide/extensions/git/dist/main.js:2:1324784)
	at /ide/extensions/git/dist/main.js:2:1329625
	at Array.forEach (<anonymous>)
	at g.dispose (/ide/extensions/git/dist/main.js:2:1329611)
	at E.<anonymous> (/ide/out/vs/workbench/api/node/extensionHostProcess.js:103:3484)
	at E.dispose (/ide/out/vs/workbench/api/node/extensionHostProcess.js:103:3581)
	at E.<anonymous> (/ide/extensions/git/dist/main.js:2:1311012)
	at E.dispose (/ide/out/vs/workbench/api/node/extensionHostProcess.js:103:3581)
	at k (/ide/out/vs/workbench/api/node/extensionHostProcess.js:13:11730)
	at n.Z (/ide/out/vs/workbench/api/node/extensionHostProcess.js:118:9652)
	at /ide/out/vs/workbench/api/node/extensionHostProcess.js:118:7585
	at Array.map (<anonymous>)
	at n.S (/ide/out/vs/workbench/api/node/extensionHostProcess.js:118:7572)
	at n.terminate (/ide/out/vs/workbench/api/node/extensionHostProcess.js:118:7844)
	at o.terminate (/ide/out/vs/workbench/api/node/extensionHostProcess.js:122:1513)
	at D (/ide/out/vs/workbench/api/node/extensionHostProcess.js:135:9800)
	at n.value (/ide/out/vs/workbench/api/node/extensionHostProcess.js:135:7847)
	at f.w (/ide/out/vs/workbench/api/node/extensionHostProcess.js:63:1902)
	at f.fire (/ide/out/vs/workbench/api/node/extensionHostProcess.js:63:2119)
	at v.fire (/ide/out/vs/workbench/api/node/extensionHostProcess.js:79:13940)
	at s.z (/ide/out/vs/workbench/api/node/extensionHostProcess.js:79:17005)
	at n.value (/ide/out/vs/workbench/api/node/extensionHostProcess.js:79:15457)
	at f.w (/ide/out/vs/workbench/api/node/extensionHostProcess.js:63:1902)
	at f.fire (/ide/out/vs/workbench/api/node/extensionHostProcess.js:63:2119)
	at n.acceptChunk (/ide/out/vs/workbench/api/node/extensionHostProcess.js:79:11714)
	at n.value (/ide/out/vs/workbench/api/node/extensionHostProcess.js:79:11001)
	at f.w (/ide/out/vs/workbench/api/node/extensionHostProcess.js:63:1902)
	at f.fire (/ide/out/vs/workbench/api/node/extensionHostProcess.js:63:2119)
	at f.u (/ide/out/vs/workbench/api/node/extensionHostProcess.js:132:19073) setContext undefined
2023-09-26 09:51:26.163 [error] Canceled: Canceled
	at new h (/ide/out/vs/workbench/api/node/extensionHostProcess.js:107:57382)
	at i.O (/ide/out/vs/workbench/api/node/extensionHostProcess.js:116:10850)
	at j.<computed>.T.charCodeAt.j.<computed> (/ide/out/vs/workbench/api/node/extensionHostProcess.js:116:8289)
	at r.g (/ide/out/vs/workbench/api/node/extensionHostProcess.js:107:82208)
	at r.executeCommand (/ide/out/vs/workbench/api/node/extensionHostProcess.js:107:81646)
	at u.registerCommand.description (/ide/out/vs/workbench/api/node/extensionHostProcess.js:107:80967)
	at r.h (/ide/out/vs/workbench/api/node/extensionHostProcess.js:107:82744)
	at r.g (/ide/out/vs/workbench/api/node/extensionHostProcess.js:107:81739)
	at r.executeCommand (/ide/out/vs/workbench/api/node/extensionHostProcess.js:107:81646)
	at Object.executeCommand (/ide/out/vs/workbench/api/node/extensionHostProcess.js:122:21247)
	at set b [as b] (/ide/extensions/github/dist/extension.js:2:714434)
	at /ide/extensions/github/dist/extension.js:2:715075
	at n.value (/ide/extensions/git/dist/main.js:2:1396602)
	at f.w (/ide/out/vs/workbench/api/node/extensionHostProcess.js:63:1902)
	at f.x (/ide/out/vs/workbench/api/node/extensionHostProcess.js:63:1972)
	at f.fire (/ide/out/vs/workbench/api/node/extensionHostProcess.js:63:2188)
	at Object.m [as dispose] (/ide/extensions/git/dist/main.js:2:1324784)
	at /ide/extensions/git/dist/main.js:2:1329625
	at Array.forEach (<anonymous>)
	at g.dispose (/ide/extensions/git/dist/main.js:2:1329611)
	at E.<anonymous> (/ide/out/vs/workbench/api/node/extensionHostProcess.js:103:3484)
	at E.dispose (/ide/out/vs/workbench/api/node/extensionHostProcess.js:103:3581)
	at E.<anonymous> (/ide/extensions/git/dist/main.js:2:1311012)
	at E.dispose (/ide/out/vs/workbench/api/node/extensionHostProcess.js:103:3581)
	at k (/ide/out/vs/workbench/api/node/extensionHostProcess.js:13:11730)
	at n.Z (/ide/out/vs/workbench/api/node/extensionHostProcess.js:118:9652)
	at /ide/out/vs/workbench/api/node/extensionHostProcess.js:118:7585
	at Array.map (<anonymous>)
	at n.S (/ide/out/vs/workbench/api/node/extensionHostProcess.js:118:7572)
	at n.terminate (/ide/out/vs/workbench/api/node/extensionHostProcess.js:118:7844)
	at o.terminate (/ide/out/vs/workbench/api/node/extensionHostProcess.js:122:1513)
	at D (/ide/out/vs/workbench/api/node/extensionHostProcess.js:135:9800)
	at n.value (/ide/out/vs/workbench/api/node/extensionHostProcess.js:135:7847)
	at f.w (/ide/out/vs/workbench/api/node/extensionHostProcess.js:63:1902)
	at f.fire (/ide/out/vs/workbench/api/node/extensionHostProcess.js:63:2119)
	at v.fire (/ide/out/vs/workbench/api/node/extensionHostProcess.js:79:13940)
	at s.z (/ide/out/vs/workbench/api/node/extensionHostProcess.js:79:17005)
	at n.value (/ide/out/vs/workbench/api/node/extensionHostProcess.js:79:15457)
	at f.w (/ide/out/vs/workbench/api/node/extensionHostProcess.js:63:1902)
	at f.fire (/ide/out/vs/workbench/api/node/extensionHostProcess.js:63:2119)
	at n.acceptChunk (/ide/out/vs/workbench/api/node/extensionHostProcess.js:79:11714)
	at n.value (/ide/out/vs/workbench/api/node/extensionHostProcess.js:79:11001)
	at f.w (/ide/out/vs/workbench/api/node/extensionHostProcess.js:63:1902)
	at f.fire (/ide/out/vs/workbench/api/node/extensionHostProcess.js:63:2119)
	at f.u (/ide/out/vs/workbench/api/node/extensionHostProcess.js:132:19073) setContext undefined
2023-09-26 09:51:26.164 [error] Canceled: Canceled
	at new h (/ide/out/vs/workbench/api/node/extensionHostProcess.js:107:57382)
	at i.O (/ide/out/vs/workbench/api/node/extensionHostProcess.js:116:10850)
	at j.<computed>.T.charCodeAt.j.<computed> (/ide/out/vs/workbench/api/node/extensionHostProcess.js:116:8289)
	at r.g (/ide/out/vs/workbench/api/node/extensionHostProcess.js:107:82208)
	at r.executeCommand (/ide/out/vs/workbench/api/node/extensionHostProcess.js:107:81646)
	at u.registerCommand.description (/ide/out/vs/workbench/api/node/extensionHostProcess.js:107:80967)
	at r.h (/ide/out/vs/workbench/api/node/extensionHostProcess.js:107:82744)
	at r.g (/ide/out/vs/workbench/api/node/extensionHostProcess.js:107:81739)
	at r.executeCommand (/ide/out/vs/workbench/api/node/extensionHostProcess.js:107:81646)
	at Object.executeCommand (/ide/out/vs/workbench/api/node/extensionHostProcess.js:122:21247)
	at e (/workspace/.vscode-remote/extensions/github.vscode-pull-request-github-0.72.0-universal/dist/extension.js:1655:1445)
	at Object.n [as setContext] (/workspace/.vscode-remote/extensions/github.vscode-pull-request-github-0.72.0-universal/dist/extension.js:1655:1560)
	at hp.updateActiveReviewCount (/workspace/.vscode-remote/extensions/github.vscode-pull-request-github-0.72.0-universal/dist/extension.js:1772:22546)
	at hp.removeRepo (/workspace/.vscode-remote/extensions/github.vscode-pull-request-github-0.72.0-universal/dist/extension.js:1772:23673)
	at n.value (/workspace/.vscode-remote/extensions/github.vscode-pull-request-github-0.72.0-universal/dist/extension.js:1818:4126)
	at f.w (/ide/out/vs/workbench/api/node/extensionHostProcess.js:63:1902)
	at f.x (/ide/out/vs/workbench/api/node/extensionHostProcess.js:63:1972)
	at f.fire (/ide/out/vs/workbench/api/node/extensionHostProcess.js:63:2188)
	at n.value (/workspace/.vscode-remote/extensions/github.vscode-pull-request-github-0.72.0-universal/dist/extension.js:1624:461993)
	at f.w (/ide/out/vs/workbench/api/node/extensionHostProcess.js:63:1902)
	at f.fire (/ide/out/vs/workbench/api/node/extensionHostProcess.js:63:2119)
	at /workspace/.vscode-remote/extensions/github.vscode-pull-request-github-0.72.0-universal/dist/extension.js:1772:27387
	at n.value (/ide/extensions/git/dist/main.js:2:1396602)
	at f.w (/ide/out/vs/workbench/api/node/extensionHostProcess.js:63:1902)
	at f.x (/ide/out/vs/workbench/api/node/extensionHostProcess.js:63:1972)
	at f.fire (/ide/out/vs/workbench/api/node/extensionHostProcess.js:63:2188)
	at Object.m [as dispose] (/ide/extensions/git/dist/main.js:2:1324784)
	at /ide/extensions/git/dist/main.js:2:1329625
	at Array.forEach (<anonymous>)
	at g.dispose (/ide/extensions/git/dist/main.js:2:1329611)
	at E.<anonymous> (/ide/out/vs/workbench/api/node/extensionHostProcess.js:103:3484)
	at E.dispose (/ide/out/vs/workbench/api/node/extensionHostProcess.js:103:3581)
	at E.<anonymous> (/ide/extensions/git/dist/main.js:2:1311012)
	at E.dispose (/ide/out/vs/workbench/api/node/extensionHostProcess.js:103:3581)
	at k (/ide/out/vs/workbench/api/node/extensionHostProcess.js:13:11730)
	at n.Z (/ide/out/vs/workbench/api/node/extensionHostProcess.js:118:9652)
	at /ide/out/vs/workbench/api/node/extensionHostProcess.js:118:7585
	at Array.map (<anonymous>)
	at n.S (/ide/out/vs/workbench/api/node/extensionHostProcess.js:118:7572)
	at n.terminate (/ide/out/vs/workbench/api/node/extensionHostProcess.js:118:7844)
	at o.terminate (/ide/out/vs/workbench/api/node/extensionHostProcess.js:122:1513)
	at D (/ide/out/vs/workbench/api/node/extensionHostProcess.js:135:9800)
	at n.value (/ide/out/vs/workbench/api/node/extensionHostProcess.js:135:7847)
	at f.w (/ide/out/vs/workbench/api/node/extensionHostProcess.js:63:1902)
	at f.fire (/ide/out/vs/workbench/api/node/extensionHostProcess.js:63:2119)
	at v.fire (/ide/out/vs/workbench/api/node/extensionHostProcess.js:79:13940)
	at s.z (/ide/out/vs/workbench/api/node/extensionHostProcess.js:79:17005)
	at n.value (/ide/out/vs/workbench/api/node/extensionHostProcess.js:79:15457)
	at f.w (/ide/out/vs/workbench/api/node/extensionHostProcess.js:63:1902)
	at f.fire (/ide/out/vs/workbench/api/node/extensionHostProcess.js:63:2119)
	at n.acceptChunk (/ide/out/vs/workbench/api/node/extensionHostProcess.js:79:11714)
	at n.value (/ide/out/vs/workbench/api/node/extensionHostProcess.js:79:11001)
	at f.w (/ide/out/vs/workbench/api/node/extensionHostProcess.js:63:1902)
	at f.fire (/ide/out/vs/workbench/api/node/extensionHostProcess.js:63:2119)
	at f.u (/ide/out/vs/workbench/api/node/extensionHostProcess.js:132:19073) setContext undefined
2023-09-26 09:51:26.164 [error] Canceled: Canceled
	at new h (/ide/out/vs/workbench/api/node/extensionHostProcess.js:107:57382)
	at i.O (/ide/out/vs/workbench/api/node/extensionHostProcess.js:116:10850)
	at j.<computed>.T.charCodeAt.j.<computed> (/ide/out/vs/workbench/api/node/extensionHostProcess.js:116:8289)
	at r.g (/ide/out/vs/workbench/api/node/extensionHostProcess.js:107:82208)
	at r.executeCommand (/ide/out/vs/workbench/api/node/extensionHostProcess.js:107:81646)
	at u.registerCommand.description (/ide/out/vs/workbench/api/node/extensionHostProcess.js:107:80967)
	at r.h (/ide/out/vs/workbench/api/node/extensionHostProcess.js:107:82744)
	at r.g (/ide/out/vs/workbench/api/node/extensionHostProcess.js:107:81739)
	at r.executeCommand (/ide/out/vs/workbench/api/node/extensionHostProcess.js:107:81646)
	at Object.executeCommand (/ide/out/vs/workbench/api/node/extensionHostProcess.js:122:21247)
	at e0.reset (/workspace/.vscode-remote/extensions/github.vscode-pull-request-github-0.72.0-universal/dist/extension.js:1805:3944)
	at e0.dispose (/workspace/.vscode-remote/extensions/github.vscode-pull-request-github-0.72.0-universal/dist/extension.js:1805:4183)
	at k (/ide/out/vs/workbench/api/node/extensionHostProcess.js:13:11730)
	at n.Z (/ide/out/vs/workbench/api/node/extensionHostProcess.js:118:9652)
	at /ide/out/vs/workbench/api/node/extensionHostProcess.js:118:7585
	at Array.map (<anonymous>)
	at n.S (/ide/out/vs/workbench/api/node/extensionHostProcess.js:118:7572)
	at n.terminate (/ide/out/vs/workbench/api/node/extensionHostProcess.js:118:7844)
	at o.terminate (/ide/out/vs/workbench/api/node/extensionHostProcess.js:122:1513)
	at D (/ide/out/vs/workbench/api/node/extensionHostProcess.js:135:9800)
	at n.value (/ide/out/vs/workbench/api/node/extensionHostProcess.js:135:7847)
	at f.w (/ide/out/vs/workbench/api/node/extensionHostProcess.js:63:1902)
	at f.fire (/ide/out/vs/workbench/api/node/extensionHostProcess.js:63:2119)
	at v.fire (/ide/out/vs/workbench/api/node/extensionHostProcess.js:79:13940)
	at s.z (/ide/out/vs/workbench/api/node/extensionHostProcess.js:79:17005)
	at n.value (/ide/out/vs/workbench/api/node/extensionHostProcess.js:79:15457)
	at f.w (/ide/out/vs/workbench/api/node/extensionHostProcess.js:63:1902)
	at f.fire (/ide/out/vs/workbench/api/node/extensionHostProcess.js:63:2119)
	at n.acceptChunk (/ide/out/vs/workbench/api/node/extensionHostProcess.js:79:11714)
	at n.value (/ide/out/vs/workbench/api/node/extensionHostProcess.js:79:11001)
	at f.w (/ide/out/vs/workbench/api/node/extensionHostProcess.js:63:1902)
	at f.fire (/ide/out/vs/workbench/api/node/extensionHostProcess.js:63:2119)
	at f.u (/ide/out/vs/workbench/api/node/extensionHostProcess.js:132:19073) setContext undefined
2023-09-26 09:51:26.170 [info] Extension host with pid 1585 exiting with code 0
