2023-10-03 09:49:58.005 [info] Log level: Info
2023-10-03 09:49:58.005 [info] Validating found git in: "git"
2023-10-03 09:49:58.005 [info] Using git "2.42.0" from "git"
2023-10-03 09:49:58.005 [info] > git rev-parse --show-toplevel [3ms]
2023-10-03 09:49:58.005 [info] > git rev-parse --git-dir --git-common-dir [3ms]
2023-10-03 09:49:58.005 [info] Open repository: /workspace/mijn-website
2023-10-03 09:49:58.005 [info] > git config --get commit.template [12ms]
2023-10-03 09:49:58.009 [info] > git rev-parse --show-toplevel [7ms]
2023-10-03 09:49:58.023 [info] > git for-each-ref --format=%(refname)%00%(upstream:short)%00%(objectname)%00%(upstream:track)%00%(upstream:remotename)%00%(upstream:remoteref) refs/heads/master refs/remotes/master [2ms]
2023-10-03 09:49:58.033 [info] > git status -z -uall [1ms]
2023-10-03 09:49:58.048 [info] > git config --get commit.template [1ms]
2023-10-03 09:49:58.058 [info] > git for-each-ref --format=%(refname)%00%(upstream:short)%00%(objectname)%00%(upstream:track)%00%(upstream:remotename)%00%(upstream:remoteref) refs/heads/master refs/remotes/master [3ms]
2023-10-03 09:49:58.083 [info] > git status -z -uall [17ms]
2023-10-03 09:49:58.418 [info] > git fetch [443ms]
2023-10-03 09:49:58.495 [info] > git config --get commit.template [67ms]
2023-10-03 09:49:58.496 [info] > git for-each-ref --format=%(refname)%00%(upstream:short)%00%(objectname)%00%(upstream:track)%00%(upstream:remotename)%00%(upstream:remoteref) refs/heads/master refs/remotes/master [49ms]
2023-10-03 09:49:58.512 [info] > git status -z -uall [3ms]
2023-10-03 09:49:58.675 [info] > git check-ignore -v -z --stdin [11ms]
2023-10-03 09:49:59.522 [info] > git config --local branch.master.github-pr-owner-number [2ms]
2023-10-03 09:49:59.539 [info] > git config --get commit.template [8ms]
2023-10-03 09:49:59.539 [info] > git for-each-ref --format=%(refname)%00%(upstream:short)%00%(objectname)%00%(upstream:track)%00%(upstream:remotename)%00%(upstream:remoteref) refs/heads/master refs/remotes/master [1ms]
2023-10-03 09:49:59.549 [info] > git status -z -uall [3ms]
2023-10-03 09:49:59.578 [info] > git config --get commit.template [16ms]
2023-10-03 09:49:59.579 [info] > git for-each-ref --format=%(refname)%00%(upstream:short)%00%(objectname)%00%(upstream:track)%00%(upstream:remotename)%00%(upstream:remoteref) refs/heads/master refs/remotes/master [3ms]
2023-10-03 09:49:59.602 [info] > git status -z -uall [2ms]
2023-10-03 09:50:28.466 [info] > git config --get commit.template [16ms]
2023-10-03 09:50:28.467 [info] > git for-each-ref --format=%(refname)%00%(upstream:short)%00%(objectname)%00%(upstream:track)%00%(upstream:remotename)%00%(upstream:remoteref) refs/heads/master refs/remotes/master [3ms]
2023-10-03 09:50:28.482 [info] > git status -z -uall [3ms]
2023-10-03 09:50:29.659 [info] > git check-ignore -v -z --stdin [2ms]
2023-10-03 09:50:34.741 [info] > git config --get commit.template [15ms]
2023-10-03 09:50:34.745 [info] > git for-each-ref --format=%(refname)%00%(upstream:short)%00%(objectname)%00%(upstream:track)%00%(upstream:remotename)%00%(upstream:remoteref) refs/heads/master refs/remotes/master [7ms]
2023-10-03 09:50:34.763 [info] > git status -z -uall [3ms]
2023-10-03 09:50:40.317 [info] > git show --textconv :style.css [19ms]
2023-10-03 09:50:40.319 [info] > git ls-files --stage -- /workspace/mijn-website/style.css [3ms]
2023-10-03 09:50:40.334 [info] > git cat-file -s 2ad9a078d0f7cb195d8f67a55a43696b4469fca2 [2ms]
2023-10-03 09:54:59.500 [info] > git config --local branch.master.github-pr-owner-number [1ms]
2023-10-03 09:54:59.518 [info] > git config --get commit.template [8ms]
2023-10-03 09:54:59.520 [info] > git for-each-ref --format=%(refname)%00%(upstream:short)%00%(objectname)%00%(upstream:track)%00%(upstream:remotename)%00%(upstream:remoteref) refs/heads/master refs/remotes/master [2ms]
2023-10-03 09:54:59.529 [info] > git status -z -uall [1ms]
2023-10-03 09:59:59.546 [info] > git config --local branch.master.github-pr-owner-number [2ms]
2023-10-03 09:59:59.574 [info] > git config --get commit.template [15ms]
2023-10-03 09:59:59.575 [info] > git for-each-ref --format=%(refname)%00%(upstream:short)%00%(objectname)%00%(upstream:track)%00%(upstream:remotename)%00%(upstream:remoteref) refs/heads/master refs/remotes/master [2ms]
2023-10-03 09:59:59.589 [info] > git status -z -uall [2ms]
2023-10-03 10:04:59.607 [info] > git config --local branch.master.github-pr-owner-number [1ms]
2023-10-03 10:04:59.638 [info] > git config --get commit.template [17ms]
2023-10-03 10:04:59.638 [info] > git for-each-ref --format=%(refname)%00%(upstream:short)%00%(objectname)%00%(upstream:track)%00%(upstream:remotename)%00%(upstream:remoteref) refs/heads/master refs/remotes/master [3ms]
2023-10-03 10:04:59.654 [info] > git status -z -uall [2ms]
2023-10-03 10:09:59.669 [info] > git config --local branch.master.github-pr-owner-number [1ms]
2023-10-03 10:09:59.695 [info] > git config --get commit.template [12ms]
2023-10-03 10:09:59.696 [info] > git for-each-ref --format=%(refname)%00%(upstream:short)%00%(objectname)%00%(upstream:track)%00%(upstream:remotename)%00%(upstream:remoteref) refs/heads/master refs/remotes/master [1ms]
2023-10-03 10:09:59.711 [info] > git status -z -uall [1ms]
2023-10-03 10:14:59.728 [info] > git config --local branch.master.github-pr-owner-number [1ms]
2023-10-03 10:14:59.753 [info] > git config --get commit.template [12ms]
2023-10-03 10:14:59.754 [info] > git for-each-ref --format=%(refname)%00%(upstream:short)%00%(objectname)%00%(upstream:track)%00%(upstream:remotename)%00%(upstream:remoteref) refs/heads/master refs/remotes/master [1ms]
2023-10-03 10:14:59.768 [info] > git status -z -uall [1ms]
2023-10-03 10:19:59.782 [info] > git config --local branch.master.github-pr-owner-number [1ms]
2023-10-03 10:19:59.796 [info] > git config --get commit.template [7ms]
2023-10-03 10:19:59.797 [info] > git for-each-ref --format=%(refname)%00%(upstream:short)%00%(objectname)%00%(upstream:track)%00%(upstream:remotename)%00%(upstream:remoteref) refs/heads/master refs/remotes/master [2ms]
2023-10-03 10:19:59.805 [info] > git status -z -uall [2ms]
