2023-10-13 08:25:24.537 [info] Log level: Info
2023-10-13 08:25:24.837 [info] VSCODE_MACHINE_ID: 57d36467-3428-4307-876e-0976f27086f4
2023-10-13 08:25:24.837 [info] VSCODE_SESSION_ID: 03985a3f-47d5-4e70-993a-553b79bdc3861697185515919
2023-10-13 08:25:24.837 [info] VSCODE_VERSION: 1.83.0
2023-10-13 08:25:24.837 [info] VSCODE_APP_NAME: Gitpod Code
2023-10-13 08:25:24.837 [info] VSCODE_APP_HOST: Gitpod
2023-10-13 08:25:24.837 [info] VSCODE_UI_KIND: web
2023-10-13 08:25:24.837 [info] GITPOD_WORKSPACE_CONTEXT_URL: https://github.com/timmeb1/mijn-website.git
2023-10-13 08:25:24.837 [info] GITPOD_INSTANCE_ID: 5fe5ab89-582a-43e2-8536-cc5ed04c749c
2023-10-13 08:25:24.837 [info] GITPOD_WORKSPACE_URL: https://timmeb1-mijnwebsite-wh2jp5oijgu.ws-eu105.gitpod.io
2023-10-13 08:25:24.844 [info] Gitpod Web 49bb715
2023-10-13 08:25:24.844 [info] Reading sessions from keychain...
2023-10-13 08:25:24.905 [info] Getting sessions for all scopes...
2023-10-13 08:25:24.905 [info] Getting GitHub sessions for all scopes...
2023-10-13 08:25:24.905 [info] Getting sessions for function:accessCodeSyncStorage...
2023-10-13 08:25:24.906 [info] Got stored sessions!
2023-10-13 08:25:25.090 [info] Getting GitHub sessions for all scopes...
2023-10-13 08:25:25.235 [info] Verified session with the following scopes: function:accessCodeSyncStorage function:closePort function:controlAdmission function:deleteEnvVar function:generateNewGitpodToken function:getDefaultWorkspaceImage function:getEnvVars function:getGitpodTokenScopes function:getIDToken function:getLoggedInUser function:getOpenPorts function:getSupportedWorkspaceClasses function:getTeams function:getToken function:getWorkspace function:getWorkspaceEnvVars function:getWorkspaceOwner function:getWorkspaceTimeout function:getWorkspaceUsers function:guessGitTokenScopes function:isWorkspaceOwner function:openPort function:sendHeartBeat function:setEnvVar function:setWorkspaceTimeout function:stopWorkspace function:takeSnapshot function:trackEvent function:updateGitStatus function:waitForSnapshot resource:contentBlob::*::create/get resource:envVar::TimmeB1/mijn-website::create/get/update/delete resource:gitpodToken::*::create resource:snapshot::ws-timmeb1-mijnwebsite-wh2jp5oijgu::create resource:token::*::get resource:userStorage::*::create/get/update resource:workspace::timmeb1-mijnwebsite-wh2jp5oijgu::get/update resource:workspaceInstance::5fe5ab89-582a-43e2-8536-cc5ed04c749c::get/update/delete
2023-10-13 08:25:25.235 [info] Got 1 verified sessions.
2023-10-13 08:25:25.235 [info] Got 1 sessions for all scopes...
2023-10-13 08:25:25.235 [info] Got 1 sessions for function:accessCodeSyncStorage...
2023-10-13 08:25:25.313 [info] Got 1 GitHub sessions for all scopes...
2023-10-13 08:25:25.313 [info] Got 1 GitHub sessions for all scopes...
2023-10-13 08:25:25.489 [info] Getting sessions for all scopes...
2023-10-13 08:25:25.489 [info] Got 1 sessions for all scopes...
2023-10-13 08:25:25.492 [info] Getting GitHub sessions for all scopes...
2023-10-13 08:25:25.492 [info] Got 1 GitHub sessions for all scopes...
2023-10-13 08:25:25.712 [info] Getting GitHub sessions for read:user,repo,user:email,workflow...
2023-10-13 08:25:25.712 [info] Got 0 GitHub sessions for read:user,repo,user:email,workflow...
2023-10-13 08:25:25.784 [info] Getting GitHub sessions for read:user,repo,user:email,workflow...
2023-10-13 08:25:25.784 [info] Got 0 GitHub sessions for read:user,repo,user:email,workflow...
2023-10-13 08:25:25.821 [info] Getting GitHub sessions for read:user,repo,user:email...
2023-10-13 08:25:25.821 [info] Got 0 GitHub sessions for read:user,repo,user:email...
