2023-09-26 10:09:57.306 [info] Log level: Info
2023-09-26 10:09:57.306 [info] Validating found git in: "git"
2023-09-26 10:09:57.306 [info] Using git "2.42.0" from "git"
2023-09-26 10:09:57.306 [info] > git rev-parse --show-toplevel [3ms]
2023-09-26 10:09:57.306 [info] > git rev-parse --git-dir --git-common-dir [3ms]
2023-09-26 10:09:57.306 [info] Open repository: /workspace/mijn-website
2023-09-26 10:09:57.306 [info] > git config --get commit.template [18ms]
2023-09-26 10:09:57.308 [info] > git rev-parse --show-toplevel [9ms]
2023-09-26 10:09:57.351 [info] > git show --textconv HEAD:index.html [10ms]
2023-09-26 10:09:57.352 [info] > git for-each-ref --format=%(refname)%00%(upstream:short)%00%(objectname)%00%(upstream:track)%00%(upstream:remotename)%00%(upstream:remoteref) refs/heads/master refs/remotes/master [28ms]
2023-09-26 10:09:57.364 [info] > git ls-tree -l HEAD -- /workspace/mijn-website/index.html [13ms]
2023-09-26 10:09:57.366 [info] > git status -z -uall [4ms]
2023-09-26 10:09:57.438 [info] > git ls-files --stage -- /workspace/mijn-website/index.html [2ms]
2023-09-26 10:09:57.450 [info] > git cat-file -s f09760d2df591caf8aee1638fc974e9d98ed3f68 [2ms]
2023-09-26 10:09:57.486 [info] > git show --textconv :index.html [11ms]
2023-09-26 10:09:57.824 [info] > git ls-files --stage -- /workspace/mijn-website/index.html [4ms]
2023-09-26 10:09:57.907 [info] > git cat-file -s f09760d2df591caf8aee1638fc974e9d98ed3f68 [70ms]
2023-09-26 10:09:57.910 [info] > git check-ignore -v -z --stdin [5ms]
2023-09-26 10:09:58.038 [info] > git config --get commit.template [18ms]
2023-09-26 10:09:58.087 [info] > git for-each-ref --format=%(refname)%00%(upstream:short)%00%(objectname)%00%(upstream:track)%00%(upstream:remotename)%00%(upstream:remoteref) refs/heads/master refs/remotes/master [3ms]
2023-09-26 10:09:58.106 [info] > git status -z -uall [3ms]
2023-09-26 10:10:00.227 [info] > git config --local branch.master.github-pr-owner-number [3ms]
2023-09-26 10:10:00.310 [info] > git config --get commit.template [67ms]
2023-09-26 10:10:00.312 [info] > git for-each-ref --format=%(refname)%00%(upstream:short)%00%(objectname)%00%(upstream:track)%00%(upstream:remotename)%00%(upstream:remoteref) refs/heads/master refs/remotes/master [5ms]
2023-09-26 10:10:00.331 [info] > git status -z -uall [5ms]
2023-09-26 10:10:01.168 [info] > git check-ignore -v -z --stdin [2ms]
2023-09-26 10:15:00.171 [info] > git config --local branch.master.github-pr-owner-number [2ms]
2023-09-26 10:15:00.192 [info] > git config --get commit.template [11ms]
2023-09-26 10:15:00.193 [info] > git for-each-ref --format=%(refname)%00%(upstream:short)%00%(objectname)%00%(upstream:track)%00%(upstream:remotename)%00%(upstream:remoteref) refs/heads/master refs/remotes/master [2ms]
2023-09-26 10:15:00.205 [info] > git status -z -uall [2ms]
2023-09-26 10:16:11.721 [info] > git ls-files --stage -- /workspace/mijn-website/index.html [2ms]
2023-09-26 10:16:11.733 [info] > git cat-file -s f09760d2df591caf8aee1638fc974e9d98ed3f68 [2ms]
2023-09-26 10:16:12.144 [info] > git show --textconv :style.css [14ms]
2023-09-26 10:16:12.147 [info] > git ls-files --stage -- /workspace/mijn-website/style.css [6ms]
2023-09-26 10:16:12.160 [info] > git cat-file -s a00f316f3a0d63f3e2f7e0f53471b61c4f8ec189 [2ms]
2023-09-26 10:16:27.057 [info] > git show --textconv :index.html [11ms]
2023-09-26 10:16:27.059 [info] > git ls-files --stage -- /workspace/mijn-website/index.html [3ms]
2023-09-26 10:16:27.072 [info] > git cat-file -s f09760d2df591caf8aee1638fc974e9d98ed3f68 [2ms]
2023-09-26 10:16:45.816 [info] > git check-ignore -v -z --stdin [38ms]
2023-09-26 10:17:19.173 [info] > git check-ignore -v -z --stdin [2ms]
2023-09-26 10:17:19.776 [info] > git config --get commit.template [14ms]
2023-09-26 10:17:19.778 [info] > git for-each-ref --format=%(refname)%00%(upstream:short)%00%(objectname)%00%(upstream:track)%00%(upstream:remotename)%00%(upstream:remoteref) refs/heads/master refs/remotes/master [2ms]
2023-09-26 10:17:19.792 [info] > git status -z -uall [2ms]
2023-09-26 10:17:49.549 [info] > git config --get commit.template [13ms]
2023-09-26 10:17:49.550 [info] > git for-each-ref --format=%(refname)%00%(upstream:short)%00%(objectname)%00%(upstream:track)%00%(upstream:remotename)%00%(upstream:remoteref) refs/heads/master refs/remotes/master [2ms]
2023-09-26 10:17:49.563 [info] > git status -z -uall [3ms]
2023-09-26 10:18:00.882 [info] > git config --get commit.template [14ms]
2023-09-26 10:18:00.882 [info] > git for-each-ref --format=%(refname)%00%(upstream:short)%00%(objectname)%00%(upstream:track)%00%(upstream:remotename)%00%(upstream:remoteref) refs/heads/master refs/remotes/master [2ms]
2023-09-26 10:18:00.897 [info] > git status -z -uall [2ms]
2023-09-26 10:18:17.455 [info] > git config --get commit.template [12ms]
2023-09-26 10:18:17.456 [info] > git for-each-ref --format=%(refname)%00%(upstream:short)%00%(objectname)%00%(upstream:track)%00%(upstream:remotename)%00%(upstream:remoteref) refs/heads/master refs/remotes/master [2ms]
2023-09-26 10:18:17.468 [info] > git status -z -uall [2ms]
2023-09-26 10:18:22.496 [info] > git config --get commit.template [11ms]
2023-09-26 10:18:22.497 [info] > git for-each-ref --format=%(refname)%00%(upstream:short)%00%(objectname)%00%(upstream:track)%00%(upstream:remotename)%00%(upstream:remoteref) refs/heads/master refs/remotes/master [1ms]
2023-09-26 10:18:22.509 [info] > git status -z -uall [2ms]
2023-09-26 10:18:35.954 [info] > git config --get commit.template [13ms]
2023-09-26 10:18:35.955 [info] > git for-each-ref --format=%(refname)%00%(upstream:short)%00%(objectname)%00%(upstream:track)%00%(upstream:remotename)%00%(upstream:remoteref) refs/heads/master refs/remotes/master [2ms]
2023-09-26 10:18:36.004 [info] > git status -z -uall [37ms]
2023-09-26 10:18:52.273 [info] > git config --get commit.template [12ms]
2023-09-26 10:18:52.274 [info] > git for-each-ref --format=%(refname)%00%(upstream:short)%00%(objectname)%00%(upstream:track)%00%(upstream:remotename)%00%(upstream:remoteref) refs/heads/master refs/remotes/master [2ms]
2023-09-26 10:18:52.286 [info] > git status -z -uall [2ms]
2023-09-26 10:19:07.035 [info] > git config --get commit.template [13ms]
2023-09-26 10:19:07.036 [info] > git for-each-ref --format=%(refname)%00%(upstream:short)%00%(objectname)%00%(upstream:track)%00%(upstream:remotename)%00%(upstream:remoteref) refs/heads/master refs/remotes/master [2ms]
2023-09-26 10:19:07.051 [info] > git status -z -uall [2ms]
2023-09-26 10:19:12.077 [info] > git config --get commit.template [11ms]
2023-09-26 10:19:12.079 [info] > git for-each-ref --format=%(refname)%00%(upstream:short)%00%(objectname)%00%(upstream:track)%00%(upstream:remotename)%00%(upstream:remoteref) refs/heads/master refs/remotes/master [2ms]
2023-09-26 10:19:12.093 [info] > git status -z -uall [3ms]
2023-09-26 10:19:22.371 [info] > git checkout -q -- /workspace/mijn-website/index.html [2ms]
2023-09-26 10:19:22.399 [info] > git config --get commit.template [12ms]
2023-09-26 10:19:22.400 [info] > git for-each-ref --format=%(refname)%00%(upstream:short)%00%(objectname)%00%(upstream:track)%00%(upstream:remotename)%00%(upstream:remoteref) refs/heads/master refs/remotes/master [2ms]
2023-09-26 10:19:22.412 [info] > git status -z -uall [2ms]
2023-09-26 10:19:23.486 [info] > git config --get commit.template [13ms]
2023-09-26 10:19:23.488 [info] > git for-each-ref --format=%(refname)%00%(upstream:short)%00%(objectname)%00%(upstream:track)%00%(upstream:remotename)%00%(upstream:remoteref) refs/heads/master refs/remotes/master [3ms]
2023-09-26 10:19:23.507 [info] > git status -z -uall [3ms]
2023-09-26 10:19:23.602 [info] > git ls-files --stage -- /workspace/mijn-website/style.css [15ms]
2023-09-26 10:19:23.617 [info] > git ls-files --stage -- /workspace/mijn-website/index.html [16ms]
2023-09-26 10:19:23.633 [info] > git cat-file -s a00f316f3a0d63f3e2f7e0f53471b61c4f8ec189 [17ms]
2023-09-26 10:19:23.634 [info] > git cat-file -s f09760d2df591caf8aee1638fc974e9d98ed3f68 [3ms]
2023-09-26 10:19:23.676 [info] > git show --textconv :style.css [14ms]
2023-09-26 10:19:23.677 [info] > git show --textconv :index.html [2ms]
2023-09-26 10:19:24.781 [info] > git ls-files --stage -- /workspace/mijn-website/style.css [14ms]
2023-09-26 10:19:24.796 [info] > git ls-files --stage -- /workspace/mijn-website/index.html [15ms]
2023-09-26 10:19:24.811 [info] > git cat-file -s a00f316f3a0d63f3e2f7e0f53471b61c4f8ec189 [16ms]
2023-09-26 10:19:24.812 [info] > git cat-file -s f09760d2df591caf8aee1638fc974e9d98ed3f68 [2ms]
2023-09-26 10:19:24.851 [info] > git show --textconv :style.css [15ms]
2023-09-26 10:19:24.852 [info] > git show --textconv :index.html [2ms]
2023-09-26 10:19:28.541 [info] > git config --get commit.template [14ms]
2023-09-26 10:19:28.542 [info] > git for-each-ref --format=%(refname)%00%(upstream:short)%00%(objectname)%00%(upstream:track)%00%(upstream:remotename)%00%(upstream:remoteref) refs/heads/master refs/remotes/master [2ms]
2023-09-26 10:19:28.557 [info] > git status -z -uall [3ms]
2023-09-26 10:19:41.823 [info] > git config --get commit.template [16ms]
2023-09-26 10:19:41.824 [info] > git for-each-ref --format=%(refname)%00%(upstream:short)%00%(objectname)%00%(upstream:track)%00%(upstream:remotename)%00%(upstream:remoteref) refs/heads/master refs/remotes/master [2ms]
2023-09-26 10:19:41.837 [info] > git status -z -uall [2ms]
2023-09-26 10:19:55.273 [info] > git config --get commit.template [2ms]
2023-09-26 10:19:55.290 [info] > git for-each-ref --format=%(refname)%00%(upstream:short)%00%(objectname)%00%(upstream:track)%00%(upstream:remotename)%00%(upstream:remoteref) refs/heads/master refs/remotes/master [3ms]
2023-09-26 10:19:55.306 [info] > git status -z -uall [3ms]
2023-09-26 10:20:00.222 [info] > git config --local branch.master.github-pr-owner-number [2ms]
2023-09-26 10:20:00.244 [info] > git config --get commit.template [11ms]
2023-09-26 10:20:00.245 [info] > git for-each-ref --format=%(refname)%00%(upstream:short)%00%(objectname)%00%(upstream:track)%00%(upstream:remotename)%00%(upstream:remoteref) refs/heads/master refs/remotes/master [2ms]
2023-09-26 10:20:00.257 [info] > git status -z -uall [2ms]
2023-09-26 10:20:00.362 [info] > git config --get commit.template [3ms]
2023-09-26 10:20:00.377 [info] > git for-each-ref --format=%(refname)%00%(upstream:short)%00%(objectname)%00%(upstream:track)%00%(upstream:remotename)%00%(upstream:remoteref) refs/heads/master refs/remotes/master [3ms]
2023-09-26 10:20:00.391 [info] > git status -z -uall [2ms]
2023-09-26 10:25:00.273 [info] > git config --local branch.master.github-pr-owner-number [2ms]
2023-09-26 10:25:00.296 [info] > git config --get commit.template [12ms]
2023-09-26 10:25:00.297 [info] > git for-each-ref --format=%(refname)%00%(upstream:short)%00%(objectname)%00%(upstream:track)%00%(upstream:remotename)%00%(upstream:remoteref) refs/heads/master refs/remotes/master [2ms]
2023-09-26 10:25:00.310 [info] > git status -z -uall [2ms]
2023-09-26 10:25:30.463 [info] > git -c user.useConfigOnly=true commit --quiet --allow-empty-message --file - [6ms]
2023-09-26 10:25:30.477 [info] > git config --get commit.template [2ms]
2023-09-26 10:25:30.505 [info] > git config --get commit.template [14ms]
2023-09-26 10:25:30.508 [info] > git for-each-ref --format=%(refname)%00%(upstream:short)%00%(objectname)%00%(upstream:track)%00%(upstream:remotename)%00%(upstream:remoteref) refs/heads/master refs/remotes/master [4ms]
2023-09-26 10:25:30.524 [info] > git status -z -uall [2ms]
2023-09-26 10:25:30.598 [info] > git config --local branch.master.github-pr-owner-number [18ms]
2023-09-26 10:25:30.614 [info] > git config --get commit.template [18ms]
2023-09-26 10:25:30.628 [info] > git config --get commit.template [14ms]
2023-09-26 10:25:30.642 [info] > git for-each-ref --format=%(refname)%00%(upstream:short)%00%(objectname)%00%(upstream:track)%00%(upstream:remotename)%00%(upstream:remoteref) refs/heads/master refs/remotes/master [14ms]
2023-09-26 10:25:30.645 [info] > git for-each-ref --format=%(refname)%00%(upstream:short)%00%(objectname)%00%(upstream:track)%00%(upstream:remotename)%00%(upstream:remoteref) refs/heads/master refs/remotes/master [4ms]
2023-09-26 10:25:30.661 [info] > git status -z -uall [3ms]
2023-09-26 10:25:31.725 [info] > git ls-files --stage -- /workspace/mijn-website/style.css [13ms]
2023-09-26 10:25:31.738 [info] > git ls-files --stage -- /workspace/mijn-website/index.html [14ms]
2023-09-26 10:25:31.750 [info] > git cat-file -s a00f316f3a0d63f3e2f7e0f53471b61c4f8ec189 [13ms]
2023-09-26 10:25:31.751 [info] > git cat-file -s f09760d2df591caf8aee1638fc974e9d98ed3f68 [2ms]
2023-09-26 10:25:31.792 [info] > git show --textconv :style.css [16ms]
2023-09-26 10:25:31.794 [info] > git show --textconv :index.html [3ms]
2023-09-26 10:25:32.729 [info] > git config --get commit.template [15ms]
2023-09-26 10:25:32.730 [info] > git for-each-ref --format=%(refname)%00%(upstream:short)%00%(objectname)%00%(upstream:track)%00%(upstream:remotename)%00%(upstream:remoteref) refs/heads/master refs/remotes/master [2ms]
2023-09-26 10:25:32.747 [info] > git status -z -uall [3ms]
2023-09-26 10:25:54.108 [info] > git add -A -- . [70ms]
2023-09-26 10:25:54.128 [info] > git -c user.useConfigOnly=true commit --quiet --allow-empty-message --file - [6ms]
2023-09-26 10:25:54.142 [info] > git config --get commit.template [1ms]
2023-09-26 10:25:54.167 [info] > git config --get commit.template [12ms]
2023-09-26 10:25:54.167 [info] > git for-each-ref --format=%(refname)%00%(upstream:short)%00%(objectname)%00%(upstream:track)%00%(upstream:remotename)%00%(upstream:remoteref) refs/heads/master refs/remotes/master [2ms]
2023-09-26 10:25:54.181 [info] > git status -z -uall [3ms]
2023-09-26 10:25:54.243 [info] > git config --local branch.master.github-pr-owner-number [17ms]
2023-09-26 10:25:54.245 [info] > git config --get commit.template [3ms]
2023-09-26 10:25:54.289 [info] > git config --get commit.template [30ms]
2023-09-26 10:25:54.289 [info] > git for-each-ref --format=%(refname)%00%(upstream:short)%00%(objectname)%00%(upstream:track)%00%(upstream:remotename)%00%(upstream:remoteref) refs/heads/master refs/remotes/master [16ms]
2023-09-26 10:25:54.291 [info] > git for-each-ref --format=%(refname)%00%(upstream:short)%00%(objectname)%00%(upstream:track)%00%(upstream:remotename)%00%(upstream:remoteref) refs/heads/master refs/remotes/master [4ms]
2023-09-26 10:25:54.305 [info] > git status -z -uall [3ms]
2023-09-26 10:25:55.443 [info] > git ls-files --stage -- /workspace/mijn-website/style.css [13ms]
2023-09-26 10:25:55.454 [info] > git ls-files --stage -- /workspace/mijn-website/index.html [11ms]
2023-09-26 10:25:55.467 [info] > git cat-file -s a00f316f3a0d63f3e2f7e0f53471b61c4f8ec189 [13ms]
2023-09-26 10:25:55.468 [info] > git cat-file -s 3374289130feae6d1bd5314a705860860afa5f34 [4ms]
2023-09-26 10:25:55.510 [info] > git show --textconv :style.css [16ms]
2023-09-26 10:25:55.512 [info] > git show --textconv :index.html [3ms]
2023-09-26 10:25:56.446 [info] > git config --get commit.template [13ms]
2023-09-26 10:25:56.448 [info] > git for-each-ref --format=%(refname)%00%(upstream:short)%00%(objectname)%00%(upstream:track)%00%(upstream:remotename)%00%(upstream:remoteref) refs/heads/master refs/remotes/master [2ms]
2023-09-26 10:25:56.460 [info] > git status -z -uall [2ms]
2023-09-26 10:26:00.068 [info] > git log --oneline --cherry master...master@{upstream} -- [2ms]
2023-09-26 10:26:00.445 [info] > git pull --tags origin master [364ms]
2023-09-26 10:26:00.445 [info] From https://github.com/TimmeB1/mijn-website
 * branch            master     -> FETCH_HEAD
2023-09-26 10:26:01.161 [info] > git push origin master:master [703ms]
2023-09-26 10:26:01.161 [info] remote: Permission to TimmeB1/mijn-website.git denied to TimmeB1.
fatal: unable to access 'https://github.com/TimmeB1/mijn-website.git/': The requested URL returned error: 403
2023-09-26 10:26:01.731 [info] > git ls-files --stage -- /workspace/mijn-website/style.css [16ms]
2023-09-26 10:26:01.742 [info] > git ls-files --stage -- /workspace/mijn-website/index.html [12ms]
2023-09-26 10:26:01.754 [info] > git cat-file -s a00f316f3a0d63f3e2f7e0f53471b61c4f8ec189 [12ms]
2023-09-26 10:26:01.755 [info] > git cat-file -s 3374289130feae6d1bd5314a705860860afa5f34 [2ms]
2023-09-26 10:26:01.798 [info] > git show --textconv :style.css [14ms]
2023-09-26 10:26:01.798 [info] > git show --textconv :index.html [2ms]
2023-09-26 10:26:52.640 [info] > git config --get commit.template [16ms]
2023-09-26 10:26:52.642 [info] > git for-each-ref --format=%(refname)%00%(upstream:short)%00%(objectname)%00%(upstream:track)%00%(upstream:remotename)%00%(upstream:remoteref) refs/heads/master refs/remotes/master [3ms]
2023-09-26 10:26:52.659 [info] > git status -z -uall [3ms]
2023-09-26 10:28:01.368 [info] > git log --oneline --cherry master...master@{upstream} -- [4ms]
2023-09-26 10:28:01.774 [info] > git pull --tags origin master [392ms]
2023-09-26 10:28:01.774 [info] From https://github.com/TimmeB1/mijn-website
 * branch            master     -> FETCH_HEAD
2023-09-26 10:28:02.539 [info] > git push origin master:master [752ms]
2023-09-26 10:28:02.539 [info] remote: Permission to TimmeB1/mijn-website.git denied to TimmeB1.
fatal: unable to access 'https://github.com/TimmeB1/mijn-website.git/': The requested URL returned error: 403
2023-09-26 10:28:03.058 [info] > git ls-files --stage -- /workspace/mijn-website/index.html [3ms]
2023-09-26 10:28:03.070 [info] > git ls-files --stage -- /workspace/mijn-website/style.css [29ms]
2023-09-26 10:28:03.082 [info] > git cat-file -s 3374289130feae6d1bd5314a705860860afa5f34 [12ms]
2023-09-26 10:28:03.083 [info] > git cat-file -s a00f316f3a0d63f3e2f7e0f53471b61c4f8ec189 [2ms]
2023-09-26 10:28:03.127 [info] > git show --textconv :index.html [15ms]
2023-09-26 10:28:03.128 [info] > git show --textconv :style.css [2ms]
2023-09-26 10:28:16.298 [info] > git config --get commit.template [12ms]
2023-09-26 10:28:16.299 [info] > git for-each-ref --format=%(refname)%00%(upstream:short)%00%(objectname)%00%(upstream:track)%00%(upstream:remotename)%00%(upstream:remoteref) refs/heads/master refs/remotes/master [2ms]
2023-09-26 10:28:16.313 [info] > git status -z -uall [2ms]
2023-09-26 10:29:02.763 [info] > git log --oneline --cherry master...master@{upstream} -- [2ms]
2023-09-26 10:29:03.129 [info] > git pull --tags origin master [351ms]
2023-09-26 10:29:03.129 [info] From https://github.com/TimmeB1/mijn-website
 * branch            master     -> FETCH_HEAD
2023-09-26 10:29:03.836 [info] > git push origin master:master [692ms]
2023-09-26 10:29:03.836 [info] remote: Permission to TimmeB1/mijn-website.git denied to TimmeB1.
fatal: unable to access 'https://github.com/TimmeB1/mijn-website.git/': The requested URL returned error: 403
2023-09-26 10:29:04.407 [info] > git ls-files --stage -- /workspace/mijn-website/style.css [12ms]
2023-09-26 10:29:04.418 [info] > git ls-files --stage -- /workspace/mijn-website/index.html [12ms]
2023-09-26 10:29:04.429 [info] > git cat-file -s a00f316f3a0d63f3e2f7e0f53471b61c4f8ec189 [12ms]
2023-09-26 10:29:04.430 [info] > git cat-file -s 3374289130feae6d1bd5314a705860860afa5f34 [1ms]
2023-09-26 10:29:04.464 [info] > git show --textconv :style.css [13ms]
2023-09-26 10:29:04.465 [info] > git show --textconv :index.html [2ms]
2023-09-26 10:29:38.138 [info] > git config --get commit.template [12ms]
2023-09-26 10:29:38.140 [info] > git for-each-ref --format=%(refname)%00%(upstream:short)%00%(objectname)%00%(upstream:track)%00%(upstream:remotename)%00%(upstream:remoteref) refs/heads/master refs/remotes/master [3ms]
2023-09-26 10:29:38.155 [info] > git status -z -uall [2ms]
