2023-10-03 09:49:57.942 [info] Log level: Info
2023-10-03 09:49:58.229 [info] VSCODE_MACHINE_ID: 9575308b-11c9-45ed-a8c9-0eed833a274c
2023-10-03 09:49:58.229 [info] VSCODE_SESSION_ID: ca600a5e-a3da-4020-83a3-482212b5e5851696326593727
2023-10-03 09:49:58.229 [info] VSCODE_VERSION: 1.82.2
2023-10-03 09:49:58.229 [info] VSCODE_APP_NAME: Gitpod Code
2023-10-03 09:49:58.229 [info] VSCODE_APP_HOST: Gitpod
2023-10-03 09:49:58.229 [info] VSCODE_UI_KIND: web
2023-10-03 09:49:58.229 [info] GITPOD_WORKSPACE_CONTEXT_URL: https://github.com/timmeb1/mijn-website.git
2023-10-03 09:49:58.229 [info] GITPOD_INSTANCE_ID: 3d167b76-a5f4-4b7d-bd6a-d83e503503fb
2023-10-03 09:49:58.229 [info] GITPOD_WORKSPACE_URL: https://timmeb1-mijnwebsite-wh2jp5oijgu.ws-eu105.gitpod.io
2023-10-03 09:49:58.237 [info] Gitpod Web 1de61b5
2023-10-03 09:49:58.237 [info] Reading sessions from keychain...
2023-10-03 09:49:58.429 [info] Getting sessions for all scopes...
2023-10-03 09:49:58.429 [info] Getting GitHub sessions for all scopes...
2023-10-03 09:49:58.429 [info] Getting sessions for function:accessCodeSyncStorage...
2023-10-03 09:49:58.429 [info] Got stored sessions!
2023-10-03 09:49:58.511 [info] Getting GitHub sessions for all scopes...
2023-10-03 09:49:58.672 [info] Verified session with the following scopes: function:accessCodeSyncStorage function:closePort function:controlAdmission function:deleteEnvVar function:generateNewGitpodToken function:getDefaultWorkspaceImage function:getEnvVars function:getGitpodTokenScopes function:getIDToken function:getLoggedInUser function:getOpenPorts function:getSupportedWorkspaceClasses function:getTeams function:getToken function:getWorkspace function:getWorkspaceEnvVars function:getWorkspaceOwner function:getWorkspaceTimeout function:getWorkspaceUsers function:guessGitTokenScopes function:isWorkspaceOwner function:openPort function:sendHeartBeat function:setEnvVar function:setWorkspaceTimeout function:stopWorkspace function:takeSnapshot function:trackEvent function:updateGitStatus function:waitForSnapshot resource:contentBlob::*::create/get resource:envVar::TimmeB1/mijn-website::create/get/update/delete resource:gitpodToken::*::create resource:snapshot::ws-timmeb1-mijnwebsite-wh2jp5oijgu::create resource:token::*::get resource:userStorage::*::create/get/update resource:workspace::timmeb1-mijnwebsite-wh2jp5oijgu::get/update resource:workspaceInstance::3d167b76-a5f4-4b7d-bd6a-d83e503503fb::get/update/delete
2023-10-03 09:49:58.672 [info] Got 1 verified sessions.
2023-10-03 09:49:58.672 [info] Got 1 sessions for all scopes...
2023-10-03 09:49:58.672 [info] Got 1 sessions for function:accessCodeSyncStorage...
2023-10-03 09:49:58.726 [info] Getting GitHub sessions for read:user,repo,user:email,workflow...
2023-10-03 09:49:58.895 [info] Getting sessions for all scopes...
2023-10-03 09:49:58.895 [info] Got 1 sessions for all scopes...
2023-10-03 09:49:58.896 [info] Got 1 GitHub sessions for all scopes...
2023-10-03 09:49:58.896 [info] Got 1 GitHub sessions for all scopes...
2023-10-03 09:49:58.896 [info] Got 0 GitHub sessions for read:user,repo,user:email,workflow...
2023-10-03 09:49:59.000 [info] Getting GitHub sessions for all scopes...
2023-10-03 09:49:59.000 [info] Got 1 GitHub sessions for all scopes...
2023-10-03 09:49:59.091 [info] Getting GitHub sessions for read:user,repo,user:email,workflow...
2023-10-03 09:49:59.091 [info] Got 0 GitHub sessions for read:user,repo,user:email,workflow...
2023-10-03 09:49:59.262 [info] Getting GitHub sessions for read:user,repo,user:email...
2023-10-03 09:49:59.262 [info] Got 0 GitHub sessions for read:user,repo,user:email...
