2023-09-29 08:18:54.318 [info] Log level: Info
2023-09-29 08:18:54.563 [info] VSCODE_MACHINE_ID: 3e5079e6-742b-4434-9d66-52b32d3c2dfe
2023-09-29 08:18:54.563 [info] VSCODE_SESSION_ID: 325ab3f2-94c3-4822-9ab2-f437f877a7861695975530975
2023-09-29 08:18:54.563 [info] VSCODE_VERSION: 1.82.2
2023-09-29 08:18:54.563 [info] VSCODE_APP_NAME: Gitpod Code
2023-09-29 08:18:54.563 [info] VSCODE_APP_HOST: Gitpod
2023-09-29 08:18:54.563 [info] VSCODE_UI_KIND: web
2023-09-29 08:18:54.563 [info] GITPOD_WORKSPACE_CONTEXT_URL: https://github.com/timmeb1/mijn-website.git
2023-09-29 08:18:54.563 [info] GITPOD_INSTANCE_ID: 2316b2d2-cb04-4bec-bdef-2ec062b39280
2023-09-29 08:18:54.563 [info] GITPOD_WORKSPACE_URL: https://timmeb1-mijnwebsite-wh2jp5oijgu.ws-eu105.gitpod.io
2023-09-29 08:18:54.571 [info] Gitpod Web 1de61b5
2023-09-29 08:18:54.571 [info] Reading sessions from keychain...
2023-09-29 08:18:54.831 [info] Getting sessions for all scopes...
2023-09-29 08:18:54.831 [info] Getting GitHub sessions for all scopes...
2023-09-29 08:18:54.831 [info] Getting sessions for function:accessCodeSyncStorage...
2023-09-29 08:18:54.832 [info] Got stored sessions!
2023-09-29 08:18:54.844 [info] Getting GitHub sessions for all scopes...
2023-09-29 08:18:54.898 [info] Getting GitHub sessions for read:user,repo,user:email,workflow...
2023-09-29 08:18:55.052 [info] Verified session with the following scopes: function:accessCodeSyncStorage function:closePort function:controlAdmission function:deleteEnvVar function:generateNewGitpodToken function:getDefaultWorkspaceImage function:getEnvVars function:getGitpodTokenScopes function:getIDToken function:getLoggedInUser function:getOpenPorts function:getSupportedWorkspaceClasses function:getTeams function:getToken function:getWorkspace function:getWorkspaceEnvVars function:getWorkspaceOwner function:getWorkspaceTimeout function:getWorkspaceUsers function:guessGitTokenScopes function:isWorkspaceOwner function:openPort function:sendHeartBeat function:setEnvVar function:setWorkspaceTimeout function:stopWorkspace function:takeSnapshot function:trackEvent function:updateGitStatus function:waitForSnapshot resource:contentBlob::*::create/get resource:envVar::TimmeB1/mijn-website::create/get/update/delete resource:gitpodToken::*::create resource:snapshot::ws-timmeb1-mijnwebsite-wh2jp5oijgu::create resource:token::*::get resource:userStorage::*::create/get/update resource:workspace::timmeb1-mijnwebsite-wh2jp5oijgu::get/update resource:workspaceInstance::2316b2d2-cb04-4bec-bdef-2ec062b39280::get/update/delete
2023-09-29 08:18:55.052 [info] Got 1 verified sessions.
2023-09-29 08:18:55.052 [info] Got 1 sessions for all scopes...
2023-09-29 08:18:55.052 [info] Got 1 sessions for function:accessCodeSyncStorage...
2023-09-29 08:18:55.161 [info] Getting sessions for all scopes...
2023-09-29 08:18:55.161 [info] Got 1 sessions for all scopes...
2023-09-29 08:18:55.164 [info] Getting GitHub sessions for read:user,repo,user:email,workflow...
2023-09-29 08:18:55.212 [info] Got 1 GitHub sessions for all scopes...
2023-09-29 08:18:55.213 [info] Got 1 GitHub sessions for all scopes...
2023-09-29 08:18:55.213 [info] Got 0 GitHub sessions for read:user,repo,user:email,workflow...
2023-09-29 08:18:55.213 [info] Got 0 GitHub sessions for read:user,repo,user:email,workflow...
2023-09-29 08:18:55.226 [info] Getting GitHub sessions for all scopes...
2023-09-29 08:18:55.226 [info] Got 1 GitHub sessions for all scopes...
2023-09-29 08:18:55.290 [info] Getting GitHub sessions for read:user,repo,user:email...
2023-09-29 08:18:55.290 [info] Got 0 GitHub sessions for read:user,repo,user:email...
