2023-09-26 10:02:53.635 [info] Log level: Info
2023-09-26 10:02:53.941 [info] VSCODE_MACHINE_ID: 13b9c56f-588b-4606-89da-0ff44f5c16a6
2023-09-26 10:02:53.941 [info] VSCODE_SESSION_ID: ac7cc350-c458-4459-9994-3972fea266381695722572139
2023-09-26 10:02:53.941 [info] VSCODE_VERSION: 1.82.2
2023-09-26 10:02:53.941 [info] VSCODE_APP_NAME: Gitpod Code
2023-09-26 10:02:53.941 [info] VSCODE_APP_HOST: Gitpod
2023-09-26 10:02:53.941 [info] VSCODE_UI_KIND: web
2023-09-26 10:02:53.941 [info] GITPOD_WORKSPACE_CONTEXT_URL: https://github.com/timmeb1/mijn-website.git
2023-09-26 10:02:53.941 [info] GITPOD_INSTANCE_ID: 8f44eab9-37f9-4885-8cec-939e39a2f9f5
2023-09-26 10:02:53.941 [info] GITPOD_WORKSPACE_URL: https://timmeb1-mijnwebsite-wh2jp5oijgu.ws-eu104.gitpod.io
2023-09-26 10:02:53.951 [info] Gitpod Web 1de61b5
2023-09-26 10:02:53.951 [info] Reading sessions from keychain...
2023-09-26 10:02:53.980 [info] Getting sessions for all scopes...
2023-09-26 10:02:53.980 [info] Getting GitHub sessions for all scopes...
2023-09-26 10:02:53.980 [info] Getting sessions for function:accessCodeSyncStorage...
2023-09-26 10:02:53.980 [info] Got stored sessions!
2023-09-26 10:02:53.988 [info] Getting GitHub sessions for all scopes...
2023-09-26 10:02:54.406 [info] Verified session with the following scopes: function:accessCodeSyncStorage function:closePort function:controlAdmission function:deleteEnvVar function:generateNewGitpodToken function:getDefaultWorkspaceImage function:getEnvVars function:getGitpodTokenScopes function:getIDToken function:getLoggedInUser function:getOpenPorts function:getSupportedWorkspaceClasses function:getTeams function:getToken function:getWorkspace function:getWorkspaceEnvVars function:getWorkspaceOwner function:getWorkspaceTimeout function:getWorkspaceUsers function:guessGitTokenScopes function:isWorkspaceOwner function:openPort function:sendHeartBeat function:setEnvVar function:setWorkspaceTimeout function:stopWorkspace function:takeSnapshot function:trackEvent function:updateGitStatus function:waitForSnapshot resource:contentBlob::*::create/get resource:envVar::TimmeB1/mijn-website::create/get/update/delete resource:gitpodToken::*::create resource:snapshot::ws-timmeb1-mijnwebsite-wh2jp5oijgu::create resource:token::*::get resource:userStorage::*::create/get/update resource:workspace::timmeb1-mijnwebsite-wh2jp5oijgu::get/update resource:workspaceInstance::8f44eab9-37f9-4885-8cec-939e39a2f9f5::get/update/delete
2023-09-26 10:02:54.406 [info] Got 1 verified sessions.
2023-09-26 10:02:54.406 [info] Got 1 sessions for all scopes...
2023-09-26 10:02:54.406 [info] Got 1 sessions for function:accessCodeSyncStorage...
2023-09-26 10:02:54.623 [info] Getting sessions for all scopes...
2023-09-26 10:02:54.623 [info] Got 1 sessions for all scopes...
2023-09-26 10:02:54.623 [info] Got 1 GitHub sessions for all scopes...
2023-09-26 10:02:54.623 [info] Got 1 GitHub sessions for all scopes...
2023-09-26 10:02:55.052 [info] Getting GitHub sessions for all scopes...
2023-09-26 10:02:55.053 [info] Got 1 GitHub sessions for all scopes...
2023-09-26 10:02:55.230 [info] Getting GitHub sessions for read:user,repo,user:email,workflow...
2023-09-26 10:02:55.230 [info] Got 0 GitHub sessions for read:user,repo,user:email,workflow...
2023-09-26 10:02:55.239 [info] Getting GitHub sessions for read:user,repo,user:email,workflow...
2023-09-26 10:02:55.239 [info] Got 0 GitHub sessions for read:user,repo,user:email,workflow...
2023-09-26 10:02:55.275 [info] Getting GitHub sessions for read:user,repo,user:email...
2023-09-26 10:02:55.275 [info] Got 0 GitHub sessions for read:user,repo,user:email...
