2023-10-13 08:25:25.497 [warning] /home/gitpod/.ssh/config: ENOENT: no such file or directory, open '/home/gitpod/.ssh/config'
2023-10-13 08:25:25.839 [info] Looking for git repository
2023-10-13 08:25:25.839 [info] Found 0 repositories during activation
2023-10-13 08:25:25.839 [info] Git repository found, initializing review manager and pr tree view.
2023-10-13 08:25:25.843 [info] Registering git provider
2023-10-13 08:25:25.843 [info] Review> Validate state in progress
2023-10-13 08:25:25.843 [info] Review> Validating state...
2023-10-13 08:25:25.862 [info] Found GitHub remote for folder /workspace/mijn-website
2023-10-13 08:25:25.865 [info] Trying to use globalState for assignableUsers.
2023-10-13 08:25:25.919 [info] Repo state for file:///workspace/mijn-website changed.
2023-10-13 08:25:25.920 [info] Repo file:///workspace/mijn-website has already been setup.
2023-10-13 08:25:25.920 [info] Review> No matching pull request metadata found locally for current branch master
2023-10-13 08:25:25.920 [info] Review> no matching pull request metadata found for current branch master
2023-10-13 08:25:25.920 [info] Review> No matching pull request metadata found on GitHub for current branch master
2023-10-13 08:25:25.921 [info] GlobalState does not exist for assignableUsers.
2023-10-13 08:28:18.437 [info] Review> Validate state in progress
2023-10-13 08:28:18.437 [info] Review> Validating state...
2023-10-13 08:28:18.507 [info] Found GitHub remote for folder /workspace/mijn-website
2023-10-13 08:28:18.508 [info] Using in-memory cached assignable users.
2023-10-13 08:28:18.562 [info] Review> No matching pull request metadata found locally for current branch master
2023-10-13 08:28:18.562 [info] Review> no matching pull request metadata found for current branch master
2023-10-13 08:28:18.562 [info] Review> No matching pull request metadata found on GitHub for current branch master
