2023-09-28 13:39:55.670 [info] Log level: Info
2023-09-28 13:39:55.670 [info] Validating found git in: "git"
2023-09-28 13:39:55.670 [info] Using git "2.42.0" from "git"
2023-09-28 13:39:55.670 [info] > git rev-parse --show-toplevel [3ms]
2023-09-28 13:39:55.670 [info] > git rev-parse --git-dir --git-common-dir [3ms]
2023-09-28 13:39:55.670 [info] Open repository: /workspace/mijn-website
2023-09-28 13:39:55.670 [info] > git config --get commit.template [14ms]
2023-09-28 13:39:55.670 [info] > git rev-parse --show-toplevel [4ms]
2023-09-28 13:39:55.670 [info] > git for-each-ref --format=%(refname)%00%(upstream:short)%00%(objectname)%00%(upstream:track)%00%(upstream:remotename)%00%(upstream:remoteref) refs/heads/master refs/remotes/master [2ms]
2023-09-28 13:39:55.684 [info] > git status -z -uall [16ms]
2023-09-28 13:39:55.705 [info] > git config --get commit.template [4ms]
2023-09-28 13:39:55.804 [info] > git for-each-ref --format=%(refname)%00%(upstream:short)%00%(objectname)%00%(upstream:track)%00%(upstream:remotename)%00%(upstream:remoteref) refs/heads/master refs/remotes/master [82ms]
2023-09-28 13:39:55.818 [info] > git status -z -uall [4ms]
2023-09-28 13:39:56.003 [info] > git fetch [392ms]
2023-09-28 13:39:56.026 [info] > git config --get commit.template [9ms]
2023-09-28 13:39:56.040 [info] > git for-each-ref --format=%(refname)%00%(upstream:short)%00%(objectname)%00%(upstream:track)%00%(upstream:remotename)%00%(upstream:remoteref) refs/heads/master refs/remotes/master [1ms]
2023-09-28 13:39:56.089 [info] > git status -z -uall [41ms]
2023-09-28 13:39:56.263 [info] > git check-ignore -v -z --stdin [41ms]
2023-09-28 13:39:56.428 [info] > git show --textconv :.gitpod.yml [22ms]
2023-09-28 13:39:56.481 [info] > git ls-files --stage -- /workspace/mijn-website/.gitpod.yml [63ms]
2023-09-28 13:39:56.509 [info] > git cat-file -s 4d9c6cdb16f765f6398983a27a7ed1e6a4db120d [16ms]
2023-09-28 13:39:56.726 [info] > git config --local branch.master.github-pr-owner-number [8ms]
2023-09-28 13:39:56.743 [info] > git config --get commit.template [4ms]
2023-09-28 13:39:56.760 [info] > git for-each-ref --format=%(refname)%00%(upstream:short)%00%(objectname)%00%(upstream:track)%00%(upstream:remotename)%00%(upstream:remoteref) refs/heads/master refs/remotes/master [5ms]
2023-09-28 13:39:56.774 [info] > git status -z -uall [2ms]
2023-09-28 13:39:59.589 [info] > git config --get commit.template [1ms]
2023-09-28 13:39:59.618 [info] > git for-each-ref --format=%(refname)%00%(upstream:short)%00%(objectname)%00%(upstream:track)%00%(upstream:remotename)%00%(upstream:remoteref) refs/heads/master refs/remotes/master [16ms]
2023-09-28 13:39:59.633 [info] > git ls-files --stage -- /workspace/mijn-website/.gitpod.yml [16ms]
2023-09-28 13:39:59.647 [info] > git status -z -uall [15ms]
2023-09-28 13:39:59.650 [info] > git cat-file -s 4d9c6cdb16f765f6398983a27a7ed1e6a4db120d [4ms]
2023-09-28 13:39:59.678 [info] > git show --textconv :.gitpod.yml [3ms]
2023-09-28 13:42:56.919 [info] > git fetch [374ms]
2023-09-28 13:42:56.949 [info] > git config --get commit.template [13ms]
2023-09-28 13:42:56.950 [info] > git for-each-ref --format=%(refname)%00%(upstream:short)%00%(objectname)%00%(upstream:track)%00%(upstream:remotename)%00%(upstream:remoteref) refs/heads/master refs/remotes/master [2ms]
2023-09-28 13:42:56.960 [info] > git status -z -uall [1ms]
2023-09-28 13:42:58.077 [info] > git config --get commit.template [13ms]
2023-09-28 13:42:58.078 [info] > git for-each-ref --format=%(refname)%00%(upstream:short)%00%(objectname)%00%(upstream:track)%00%(upstream:remotename)%00%(upstream:remoteref) refs/heads/master refs/remotes/master [2ms]
2023-09-28 13:42:58.092 [info] > git status -z -uall [2ms]
2023-09-28 13:42:58.178 [info] > git ls-files --stage -- /workspace/mijn-website/.gitpod.yml [2ms]
2023-09-28 13:42:58.192 [info] > git cat-file -s 4d9c6cdb16f765f6398983a27a7ed1e6a4db120d [2ms]
2023-09-28 13:42:58.221 [info] > git show --textconv :.gitpod.yml [2ms]
2023-09-28 13:42:59.541 [info] > git show --textconv :index.html [18ms]
2023-09-28 13:42:59.543 [info] > git ls-files --stage -- /workspace/mijn-website/index.html [3ms]
2023-09-28 13:42:59.559 [info] > git cat-file -s 3374289130feae6d1bd5314a705860860afa5f34 [2ms]
2023-09-28 13:43:10.740 [info] > git show --textconv :overmij.html [14ms]
2023-09-28 13:43:10.741 [info] > git ls-files --stage -- /workspace/mijn-website/overmij.html [1ms]
2023-09-28 13:43:10.754 [info] > git cat-file -s 524d38d32b6a6534979a26224e52da52fbd7c6ed [2ms]
2023-09-28 13:43:23.956 [info] > git show --textconv :info.html [14ms]
2023-09-28 13:43:23.957 [info] > git ls-files --stage -- /workspace/mijn-website/info.html [2ms]
2023-09-28 13:43:23.971 [info] > git cat-file -s b6341238be2d8ac70c7ddd7b762b1622e713be79 [2ms]
2023-09-28 13:43:56.103 [info] > git config --get commit.template [16ms]
2023-09-28 13:43:56.104 [info] > git for-each-ref --format=%(refname)%00%(upstream:short)%00%(objectname)%00%(upstream:track)%00%(upstream:remotename)%00%(upstream:remoteref) refs/heads/master refs/remotes/master [2ms]
2023-09-28 13:43:56.121 [info] > git status -z -uall [3ms]
2023-09-28 13:44:28.189 [info] > git show --textconv :prijzen.html [10ms]
2023-09-28 13:44:28.190 [info] > git ls-files --stage -- /workspace/mijn-website/prijzen.html [2ms]
2023-09-28 13:44:28.447 [info] > git check-ignore -v -z --stdin [1ms]
2023-09-28 13:44:28.998 [info] > git config --get commit.template [16ms]
2023-09-28 13:44:29.000 [info] > git for-each-ref --format=%(refname)%00%(upstream:short)%00%(objectname)%00%(upstream:track)%00%(upstream:remotename)%00%(upstream:remoteref) refs/heads/master refs/remotes/master [2ms]
2023-09-28 13:44:29.018 [info] > git status -z -uall [2ms]
2023-09-28 13:44:40.376 [info] > git config --get commit.template [16ms]
2023-09-28 13:44:40.377 [info] > git for-each-ref --format=%(refname)%00%(upstream:short)%00%(objectname)%00%(upstream:track)%00%(upstream:remotename)%00%(upstream:remoteref) refs/heads/master refs/remotes/master [2ms]
2023-09-28 13:44:40.391 [info] > git status -z -uall [2ms]
2023-09-28 13:44:45.421 [info] > git config --get commit.template [14ms]
2023-09-28 13:44:45.422 [info] > git for-each-ref --format=%(refname)%00%(upstream:short)%00%(objectname)%00%(upstream:track)%00%(upstream:remotename)%00%(upstream:remoteref) refs/heads/master refs/remotes/master [2ms]
2023-09-28 13:44:45.440 [info] > git status -z -uall [2ms]
2023-09-28 13:44:53.103 [info] > git show --textconv :overmij.html [16ms]
2023-09-28 13:44:53.105 [info] > git ls-files --stage -- /workspace/mijn-website/overmij.html [3ms]
2023-09-28 13:44:53.123 [info] > git cat-file -s 524d38d32b6a6534979a26224e52da52fbd7c6ed [2ms]
2023-09-28 13:44:56.697 [info] > git config --local branch.master.github-pr-owner-number [2ms]
2023-09-28 13:44:56.730 [info] > git config --get commit.template [15ms]
2023-09-28 13:44:56.730 [info] > git for-each-ref --format=%(refname)%00%(upstream:short)%00%(objectname)%00%(upstream:track)%00%(upstream:remotename)%00%(upstream:remoteref) refs/heads/master refs/remotes/master [1ms]
2023-09-28 13:44:56.748 [info] > git status -z -uall [3ms]
2023-09-28 13:45:57.330 [info] > git fetch [351ms]
2023-09-28 13:45:57.356 [info] > git config --get commit.template [13ms]
2023-09-28 13:45:57.358 [info] > git for-each-ref --format=%(refname)%00%(upstream:short)%00%(objectname)%00%(upstream:track)%00%(upstream:remotename)%00%(upstream:remoteref) refs/heads/master refs/remotes/master [1ms]
2023-09-28 13:45:57.371 [info] > git status -z -uall [1ms]
2023-09-28 13:45:58.495 [info] > git config --get commit.template [16ms]
2023-09-28 13:45:58.497 [info] > git for-each-ref --format=%(refname)%00%(upstream:short)%00%(objectname)%00%(upstream:track)%00%(upstream:remotename)%00%(upstream:remoteref) refs/heads/master refs/remotes/master [3ms]
2023-09-28 13:45:58.514 [info] > git status -z -uall [2ms]
2023-09-28 13:45:58.629 [info] > git ls-files --stage -- /workspace/mijn-website/overmij.html [3ms]
2023-09-28 13:45:58.641 [info] > git ls-files --stage -- /workspace/mijn-website/prijzen.html [30ms]
2023-09-28 13:45:58.642 [info] > git ls-files --stage -- /workspace/mijn-website/info.html [48ms]
2023-09-28 13:45:58.654 [info] > git cat-file -s 524d38d32b6a6534979a26224e52da52fbd7c6ed [13ms]
2023-09-28 13:45:58.656 [info] > git cat-file -s b6341238be2d8ac70c7ddd7b762b1622e713be79 [3ms]
2023-09-28 13:45:58.701 [info] > git show --textconv :prijzen.html [16ms]
2023-09-28 13:45:58.703 [info] > git show --textconv :overmij.html [2ms]
2023-09-28 13:45:58.722 [info] > git show --textconv :info.html [2ms]
2023-09-28 13:46:03.546 [info] > git config --get commit.template [15ms]
2023-09-28 13:46:03.548 [info] > git for-each-ref --format=%(refname)%00%(upstream:short)%00%(objectname)%00%(upstream:track)%00%(upstream:remotename)%00%(upstream:remoteref) refs/heads/master refs/remotes/master [3ms]
2023-09-28 13:46:03.562 [info] > git status -z -uall [1ms]
2023-09-28 13:46:15.305 [info] > git config --get commit.template [15ms]
2023-09-28 13:46:15.306 [info] > git for-each-ref --format=%(refname)%00%(upstream:short)%00%(objectname)%00%(upstream:track)%00%(upstream:remotename)%00%(upstream:remoteref) refs/heads/master refs/remotes/master [2ms]
2023-09-28 13:46:15.322 [info] > git status -z -uall [3ms]
2023-09-28 13:46:22.601 [info] > git checkout -q -- /workspace/mijn-website/info.html [3ms]
2023-09-28 13:46:22.637 [info] > git config --get commit.template [18ms]
2023-09-28 13:46:22.638 [info] > git for-each-ref --format=%(refname)%00%(upstream:short)%00%(objectname)%00%(upstream:track)%00%(upstream:remotename)%00%(upstream:remoteref) refs/heads/master refs/remotes/master [3ms]
2023-09-28 13:46:22.655 [info] > git status -z -uall [2ms]
2023-09-28 13:46:23.728 [info] > git config --get commit.template [18ms]
2023-09-28 13:46:23.729 [info] > git for-each-ref --format=%(refname)%00%(upstream:short)%00%(objectname)%00%(upstream:track)%00%(upstream:remotename)%00%(upstream:remoteref) refs/heads/master refs/remotes/master [2ms]
2023-09-28 13:46:23.746 [info] > git status -z -uall [3ms]
2023-09-28 13:46:23.846 [info] > git ls-files --stage -- /workspace/mijn-website/prijzen.html [14ms]
2023-09-28 13:46:23.846 [info] > git ls-files --stage -- /workspace/mijn-website/info.html [25ms]
2023-09-28 13:46:23.860 [info] > git ls-files --stage -- /workspace/mijn-website/overmij.html [15ms]
2023-09-28 13:46:23.870 [info] > git cat-file -s b6341238be2d8ac70c7ddd7b762b1622e713be79 [11ms]
2023-09-28 13:46:23.871 [info] > git cat-file -s 524d38d32b6a6534979a26224e52da52fbd7c6ed [2ms]
2023-09-28 13:46:23.919 [info] > git show --textconv :prijzen.html [24ms]
2023-09-28 13:46:23.919 [info] > git show --textconv :info.html [11ms]
2023-09-28 13:46:23.920 [info] > git show --textconv :overmij.html [2ms]
2023-09-28 13:46:27.146 [info] > git ls-files --stage -- /workspace/mijn-website/prijzen.html [13ms]
2023-09-28 13:46:27.147 [info] > git ls-files --stage -- /workspace/mijn-website/info.html [25ms]
2023-09-28 13:46:27.159 [info] > git ls-files --stage -- /workspace/mijn-website/overmij.html [14ms]
2023-09-28 13:46:27.172 [info] > git cat-file -s b6341238be2d8ac70c7ddd7b762b1622e713be79 [13ms]
2023-09-28 13:46:27.173 [info] > git cat-file -s 524d38d32b6a6534979a26224e52da52fbd7c6ed [2ms]
2023-09-28 13:46:27.225 [info] > git show --textconv :prijzen.html [26ms]
2023-09-28 13:46:27.225 [info] > git show --textconv :info.html [12ms]
2023-09-28 13:46:27.226 [info] > git show --textconv :overmij.html [2ms]
2023-09-28 13:46:28.784 [info] > git config --get commit.template [16ms]
2023-09-28 13:46:28.785 [info] > git for-each-ref --format=%(refname)%00%(upstream:short)%00%(objectname)%00%(upstream:track)%00%(upstream:remotename)%00%(upstream:remoteref) refs/heads/master refs/remotes/master [2ms]
2023-09-28 13:46:28.803 [info] > git status -z -uall [1ms]
2023-09-28 13:46:48.904 [info] > git config --get commit.template [15ms]
2023-09-28 13:46:48.905 [info] > git for-each-ref --format=%(refname)%00%(upstream:short)%00%(objectname)%00%(upstream:track)%00%(upstream:remotename)%00%(upstream:remoteref) refs/heads/master refs/remotes/master [2ms]
2023-09-28 13:46:48.922 [info] > git status -z -uall [3ms]
2023-09-28 13:46:56.932 [info] > git config --get commit.template [19ms]
2023-09-28 13:46:56.934 [info] > git for-each-ref --format=%(refname)%00%(upstream:short)%00%(objectname)%00%(upstream:track)%00%(upstream:remotename)%00%(upstream:remoteref) refs/heads/master refs/remotes/master [4ms]
2023-09-28 13:46:56.953 [info] > git status -z -uall [5ms]
2023-09-28 13:47:01.985 [info] > git config --get commit.template [16ms]
2023-09-28 13:47:01.986 [info] > git for-each-ref --format=%(refname)%00%(upstream:short)%00%(objectname)%00%(upstream:track)%00%(upstream:remotename)%00%(upstream:remoteref) refs/heads/master refs/remotes/master [2ms]
2023-09-28 13:47:02.003 [info] > git status -z -uall [2ms]
2023-09-28 13:47:07.823 [info] > git config --get commit.template [10ms]
2023-09-28 13:47:07.824 [info] > git for-each-ref --format=%(refname)%00%(upstream:short)%00%(objectname)%00%(upstream:track)%00%(upstream:remotename)%00%(upstream:remoteref) refs/heads/master refs/remotes/master [2ms]
2023-09-28 13:47:07.836 [info] > git status -z -uall [2ms]
2023-09-28 13:47:12.865 [info] > git config --get commit.template [12ms]
2023-09-28 13:47:12.866 [info] > git for-each-ref --format=%(refname)%00%(upstream:short)%00%(objectname)%00%(upstream:track)%00%(upstream:remotename)%00%(upstream:remoteref) refs/heads/master refs/remotes/master [2ms]
2023-09-28 13:47:12.877 [info] > git status -z -uall [2ms]
2023-09-28 13:47:17.910 [info] > git config --get commit.template [15ms]
2023-09-28 13:47:17.911 [info] > git for-each-ref --format=%(refname)%00%(upstream:short)%00%(objectname)%00%(upstream:track)%00%(upstream:remotename)%00%(upstream:remoteref) refs/heads/master refs/remotes/master [3ms]
2023-09-28 13:47:17.924 [info] > git status -z -uall [2ms]
2023-09-28 13:47:22.960 [info] > git config --get commit.template [17ms]
2023-09-28 13:47:22.961 [info] > git for-each-ref --format=%(refname)%00%(upstream:short)%00%(objectname)%00%(upstream:track)%00%(upstream:remotename)%00%(upstream:remoteref) refs/heads/master refs/remotes/master [1ms]
2023-09-28 13:47:22.979 [info] > git status -z -uall [2ms]
2023-09-28 13:47:28.010 [info] > git config --get commit.template [15ms]
2023-09-28 13:47:28.010 [info] > git for-each-ref --format=%(refname)%00%(upstream:short)%00%(objectname)%00%(upstream:track)%00%(upstream:remotename)%00%(upstream:remoteref) refs/heads/master refs/remotes/master [2ms]
2023-09-28 13:47:28.024 [info] > git status -z -uall [1ms]
2023-09-28 13:47:40.509 [info] > git config --get commit.template [16ms]
2023-09-28 13:47:40.510 [info] > git for-each-ref --format=%(refname)%00%(upstream:short)%00%(objectname)%00%(upstream:track)%00%(upstream:remotename)%00%(upstream:remoteref) refs/heads/master refs/remotes/master [2ms]
2023-09-28 13:47:40.527 [info] > git status -z -uall [2ms]
2023-09-28 13:47:55.909 [info] > git config --get commit.template [15ms]
2023-09-28 13:47:55.910 [info] > git for-each-ref --format=%(refname)%00%(upstream:short)%00%(objectname)%00%(upstream:track)%00%(upstream:remotename)%00%(upstream:remoteref) refs/heads/master refs/remotes/master [2ms]
2023-09-28 13:47:55.926 [info] > git status -z -uall [2ms]
2023-09-28 13:48:00.958 [info] > git config --get commit.template [15ms]
2023-09-28 13:48:00.959 [info] > git for-each-ref --format=%(refname)%00%(upstream:short)%00%(objectname)%00%(upstream:track)%00%(upstream:remotename)%00%(upstream:remoteref) refs/heads/master refs/remotes/master [1ms]
2023-09-28 13:48:00.974 [info] > git status -z -uall [2ms]
2023-09-28 13:48:06.007 [info] > git config --get commit.template [16ms]
2023-09-28 13:48:06.008 [info] > git for-each-ref --format=%(refname)%00%(upstream:short)%00%(objectname)%00%(upstream:track)%00%(upstream:remotename)%00%(upstream:remoteref) refs/heads/master refs/remotes/master [2ms]
2023-09-28 13:48:06.024 [info] > git status -z -uall [2ms]
2023-09-28 13:48:11.057 [info] > git config --get commit.template [15ms]
2023-09-28 13:48:11.059 [info] > git for-each-ref --format=%(refname)%00%(upstream:short)%00%(objectname)%00%(upstream:track)%00%(upstream:remotename)%00%(upstream:remoteref) refs/heads/master refs/remotes/master [2ms]
2023-09-28 13:48:11.078 [info] > git status -z -uall [3ms]
2023-09-28 13:48:22.351 [info] > git config --get commit.template [17ms]
2023-09-28 13:48:22.351 [info] > git for-each-ref --format=%(refname)%00%(upstream:short)%00%(objectname)%00%(upstream:track)%00%(upstream:remotename)%00%(upstream:remoteref) refs/heads/master refs/remotes/master [2ms]
2023-09-28 13:48:22.369 [info] > git status -z -uall [3ms]
2023-09-28 13:48:33.396 [info] > git config --get commit.template [16ms]
2023-09-28 13:48:33.397 [info] > git for-each-ref --format=%(refname)%00%(upstream:short)%00%(objectname)%00%(upstream:track)%00%(upstream:remotename)%00%(upstream:remoteref) refs/heads/master refs/remotes/master [2ms]
2023-09-28 13:48:33.415 [info] > git status -z -uall [3ms]
2023-09-28 13:48:43.447 [info] > git config --get commit.template [15ms]
2023-09-28 13:48:43.448 [info] > git for-each-ref --format=%(refname)%00%(upstream:short)%00%(objectname)%00%(upstream:track)%00%(upstream:remotename)%00%(upstream:remoteref) refs/heads/master refs/remotes/master [2ms]
2023-09-28 13:48:43.465 [info] > git status -z -uall [3ms]
2023-09-28 13:48:44.598 [info] > git show --textconv :index.html [16ms]
2023-09-28 13:48:44.599 [info] > git ls-files --stage -- /workspace/mijn-website/index.html [3ms]
2023-09-28 13:48:44.615 [info] > git cat-file -s 3374289130feae6d1bd5314a705860860afa5f34 [2ms]
2023-09-28 13:48:48.481 [info] > git config --get commit.template [2ms]
2023-09-28 13:48:48.496 [info] > git for-each-ref --format=%(refname)%00%(upstream:short)%00%(objectname)%00%(upstream:track)%00%(upstream:remotename)%00%(upstream:remoteref) refs/heads/master refs/remotes/master [2ms]
2023-09-28 13:48:48.513 [info] > git status -z -uall [2ms]
2023-09-28 13:48:53.549 [info] > git config --get commit.template [16ms]
2023-09-28 13:48:53.550 [info] > git for-each-ref --format=%(refname)%00%(upstream:short)%00%(objectname)%00%(upstream:track)%00%(upstream:remotename)%00%(upstream:remoteref) refs/heads/master refs/remotes/master [3ms]
2023-09-28 13:48:53.566 [info] > git status -z -uall [2ms]
2023-09-28 13:48:57.717 [info] > git fetch [330ms]
2023-09-28 13:48:57.750 [info] > git config --get commit.template [17ms]
2023-09-28 13:48:57.751 [info] > git for-each-ref --format=%(refname)%00%(upstream:short)%00%(objectname)%00%(upstream:track)%00%(upstream:remotename)%00%(upstream:remoteref) refs/heads/master refs/remotes/master [2ms]
2023-09-28 13:48:57.770 [info] > git status -z -uall [3ms]
2023-09-28 13:48:58.602 [info] > git config --get commit.template [14ms]
2023-09-28 13:48:58.602 [info] > git for-each-ref --format=%(refname)%00%(upstream:short)%00%(objectname)%00%(upstream:track)%00%(upstream:remotename)%00%(upstream:remoteref) refs/heads/master refs/remotes/master [1ms]
2023-09-28 13:48:58.617 [info] > git status -z -uall [2ms]
2023-09-28 13:48:59.025 [info] > git ls-files --stage -- /workspace/mijn-website/overmij.html [15ms]
2023-09-28 13:48:59.038 [info] > git ls-files --stage -- /workspace/mijn-website/prijzen.html [44ms]
2023-09-28 13:48:59.039 [info] > git ls-files --stage -- /workspace/mijn-website/info.html [60ms]
2023-09-28 13:48:59.054 [info] > git cat-file -s 524d38d32b6a6534979a26224e52da52fbd7c6ed [16ms]
2023-09-28 13:48:59.055 [info] > git ls-files --stage -- /workspace/mijn-website/index.html [31ms]
2023-09-28 13:48:59.073 [info] > git cat-file -s b6341238be2d8ac70c7ddd7b762b1622e713be79 [20ms]
2023-09-28 13:48:59.074 [info] > git cat-file -s 3374289130feae6d1bd5314a705860860afa5f34 [3ms]
2023-09-28 13:48:59.120 [info] > git show --textconv :prijzen.html [16ms]
2023-09-28 13:48:59.121 [info] > git show --textconv :overmij.html [2ms]
2023-09-28 13:48:59.154 [info] > git show --textconv :info.html [18ms]
2023-09-28 13:48:59.155 [info] > git show --textconv :index.html [2ms]
2023-09-28 13:49:12.328 [info] > git config --get commit.template [8ms]
2023-09-28 13:49:12.329 [info] > git for-each-ref --format=%(refname)%00%(upstream:short)%00%(objectname)%00%(upstream:track)%00%(upstream:remotename)%00%(upstream:remoteref) refs/heads/master refs/remotes/master [2ms]
2023-09-28 13:49:12.344 [info] > git status -z -uall [2ms]
2023-09-28 13:49:56.765 [info] > git config --local branch.master.github-pr-owner-number [1ms]
2023-09-28 13:49:56.793 [info] > git config --get commit.template [14ms]
2023-09-28 13:49:56.794 [info] > git for-each-ref --format=%(refname)%00%(upstream:short)%00%(objectname)%00%(upstream:track)%00%(upstream:remotename)%00%(upstream:remoteref) refs/heads/master refs/remotes/master [1ms]
2023-09-28 13:49:56.809 [info] > git status -z -uall [1ms]
2023-09-28 13:51:58.147 [info] > git fetch [356ms]
2023-09-28 13:51:58.172 [info] > git config --get commit.template [12ms]
2023-09-28 13:51:58.173 [info] > git for-each-ref --format=%(refname)%00%(upstream:short)%00%(objectname)%00%(upstream:track)%00%(upstream:remotename)%00%(upstream:remoteref) refs/heads/master refs/remotes/master [2ms]
2023-09-28 13:51:58.191 [info] > git status -z -uall [3ms]
2023-09-28 13:51:59.310 [info] > git config --get commit.template [16ms]
2023-09-28 13:51:59.310 [info] > git for-each-ref --format=%(refname)%00%(upstream:short)%00%(objectname)%00%(upstream:track)%00%(upstream:remotename)%00%(upstream:remoteref) refs/heads/master refs/remotes/master [2ms]
2023-09-28 13:51:59.320 [info] > git status -z -uall [1ms]
2023-09-28 13:51:59.479 [info] > git ls-files --stage -- /workspace/mijn-website/overmij.html [18ms]
2023-09-28 13:51:59.494 [info] > git ls-files --stage -- /workspace/mijn-website/prijzen.html [44ms]
2023-09-28 13:51:59.495 [info] > git ls-files --stage -- /workspace/mijn-website/info.html [54ms]
2023-09-28 13:51:59.511 [info] > git cat-file -s 524d38d32b6a6534979a26224e52da52fbd7c6ed [17ms]
2023-09-28 13:51:59.511 [info] > git ls-files --stage -- /workspace/mijn-website/index.html [33ms]
2023-09-28 13:51:59.528 [info] > git cat-file -s b6341238be2d8ac70c7ddd7b762b1622e713be79 [19ms]
2023-09-28 13:51:59.529 [info] > git cat-file -s 3374289130feae6d1bd5314a705860860afa5f34 [2ms]
2023-09-28 13:51:59.574 [info] > git show --textconv :prijzen.html [18ms]
2023-09-28 13:51:59.600 [info] > git show --textconv :overmij.html [27ms]
2023-09-28 13:51:59.601 [info] > git show --textconv :info.html [14ms]
2023-09-28 13:51:59.602 [info] > git show --textconv :index.html [2ms]
2023-09-28 13:52:29.446 [info] > git config --get commit.template [16ms]
2023-09-28 13:52:29.447 [info] > git for-each-ref --format=%(refname)%00%(upstream:short)%00%(objectname)%00%(upstream:track)%00%(upstream:remotename)%00%(upstream:remoteref) refs/heads/master refs/remotes/master [3ms]
2023-09-28 13:52:29.463 [info] > git status -z -uall [1ms]
2023-09-28 13:52:35.281 [info] > git config --get commit.template [18ms]
2023-09-28 13:52:35.281 [info] > git for-each-ref --format=%(refname)%00%(upstream:short)%00%(objectname)%00%(upstream:track)%00%(upstream:remotename)%00%(upstream:remoteref) refs/heads/master refs/remotes/master [2ms]
2023-09-28 13:52:35.299 [info] > git status -z -uall [3ms]
2023-09-28 13:52:43.163 [info] > git config --get commit.template [18ms]
2023-09-28 13:52:43.164 [info] > git for-each-ref --format=%(refname)%00%(upstream:short)%00%(objectname)%00%(upstream:track)%00%(upstream:remotename)%00%(upstream:remoteref) refs/heads/master refs/remotes/master [2ms]
2023-09-28 13:52:43.182 [info] > git status -z -uall [2ms]
2023-09-28 13:52:57.777 [info] > git config --get commit.template [16ms]
2023-09-28 13:52:57.778 [info] > git for-each-ref --format=%(refname)%00%(upstream:short)%00%(objectname)%00%(upstream:track)%00%(upstream:remotename)%00%(upstream:remoteref) refs/heads/master refs/remotes/master [2ms]
2023-09-28 13:52:57.796 [info] > git status -z -uall [2ms]
2023-09-28 13:53:02.825 [info] > git config --get commit.template [13ms]
2023-09-28 13:53:02.826 [info] > git for-each-ref --format=%(refname)%00%(upstream:short)%00%(objectname)%00%(upstream:track)%00%(upstream:remotename)%00%(upstream:remoteref) refs/heads/master refs/remotes/master [2ms]
2023-09-28 13:53:02.840 [info] > git status -z -uall [2ms]
2023-09-28 13:53:09.282 [info] > git config --get commit.template [8ms]
2023-09-28 13:53:09.283 [info] > git for-each-ref --format=%(refname)%00%(upstream:short)%00%(objectname)%00%(upstream:track)%00%(upstream:remotename)%00%(upstream:remoteref) refs/heads/master refs/remotes/master [2ms]
2023-09-28 13:53:09.296 [info] > git status -z -uall [2ms]
2023-09-28 13:53:14.927 [info] > git config --get commit.template [14ms]
2023-09-28 13:53:14.927 [info] > git for-each-ref --format=%(refname)%00%(upstream:short)%00%(objectname)%00%(upstream:track)%00%(upstream:remotename)%00%(upstream:remoteref) refs/heads/master refs/remotes/master [1ms]
2023-09-28 13:53:14.942 [info] > git status -z -uall [3ms]
2023-09-28 13:54:56.828 [info] > git config --local branch.master.github-pr-owner-number [1ms]
2023-09-28 13:54:56.853 [info] > git config --get commit.template [14ms]
2023-09-28 13:54:56.854 [info] > git for-each-ref --format=%(refname)%00%(upstream:short)%00%(objectname)%00%(upstream:track)%00%(upstream:remotename)%00%(upstream:remoteref) refs/heads/master refs/remotes/master [2ms]
2023-09-28 13:54:56.871 [info] > git status -z -uall [3ms]
2023-09-28 13:55:14.826 [info] > git fetch [376ms]
2023-09-28 13:55:14.850 [info] > git config --get commit.template [12ms]
2023-09-28 13:55:14.852 [info] > git for-each-ref --format=%(refname)%00%(upstream:short)%00%(objectname)%00%(upstream:track)%00%(upstream:remotename)%00%(upstream:remoteref) refs/heads/master refs/remotes/master [2ms]
2023-09-28 13:55:14.867 [info] > git status -z -uall [2ms]
2023-09-28 13:55:15.991 [info] > git config --get commit.template [16ms]
2023-09-28 13:55:15.991 [info] > git for-each-ref --format=%(refname)%00%(upstream:short)%00%(objectname)%00%(upstream:track)%00%(upstream:remotename)%00%(upstream:remoteref) refs/heads/master refs/remotes/master [2ms]
2023-09-28 13:55:16.012 [info] > git status -z -uall [2ms]
2023-09-28 13:55:16.176 [info] > git ls-files --stage -- /workspace/mijn-website/index.html [5ms]
2023-09-28 13:55:16.190 [info] > git ls-files --stage -- /workspace/mijn-website/overmij.html [35ms]
2023-09-28 13:55:16.205 [info] > git ls-files --stage -- /workspace/mijn-website/prijzen.html [64ms]
2023-09-28 13:55:16.205 [info] > git ls-files --stage -- /workspace/mijn-website/info.html [80ms]
2023-09-28 13:55:16.221 [info] > git cat-file -s 524d38d32b6a6534979a26224e52da52fbd7c6ed [17ms]
2023-09-28 13:55:16.222 [info] > git cat-file -s 3374289130feae6d1bd5314a705860860afa5f34 [33ms]
2023-09-28 13:55:16.222 [info] > git cat-file -s b6341238be2d8ac70c7ddd7b762b1622e713be79 [2ms]
2023-09-28 13:55:16.288 [info] > git show --textconv :prijzen.html [36ms]
2023-09-28 13:55:16.288 [info] > git show --textconv :overmij.html [19ms]
2023-09-28 13:55:16.289 [info] > git show --textconv :index.html [4ms]
2023-09-28 13:55:16.304 [info] > git show --textconv :info.html [2ms]
2023-09-28 13:56:31.025 [info] > git config --get commit.template [16ms]
2023-09-28 13:56:31.025 [info] > git for-each-ref --format=%(refname)%00%(upstream:short)%00%(objectname)%00%(upstream:track)%00%(upstream:remotename)%00%(upstream:remoteref) refs/heads/master refs/remotes/master [2ms]
2023-09-28 13:56:31.042 [info] > git status -z -uall [2ms]
2023-09-28 13:56:41.928 [info] > git config --get commit.template [16ms]
2023-09-28 13:56:41.929 [info] > git for-each-ref --format=%(refname)%00%(upstream:short)%00%(objectname)%00%(upstream:track)%00%(upstream:remotename)%00%(upstream:remoteref) refs/heads/master refs/remotes/master [2ms]
2023-09-28 13:56:41.944 [info] > git status -z -uall [2ms]
2023-09-28 13:56:47.660 [info] > git config --get commit.template [16ms]
2023-09-28 13:56:47.662 [info] > git for-each-ref --format=%(refname)%00%(upstream:short)%00%(objectname)%00%(upstream:track)%00%(upstream:remotename)%00%(upstream:remoteref) refs/heads/master refs/remotes/master [2ms]
2023-09-28 13:56:47.678 [info] > git status -z -uall [2ms]
2023-09-28 13:56:58.893 [info] > git config --get commit.template [18ms]
2023-09-28 13:56:58.894 [info] > git for-each-ref --format=%(refname)%00%(upstream:short)%00%(objectname)%00%(upstream:track)%00%(upstream:remotename)%00%(upstream:remoteref) refs/heads/master refs/remotes/master [1ms]
2023-09-28 13:56:58.911 [info] > git status -z -uall [1ms]
2023-09-28 13:57:07.372 [info] > git config --get commit.template [14ms]
2023-09-28 13:57:07.374 [info] > git for-each-ref --format=%(refname)%00%(upstream:short)%00%(objectname)%00%(upstream:track)%00%(upstream:remotename)%00%(upstream:remoteref) refs/heads/master refs/remotes/master [1ms]
2023-09-28 13:57:07.391 [info] > git status -z -uall [3ms]
2023-09-28 13:57:12.428 [info] > git config --get commit.template [16ms]
2023-09-28 13:57:12.429 [info] > git for-each-ref --format=%(refname)%00%(upstream:short)%00%(objectname)%00%(upstream:track)%00%(upstream:remotename)%00%(upstream:remoteref) refs/heads/master refs/remotes/master [2ms]
2023-09-28 13:57:12.445 [info] > git status -z -uall [2ms]
2023-09-28 13:57:18.898 [info] > git config --get commit.template [16ms]
2023-09-28 13:57:18.898 [info] > git for-each-ref --format=%(refname)%00%(upstream:short)%00%(objectname)%00%(upstream:track)%00%(upstream:remotename)%00%(upstream:remoteref) refs/heads/master refs/remotes/master [1ms]
2023-09-28 13:57:18.917 [info] > git status -z -uall [1ms]
2023-09-28 13:57:23.960 [info] > git config --get commit.template [19ms]
2023-09-28 13:57:23.962 [info] > git for-each-ref --format=%(refname)%00%(upstream:short)%00%(objectname)%00%(upstream:track)%00%(upstream:remotename)%00%(upstream:remoteref) refs/heads/master refs/remotes/master [3ms]
2023-09-28 13:57:23.983 [info] > git status -z -uall [2ms]
2023-09-28 13:59:56.890 [info] > git config --local branch.master.github-pr-owner-number [2ms]
2023-09-28 13:59:56.924 [info] > git config --get commit.template [16ms]
2023-09-28 13:59:56.924 [info] > git for-each-ref --format=%(refname)%00%(upstream:short)%00%(objectname)%00%(upstream:track)%00%(upstream:remotename)%00%(upstream:remoteref) refs/heads/master refs/remotes/master [1ms]
2023-09-28 13:59:56.942 [info] > git status -z -uall [3ms]
2023-09-28 14:00:15.993 [info] > git for-each-ref --format=%(refname)%00%(upstream:short)%00%(objectname)%00%(upstream:track)%00%(upstream:remotename)%00%(upstream:remoteref) refs/heads/master refs/remotes/master [3ms]
2023-09-28 14:00:15.993 [info] > git config --get commit.template [18ms]
2023-09-28 14:00:16.014 [info] > git status -z -uall [3ms]
2023-09-28 14:00:16.341 [info] > git fetch [382ms]
2023-09-28 14:00:16.370 [info] > git config --get commit.template [15ms]
2023-09-28 14:00:16.371 [info] > git for-each-ref --format=%(refname)%00%(upstream:short)%00%(objectname)%00%(upstream:track)%00%(upstream:remotename)%00%(upstream:remoteref) refs/heads/master refs/remotes/master [2ms]
2023-09-28 14:00:16.389 [info] > git status -z -uall [2ms]
2023-09-28 14:00:17.662 [info] > git ls-files --stage -- /workspace/mijn-website/index.html [1ms]
2023-09-28 14:00:17.675 [info] > git ls-files --stage -- /workspace/mijn-website/overmij.html [28ms]
2023-09-28 14:00:17.690 [info] > git ls-files --stage -- /workspace/mijn-website/prijzen.html [61ms]
2023-09-28 14:00:17.691 [info] > git ls-files --stage -- /workspace/mijn-website/info.html [81ms]
2023-09-28 14:00:17.702 [info] > git cat-file -s 524d38d32b6a6534979a26224e52da52fbd7c6ed [13ms]
2023-09-28 14:00:17.702 [info] > git cat-file -s 3374289130feae6d1bd5314a705860860afa5f34 [27ms]
2023-09-28 14:00:17.703 [info] > git cat-file -s b6341238be2d8ac70c7ddd7b762b1622e713be79 [3ms]
2023-09-28 14:00:17.772 [info] > git show --textconv :prijzen.html [43ms]
2023-09-28 14:00:17.772 [info] > git show --textconv :overmij.html [29ms]
2023-09-28 14:00:17.772 [info] > git show --textconv :index.html [15ms]
2023-09-28 14:00:17.772 [info] > git show --textconv :info.html [2ms]
2023-09-28 14:00:21.050 [info] > git config --get commit.template [17ms]
2023-09-28 14:00:21.051 [info] > git for-each-ref --format=%(refname)%00%(upstream:short)%00%(objectname)%00%(upstream:track)%00%(upstream:remotename)%00%(upstream:remoteref) refs/heads/master refs/remotes/master [4ms]
2023-09-28 14:00:21.067 [info] > git status -z -uall [2ms]
2023-09-28 14:00:26.103 [info] > git for-each-ref --format=%(refname)%00%(upstream:short)%00%(objectname)%00%(upstream:track)%00%(upstream:remotename)%00%(upstream:remoteref) refs/heads/master refs/remotes/master [3ms]
2023-09-28 14:00:26.103 [info] > git config --get commit.template [18ms]
2023-09-28 14:00:26.125 [info] > git status -z -uall [4ms]
2023-09-28 14:00:31.158 [info] > git config --get commit.template [15ms]
2023-09-28 14:00:31.159 [info] > git for-each-ref --format=%(refname)%00%(upstream:short)%00%(objectname)%00%(upstream:track)%00%(upstream:remotename)%00%(upstream:remoteref) refs/heads/master refs/remotes/master [2ms]
2023-09-28 14:00:31.172 [info] > git status -z -uall [1ms]
2023-09-28 14:00:36.211 [info] > git config --get commit.template [21ms]
2023-09-28 14:00:36.212 [info] > git for-each-ref --format=%(refname)%00%(upstream:short)%00%(objectname)%00%(upstream:track)%00%(upstream:remotename)%00%(upstream:remoteref) refs/heads/master refs/remotes/master [2ms]
2023-09-28 14:00:36.228 [info] > git status -z -uall [2ms]
2023-09-28 14:00:41.249 [info] > git config --get commit.template [1ms]
2023-09-28 14:00:41.264 [info] > git for-each-ref --format=%(refname)%00%(upstream:short)%00%(objectname)%00%(upstream:track)%00%(upstream:remotename)%00%(upstream:remoteref) refs/heads/master refs/remotes/master [1ms]
2023-09-28 14:00:41.278 [info] > git status -z -uall [2ms]
2023-09-28 14:01:24.627 [info] > git config --get commit.template [17ms]
2023-09-28 14:01:24.628 [info] > git for-each-ref --format=%(refname)%00%(upstream:short)%00%(objectname)%00%(upstream:track)%00%(upstream:remotename)%00%(upstream:remoteref) refs/heads/master refs/remotes/master [2ms]
2023-09-28 14:01:24.643 [info] > git status -z -uall [2ms]
2023-09-28 14:01:29.670 [info] > git config --get commit.template [10ms]
2023-09-28 14:01:29.671 [info] > git for-each-ref --format=%(refname)%00%(upstream:short)%00%(objectname)%00%(upstream:track)%00%(upstream:remotename)%00%(upstream:remoteref) refs/heads/master refs/remotes/master [2ms]
2023-09-28 14:01:29.686 [info] > git status -z -uall [1ms]
2023-09-28 14:01:34.708 [info] > git config --get commit.template [2ms]
2023-09-28 14:01:34.728 [info] > git for-each-ref --format=%(refname)%00%(upstream:short)%00%(objectname)%00%(upstream:track)%00%(upstream:remotename)%00%(upstream:remoteref) refs/heads/master refs/remotes/master [2ms]
2023-09-28 14:01:34.745 [info] > git status -z -uall [2ms]
2023-09-28 14:01:42.151 [info] > git config --get commit.template [15ms]
2023-09-28 14:01:42.152 [info] > git for-each-ref --format=%(refname)%00%(upstream:short)%00%(objectname)%00%(upstream:track)%00%(upstream:remotename)%00%(upstream:remoteref) refs/heads/master refs/remotes/master [2ms]
2023-09-28 14:01:42.166 [info] > git status -z -uall [3ms]
2023-09-28 14:01:47.201 [info] > git config --get commit.template [17ms]
2023-09-28 14:01:47.203 [info] > git for-each-ref --format=%(refname)%00%(upstream:short)%00%(objectname)%00%(upstream:track)%00%(upstream:remotename)%00%(upstream:remoteref) refs/heads/master refs/remotes/master [3ms]
2023-09-28 14:01:47.219 [info] > git status -z -uall [1ms]
2023-09-28 14:01:52.253 [info] > git config --get commit.template [17ms]
2023-09-28 14:01:52.254 [info] > git for-each-ref --format=%(refname)%00%(upstream:short)%00%(objectname)%00%(upstream:track)%00%(upstream:remotename)%00%(upstream:remoteref) refs/heads/master refs/remotes/master [2ms]
2023-09-28 14:01:52.269 [info] > git status -z -uall [2ms]
2023-09-28 14:01:57.299 [info] > git config --get commit.template [14ms]
2023-09-28 14:01:57.299 [info] > git for-each-ref --format=%(refname)%00%(upstream:short)%00%(objectname)%00%(upstream:track)%00%(upstream:remotename)%00%(upstream:remoteref) refs/heads/master refs/remotes/master [1ms]
2023-09-28 14:01:57.319 [info] > git status -z -uall [1ms]
2023-09-28 14:03:16.762 [info] > git fetch [352ms]
2023-09-28 14:03:16.799 [info] > git config --get commit.template [20ms]
2023-09-28 14:03:16.800 [info] > git for-each-ref --format=%(refname)%00%(upstream:short)%00%(objectname)%00%(upstream:track)%00%(upstream:remotename)%00%(upstream:remoteref) refs/heads/master refs/remotes/master [2ms]
2023-09-28 14:03:16.817 [info] > git status -z -uall [2ms]
2023-09-28 14:03:17.926 [info] > git config --get commit.template [16ms]
2023-09-28 14:03:17.927 [info] > git for-each-ref --format=%(refname)%00%(upstream:short)%00%(objectname)%00%(upstream:track)%00%(upstream:remotename)%00%(upstream:remoteref) refs/heads/master refs/remotes/master [2ms]
2023-09-28 14:03:17.943 [info] > git status -z -uall [2ms]
2023-09-28 14:03:18.111 [info] > git ls-files --stage -- /workspace/mijn-website/overmij.html [17ms]
2023-09-28 14:03:18.126 [info] > git ls-files --stage -- /workspace/mijn-website/prijzen.html [48ms]
2023-09-28 14:03:18.127 [info] > git ls-files --stage -- /workspace/mijn-website/info.html [65ms]
2023-09-28 14:03:18.143 [info] > git cat-file -s 524d38d32b6a6534979a26224e52da52fbd7c6ed [18ms]
2023-09-28 14:03:18.144 [info] > git ls-files --stage -- /workspace/mijn-website/index.html [34ms]
2023-09-28 14:03:18.160 [info] > git cat-file -s b6341238be2d8ac70c7ddd7b762b1622e713be79 [18ms]
2023-09-28 14:03:18.161 [info] > git cat-file -s 3374289130feae6d1bd5314a705860860afa5f34 [2ms]
2023-09-28 14:03:18.207 [info] > git show --textconv :prijzen.html [19ms]
2023-09-28 14:03:18.208 [info] > git show --textconv :overmij.html [2ms]
2023-09-28 14:03:18.240 [info] > git show --textconv :info.html [15ms]
2023-09-28 14:03:18.241 [info] > git show --textconv :index.html [2ms]
2023-09-28 14:04:03.225 [info] > git check-ignore -v -z --stdin [1ms]
2023-09-28 14:04:03.777 [info] > git config --get commit.template [20ms]
2023-09-28 14:04:03.777 [info] > git for-each-ref --format=%(refname)%00%(upstream:short)%00%(objectname)%00%(upstream:track)%00%(upstream:remotename)%00%(upstream:remoteref) refs/heads/master refs/remotes/master [1ms]
2023-09-28 14:04:03.795 [info] > git status -z -uall [3ms]
2023-09-28 14:04:25.472 [info] > git config --get commit.template [10ms]
2023-09-28 14:04:25.472 [info] > git for-each-ref --format=%(refname)%00%(upstream:short)%00%(objectname)%00%(upstream:track)%00%(upstream:remotename)%00%(upstream:remoteref) refs/heads/master refs/remotes/master [1ms]
2023-09-28 14:04:25.490 [info] > git status -z -uall [3ms]
2023-09-28 14:04:30.527 [info] > git config --get commit.template [17ms]
2023-09-28 14:04:30.527 [info] > git for-each-ref --format=%(refname)%00%(upstream:short)%00%(objectname)%00%(upstream:track)%00%(upstream:remotename)%00%(upstream:remoteref) refs/heads/master refs/remotes/master [2ms]
2023-09-28 14:04:30.544 [info] > git status -z -uall [2ms]
2023-09-28 14:04:56.959 [info] > git config --local branch.master.github-pr-owner-number [2ms]
2023-09-28 14:04:56.987 [info] > git config --get commit.template [14ms]
2023-09-28 14:04:56.988 [info] > git for-each-ref --format=%(refname)%00%(upstream:short)%00%(objectname)%00%(upstream:track)%00%(upstream:remotename)%00%(upstream:remoteref) refs/heads/master refs/remotes/master [2ms]
2023-09-28 14:04:57.005 [info] > git status -z -uall [2ms]
2023-09-28 14:05:26.032 [info] > git check-ignore -v -z --stdin [3ms]
2023-09-28 14:05:31.908 [info] > git show --textconv HEAD:index.html [21ms]
2023-09-28 14:05:31.909 [info] > git ls-tree -l HEAD -- /workspace/mijn-website/index.html [2ms]
2023-09-28 14:06:17.267 [info] > git fetch [433ms]
2023-09-28 14:06:17.299 [info] > git config --get commit.template [17ms]
2023-09-28 14:06:17.300 [info] > git for-each-ref --format=%(refname)%00%(upstream:short)%00%(objectname)%00%(upstream:track)%00%(upstream:remotename)%00%(upstream:remoteref) refs/heads/master refs/remotes/master [2ms]
2023-09-28 14:06:17.317 [info] > git status -z -uall [2ms]
2023-09-28 14:06:18.416 [info] > git config --get commit.template [2ms]
2023-09-28 14:06:18.435 [info] > git for-each-ref --format=%(refname)%00%(upstream:short)%00%(objectname)%00%(upstream:track)%00%(upstream:remotename)%00%(upstream:remoteref) refs/heads/master refs/remotes/master [1ms]
2023-09-28 14:06:18.454 [info] > git status -z -uall [2ms]
2023-09-28 14:06:18.617 [info] > git ls-files --stage -- /workspace/mijn-website/index.html [4ms]
2023-09-28 14:06:18.632 [info] > git ls-files --stage -- /workspace/mijn-website/overmij.html [34ms]
2023-09-28 14:06:18.646 [info] > git ls-files --stage -- /workspace/mijn-website/prijzen.html [64ms]
2023-09-28 14:06:18.647 [info] > git ls-files --stage -- /workspace/mijn-website/info.html [81ms]
2023-09-28 14:06:18.661 [info] > git cat-file -s 524d38d32b6a6534979a26224e52da52fbd7c6ed [15ms]
2023-09-28 14:06:18.662 [info] > git cat-file -s 3374289130feae6d1bd5314a705860860afa5f34 [31ms]
2023-09-28 14:06:18.662 [info] > git cat-file -s b6341238be2d8ac70c7ddd7b762b1622e713be79 [2ms]
2023-09-28 14:06:18.690 [info] > git show --textconv :prijzen.html [2ms]
2023-09-28 14:06:18.731 [info] > git show --textconv :overmij.html [25ms]
2023-09-28 14:06:18.731 [info] > git show --textconv :index.html [13ms]
2023-09-28 14:06:18.732 [info] > git show --textconv :info.html [2ms]
2023-09-28 14:06:23.488 [info] > git config --get commit.template [17ms]
2023-09-28 14:06:23.489 [info] > git for-each-ref --format=%(refname)%00%(upstream:short)%00%(objectname)%00%(upstream:track)%00%(upstream:remotename)%00%(upstream:remoteref) refs/heads/master refs/remotes/master [3ms]
2023-09-28 14:06:23.505 [info] > git status -z -uall [3ms]
2023-09-28 14:06:44.810 [info] > git config --get commit.template [17ms]
2023-09-28 14:06:44.811 [info] > git for-each-ref --format=%(refname)%00%(upstream:short)%00%(objectname)%00%(upstream:track)%00%(upstream:remotename)%00%(upstream:remoteref) refs/heads/master refs/remotes/master [2ms]
2023-09-28 14:06:44.828 [info] > git status -z -uall [2ms]
2023-09-28 14:09:57.030 [info] > git config --local branch.master.github-pr-owner-number [2ms]
2023-09-28 14:09:57.069 [info] > git config --get commit.template [19ms]
2023-09-28 14:09:57.071 [info] > git for-each-ref --format=%(refname)%00%(upstream:short)%00%(objectname)%00%(upstream:track)%00%(upstream:remotename)%00%(upstream:remoteref) refs/heads/master refs/remotes/master [3ms]
2023-09-28 14:09:57.093 [info] > git status -z -uall [3ms]
2023-09-28 14:10:23.580 [info] > git fetch [388ms]
2023-09-28 14:10:23.603 [info] > git config --get commit.template [4ms]
2023-09-28 14:10:23.626 [info] > git for-each-ref --format=%(refname)%00%(upstream:short)%00%(objectname)%00%(upstream:track)%00%(upstream:remotename)%00%(upstream:remoteref) refs/heads/master refs/remotes/master [3ms]
2023-09-28 14:10:23.648 [info] > git status -z -uall [3ms]
2023-09-28 14:10:24.753 [info] > git config --get commit.template [19ms]
2023-09-28 14:10:24.754 [info] > git for-each-ref --format=%(refname)%00%(upstream:short)%00%(objectname)%00%(upstream:track)%00%(upstream:remotename)%00%(upstream:remoteref) refs/heads/master refs/remotes/master [2ms]
2023-09-28 14:10:24.774 [info] > git status -z -uall [3ms]
2023-09-28 14:10:24.908 [info] > git ls-files --stage -- /workspace/mijn-website/index.html [4ms]
2023-09-28 14:10:24.926 [info] > git ls-files --stage -- /workspace/mijn-website/overmij.html [39ms]
2023-09-28 14:10:24.937 [info] > git ls-files --stage -- /workspace/mijn-website/prijzen.html [70ms]
2023-09-28 14:10:24.938 [info] > git ls-files --stage -- /workspace/mijn-website/info.html [90ms]
2023-09-28 14:10:24.957 [info] > git cat-file -s 524d38d32b6a6534979a26224e52da52fbd7c6ed [21ms]
2023-09-28 14:10:24.958 [info] > git cat-file -s 3374289130feae6d1bd5314a705860860afa5f34 [33ms]
2023-09-28 14:10:24.959 [info] > git cat-file -s b6341238be2d8ac70c7ddd7b762b1622e713be79 [3ms]
2023-09-28 14:10:25.029 [info] > git show --textconv :prijzen.html [38ms]
2023-09-28 14:10:25.029 [info] > git show --textconv :overmij.html [18ms]
2023-09-28 14:10:25.030 [info] > git show --textconv :index.html [2ms]
2023-09-28 14:10:25.050 [info] > git show --textconv :info.html [2ms]
2023-09-28 14:10:29.817 [info] > git config --get commit.template [19ms]
2023-09-28 14:10:29.819 [info] > git for-each-ref --format=%(refname)%00%(upstream:short)%00%(objectname)%00%(upstream:track)%00%(upstream:remotename)%00%(upstream:remoteref) refs/heads/master refs/remotes/master [2ms]
2023-09-28 14:10:29.840 [info] > git status -z -uall [3ms]
2023-09-28 14:11:35.063 [info] > git config --get commit.template [18ms]
2023-09-28 14:11:35.063 [info] > git for-each-ref --format=%(refname)%00%(upstream:short)%00%(objectname)%00%(upstream:track)%00%(upstream:remotename)%00%(upstream:remoteref) refs/heads/master refs/remotes/master [2ms]
2023-09-28 14:11:35.084 [info] > git status -z -uall [2ms]
2023-09-28 14:12:17.518 [info] > git config --get commit.template [16ms]
2023-09-28 14:12:17.519 [info] > git for-each-ref --format=%(refname)%00%(upstream:short)%00%(objectname)%00%(upstream:track)%00%(upstream:remotename)%00%(upstream:remoteref) refs/heads/master refs/remotes/master [3ms]
2023-09-28 14:12:17.534 [info] > git status -z -uall [2ms]
2023-09-28 14:12:22.566 [info] > git config --get commit.template [14ms]
2023-09-28 14:12:22.566 [info] > git for-each-ref --format=%(refname)%00%(upstream:short)%00%(objectname)%00%(upstream:track)%00%(upstream:remotename)%00%(upstream:remoteref) refs/heads/master refs/remotes/master [1ms]
2023-09-28 14:12:22.588 [info] > git status -z -uall [1ms]
2023-09-28 14:12:32.166 [info] > git config --get commit.template [17ms]
2023-09-28 14:12:32.167 [info] > git for-each-ref --format=%(refname)%00%(upstream:short)%00%(objectname)%00%(upstream:track)%00%(upstream:remotename)%00%(upstream:remoteref) refs/heads/master refs/remotes/master [2ms]
2023-09-28 14:12:32.188 [info] > git status -z -uall [3ms]
2023-09-28 14:12:37.231 [info] > git config --get commit.template [19ms]
2023-09-28 14:12:37.232 [info] > git for-each-ref --format=%(refname)%00%(upstream:short)%00%(objectname)%00%(upstream:track)%00%(upstream:remotename)%00%(upstream:remoteref) refs/heads/master refs/remotes/master [3ms]
2023-09-28 14:12:37.253 [info] > git status -z -uall [3ms]
2023-09-28 14:12:43.002 [info] > git config --get commit.template [18ms]
2023-09-28 14:12:43.003 [info] > git for-each-ref --format=%(refname)%00%(upstream:short)%00%(objectname)%00%(upstream:track)%00%(upstream:remotename)%00%(upstream:remoteref) refs/heads/master refs/remotes/master [2ms]
2023-09-28 14:12:43.021 [info] > git status -z -uall [2ms]
2023-09-28 14:12:48.056 [info] > git config --get commit.template [16ms]
2023-09-28 14:12:48.056 [info] > git for-each-ref --format=%(refname)%00%(upstream:short)%00%(objectname)%00%(upstream:track)%00%(upstream:remotename)%00%(upstream:remoteref) refs/heads/master refs/remotes/master [1ms]
2023-09-28 14:12:48.073 [info] > git status -z -uall [2ms]
2023-09-28 14:13:07.719 [info] > git config --get commit.template [16ms]
2023-09-28 14:13:07.720 [info] > git for-each-ref --format=%(refname)%00%(upstream:short)%00%(objectname)%00%(upstream:track)%00%(upstream:remotename)%00%(upstream:remoteref) refs/heads/master refs/remotes/master [3ms]
2023-09-28 14:13:07.735 [info] > git status -z -uall [2ms]
2023-09-28 14:13:24.023 [info] > git fetch [350ms]
2023-09-28 14:13:24.068 [info] > git config --get commit.template [20ms]
2023-09-28 14:13:24.070 [info] > git for-each-ref --format=%(refname)%00%(upstream:short)%00%(objectname)%00%(upstream:track)%00%(upstream:remotename)%00%(upstream:remoteref) refs/heads/master refs/remotes/master [3ms]
2023-09-28 14:13:24.095 [info] > git status -z -uall [3ms]
2023-09-28 14:13:25.187 [info] > git config --get commit.template [16ms]
2023-09-28 14:13:25.188 [info] > git for-each-ref --format=%(refname)%00%(upstream:short)%00%(objectname)%00%(upstream:track)%00%(upstream:remotename)%00%(upstream:remoteref) refs/heads/master refs/remotes/master [2ms]
2023-09-28 14:13:25.204 [info] > git status -z -uall [3ms]
2023-09-28 14:13:25.376 [info] > git ls-files --stage -- /workspace/mijn-website/overmij.html [18ms]
2023-09-28 14:13:25.392 [info] > git ls-files --stage -- /workspace/mijn-website/prijzen.html [50ms]
2023-09-28 14:13:25.393 [info] > git ls-files --stage -- /workspace/mijn-website/info.html [66ms]
2023-09-28 14:13:25.410 [info] > git cat-file -s 524d38d32b6a6534979a26224e52da52fbd7c6ed [18ms]
2023-09-28 14:13:25.411 [info] > git ls-files --stage -- /workspace/mijn-website/index.html [36ms]
2023-09-28 14:13:25.428 [info] > git cat-file -s b6341238be2d8ac70c7ddd7b762b1622e713be79 [19ms]
2023-09-28 14:13:25.429 [info] > git cat-file -s 3374289130feae6d1bd5314a705860860afa5f34 [3ms]
2023-09-28 14:13:25.478 [info] > git show --textconv :prijzen.html [17ms]
2023-09-28 14:13:25.479 [info] > git show --textconv :overmij.html [2ms]
2023-09-28 14:13:25.516 [info] > git show --textconv :info.html [17ms]
2023-09-28 14:13:25.517 [info] > git show --textconv :index.html [2ms]
2023-09-28 14:13:30.242 [info] > git config --get commit.template [19ms]
2023-09-28 14:13:30.245 [info] > git for-each-ref --format=%(refname)%00%(upstream:short)%00%(objectname)%00%(upstream:track)%00%(upstream:remotename)%00%(upstream:remoteref) refs/heads/master refs/remotes/master [2ms]
2023-09-28 14:13:30.263 [info] > git status -z -uall [1ms]
2023-09-28 14:14:57.118 [info] > git config --local branch.master.github-pr-owner-number [3ms]
2023-09-28 14:14:57.152 [info] > git config --get commit.template [18ms]
2023-09-28 14:14:57.154 [info] > git for-each-ref --format=%(refname)%00%(upstream:short)%00%(objectname)%00%(upstream:track)%00%(upstream:remotename)%00%(upstream:remoteref) refs/heads/master refs/remotes/master [2ms]
2023-09-28 14:14:57.173 [info] > git status -z -uall [2ms]
2023-09-28 14:15:16.100 [info] > git add -A -- . [3ms]
2023-09-28 14:15:16.120 [info] > git -c user.useConfigOnly=true commit --quiet --allow-empty-message --file - [7ms]
2023-09-28 14:15:16.130 [info] > git config --get commit.template [2ms]
2023-09-28 14:15:16.163 [info] > git config --get commit.template [18ms]
2023-09-28 14:15:16.165 [info] > git for-each-ref --format=%(refname)%00%(upstream:short)%00%(objectname)%00%(upstream:track)%00%(upstream:remotename)%00%(upstream:remoteref) refs/heads/master refs/remotes/master [3ms]
2023-09-28 14:15:16.181 [info] > git status -z -uall [3ms]
2023-09-28 14:15:16.234 [info] > git config --local branch.master.github-pr-owner-number [1ms]
2023-09-28 14:15:16.250 [info] > git config --get commit.template [1ms]
2023-09-28 14:15:16.280 [info] > git for-each-ref --format=%(refname)%00%(upstream:short)%00%(objectname)%00%(upstream:track)%00%(upstream:remotename)%00%(upstream:remoteref) refs/heads/master refs/remotes/master [17ms]
2023-09-28 14:15:16.282 [info] > git config --get commit.template [2ms]
2023-09-28 14:15:16.296 [info] > git for-each-ref --format=%(refname)%00%(upstream:short)%00%(objectname)%00%(upstream:track)%00%(upstream:remotename)%00%(upstream:remoteref) refs/heads/master refs/remotes/master [2ms]
2023-09-28 14:15:16.310 [info] > git status -z -uall [2ms]
2023-09-28 14:15:17.466 [info] > git ls-files --stage -- /workspace/mijn-website/overmij.html [11ms]
2023-09-28 14:15:17.480 [info] > git ls-files --stage -- /workspace/mijn-website/prijzen.html [39ms]
2023-09-28 14:15:17.494 [info] > git ls-files --stage -- /workspace/mijn-website/info.html [65ms]
2023-09-28 14:15:17.509 [info] > git cat-file -s ca563e61fbcc7a7470cc7d0b2ef3ced1e4df57ac [15ms]
2023-09-28 14:15:17.509 [info] > git cat-file -s 2659ed5ec4d38bbb51b3d273ca7aa81aa66b8792 [29ms]
2023-09-28 14:15:17.510 [info] > git ls-files --stage -- /workspace/mijn-website/index.html [45ms]
2023-09-28 14:15:17.525 [info] > git cat-file -s 6c023f97fd1adb00c8dcca30bba056bce77d7d41 [17ms]
2023-09-28 14:15:17.526 [info] > git cat-file -s 3f668af62aa01750e09b761e477d2e10ed1c698c [2ms]
2023-09-28 14:15:17.571 [info] > git show --textconv :prijzen.html [14ms]
2023-09-28 14:15:17.572 [info] > git show --textconv :overmij.html [2ms]
2023-09-28 14:15:17.604 [info] > git show --textconv :info.html [16ms]
2023-09-28 14:15:17.605 [info] > git show --textconv :index.html [2ms]
2023-09-28 14:15:18.449 [info] > git config --get commit.template [20ms]
2023-09-28 14:15:18.450 [info] > git for-each-ref --format=%(refname)%00%(upstream:short)%00%(objectname)%00%(upstream:track)%00%(upstream:remotename)%00%(upstream:remoteref) refs/heads/master refs/remotes/master [2ms]
2023-09-28 14:15:18.468 [info] > git status -z -uall [2ms]
2023-09-28 14:15:20.874 [info] > git log --oneline --cherry master...master@{upstream} -- [3ms]
2023-09-28 14:15:21.270 [info] > git pull --tags origin master [376ms]
2023-09-28 14:15:21.270 [info] From https://github.com/TimmeB1/mijn-website
 * branch            master     -> FETCH_HEAD
2023-09-28 14:15:22.111 [info] > git push origin master:master [826ms]
2023-09-28 14:15:22.112 [info] remote: Permission to TimmeB1/mijn-website.git denied to TimmeB1.
fatal: unable to access 'https://github.com/TimmeB1/mijn-website.git/': The requested URL returned error: 403
2023-09-28 14:15:22.582 [info] > git ls-files --stage -- /workspace/mijn-website/overmij.html [13ms]
2023-09-28 14:15:22.600 [info] > git ls-files --stage -- /workspace/mijn-website/prijzen.html [47ms]
2023-09-28 14:15:22.616 [info] > git ls-files --stage -- /workspace/mijn-website/info.html [75ms]
2023-09-28 14:15:22.634 [info] > git cat-file -s ca563e61fbcc7a7470cc7d0b2ef3ced1e4df57ac [18ms]
2023-09-28 14:15:22.635 [info] > git cat-file -s 2659ed5ec4d38bbb51b3d273ca7aa81aa66b8792 [36ms]
2023-09-28 14:15:22.635 [info] > git ls-files --stage -- /workspace/mijn-website/index.html [54ms]
2023-09-28 14:15:22.653 [info] > git cat-file -s 6c023f97fd1adb00c8dcca30bba056bce77d7d41 [20ms]
2023-09-28 14:15:22.654 [info] > git cat-file -s 3f668af62aa01750e09b761e477d2e10ed1c698c [2ms]
2023-09-28 14:15:22.695 [info] > git show --textconv :prijzen.html [16ms]
2023-09-28 14:15:22.714 [info] > git show --textconv :overmij.html [20ms]
2023-09-28 14:15:22.714 [info] > git show --textconv :info.html [10ms]
2023-09-28 14:15:22.715 [info] > git show --textconv :index.html [2ms]
2023-09-28 14:15:23.727 [info] > git config --get commit.template [20ms]
2023-09-28 14:15:23.728 [info] > git for-each-ref --format=%(refname)%00%(upstream:short)%00%(objectname)%00%(upstream:track)%00%(upstream:remotename)%00%(upstream:remoteref) refs/heads/master refs/remotes/master [2ms]
2023-09-28 14:15:23.749 [info] > git status -z -uall [4ms]
