2023-09-29 08:18:54.365 [info] Log level: Info
2023-09-29 08:18:54.365 [info] Validating found git in: "git"
2023-09-29 08:18:54.365 [info] Using git "2.42.0" from "git"
2023-09-29 08:18:54.365 [info] > git rev-parse --show-toplevel [2ms]
2023-09-29 08:18:54.365 [info] > git rev-parse --git-dir --git-common-dir [2ms]
2023-09-29 08:18:54.365 [info] Open repository: /workspace/mijn-website
2023-09-29 08:18:54.365 [info] > git config --get commit.template [7ms]
2023-09-29 08:18:54.365 [info] > git rev-parse --show-toplevel [4ms]
2023-09-29 08:18:54.368 [info] > git for-each-ref --format=%(refname)%00%(upstream:short)%00%(objectname)%00%(upstream:track)%00%(upstream:remotename)%00%(upstream:remoteref) refs/heads/master refs/remotes/master [4ms]
2023-09-29 08:18:54.375 [info] > git status -z -uall [2ms]
2023-09-29 08:18:54.391 [info] > git config --get commit.template [6ms]
2023-09-29 08:18:54.391 [info] > git for-each-ref --format=%(refname)%00%(upstream:short)%00%(objectname)%00%(upstream:track)%00%(upstream:remotename)%00%(upstream:remoteref) refs/heads/master refs/remotes/master [2ms]
2023-09-29 08:18:54.397 [info] > git status -z -uall [1ms]
2023-09-29 08:18:54.708 [info] > git fetch [368ms]
2023-09-29 08:18:54.725 [info] > git config --get commit.template [9ms]
2023-09-29 08:18:54.740 [info] > git for-each-ref --format=%(refname)%00%(upstream:short)%00%(objectname)%00%(upstream:track)%00%(upstream:remotename)%00%(upstream:remoteref) refs/heads/master refs/remotes/master [1ms]
2023-09-29 08:18:54.746 [info] > git status -z -uall [1ms]
2023-09-29 08:18:54.895 [info] > git check-ignore -v -z --stdin [5ms]
2023-09-29 08:18:55.442 [info] > git config --local branch.master.github-pr-owner-number [2ms]
2023-09-29 08:18:55.457 [info] > git config --get commit.template [8ms]
2023-09-29 08:18:55.457 [info] > git for-each-ref --format=%(refname)%00%(upstream:short)%00%(objectname)%00%(upstream:track)%00%(upstream:remotename)%00%(upstream:remoteref) refs/heads/master refs/remotes/master [2ms]
2023-09-29 08:18:55.465 [info] > git status -z -uall [2ms]
2023-09-29 08:18:55.856 [info] > git config --get commit.template [6ms]
2023-09-29 08:18:55.857 [info] > git for-each-ref --format=%(refname)%00%(upstream:short)%00%(objectname)%00%(upstream:track)%00%(upstream:remotename)%00%(upstream:remoteref) refs/heads/master refs/remotes/master [1ms]
2023-09-29 08:18:55.864 [info] > git status -z -uall [2ms]
2023-09-29 08:19:38.328 [info] > git show --textconv :index.html [8ms]
2023-09-29 08:19:38.329 [info] > git ls-files --stage -- /workspace/mijn-website/index.html [2ms]
2023-09-29 08:19:38.338 [info] > git cat-file -s 3f668af62aa01750e09b761e477d2e10ed1c698c [1ms]
2023-09-29 08:23:08.817 [info] > git fetch [338ms]
2023-09-29 08:23:08.836 [info] > git config --get commit.template [9ms]
2023-09-29 08:23:08.836 [info] > git for-each-ref --format=%(refname)%00%(upstream:short)%00%(objectname)%00%(upstream:track)%00%(upstream:remotename)%00%(upstream:remoteref) refs/heads/master refs/remotes/master [1ms]
2023-09-29 08:23:08.845 [info] > git status -z -uall [1ms]
2023-09-29 08:23:09.971 [info] > git config --get commit.template [9ms]
2023-09-29 08:23:09.972 [info] > git for-each-ref --format=%(refname)%00%(upstream:short)%00%(objectname)%00%(upstream:track)%00%(upstream:remotename)%00%(upstream:remoteref) refs/heads/master refs/remotes/master [2ms]
2023-09-29 08:23:09.982 [info] > git status -z -uall [2ms]
2023-09-29 08:23:10.074 [info] > git ls-files --stage -- /workspace/mijn-website/index.html [1ms]
2023-09-29 08:23:10.085 [info] > git cat-file -s 3f668af62aa01750e09b761e477d2e10ed1c698c [3ms]
2023-09-29 08:23:10.109 [info] > git show --textconv :index.html [2ms]
2023-09-29 08:23:55.407 [info] > git config --local branch.master.github-pr-owner-number [1ms]
2023-09-29 08:23:55.421 [info] > git config --get commit.template [6ms]
2023-09-29 08:23:55.423 [info] > git for-each-ref --format=%(refname)%00%(upstream:short)%00%(objectname)%00%(upstream:track)%00%(upstream:remotename)%00%(upstream:remoteref) refs/heads/master refs/remotes/master [1ms]
2023-09-29 08:23:55.429 [info] > git status -z -uall [1ms]
2023-09-29 08:28:55.440 [info] > git config --local branch.master.github-pr-owner-number [1ms]
2023-09-29 08:28:55.457 [info] > git config --get commit.template [10ms]
2023-09-29 08:28:55.458 [info] > git for-each-ref --format=%(refname)%00%(upstream:short)%00%(objectname)%00%(upstream:track)%00%(upstream:remotename)%00%(upstream:remoteref) refs/heads/master refs/remotes/master [2ms]
2023-09-29 08:28:55.469 [info] > git status -z -uall [2ms]
2023-09-29 08:29:39.213 [info] > git fetch [353ms]
2023-09-29 08:29:39.229 [info] > git config --get commit.template [7ms]
2023-09-29 08:29:39.231 [info] > git for-each-ref --format=%(refname)%00%(upstream:short)%00%(objectname)%00%(upstream:track)%00%(upstream:remotename)%00%(upstream:remoteref) refs/heads/master refs/remotes/master [2ms]
2023-09-29 08:29:39.240 [info] > git status -z -uall [2ms]
2023-09-29 08:29:40.372 [info] > git config --get commit.template [13ms]
2023-09-29 08:29:40.373 [info] > git for-each-ref --format=%(refname)%00%(upstream:short)%00%(objectname)%00%(upstream:track)%00%(upstream:remotename)%00%(upstream:remoteref) refs/heads/master refs/remotes/master [2ms]
2023-09-29 08:29:40.382 [info] > git status -z -uall [2ms]
2023-09-29 08:29:40.471 [info] > git ls-files --stage -- /workspace/mijn-website/index.html [1ms]
2023-09-29 08:29:40.480 [info] > git cat-file -s 3f668af62aa01750e09b761e477d2e10ed1c698c [2ms]
2023-09-29 08:29:40.501 [info] > git show --textconv :index.html [1ms]
2023-09-29 08:30:04.249 [info] > git check-ignore -v -z --stdin [1ms]
2023-09-29 08:30:04.793 [info] > git config --get commit.template [9ms]
2023-09-29 08:30:04.794 [info] > git for-each-ref --format=%(refname)%00%(upstream:short)%00%(objectname)%00%(upstream:track)%00%(upstream:remotename)%00%(upstream:remoteref) refs/heads/master refs/remotes/master [2ms]
2023-09-29 08:30:04.806 [info] > git status -z -uall [1ms]
2023-09-29 08:30:31.034 [info] > git config --get commit.template [8ms]
2023-09-29 08:30:31.035 [info] > git for-each-ref --format=%(refname)%00%(upstream:short)%00%(objectname)%00%(upstream:track)%00%(upstream:remotename)%00%(upstream:remoteref) refs/heads/master refs/remotes/master [1ms]
2023-09-29 08:30:31.042 [info] > git status -z -uall [2ms]
2023-09-29 08:30:36.061 [info] > git config --get commit.template [8ms]
2023-09-29 08:30:36.062 [info] > git for-each-ref --format=%(refname)%00%(upstream:short)%00%(objectname)%00%(upstream:track)%00%(upstream:remotename)%00%(upstream:remoteref) refs/heads/master refs/remotes/master [1ms]
2023-09-29 08:30:36.072 [info] > git status -z -uall [1ms]
2023-09-29 08:30:48.308 [info] > git config --get commit.template [8ms]
2023-09-29 08:30:48.309 [info] > git for-each-ref --format=%(refname)%00%(upstream:short)%00%(objectname)%00%(upstream:track)%00%(upstream:remotename)%00%(upstream:remoteref) refs/heads/master refs/remotes/master [1ms]
2023-09-29 08:30:48.316 [info] > git status -z -uall [1ms]
2023-09-29 08:30:59.100 [info] > git config --get commit.template [10ms]
2023-09-29 08:30:59.100 [info] > git for-each-ref --format=%(refname)%00%(upstream:short)%00%(objectname)%00%(upstream:track)%00%(upstream:remotename)%00%(upstream:remoteref) refs/heads/master refs/remotes/master [1ms]
2023-09-29 08:30:59.112 [info] > git status -z -uall [2ms]
2023-09-29 08:32:51.360 [info] > git config --get commit.template [26ms]
2023-09-29 08:32:51.369 [info] > git for-each-ref --format=%(refname)%00%(upstream:short)%00%(objectname)%00%(upstream:track)%00%(upstream:remotename)%00%(upstream:remoteref) refs/heads/master refs/remotes/master [10ms]
2023-09-29 08:32:51.398 [info] > git status -z -uall [3ms]
2023-09-29 08:32:51.735 [info] > git fetch [420ms]
2023-09-29 08:32:51.752 [info] > git config --get commit.template [9ms]
2023-09-29 08:32:51.753 [info] > git for-each-ref --format=%(refname)%00%(upstream:short)%00%(objectname)%00%(upstream:track)%00%(upstream:remotename)%00%(upstream:remoteref) refs/heads/master refs/remotes/master [2ms]
2023-09-29 08:32:51.764 [info] > git status -z -uall [2ms]
2023-09-29 08:32:52.990 [info] > git ls-files --stage -- /workspace/mijn-website/index.html [2ms]
2023-09-29 08:32:52.999 [info] > git cat-file -s 3f668af62aa01750e09b761e477d2e10ed1c698c [1ms]
2023-09-29 08:32:53.022 [info] > git show --textconv :index.html [1ms]
2023-09-29 08:32:56.418 [info] > git config --get commit.template [7ms]
2023-09-29 08:32:56.420 [info] > git for-each-ref --format=%(refname)%00%(upstream:short)%00%(objectname)%00%(upstream:track)%00%(upstream:remotename)%00%(upstream:remoteref) refs/heads/master refs/remotes/master [1ms]
2023-09-29 08:32:56.427 [info] > git status -z -uall [2ms]
2023-09-29 08:33:55.484 [info] > git config --local branch.master.github-pr-owner-number [2ms]
2023-09-29 08:33:55.503 [info] > git config --get commit.template [11ms]
2023-09-29 08:33:55.504 [info] > git for-each-ref --format=%(refname)%00%(upstream:short)%00%(objectname)%00%(upstream:track)%00%(upstream:remotename)%00%(upstream:remoteref) refs/heads/master refs/remotes/master [2ms]
2023-09-29 08:33:55.514 [info] > git status -z -uall [2ms]
2023-09-29 08:34:26.450 [info] > git config --get commit.template [2ms]
2023-09-29 08:34:26.458 [info] > git for-each-ref --format=%(refname)%00%(upstream:short)%00%(objectname)%00%(upstream:track)%00%(upstream:remotename)%00%(upstream:remoteref) refs/heads/master refs/remotes/master [1ms]
2023-09-29 08:34:26.466 [info] > git status -z -uall [1ms]
2023-09-29 08:38:09.621 [info] > git fetch [336ms]
2023-09-29 08:38:09.636 [info] > git config --get commit.template [7ms]
2023-09-29 08:38:09.637 [info] > git for-each-ref --format=%(refname)%00%(upstream:short)%00%(objectname)%00%(upstream:track)%00%(upstream:remotename)%00%(upstream:remoteref) refs/heads/master refs/remotes/master [2ms]
2023-09-29 08:38:09.644 [info] > git status -z -uall [2ms]
2023-09-29 08:38:11.821 [info] > git config --get commit.template [11ms]
2023-09-29 08:38:11.832 [info] > git for-each-ref --format=%(refname)%00%(upstream:short)%00%(objectname)%00%(upstream:track)%00%(upstream:remotename)%00%(upstream:remoteref) refs/heads/master refs/remotes/master [11ms]
2023-09-29 08:38:11.840 [info] > git ls-files --stage -- /workspace/mijn-website/index.html [9ms]
2023-09-29 08:38:11.848 [info] > git status -z -uall [8ms]
2023-09-29 08:38:11.851 [info] > git cat-file -s 3f668af62aa01750e09b761e477d2e10ed1c698c [3ms]
2023-09-29 08:38:11.872 [info] > git show --textconv :index.html [1ms]
2023-09-29 08:38:55.527 [info] > git config --local branch.master.github-pr-owner-number [1ms]
2023-09-29 08:38:55.541 [info] > git config --get commit.template [7ms]
2023-09-29 08:38:55.542 [info] > git for-each-ref --format=%(refname)%00%(upstream:short)%00%(objectname)%00%(upstream:track)%00%(upstream:remotename)%00%(upstream:remoteref) refs/heads/master refs/remotes/master [1ms]
2023-09-29 08:38:55.550 [info] > git status -z -uall [2ms]
2023-09-29 08:40:59.799 [info] > git config --get commit.template [7ms]
2023-09-29 08:40:59.800 [info] > git for-each-ref --format=%(refname)%00%(upstream:short)%00%(objectname)%00%(upstream:track)%00%(upstream:remotename)%00%(upstream:remoteref) refs/heads/master refs/remotes/master [1ms]
2023-09-29 08:40:59.810 [info] > git status -z -uall [2ms]
2023-09-29 08:41:04.829 [info] > git config --get commit.template [8ms]
2023-09-29 08:41:04.830 [info] > git for-each-ref --format=%(refname)%00%(upstream:short)%00%(objectname)%00%(upstream:track)%00%(upstream:remotename)%00%(upstream:remoteref) refs/heads/master refs/remotes/master [2ms]
2023-09-29 08:41:04.837 [info] > git status -z -uall [1ms]
2023-09-29 08:41:09.994 [info] > git fetch [341ms]
2023-09-29 08:41:10.008 [info] > git config --get commit.template [7ms]
2023-09-29 08:41:10.009 [info] > git for-each-ref --format=%(refname)%00%(upstream:short)%00%(objectname)%00%(upstream:track)%00%(upstream:remotename)%00%(upstream:remoteref) refs/heads/master refs/remotes/master [1ms]
2023-09-29 08:41:10.017 [info] > git status -z -uall [2ms]
2023-09-29 08:41:11.154 [info] > git config --get commit.template [10ms]
2023-09-29 08:41:11.155 [info] > git for-each-ref --format=%(refname)%00%(upstream:short)%00%(objectname)%00%(upstream:track)%00%(upstream:remotename)%00%(upstream:remoteref) refs/heads/master refs/remotes/master [1ms]
2023-09-29 08:41:11.165 [info] > git status -z -uall [2ms]
2023-09-29 08:41:11.302 [info] > git ls-files --stage -- /workspace/mijn-website/index.html [2ms]
2023-09-29 08:41:11.311 [info] > git cat-file -s 3f668af62aa01750e09b761e477d2e10ed1c698c [1ms]
2023-09-29 08:41:11.345 [info] > git show --textconv :index.html [2ms]
2023-09-29 08:43:55.561 [info] > git config --local branch.master.github-pr-owner-number [1ms]
2023-09-29 08:43:55.578 [info] > git config --get commit.template [10ms]
2023-09-29 08:43:55.579 [info] > git for-each-ref --format=%(refname)%00%(upstream:short)%00%(objectname)%00%(upstream:track)%00%(upstream:remotename)%00%(upstream:remoteref) refs/heads/master refs/remotes/master [2ms]
2023-09-29 08:43:55.590 [info] > git status -z -uall [2ms]
2023-09-29 08:47:05.260 [info] > git fetch [331ms]
2023-09-29 08:47:05.275 [info] > git config --get commit.template [7ms]
2023-09-29 08:47:05.276 [info] > git for-each-ref --format=%(refname)%00%(upstream:short)%00%(objectname)%00%(upstream:track)%00%(upstream:remotename)%00%(upstream:remoteref) refs/heads/master refs/remotes/master [1ms]
2023-09-29 08:47:05.284 [info] > git status -z -uall [1ms]
2023-09-29 08:47:38.743 [info] > git config --get commit.template [9ms]
2023-09-29 08:47:38.744 [info] > git for-each-ref --format=%(refname)%00%(upstream:short)%00%(objectname)%00%(upstream:track)%00%(upstream:remotename)%00%(upstream:remoteref) refs/heads/master refs/remotes/master [1ms]
2023-09-29 08:47:38.753 [info] > git status -z -uall [1ms]
2023-09-29 08:47:38.794 [info] > git ls-files --stage -- /workspace/mijn-website/index.html [1ms]
2023-09-29 08:47:38.803 [info] > git cat-file -s 3f668af62aa01750e09b761e477d2e10ed1c698c [2ms]
2023-09-29 08:47:38.828 [info] > git show --textconv :index.html [1ms]
2023-09-29 08:47:41.268 [info] > git show --textconv :style.css [9ms]
2023-09-29 08:47:41.270 [info] > git ls-files --stage -- /workspace/mijn-website/style.css [3ms]
2023-09-29 08:47:41.280 [info] > git cat-file -s a00f316f3a0d63f3e2f7e0f53471b61c4f8ec189 [2ms]
2023-09-29 08:48:55.601 [info] > git config --local branch.master.github-pr-owner-number [1ms]
2023-09-29 08:48:55.619 [info] > git config --get commit.template [9ms]
2023-09-29 08:48:55.620 [info] > git for-each-ref --format=%(refname)%00%(upstream:short)%00%(objectname)%00%(upstream:track)%00%(upstream:remotename)%00%(upstream:remoteref) refs/heads/master refs/remotes/master [3ms]
2023-09-29 08:48:55.629 [info] > git status -z -uall [2ms]
2023-09-29 08:50:03.471 [info] > git config --get commit.template [8ms]
2023-09-29 08:50:03.471 [info] > git for-each-ref --format=%(refname)%00%(upstream:short)%00%(objectname)%00%(upstream:track)%00%(upstream:remotename)%00%(upstream:remoteref) refs/heads/master refs/remotes/master [1ms]
2023-09-29 08:50:03.479 [info] > git status -z -uall [2ms]
2023-09-29 08:50:05.635 [info] > git fetch [341ms]
2023-09-29 08:50:05.652 [info] > git config --get commit.template [8ms]
2023-09-29 08:50:05.653 [info] > git for-each-ref --format=%(refname)%00%(upstream:short)%00%(objectname)%00%(upstream:track)%00%(upstream:remotename)%00%(upstream:remoteref) refs/heads/master refs/remotes/master [1ms]
2023-09-29 08:50:05.662 [info] > git status -z -uall [2ms]
2023-09-29 08:50:06.899 [info] > git ls-files --stage -- /workspace/mijn-website/index.html [8ms]
2023-09-29 08:50:06.907 [info] > git ls-files --stage -- /workspace/mijn-website/style.css [9ms]
2023-09-29 08:50:06.915 [info] > git cat-file -s 3f668af62aa01750e09b761e477d2e10ed1c698c [8ms]
2023-09-29 08:50:06.916 [info] > git cat-file -s a00f316f3a0d63f3e2f7e0f53471b61c4f8ec189 [2ms]
2023-09-29 08:50:06.942 [info] > git show --textconv :index.html [7ms]
2023-09-29 08:50:06.943 [info] > git show --textconv :style.css [1ms]
2023-09-29 08:50:08.502 [info] > git config --get commit.template [12ms]
2023-09-29 08:50:08.502 [info] > git for-each-ref --format=%(refname)%00%(upstream:short)%00%(objectname)%00%(upstream:track)%00%(upstream:remotename)%00%(upstream:remoteref) refs/heads/master refs/remotes/master [1ms]
2023-09-29 08:50:08.512 [info] > git status -z -uall [1ms]
2023-09-29 08:50:24.147 [info] > git config --get commit.template [10ms]
2023-09-29 08:50:24.148 [info] > git for-each-ref --format=%(refname)%00%(upstream:short)%00%(objectname)%00%(upstream:track)%00%(upstream:remotename)%00%(upstream:remoteref) refs/heads/master refs/remotes/master [2ms]
2023-09-29 08:50:24.157 [info] > git status -z -uall [2ms]
2023-09-29 08:50:29.180 [info] > git config --get commit.template [11ms]
2023-09-29 08:50:29.180 [info] > git for-each-ref --format=%(refname)%00%(upstream:short)%00%(objectname)%00%(upstream:track)%00%(upstream:remotename)%00%(upstream:remoteref) refs/heads/master refs/remotes/master [1ms]
2023-09-29 08:50:29.190 [info] > git status -z -uall [2ms]
2023-09-29 08:50:37.265 [info] > git config --get commit.template [7ms]
2023-09-29 08:50:37.265 [info] > git for-each-ref --format=%(refname)%00%(upstream:short)%00%(objectname)%00%(upstream:track)%00%(upstream:remotename)%00%(upstream:remoteref) refs/heads/master refs/remotes/master [1ms]
2023-09-29 08:50:37.273 [info] > git status -z -uall [1ms]
2023-09-29 08:50:44.190 [info] > git config --get commit.template [12ms]
2023-09-29 08:50:44.190 [info] > git for-each-ref --format=%(refname)%00%(upstream:short)%00%(objectname)%00%(upstream:track)%00%(upstream:remotename)%00%(upstream:remoteref) refs/heads/master refs/remotes/master [2ms]
2023-09-29 08:50:44.201 [info] > git status -z -uall [2ms]
2023-09-29 08:51:44.423 [info] > git config --get commit.template [8ms]
2023-09-29 08:51:44.424 [info] > git for-each-ref --format=%(refname)%00%(upstream:short)%00%(objectname)%00%(upstream:track)%00%(upstream:remotename)%00%(upstream:remoteref) refs/heads/master refs/remotes/master [1ms]
2023-09-29 08:51:44.432 [info] > git status -z -uall [1ms]
2023-09-29 08:51:49.454 [info] > git config --get commit.template [9ms]
2023-09-29 08:51:49.455 [info] > git for-each-ref --format=%(refname)%00%(upstream:short)%00%(objectname)%00%(upstream:track)%00%(upstream:remotename)%00%(upstream:remoteref) refs/heads/master refs/remotes/master [1ms]
2023-09-29 08:51:49.465 [info] > git status -z -uall [1ms]
2023-09-29 08:51:54.582 [info] > git config --get commit.template [7ms]
2023-09-29 08:51:54.583 [info] > git for-each-ref --format=%(refname)%00%(upstream:short)%00%(objectname)%00%(upstream:track)%00%(upstream:remotename)%00%(upstream:remoteref) refs/heads/master refs/remotes/master [1ms]
2023-09-29 08:51:54.590 [info] > git status -z -uall [1ms]
2023-09-29 08:51:59.608 [info] > git config --get commit.template [7ms]
2023-09-29 08:51:59.609 [info] > git for-each-ref --format=%(refname)%00%(upstream:short)%00%(objectname)%00%(upstream:track)%00%(upstream:remotename)%00%(upstream:remoteref) refs/heads/master refs/remotes/master [2ms]
2023-09-29 08:51:59.616 [info] > git status -z -uall [1ms]
2023-09-29 08:52:04.638 [info] > git config --get commit.template [10ms]
2023-09-29 08:52:04.639 [info] > git for-each-ref --format=%(refname)%00%(upstream:short)%00%(objectname)%00%(upstream:track)%00%(upstream:remotename)%00%(upstream:remoteref) refs/heads/master refs/remotes/master [2ms]
2023-09-29 08:52:04.648 [info] > git status -z -uall [2ms]
2023-09-29 08:52:09.669 [info] > git config --get commit.template [9ms]
2023-09-29 08:52:09.670 [info] > git for-each-ref --format=%(refname)%00%(upstream:short)%00%(objectname)%00%(upstream:track)%00%(upstream:remotename)%00%(upstream:remoteref) refs/heads/master refs/remotes/master [2ms]
2023-09-29 08:52:09.678 [info] > git status -z -uall [1ms]
2023-09-29 08:52:20.007 [info] > git config --get commit.template [10ms]
2023-09-29 08:52:20.008 [info] > git for-each-ref --format=%(refname)%00%(upstream:short)%00%(objectname)%00%(upstream:track)%00%(upstream:remotename)%00%(upstream:remoteref) refs/heads/master refs/remotes/master [2ms]
2023-09-29 08:52:20.019 [info] > git status -z -uall [2ms]
2023-09-29 08:52:25.042 [info] > git config --get commit.template [10ms]
2023-09-29 08:52:25.043 [info] > git for-each-ref --format=%(refname)%00%(upstream:short)%00%(objectname)%00%(upstream:track)%00%(upstream:remotename)%00%(upstream:remoteref) refs/heads/master refs/remotes/master [2ms]
2023-09-29 08:52:25.054 [info] > git status -z -uall [2ms]
2023-09-29 08:52:30.066 [info] > git config --get commit.template [2ms]
2023-09-29 08:52:30.074 [info] > git for-each-ref --format=%(refname)%00%(upstream:short)%00%(objectname)%00%(upstream:track)%00%(upstream:remotename)%00%(upstream:remoteref) refs/heads/master refs/remotes/master [1ms]
2023-09-29 08:52:30.084 [info] > git status -z -uall [2ms]
2023-09-29 08:53:53.118 [info] > git config --get commit.template [10ms]
2023-09-29 08:53:53.119 [info] > git for-each-ref --format=%(refname)%00%(upstream:short)%00%(objectname)%00%(upstream:track)%00%(upstream:remotename)%00%(upstream:remoteref) refs/heads/master refs/remotes/master [2ms]
2023-09-29 08:53:53.128 [info] > git status -z -uall [2ms]
2023-09-29 08:53:53.447 [info] > git fetch [350ms]
2023-09-29 08:53:53.463 [info] > git config --get commit.template [8ms]
2023-09-29 08:53:53.464 [info] > git for-each-ref --format=%(refname)%00%(upstream:short)%00%(objectname)%00%(upstream:track)%00%(upstream:remotename)%00%(upstream:remoteref) refs/heads/master refs/remotes/master [2ms]
2023-09-29 08:53:53.471 [info] > git status -z -uall [2ms]
2023-09-29 08:53:54.716 [info] > git ls-files --stage -- /workspace/mijn-website/index.html [11ms]
2023-09-29 08:53:54.726 [info] > git ls-files --stage -- /workspace/mijn-website/style.css [10ms]
2023-09-29 08:53:54.734 [info] > git cat-file -s 3f668af62aa01750e09b761e477d2e10ed1c698c [9ms]
2023-09-29 08:53:54.735 [info] > git cat-file -s a00f316f3a0d63f3e2f7e0f53471b61c4f8ec189 [2ms]
2023-09-29 08:53:54.766 [info] > git show --textconv :index.html [10ms]
2023-09-29 08:53:54.767 [info] > git show --textconv :style.css [1ms]
2023-09-29 08:53:55.642 [info] > git config --local branch.master.github-pr-owner-number [1ms]
2023-09-29 08:53:55.660 [info] > git config --get commit.template [10ms]
2023-09-29 08:53:55.660 [info] > git for-each-ref --format=%(refname)%00%(upstream:short)%00%(objectname)%00%(upstream:track)%00%(upstream:remotename)%00%(upstream:remoteref) refs/heads/master refs/remotes/master [1ms]
2023-09-29 08:53:55.670 [info] > git status -z -uall [2ms]
2023-09-29 08:53:58.147 [info] > git config --get commit.template [7ms]
2023-09-29 08:53:58.148 [info] > git for-each-ref --format=%(refname)%00%(upstream:short)%00%(objectname)%00%(upstream:track)%00%(upstream:remotename)%00%(upstream:remoteref) refs/heads/master refs/remotes/master [1ms]
2023-09-29 08:53:58.156 [info] > git status -z -uall [1ms]
2023-09-29 08:54:11.610 [info] > git check-ignore -v -z --stdin [1ms]
2023-09-29 08:54:12.156 [info] > git config --get commit.template [7ms]
2023-09-29 08:54:12.158 [info] > git for-each-ref --format=%(refname)%00%(upstream:short)%00%(objectname)%00%(upstream:track)%00%(upstream:remotename)%00%(upstream:remoteref) refs/heads/master refs/remotes/master [1ms]
2023-09-29 08:54:12.165 [info] > git status -z -uall [1ms]
2023-09-29 08:56:58.370 [info] > git fetch [337ms]
2023-09-29 08:56:58.388 [info] > git config --get commit.template [9ms]
2023-09-29 08:56:58.388 [info] > git for-each-ref --format=%(refname)%00%(upstream:short)%00%(objectname)%00%(upstream:track)%00%(upstream:remotename)%00%(upstream:remoteref) refs/heads/master refs/remotes/master [1ms]
2023-09-29 08:56:58.398 [info] > git status -z -uall [2ms]
2023-09-29 08:56:59.520 [info] > git config --get commit.template [7ms]
2023-09-29 08:56:59.521 [info] > git for-each-ref --format=%(refname)%00%(upstream:short)%00%(objectname)%00%(upstream:track)%00%(upstream:remotename)%00%(upstream:remoteref) refs/heads/master refs/remotes/master [1ms]
2023-09-29 08:56:59.531 [info] > git status -z -uall [2ms]
2023-09-29 08:56:59.636 [info] > git ls-files --stage -- /workspace/mijn-website/style.css [2ms]
2023-09-29 08:56:59.645 [info] > git ls-files --stage -- /workspace/mijn-website/index.html [19ms]
2023-09-29 08:56:59.654 [info] > git cat-file -s a00f316f3a0d63f3e2f7e0f53471b61c4f8ec189 [10ms]
2023-09-29 08:56:59.655 [info] > git cat-file -s 3f668af62aa01750e09b761e477d2e10ed1c698c [1ms]
2023-09-29 08:56:59.699 [info] > git show --textconv :style.css [11ms]
2023-09-29 08:56:59.701 [info] > git show --textconv :index.html [3ms]
2023-09-29 08:57:52.604 [info] > git config --get commit.template [14ms]
2023-09-29 08:57:52.604 [info] > git for-each-ref --format=%(refname)%00%(upstream:short)%00%(objectname)%00%(upstream:track)%00%(upstream:remotename)%00%(upstream:remoteref) refs/heads/master refs/remotes/master [2ms]
2023-09-29 08:57:52.618 [info] > git status -z -uall [2ms]
2023-09-29 08:57:57.639 [info] > git config --get commit.template [9ms]
2023-09-29 08:57:57.640 [info] > git for-each-ref --format=%(refname)%00%(upstream:short)%00%(objectname)%00%(upstream:track)%00%(upstream:remotename)%00%(upstream:remoteref) refs/heads/master refs/remotes/master [2ms]
2023-09-29 08:57:57.648 [info] > git status -z -uall [2ms]
2023-09-29 08:58:02.668 [info] > git config --get commit.template [10ms]
2023-09-29 08:58:02.669 [info] > git for-each-ref --format=%(refname)%00%(upstream:short)%00%(objectname)%00%(upstream:track)%00%(upstream:remotename)%00%(upstream:remoteref) refs/heads/master refs/remotes/master [2ms]
2023-09-29 08:58:02.680 [info] > git status -z -uall [2ms]
2023-09-29 08:58:07.702 [info] > git config --get commit.template [10ms]
2023-09-29 08:58:07.703 [info] > git for-each-ref --format=%(refname)%00%(upstream:short)%00%(objectname)%00%(upstream:track)%00%(upstream:remotename)%00%(upstream:remoteref) refs/heads/master refs/remotes/master [1ms]
2023-09-29 08:58:07.712 [info] > git status -z -uall [2ms]
2023-09-29 08:58:12.730 [info] > git config --get commit.template [7ms]
2023-09-29 08:58:12.731 [info] > git for-each-ref --format=%(refname)%00%(upstream:short)%00%(objectname)%00%(upstream:track)%00%(upstream:remotename)%00%(upstream:remoteref) refs/heads/master refs/remotes/master [2ms]
2023-09-29 08:58:12.738 [info] > git status -z -uall [1ms]
2023-09-29 08:58:17.756 [info] > git config --get commit.template [7ms]
2023-09-29 08:58:17.757 [info] > git for-each-ref --format=%(refname)%00%(upstream:short)%00%(objectname)%00%(upstream:track)%00%(upstream:remotename)%00%(upstream:remoteref) refs/heads/master refs/remotes/master [2ms]
2023-09-29 08:58:17.767 [info] > git status -z -uall [2ms]
2023-09-29 08:58:55.680 [info] > git config --local branch.master.github-pr-owner-number [1ms]
2023-09-29 08:58:55.694 [info] > git config --get commit.template [7ms]
2023-09-29 08:58:55.695 [info] > git for-each-ref --format=%(refname)%00%(upstream:short)%00%(objectname)%00%(upstream:track)%00%(upstream:remotename)%00%(upstream:remoteref) refs/heads/master refs/remotes/master [2ms]
2023-09-29 08:58:55.704 [info] > git status -z -uall [2ms]
2023-09-29 08:59:06.228 [info] > git config --get commit.template [7ms]
2023-09-29 08:59:06.229 [info] > git for-each-ref --format=%(refname)%00%(upstream:short)%00%(objectname)%00%(upstream:track)%00%(upstream:remotename)%00%(upstream:remoteref) refs/heads/master refs/remotes/master [1ms]
2023-09-29 08:59:06.237 [info] > git status -z -uall [2ms]
2023-09-29 08:59:11.258 [info] > git config --get commit.template [9ms]
2023-09-29 08:59:11.259 [info] > git for-each-ref --format=%(refname)%00%(upstream:short)%00%(objectname)%00%(upstream:track)%00%(upstream:remotename)%00%(upstream:remoteref) refs/heads/master refs/remotes/master [2ms]
2023-09-29 08:59:11.268 [info] > git status -z -uall [2ms]
2023-09-29 08:59:16.281 [info] > git config --get commit.template [2ms]
2023-09-29 08:59:16.291 [info] > git for-each-ref --format=%(refname)%00%(upstream:short)%00%(objectname)%00%(upstream:track)%00%(upstream:remotename)%00%(upstream:remoteref) refs/heads/master refs/remotes/master [2ms]
2023-09-29 08:59:16.300 [info] > git status -z -uall [1ms]
2023-09-29 09:00:03.317 [info] > git config --get commit.template [7ms]
2023-09-29 09:00:03.317 [info] > git for-each-ref --format=%(refname)%00%(upstream:short)%00%(objectname)%00%(upstream:track)%00%(upstream:remotename)%00%(upstream:remoteref) refs/heads/master refs/remotes/master [1ms]
2023-09-29 09:00:03.325 [info] > git status -z -uall [2ms]
2023-09-29 09:00:04.025 [info] > git fetch [726ms]
2023-09-29 09:00:04.041 [info] > git config --get commit.template [8ms]
2023-09-29 09:00:04.041 [info] > git for-each-ref --format=%(refname)%00%(upstream:short)%00%(objectname)%00%(upstream:track)%00%(upstream:remotename)%00%(upstream:remoteref) refs/heads/master refs/remotes/master [1ms]
2023-09-29 09:00:04.049 [info] > git status -z -uall [2ms]
2023-09-29 09:00:05.240 [info] > git ls-files --stage -- /workspace/mijn-website/index.html [8ms]
2023-09-29 09:00:05.246 [info] > git ls-files --stage -- /workspace/mijn-website/style.css [6ms]
2023-09-29 09:00:05.253 [info] > git cat-file -s 3f668af62aa01750e09b761e477d2e10ed1c698c [7ms]
2023-09-29 09:00:05.254 [info] > git cat-file -s a00f316f3a0d63f3e2f7e0f53471b61c4f8ec189 [2ms]
2023-09-29 09:00:05.279 [info] > git show --textconv :index.html [7ms]
2023-09-29 09:00:05.280 [info] > git show --textconv :style.css [1ms]
2023-09-29 09:00:08.342 [info] > git config --get commit.template [7ms]
2023-09-29 09:00:08.343 [info] > git for-each-ref --format=%(refname)%00%(upstream:short)%00%(objectname)%00%(upstream:track)%00%(upstream:remotename)%00%(upstream:remoteref) refs/heads/master refs/remotes/master [2ms]
2023-09-29 09:00:08.351 [info] > git status -z -uall [2ms]
2023-09-29 09:00:10.523 [info] > git add -A -- . [15ms]
2023-09-29 09:00:10.539 [info] > git -c user.useConfigOnly=true commit --quiet --allow-empty-message --file - [7ms]
2023-09-29 09:00:10.550 [info] > git config --get commit.template [3ms]
2023-09-29 09:00:10.568 [info] > git config --get commit.template [10ms]
2023-09-29 09:00:10.569 [info] > git for-each-ref --format=%(refname)%00%(upstream:short)%00%(objectname)%00%(upstream:track)%00%(upstream:remotename)%00%(upstream:remoteref) refs/heads/master refs/remotes/master [1ms]
2023-09-29 09:00:10.579 [info] > git status -z -uall [1ms]
2023-09-29 09:00:10.625 [info] > git config --local branch.master.github-pr-owner-number [1ms]
2023-09-29 09:00:10.642 [info] > git config --get commit.template [10ms]
2023-09-29 09:00:10.651 [info] > git config --get commit.template [8ms]
2023-09-29 09:00:10.660 [info] > git for-each-ref --format=%(refname)%00%(upstream:short)%00%(objectname)%00%(upstream:track)%00%(upstream:remotename)%00%(upstream:remoteref) refs/heads/master refs/remotes/master [10ms]
2023-09-29 09:00:10.661 [info] > git for-each-ref --format=%(refname)%00%(upstream:short)%00%(objectname)%00%(upstream:track)%00%(upstream:remotename)%00%(upstream:remoteref) refs/heads/master refs/remotes/master [2ms]
2023-09-29 09:00:10.670 [info] > git status -z -uall [1ms]
2023-09-29 09:00:11.813 [info] > git ls-files --stage -- /workspace/mijn-website/index.html [10ms]
2023-09-29 09:00:11.820 [info] > git ls-files --stage -- /workspace/mijn-website/style.css [8ms]
2023-09-29 09:00:11.826 [info] > git cat-file -s c4655f987f21fb0d233a39880ad0a000ceb4b7d6 [7ms]
2023-09-29 09:00:11.827 [info] > git cat-file -s 2ad9a078d0f7cb195d8f67a55a43696b4469fca2 [1ms]
2023-09-29 09:00:11.850 [info] > git show --textconv :index.html [6ms]
2023-09-29 09:00:11.851 [info] > git show --textconv :style.css [1ms]
2023-09-29 09:00:13.370 [info] > git config --get commit.template [10ms]
2023-09-29 09:00:13.371 [info] > git for-each-ref --format=%(refname)%00%(upstream:short)%00%(objectname)%00%(upstream:track)%00%(upstream:remotename)%00%(upstream:remoteref) refs/heads/master refs/remotes/master [1ms]
2023-09-29 09:00:13.379 [info] > git status -z -uall [1ms]
