2023-10-24 09:21:32.039 [info] Log level: Info
2023-10-24 09:21:32.053 [info] VSCODE_MACHINE_ID: be5dec83-6b9b-4879-a395-24e528256eb9
2023-10-24 09:21:32.053 [info] VSCODE_SESSION_ID: 3c49490c-b5a3-4b00-bd60-2bf0090b097b1698139288583
2023-10-24 09:21:32.053 [info] VSCODE_VERSION: 1.83.1
2023-10-24 09:21:32.053 [info] VSCODE_APP_NAME: Gitpod Code
2023-10-24 09:21:32.053 [info] VSCODE_APP_HOST: Gitpod
2023-10-24 09:21:32.053 [info] VSCODE_UI_KIND: web
2023-10-24 09:21:32.053 [info] GITPOD_WORKSPACE_CONTEXT_URL: https://github.com/timmeb1/mijn-website.git
2023-10-24 09:21:32.053 [info] GITPOD_INSTANCE_ID: e7160406-a00e-4d14-9b1c-9badfad3d9e9
2023-10-24 09:21:32.053 [info] GITPOD_WORKSPACE_URL: https://timmeb1-mijnwebsite-wh2jp5oijgu.ws-eu105.gitpod.io
2023-10-24 09:21:32.060 [info] Gitpod Web 49bb715
2023-10-24 09:21:32.060 [info] Reading sessions from keychain...
2023-10-24 09:21:32.182 [info] Getting sessions for all scopes...
2023-10-24 09:21:32.183 [info] Getting GitHub sessions for all scopes...
2023-10-24 09:21:32.183 [info] Got stored sessions!
2023-10-24 09:21:32.315 [info] Getting GitHub sessions for all scopes...
2023-10-24 09:21:32.321 [info] Getting sessions for function:accessCodeSyncStorage...
2023-10-24 09:21:32.455 [info] Verified session with the following scopes: function:accessCodeSyncStorage function:closePort function:controlAdmission function:deleteEnvVar function:generateNewGitpodToken function:getDefaultWorkspaceImage function:getEnvVars function:getGitpodTokenScopes function:getIDToken function:getLoggedInUser function:getOpenPorts function:getSupportedWorkspaceClasses function:getTeams function:getToken function:getWorkspace function:getWorkspaceEnvVars function:getWorkspaceOwner function:getWorkspaceTimeout function:getWorkspaceUsers function:guessGitTokenScopes function:isWorkspaceOwner function:openPort function:sendHeartBeat function:setEnvVar function:setWorkspaceTimeout function:stopWorkspace function:takeSnapshot function:trackEvent function:updateGitStatus function:waitForSnapshot resource:contentBlob::*::create/get resource:envVar::TimmeB1/mijn-website::create/get/update/delete resource:gitpodToken::*::create resource:snapshot::ws-timmeb1-mijnwebsite-wh2jp5oijgu::create resource:token::*::get resource:userStorage::*::create/get/update resource:workspace::timmeb1-mijnwebsite-wh2jp5oijgu::get/update resource:workspaceInstance::e7160406-a00e-4d14-9b1c-9badfad3d9e9::get/update/delete
2023-10-24 09:21:32.455 [info] Got 1 verified sessions.
2023-10-24 09:21:32.456 [info] Got 1 sessions for all scopes...
2023-10-24 09:21:32.456 [info] Got 1 sessions for function:accessCodeSyncStorage...
2023-10-24 09:21:32.465 [info] Getting GitHub sessions for read:user,repo,user:email,workflow...
2023-10-24 09:21:32.481 [info] Getting sessions for all scopes...
2023-10-24 09:21:32.481 [info] Got 1 sessions for all scopes...
2023-10-24 09:21:32.669 [info] Got 1 GitHub sessions for all scopes...
2023-10-24 09:21:32.670 [info] Got 1 GitHub sessions for all scopes...
2023-10-24 09:21:32.670 [info] Got 1 GitHub sessions for read:user,repo,user:email,workflow...
2023-10-24 09:21:32.744 [info] Getting GitHub sessions for all scopes...
2023-10-24 09:21:32.744 [info] Got 1 GitHub sessions for all scopes...
2023-10-24 09:21:32.764 [info] Getting GitHub sessions for read:user,repo,user:email,workflow...
2023-10-24 09:21:32.764 [info] Got 1 GitHub sessions for read:user,repo,user:email,workflow...
2023-10-24 09:21:33.082 [info] Getting GitHub sessions for read:user,repo,user:email,workflow...
2023-10-24 09:21:33.082 [info] Got 1 GitHub sessions for read:user,repo,user:email,workflow...
