2023-10-03 10:25:49.360 [info] Log level: Info
2023-10-03 10:25:49.360 [info] VSCODE_MACHINE_ID: 9575308b-11c9-45ed-a8c9-0eed833a274c
2023-10-03 10:25:49.360 [info] VSCODE_SESSION_ID: 37f5603f-c401-48bd-948f-7cbd0a166e701696328747612
2023-10-03 10:25:49.360 [info] VSCODE_VERSION: 1.82.2
2023-10-03 10:25:49.360 [info] VSCODE_APP_NAME: Gitpod Code
2023-10-03 10:25:49.360 [info] VSCODE_APP_HOST: Gitpod
2023-10-03 10:25:49.360 [info] VSCODE_UI_KIND: web
2023-10-03 10:25:49.360 [info] GITPOD_WORKSPACE_CONTEXT_URL: https://github.com/timmeb1/mijn-website.git
2023-10-03 10:25:49.360 [info] GITPOD_INSTANCE_ID: a6778990-d408-44e6-8cae-2a15ad62906f
2023-10-03 10:25:49.360 [info] GITPOD_WORKSPACE_URL: https://timmeb1-mijnwebsite-wh2jp5oijgu.ws-eu105.gitpod.io
2023-10-03 10:25:49.360 [info] Gitpod Web 1de61b5
2023-10-03 10:25:49.360 [info] Reading sessions from keychain...
2023-10-03 10:25:49.391 [info] Getting sessions for all scopes...
2023-10-03 10:25:49.391 [info] Getting GitHub sessions for all scopes...
2023-10-03 10:25:49.391 [info] Getting sessions for function:accessCodeSyncStorage...
2023-10-03 10:25:49.392 [info] Got stored sessions!
2023-10-03 10:25:49.544 [info] Getting GitHub sessions for all scopes...
2023-10-03 10:25:49.797 [info] Verified session with the following scopes: function:accessCodeSyncStorage function:closePort function:controlAdmission function:deleteEnvVar function:generateNewGitpodToken function:getDefaultWorkspaceImage function:getEnvVars function:getGitpodTokenScopes function:getIDToken function:getLoggedInUser function:getOpenPorts function:getSupportedWorkspaceClasses function:getTeams function:getToken function:getWorkspace function:getWorkspaceEnvVars function:getWorkspaceOwner function:getWorkspaceTimeout function:getWorkspaceUsers function:guessGitTokenScopes function:isWorkspaceOwner function:openPort function:sendHeartBeat function:setEnvVar function:setWorkspaceTimeout function:stopWorkspace function:takeSnapshot function:trackEvent function:updateGitStatus function:waitForSnapshot resource:contentBlob::*::create/get resource:envVar::TimmeB1/mijn-website::create/get/update/delete resource:gitpodToken::*::create resource:snapshot::ws-timmeb1-mijnwebsite-wh2jp5oijgu::create resource:token::*::get resource:userStorage::*::create/get/update resource:workspace::timmeb1-mijnwebsite-wh2jp5oijgu::get/update resource:workspaceInstance::a6778990-d408-44e6-8cae-2a15ad62906f::get/update/delete
2023-10-03 10:25:49.797 [info] Got 1 verified sessions.
2023-10-03 10:25:49.797 [info] Got 1 sessions for all scopes...
2023-10-03 10:25:49.798 [info] Got 1 sessions for function:accessCodeSyncStorage...
2023-10-03 10:25:49.840 [info] Got 1 GitHub sessions for all scopes...
2023-10-03 10:25:49.840 [info] Got 1 GitHub sessions for all scopes...
2023-10-03 10:25:50.044 [info] Getting sessions for all scopes...
2023-10-03 10:25:50.044 [info] Got 1 sessions for all scopes...
2023-10-03 10:25:50.046 [info] Getting GitHub sessions for all scopes...
2023-10-03 10:25:50.046 [info] Got 1 GitHub sessions for all scopes...
2023-10-03 10:25:50.167 [info] Getting GitHub sessions for read:user,repo,user:email,workflow...
2023-10-03 10:25:50.167 [info] Got 0 GitHub sessions for read:user,repo,user:email,workflow...
2023-10-03 10:25:50.177 [info] Getting GitHub sessions for read:user,repo,user:email,workflow...
2023-10-03 10:25:50.177 [info] Got 0 GitHub sessions for read:user,repo,user:email,workflow...
2023-10-03 10:25:50.212 [info] Getting GitHub sessions for read:user,repo,user:email...
2023-10-03 10:25:50.212 [info] Got 0 GitHub sessions for read:user,repo,user:email...
