2023-09-26 09:54:44.711 [info] Log level: Info
2023-09-26 09:54:44.711 [info] Validating found git in: "git"
2023-09-26 09:54:44.711 [info] Using git "2.42.0" from "git"
2023-09-26 09:54:44.711 [info] > git rev-parse --show-toplevel [26ms]
2023-09-26 09:54:44.711 [info] > git rev-parse --git-dir --git-common-dir [142ms]
2023-09-26 09:54:44.711 [info] Open repository: /workspace/mijn-website
2023-09-26 09:54:44.813 [info] > git rev-parse --show-toplevel [65ms]
2023-09-26 09:54:44.819 [info] > git config --get commit.template [89ms]
2023-09-26 09:54:44.885 [info] > git for-each-ref --format=%(refname)%00%(upstream:short)%00%(objectname)%00%(upstream:track)%00%(upstream:remotename)%00%(upstream:remoteref) refs/heads/master refs/remotes/master [47ms]
2023-09-26 09:54:44.938 [info] > git status -z -uall [24ms]
2023-09-26 09:54:45.038 [info] > git config --get commit.template [18ms]
2023-09-26 09:54:45.067 [info] > git for-each-ref --format=%(refname)%00%(upstream:short)%00%(objectname)%00%(upstream:track)%00%(upstream:remotename)%00%(upstream:remoteref) refs/heads/master refs/remotes/master [11ms]
2023-09-26 09:54:45.104 [info] > git status -z -uall [21ms]
2023-09-26 09:54:45.343 [info] > git check-ignore -v -z --stdin [6ms]
2023-09-26 09:54:45.437 [info] > git config --local branch.master.github-pr-owner-number [2ms]
2023-09-26 09:54:45.501 [info] > git config --get commit.template [46ms]
2023-09-26 09:54:45.506 [info] > git for-each-ref --format=%(refname)%00%(upstream:short)%00%(objectname)%00%(upstream:track)%00%(upstream:remotename)%00%(upstream:remoteref) refs/heads/master refs/remotes/master [7ms]
2023-09-26 09:54:45.532 [info] > git status -z -uall [7ms]
2023-09-26 09:54:46.151 [info] > git show --textconv :wedstrijd.html [20ms]
2023-09-26 09:54:46.153 [info] > git ls-files --stage -- /workspace/mijn-website/wedstrijd.html [4ms]
2023-09-26 09:55:04.962 [info] > git show --textconv :spelers.html [48ms]
2023-09-26 09:55:04.963 [info] > git ls-files --stage -- /workspace/mijn-website/spelers.html [3ms]
2023-09-26 09:55:50.365 [info] > git show --textconv :index.html [21ms]
2023-09-26 09:55:50.367 [info] > git ls-files --stage -- /workspace/mijn-website/index.html [3ms]
2023-09-26 09:55:50.386 [info] > git cat-file -s 85e27382d88bed1cb0308dad246749e62bf3edb6 [3ms]
2023-09-26 09:55:52.219 [info] > git show --textconv :replit.nix [23ms]
2023-09-26 09:55:52.219 [info] > git ls-files --stage -- /workspace/mijn-website/replit.nix [5ms]
2023-09-26 09:55:52.242 [info] > git cat-file -s 82dea6f37a593785b9e8b4e1a36911405a151dc9 [3ms]
2023-09-26 09:57:05.199 [info] > git config --get commit.template [6ms]
2023-09-26 09:57:05.231 [info] > git for-each-ref --format=%(refname)%00%(upstream:short)%00%(objectname)%00%(upstream:track)%00%(upstream:remotename)%00%(upstream:remoteref) refs/heads/master refs/remotes/master [2ms]
2023-09-26 09:57:05.254 [info] > git status -z -uall [3ms]
