2023-09-26 09:51:30.942 [info] Log level: Info
2023-09-26 09:51:30.942 [info] Validating found git in: "git"
2023-09-26 09:51:30.942 [info] Using git "2.42.0" from "git"
2023-09-26 09:51:30.942 [info] > git rev-parse --show-toplevel [3ms]
2023-09-26 09:51:30.942 [info] > git rev-parse --git-dir --git-common-dir [4ms]
2023-09-26 09:51:30.942 [info] Open repository: /workspace/mijn-website
2023-09-26 09:51:30.942 [info] > git config --get commit.template [15ms]
2023-09-26 09:51:30.942 [info] > git rev-parse --show-toplevel [4ms]
2023-09-26 09:51:30.942 [info] > git for-each-ref --format=%(refname)%00%(upstream:short)%00%(objectname)%00%(upstream:track)%00%(upstream:remotename)%00%(upstream:remoteref) refs/heads/master refs/remotes/master [4ms]
2023-09-26 09:51:30.942 [info] > git status -z -uall [10ms]
2023-09-26 09:51:30.942 [info] > git config --get commit.template [7ms]
2023-09-26 09:51:30.942 [info] > git for-each-ref --format=%(refname)%00%(upstream:short)%00%(objectname)%00%(upstream:track)%00%(upstream:remotename)%00%(upstream:remoteref) refs/heads/master refs/remotes/master [46ms]
2023-09-26 09:51:30.948 [info] > git status -z -uall [8ms]
2023-09-26 09:51:31.338 [info] > git config --local branch.master.github-pr-owner-number [1ms]
2023-09-26 09:51:31.357 [info] > git config --get commit.template [3ms]
2023-09-26 09:51:31.380 [info] > git for-each-ref --format=%(refname)%00%(upstream:short)%00%(objectname)%00%(upstream:track)%00%(upstream:remotename)%00%(upstream:remoteref) refs/heads/master refs/remotes/master [6ms]
2023-09-26 09:51:31.411 [info] > git status -z -uall [4ms]
2023-09-26 09:51:31.470 [info] > git check-ignore -v -z --stdin [2ms]
2023-09-26 09:51:32.185 [info] > git show --textconv :info.html [17ms]
2023-09-26 09:51:32.186 [info] > git ls-files --stage -- /workspace/mijn-website/info.html [3ms]
2023-09-26 09:51:32.219 [info] > git cat-file -s 8f1f864cb474b3d3893b8d381f024265d1da0a0a [4ms]
2023-09-26 09:51:38.287 [info] > git show --textconv :overmij.html [20ms]
2023-09-26 09:51:38.289 [info] > git ls-files --stage -- /workspace/mijn-website/overmij.html [3ms]
2023-09-26 09:51:38.317 [info] > git cat-file -s bbdcb54e199ab68a4739083cef3ac26d83f45d72 [2ms]
2023-09-26 09:51:44.947 [info] > git config --get commit.template [7ms]
2023-09-26 09:51:44.970 [info] > git for-each-ref --format=%(refname)%00%(upstream:short)%00%(objectname)%00%(upstream:track)%00%(upstream:remotename)%00%(upstream:remoteref) refs/heads/master refs/remotes/master [3ms]
2023-09-26 09:51:45.000 [info] > git status -z -uall [13ms]
2023-09-26 09:52:02.809 [info] > git config --get commit.template [27ms]
2023-09-26 09:52:02.811 [info] > git for-each-ref --format=%(refname)%00%(upstream:short)%00%(objectname)%00%(upstream:track)%00%(upstream:remotename)%00%(upstream:remoteref) refs/heads/master refs/remotes/master [2ms]
2023-09-26 09:52:02.832 [info] > git status -z -uall [3ms]
2023-09-26 09:52:20.495 [info] > git config --get commit.template [4ms]
2023-09-26 09:52:20.527 [info] > git for-each-ref --format=%(refname)%00%(upstream:short)%00%(objectname)%00%(upstream:track)%00%(upstream:remotename)%00%(upstream:remoteref) refs/heads/master refs/remotes/master [1ms]
2023-09-26 09:52:20.548 [info] > git status -z -uall [3ms]
2023-09-26 09:52:42.434 [info] > git show --textconv :tro.html [20ms]
2023-09-26 09:52:42.436 [info] > git ls-files --stage -- /workspace/mijn-website/tro.html [2ms]
2023-09-26 09:52:42.679 [info] > git check-ignore -v -z --stdin [2ms]
2023-09-26 09:52:43.301 [info] > git config --get commit.template [64ms]
2023-09-26 09:52:43.309 [info] > git for-each-ref --format=%(refname)%00%(upstream:short)%00%(objectname)%00%(upstream:track)%00%(upstream:remotename)%00%(upstream:remoteref) refs/heads/master refs/remotes/master [10ms]
2023-09-26 09:52:43.329 [info] > git status -z -uall [2ms]
2023-09-26 09:52:57.000 [info] > git show --textconv :trofeeën.html [31ms]
2023-09-26 09:52:57.001 [info] > git ls-files --stage -- /workspace/mijn-website/trofeeën.html [6ms]
2023-09-26 09:52:57.248 [info] > git check-ignore -v -z --stdin [5ms]
2023-09-26 09:52:57.798 [info] > git config --get commit.template [3ms]
2023-09-26 09:52:57.829 [info] > git for-each-ref --format=%(refname)%00%(upstream:short)%00%(objectname)%00%(upstream:track)%00%(upstream:remotename)%00%(upstream:remoteref) refs/heads/master refs/remotes/master [2ms]
2023-09-26 09:52:57.851 [info] > git status -z -uall [3ms]
