2023-10-24 09:21:32.155 [info] Log level: Info
2023-10-24 09:21:32.155 [info] Validating found git in: "git"
2023-10-24 09:21:32.155 [info] Using git "2.42.0" from "git"
2023-10-24 09:21:32.155 [info] > git rev-parse --show-toplevel [81ms]
2023-10-24 09:21:32.155 [info] > git rev-parse --git-dir --git-common-dir [50ms]
2023-10-24 09:21:32.155 [info] Open repository: /workspace/mijn-website
2023-10-24 09:21:32.155 [info] > git rev-parse --show-toplevel [12ms]
2023-10-24 09:21:32.155 [info] > git config --get commit.template [18ms]
2023-10-24 09:21:32.155 [info] > git for-each-ref --format=%(refname)%00%(upstream:short)%00%(objectname)%00%(upstream:track)%00%(upstream:remotename)%00%(upstream:remoteref) refs/heads/master refs/remotes/master [6ms]
2023-10-24 09:21:32.155 [info] > git status -z -uall [3ms]
2023-10-24 09:21:32.175 [info] > git config --get commit.template [2ms]
2023-10-24 09:21:32.304 [info] > git for-each-ref --format=%(refname)%00%(upstream:short)%00%(objectname)%00%(upstream:track)%00%(upstream:remotename)%00%(upstream:remoteref) refs/heads/master refs/remotes/master [123ms]
2023-10-24 09:21:32.316 [info] > git status -z -uall [5ms]
2023-10-24 09:21:32.643 [info] > git fetch [534ms]
2023-10-24 09:21:32.671 [info] > git check-ignore -v -z --stdin [2ms]
2023-10-24 09:21:32.672 [info] > git config --get commit.template [22ms]
2023-10-24 09:21:32.684 [info] > git for-each-ref --format=%(refname)%00%(upstream:short)%00%(objectname)%00%(upstream:track)%00%(upstream:remotename)%00%(upstream:remoteref) refs/heads/master refs/remotes/master [2ms]
2023-10-24 09:21:32.692 [info] > git status -z -uall [1ms]
2023-10-24 09:21:33.459 [info] > git config --local branch.master.github-pr-owner-number [117ms]
2023-10-24 09:21:33.477 [info] > git config --get commit.template [2ms]
2023-10-24 09:21:33.494 [info] > git for-each-ref --format=%(refname)%00%(upstream:short)%00%(objectname)%00%(upstream:track)%00%(upstream:remotename)%00%(upstream:remoteref) refs/heads/master refs/remotes/master [11ms]
2023-10-24 09:21:33.501 [info] > git status -z -uall [1ms]
2023-10-24 09:21:33.794 [info] > git config --get commit.template [14ms]
2023-10-24 09:21:33.795 [info] > git for-each-ref --format=%(refname)%00%(upstream:short)%00%(objectname)%00%(upstream:track)%00%(upstream:remotename)%00%(upstream:remoteref) refs/heads/master refs/remotes/master [2ms]
2023-10-24 09:21:33.802 [info] > git status -z -uall [1ms]
2023-10-24 09:21:46.210 [info] > git check-ignore -v -z --stdin [1ms]
2023-10-24 09:21:48.618 [info] > git show --textconv :index.html [6ms]
2023-10-24 09:21:48.619 [info] > git ls-files --stage -- /workspace/mijn-website/index.html [1ms]
2023-10-24 09:21:48.627 [info] > git cat-file -s c4655f987f21fb0d233a39880ad0a000ceb4b7d6 [2ms]
2023-10-24 09:24:54.338 [info] > git fetch [342ms]
2023-10-24 09:24:54.354 [info] > git config --get commit.template [8ms]
2023-10-24 09:24:54.355 [info] > git for-each-ref --format=%(refname)%00%(upstream:short)%00%(objectname)%00%(upstream:track)%00%(upstream:remotename)%00%(upstream:remoteref) refs/heads/master refs/remotes/master [2ms]
2023-10-24 09:24:54.363 [info] > git status -z -uall [1ms]
2023-10-24 09:24:55.497 [info] > git config --get commit.template [8ms]
2023-10-24 09:24:55.498 [info] > git for-each-ref --format=%(refname)%00%(upstream:short)%00%(objectname)%00%(upstream:track)%00%(upstream:remotename)%00%(upstream:remoteref) refs/heads/master refs/remotes/master [2ms]
2023-10-24 09:24:55.507 [info] > git status -z -uall [2ms]
2023-10-24 09:24:55.601 [info] > git ls-files --stage -- /workspace/mijn-website/index.html [1ms]
2023-10-24 09:24:55.609 [info] > git cat-file -s c4655f987f21fb0d233a39880ad0a000ceb4b7d6 [1ms]
2023-10-24 09:24:55.635 [info] > git show --textconv :index.html [2ms]
2023-10-24 09:26:33.000 [info] > git config --local branch.master.github-pr-owner-number [1ms]
2023-10-24 09:26:33.007 [info] > git config --get commit.template [1ms]
2023-10-24 09:26:33.014 [info] > git for-each-ref --format=%(refname)%00%(upstream:short)%00%(objectname)%00%(upstream:track)%00%(upstream:remotename)%00%(upstream:remoteref) refs/heads/master refs/remotes/master [1ms]
2023-10-24 09:26:33.020 [info] > git status -z -uall [1ms]
2023-10-24 09:28:42.478 [info] > git fetch [323ms]
2023-10-24 09:28:42.491 [info] > git config --get commit.template [6ms]
2023-10-24 09:28:42.492 [info] > git for-each-ref --format=%(refname)%00%(upstream:short)%00%(objectname)%00%(upstream:track)%00%(upstream:remotename)%00%(upstream:remoteref) refs/heads/master refs/remotes/master [1ms]
2023-10-24 09:28:42.498 [info] > git status -z -uall [1ms]
2023-10-24 09:28:43.630 [info] > git config --get commit.template [7ms]
2023-10-24 09:28:43.631 [info] > git for-each-ref --format=%(refname)%00%(upstream:short)%00%(objectname)%00%(upstream:track)%00%(upstream:remotename)%00%(upstream:remoteref) refs/heads/master refs/remotes/master [2ms]
2023-10-24 09:28:43.638 [info] > git status -z -uall [2ms]
2023-10-24 09:28:43.739 [info] > git ls-files --stage -- /workspace/mijn-website/index.html [1ms]
2023-10-24 09:28:43.745 [info] > git cat-file -s c4655f987f21fb0d233a39880ad0a000ceb4b7d6 [1ms]
2023-10-24 09:28:43.765 [info] > git show --textconv :index.html [1ms]
2023-10-24 09:30:28.069 [info] > git show --textconv :overmij.html [6ms]
2023-10-24 09:30:28.070 [info] > git ls-files --stage -- /workspace/mijn-website/overmij.html [1ms]
2023-10-24 09:30:28.076 [info] > git cat-file -s 2659ed5ec4d38bbb51b3d273ca7aa81aa66b8792 [2ms]
2023-10-24 09:30:37.448 [info] > git show --textconv :prijzen.html [6ms]
2023-10-24 09:30:37.449 [info] > git ls-files --stage -- /workspace/mijn-website/prijzen.html [1ms]
2023-10-24 09:30:37.455 [info] > git cat-file -s ca563e61fbcc7a7470cc7d0b2ef3ced1e4df57ac [1ms]
2023-10-24 09:30:40.592 [info] > git show --textconv :info.html [6ms]
2023-10-24 09:30:40.593 [info] > git ls-files --stage -- /workspace/mijn-website/info.html [1ms]
2023-10-24 09:30:40.599 [info] > git cat-file -s 6c023f97fd1adb00c8dcca30bba056bce77d7d41 [1ms]
2023-10-24 09:30:57.367 [info] > git show --textconv :index.html [8ms]
2023-10-24 09:30:57.368 [info] > git ls-files --stage -- /workspace/mijn-website/index.html [1ms]
2023-10-24 09:30:57.377 [info] > git cat-file -s c4655f987f21fb0d233a39880ad0a000ceb4b7d6 [1ms]
2023-10-24 09:30:59.340 [info] > git show --textconv :info.html [7ms]
2023-10-24 09:30:59.340 [info] > git ls-files --stage -- /workspace/mijn-website/info.html [1ms]
2023-10-24 09:30:59.346 [info] > git cat-file -s 6c023f97fd1adb00c8dcca30bba056bce77d7d41 [1ms]
2023-10-24 09:31:33.032 [info] > git config --local branch.master.github-pr-owner-number [1ms]
2023-10-24 09:31:33.046 [info] > git config --get commit.template [6ms]
2023-10-24 09:31:33.047 [info] > git for-each-ref --format=%(refname)%00%(upstream:short)%00%(objectname)%00%(upstream:track)%00%(upstream:remotename)%00%(upstream:remoteref) refs/heads/master refs/remotes/master [2ms]
2023-10-24 09:31:33.054 [info] > git status -z -uall [1ms]
2023-10-24 09:31:42.849 [info] > git fetch [341ms]
2023-10-24 09:31:42.862 [info] > git config --get commit.template [6ms]
2023-10-24 09:31:42.863 [info] > git for-each-ref --format=%(refname)%00%(upstream:short)%00%(objectname)%00%(upstream:track)%00%(upstream:remotename)%00%(upstream:remoteref) refs/heads/master refs/remotes/master [2ms]
2023-10-24 09:31:42.870 [info] > git status -z -uall [1ms]
2023-10-24 09:31:43.999 [info] > git config --get commit.template [7ms]
2023-10-24 09:31:44.000 [info] > git for-each-ref --format=%(refname)%00%(upstream:short)%00%(objectname)%00%(upstream:track)%00%(upstream:remotename)%00%(upstream:remoteref) refs/heads/master refs/remotes/master [2ms]
2023-10-24 09:31:44.009 [info] > git status -z -uall [2ms]
2023-10-24 09:31:44.112 [info] > git ls-files --stage -- /workspace/mijn-website/info.html [0ms]
2023-10-24 09:31:44.120 [info] > git cat-file -s 6c023f97fd1adb00c8dcca30bba056bce77d7d41 [1ms]
2023-10-24 09:31:44.143 [info] > git show --textconv :info.html [1ms]
2023-10-24 09:34:27.506 [info] > git config --get commit.template [8ms]
2023-10-24 09:34:27.506 [info] > git for-each-ref --format=%(refname)%00%(upstream:short)%00%(objectname)%00%(upstream:track)%00%(upstream:remotename)%00%(upstream:remoteref) refs/heads/master refs/remotes/master [1ms]
2023-10-24 09:34:27.514 [info] > git status -z -uall [1ms]
2023-10-24 09:34:43.204 [info] > git fetch [325ms]
2023-10-24 09:34:43.217 [info] > git config --get commit.template [6ms]
2023-10-24 09:34:43.218 [info] > git for-each-ref --format=%(refname)%00%(upstream:short)%00%(objectname)%00%(upstream:track)%00%(upstream:remotename)%00%(upstream:remoteref) refs/heads/master refs/remotes/master [1ms]
2023-10-24 09:34:43.224 [info] > git status -z -uall [1ms]
2023-10-24 09:34:44.356 [info] > git config --get commit.template [6ms]
2023-10-24 09:34:44.357 [info] > git for-each-ref --format=%(refname)%00%(upstream:short)%00%(objectname)%00%(upstream:track)%00%(upstream:remotename)%00%(upstream:remoteref) refs/heads/master refs/remotes/master [1ms]
2023-10-24 09:34:44.364 [info] > git status -z -uall [2ms]
2023-10-24 09:34:44.469 [info] > git ls-files --stage -- /workspace/mijn-website/info.html [1ms]
2023-10-24 09:34:44.476 [info] > git cat-file -s 6c023f97fd1adb00c8dcca30bba056bce77d7d41 [1ms]
2023-10-24 09:34:44.501 [info] > git show --textconv :info.html [1ms]
2023-10-24 09:34:49.379 [info] > git config --get commit.template [6ms]
2023-10-24 09:34:49.380 [info] > git for-each-ref --format=%(refname)%00%(upstream:short)%00%(objectname)%00%(upstream:track)%00%(upstream:remotename)%00%(upstream:remoteref) refs/heads/master refs/remotes/master [1ms]
2023-10-24 09:34:49.386 [info] > git status -z -uall [1ms]
2023-10-24 09:36:33.065 [info] > git config --local branch.master.github-pr-owner-number [1ms]
2023-10-24 09:36:33.079 [info] > git config --get commit.template [8ms]
2023-10-24 09:36:33.079 [info] > git for-each-ref --format=%(refname)%00%(upstream:short)%00%(objectname)%00%(upstream:track)%00%(upstream:remotename)%00%(upstream:remoteref) refs/heads/master refs/remotes/master [1ms]
2023-10-24 09:36:33.086 [info] > git status -z -uall [1ms]
2023-10-24 09:38:42.810 [info] > git fetch [336ms]
2023-10-24 09:38:42.824 [info] > git config --get commit.template [7ms]
2023-10-24 09:38:42.825 [info] > git for-each-ref --format=%(refname)%00%(upstream:short)%00%(objectname)%00%(upstream:track)%00%(upstream:remotename)%00%(upstream:remoteref) refs/heads/master refs/remotes/master [1ms]
2023-10-24 09:38:42.834 [info] > git status -z -uall [2ms]
2023-10-24 09:38:43.964 [info] > git config --get commit.template [9ms]
2023-10-24 09:38:43.965 [info] > git for-each-ref --format=%(refname)%00%(upstream:short)%00%(objectname)%00%(upstream:track)%00%(upstream:remotename)%00%(upstream:remoteref) refs/heads/master refs/remotes/master [1ms]
2023-10-24 09:38:43.974 [info] > git status -z -uall [2ms]
2023-10-24 09:38:44.071 [info] > git ls-files --stage -- /workspace/mijn-website/info.html [2ms]
2023-10-24 09:38:44.079 [info] > git cat-file -s 6c023f97fd1adb00c8dcca30bba056bce77d7d41 [1ms]
2023-10-24 09:38:44.103 [info] > git show --textconv :info.html [1ms]
2023-10-24 09:38:55.556 [info] > git config --get commit.template [7ms]
2023-10-24 09:38:55.556 [info] > git for-each-ref --format=%(refname)%00%(upstream:short)%00%(objectname)%00%(upstream:track)%00%(upstream:remotename)%00%(upstream:remoteref) refs/heads/master refs/remotes/master [1ms]
2023-10-24 09:38:55.564 [info] > git status -z -uall [2ms]
2023-10-24 09:39:19.339 [info] > git config --get commit.template [7ms]
2023-10-24 09:39:19.340 [info] > git for-each-ref --format=%(refname)%00%(upstream:short)%00%(objectname)%00%(upstream:track)%00%(upstream:remotename)%00%(upstream:remoteref) refs/heads/master refs/remotes/master [1ms]
2023-10-24 09:39:19.347 [info] > git status -z -uall [1ms]
2023-10-24 09:41:04.112 [info] > git config --get commit.template [7ms]
2023-10-24 09:41:04.113 [info] > git for-each-ref --format=%(refname)%00%(upstream:short)%00%(objectname)%00%(upstream:track)%00%(upstream:remotename)%00%(upstream:remoteref) refs/heads/master refs/remotes/master [1ms]
2023-10-24 09:41:04.121 [info] > git status -z -uall [3ms]
2023-10-24 09:41:09.141 [info] > git config --get commit.template [9ms]
2023-10-24 09:41:09.142 [info] > git for-each-ref --format=%(refname)%00%(upstream:short)%00%(objectname)%00%(upstream:track)%00%(upstream:remotename)%00%(upstream:remoteref) refs/heads/master refs/remotes/master [2ms]
2023-10-24 09:41:09.151 [info] > git status -z -uall [1ms]
2023-10-24 09:41:33.098 [info] > git config --local branch.master.github-pr-owner-number [1ms]
2023-10-24 09:41:33.113 [info] > git config --get commit.template [6ms]
2023-10-24 09:41:33.113 [info] > git for-each-ref --format=%(refname)%00%(upstream:short)%00%(objectname)%00%(upstream:track)%00%(upstream:remotename)%00%(upstream:remoteref) refs/heads/master refs/remotes/master [1ms]
2023-10-24 09:41:33.121 [info] > git status -z -uall [1ms]
2023-10-24 09:41:42.339 [info] > git config --get commit.template [8ms]
2023-10-24 09:41:42.339 [info] > git for-each-ref --format=%(refname)%00%(upstream:short)%00%(objectname)%00%(upstream:track)%00%(upstream:remotename)%00%(upstream:remoteref) refs/heads/master refs/remotes/master [1ms]
2023-10-24 09:41:42.346 [info] > git status -z -uall [1ms]
2023-10-24 09:41:43.198 [info] > git fetch [355ms]
2023-10-24 09:41:43.218 [info] > git config --get commit.template [11ms]
2023-10-24 09:41:43.219 [info] > git for-each-ref --format=%(refname)%00%(upstream:short)%00%(objectname)%00%(upstream:track)%00%(upstream:remotename)%00%(upstream:remoteref) refs/heads/master refs/remotes/master [1ms]
2023-10-24 09:41:43.228 [info] > git status -z -uall [2ms]
2023-10-24 09:41:44.453 [info] > git ls-files --stage -- /workspace/mijn-website/info.html [1ms]
2023-10-24 09:41:44.462 [info] > git cat-file -s 6c023f97fd1adb00c8dcca30bba056bce77d7d41 [1ms]
2023-10-24 09:41:44.486 [info] > git show --textconv :info.html [1ms]
2023-10-24 09:41:47.373 [info] > git config --get commit.template [11ms]
2023-10-24 09:41:47.373 [info] > git for-each-ref --format=%(refname)%00%(upstream:short)%00%(objectname)%00%(upstream:track)%00%(upstream:remotename)%00%(upstream:remoteref) refs/heads/master refs/remotes/master [1ms]
2023-10-24 09:41:47.385 [info] > git status -z -uall [2ms]
2023-10-24 09:41:57.977 [info] > git config --get commit.template [11ms]
2023-10-24 09:41:57.977 [info] > git for-each-ref --format=%(refname)%00%(upstream:short)%00%(objectname)%00%(upstream:track)%00%(upstream:remotename)%00%(upstream:remoteref) refs/heads/master refs/remotes/master [1ms]
2023-10-24 09:41:57.986 [info] > git status -z -uall [2ms]
2023-10-24 09:42:04.827 [info] > git config --get commit.template [7ms]
2023-10-24 09:42:04.828 [info] > git for-each-ref --format=%(refname)%00%(upstream:short)%00%(objectname)%00%(upstream:track)%00%(upstream:remotename)%00%(upstream:remoteref) refs/heads/master refs/remotes/master [2ms]
2023-10-24 09:42:04.835 [info] > git status -z -uall [1ms]
2023-10-24 09:42:09.853 [info] > git config --get commit.template [7ms]
2023-10-24 09:42:09.853 [info] > git for-each-ref --format=%(refname)%00%(upstream:short)%00%(objectname)%00%(upstream:track)%00%(upstream:remotename)%00%(upstream:remoteref) refs/heads/master refs/remotes/master [1ms]
2023-10-24 09:42:09.860 [info] > git status -z -uall [1ms]
2023-10-24 09:42:14.882 [info] > git config --get commit.template [11ms]
2023-10-24 09:42:14.882 [info] > git for-each-ref --format=%(refname)%00%(upstream:short)%00%(objectname)%00%(upstream:track)%00%(upstream:remotename)%00%(upstream:remoteref) refs/heads/master refs/remotes/master [1ms]
2023-10-24 09:42:14.894 [info] > git status -z -uall [2ms]
2023-10-24 09:42:19.916 [info] > git config --get commit.template [9ms]
2023-10-24 09:42:19.916 [info] > git for-each-ref --format=%(refname)%00%(upstream:short)%00%(objectname)%00%(upstream:track)%00%(upstream:remotename)%00%(upstream:remoteref) refs/heads/master refs/remotes/master [1ms]
2023-10-24 09:42:19.926 [info] > git status -z -uall [2ms]
2023-10-24 09:42:24.946 [info] > git config --get commit.template [9ms]
2023-10-24 09:42:24.946 [info] > git for-each-ref --format=%(refname)%00%(upstream:short)%00%(objectname)%00%(upstream:track)%00%(upstream:remotename)%00%(upstream:remoteref) refs/heads/master refs/remotes/master [1ms]
2023-10-24 09:42:24.956 [info] > git status -z -uall [1ms]
2023-10-24 09:42:32.673 [info] > git config --get commit.template [11ms]
2023-10-24 09:42:32.673 [info] > git for-each-ref --format=%(refname)%00%(upstream:short)%00%(objectname)%00%(upstream:track)%00%(upstream:remotename)%00%(upstream:remoteref) refs/heads/master refs/remotes/master [1ms]
2023-10-24 09:42:32.683 [info] > git status -z -uall [2ms]
2023-10-24 09:42:40.296 [info] > git config --get commit.template [1ms]
2023-10-24 09:42:40.305 [info] > git for-each-ref --format=%(refname)%00%(upstream:short)%00%(objectname)%00%(upstream:track)%00%(upstream:remotename)%00%(upstream:remoteref) refs/heads/master refs/remotes/master [1ms]
2023-10-24 09:42:40.315 [info] > git status -z -uall [2ms]
2023-10-24 09:42:45.335 [info] > git for-each-ref --format=%(refname)%00%(upstream:short)%00%(objectname)%00%(upstream:track)%00%(upstream:remotename)%00%(upstream:remoteref) refs/heads/master refs/remotes/master [1ms]
2023-10-24 09:42:45.335 [info] > git config --get commit.template [9ms]
2023-10-24 09:42:45.345 [info] > git status -z -uall [2ms]
2023-10-24 09:42:50.363 [info] > git config --get commit.template [7ms]
2023-10-24 09:42:50.363 [info] > git for-each-ref --format=%(refname)%00%(upstream:short)%00%(objectname)%00%(upstream:track)%00%(upstream:remotename)%00%(upstream:remoteref) refs/heads/master refs/remotes/master [1ms]
2023-10-24 09:42:50.371 [info] > git status -z -uall [2ms]
2023-10-24 09:42:55.391 [info] > git config --get commit.template [8ms]
2023-10-24 09:42:55.391 [info] > git for-each-ref --format=%(refname)%00%(upstream:short)%00%(objectname)%00%(upstream:track)%00%(upstream:remotename)%00%(upstream:remoteref) refs/heads/master refs/remotes/master [1ms]
2023-10-24 09:42:55.400 [info] > git status -z -uall [2ms]
2023-10-24 09:43:00.420 [info] > git config --get commit.template [9ms]
2023-10-24 09:43:00.421 [info] > git for-each-ref --format=%(refname)%00%(upstream:short)%00%(objectname)%00%(upstream:track)%00%(upstream:remotename)%00%(upstream:remoteref) refs/heads/master refs/remotes/master [1ms]
2023-10-24 09:43:00.430 [info] > git status -z -uall [1ms]
2023-10-24 09:43:05.448 [info] > git config --get commit.template [7ms]
2023-10-24 09:43:05.449 [info] > git for-each-ref --format=%(refname)%00%(upstream:short)%00%(objectname)%00%(upstream:track)%00%(upstream:remotename)%00%(upstream:remoteref) refs/heads/master refs/remotes/master [1ms]
2023-10-24 09:43:05.457 [info] > git status -z -uall [2ms]
2023-10-24 09:43:10.475 [info] > git config --get commit.template [6ms]
2023-10-24 09:43:10.475 [info] > git for-each-ref --format=%(refname)%00%(upstream:short)%00%(objectname)%00%(upstream:track)%00%(upstream:remotename)%00%(upstream:remoteref) refs/heads/master refs/remotes/master [1ms]
2023-10-24 09:43:10.483 [info] > git status -z -uall [1ms]
2023-10-24 09:43:15.502 [info] > git config --get commit.template [9ms]
2023-10-24 09:43:15.503 [info] > git for-each-ref --format=%(refname)%00%(upstream:short)%00%(objectname)%00%(upstream:track)%00%(upstream:remotename)%00%(upstream:remoteref) refs/heads/master refs/remotes/master [1ms]
2023-10-24 09:43:15.512 [info] > git status -z -uall [1ms]
2023-10-24 09:43:22.035 [info] > git config --get commit.template [9ms]
2023-10-24 09:43:22.035 [info] > git for-each-ref --format=%(refname)%00%(upstream:short)%00%(objectname)%00%(upstream:track)%00%(upstream:remotename)%00%(upstream:remoteref) refs/heads/master refs/remotes/master [1ms]
2023-10-24 09:43:22.043 [info] > git status -z -uall [2ms]
2023-10-24 09:44:32.654 [info] > git config --get commit.template [6ms]
2023-10-24 09:44:32.654 [info] > git for-each-ref --format=%(refname)%00%(upstream:short)%00%(objectname)%00%(upstream:track)%00%(upstream:remotename)%00%(upstream:remoteref) refs/heads/master refs/remotes/master [1ms]
2023-10-24 09:44:32.661 [info] > git status -z -uall [1ms]
2023-10-24 09:44:43.586 [info] > git fetch [347ms]
2023-10-24 09:44:43.605 [info] > git config --get commit.template [9ms]
2023-10-24 09:44:43.606 [info] > git for-each-ref --format=%(refname)%00%(upstream:short)%00%(objectname)%00%(upstream:track)%00%(upstream:remotename)%00%(upstream:remoteref) refs/heads/master refs/remotes/master [1ms]
2023-10-24 09:44:43.617 [info] > git status -z -uall [2ms]
2023-10-24 09:44:44.737 [info] > git config --get commit.template [7ms]
2023-10-24 09:44:44.737 [info] > git for-each-ref --format=%(refname)%00%(upstream:short)%00%(objectname)%00%(upstream:track)%00%(upstream:remotename)%00%(upstream:remoteref) refs/heads/master refs/remotes/master [1ms]
2023-10-24 09:44:44.744 [info] > git status -z -uall [1ms]
2023-10-24 09:44:44.847 [info] > git ls-files --stage -- /workspace/mijn-website/info.html [1ms]
2023-10-24 09:44:44.857 [info] > git cat-file -s 6c023f97fd1adb00c8dcca30bba056bce77d7d41 [1ms]
2023-10-24 09:44:44.882 [info] > git show --textconv :info.html [2ms]
2023-10-24 09:45:56.036 [info] > git show --textconv :style.css [9ms]
2023-10-24 09:45:56.037 [info] > git ls-files --stage -- /workspace/mijn-website/style.css [1ms]
2023-10-24 09:45:56.046 [info] > git cat-file -s 96cee73c10ae90f069a48d07f679e06d5eea960b [1ms]
2023-10-24 09:46:07.912 [info] > git config --get commit.template [8ms]
2023-10-24 09:46:07.912 [info] > git for-each-ref --format=%(refname)%00%(upstream:short)%00%(objectname)%00%(upstream:track)%00%(upstream:remotename)%00%(upstream:remoteref) refs/heads/master refs/remotes/master [1ms]
2023-10-24 09:46:07.921 [info] > git status -z -uall [2ms]
2023-10-24 09:46:12.938 [info] > git config --get commit.template [7ms]
2023-10-24 09:46:12.939 [info] > git for-each-ref --format=%(refname)%00%(upstream:short)%00%(objectname)%00%(upstream:track)%00%(upstream:remotename)%00%(upstream:remoteref) refs/heads/master refs/remotes/master [1ms]
2023-10-24 09:46:12.946 [info] > git status -z -uall [1ms]
2023-10-24 09:46:19.313 [info] > git config --get commit.template [8ms]
2023-10-24 09:46:19.314 [info] > git for-each-ref --format=%(refname)%00%(upstream:short)%00%(objectname)%00%(upstream:track)%00%(upstream:remotename)%00%(upstream:remoteref) refs/heads/master refs/remotes/master [1ms]
2023-10-24 09:46:19.321 [info] > git status -z -uall [1ms]
2023-10-24 09:46:27.279 [info] > git config --get commit.template [7ms]
2023-10-24 09:46:27.279 [info] > git for-each-ref --format=%(refname)%00%(upstream:short)%00%(objectname)%00%(upstream:track)%00%(upstream:remotename)%00%(upstream:remoteref) refs/heads/master refs/remotes/master [1ms]
2023-10-24 09:46:27.287 [info] > git status -z -uall [1ms]
2023-10-24 09:46:33.131 [info] > git config --local branch.master.github-pr-owner-number [1ms]
2023-10-24 09:46:33.146 [info] > git config --get commit.template [8ms]
2023-10-24 09:46:33.146 [info] > git for-each-ref --format=%(refname)%00%(upstream:short)%00%(objectname)%00%(upstream:track)%00%(upstream:remotename)%00%(upstream:remoteref) refs/heads/master refs/remotes/master [1ms]
2023-10-24 09:46:33.153 [info] > git status -z -uall [1ms]
2023-10-24 09:46:41.080 [info] > git config --get commit.template [7ms]
2023-10-24 09:46:41.080 [info] > git for-each-ref --format=%(refname)%00%(upstream:short)%00%(objectname)%00%(upstream:track)%00%(upstream:remotename)%00%(upstream:remoteref) refs/heads/master refs/remotes/master [1ms]
2023-10-24 09:46:41.088 [info] > git status -z -uall [1ms]
2023-10-24 09:47:43.958 [info] > git fetch [331ms]
2023-10-24 09:47:43.971 [info] > git config --get commit.template [2ms]
2023-10-24 09:47:43.980 [info] > git for-each-ref --format=%(refname)%00%(upstream:short)%00%(objectname)%00%(upstream:track)%00%(upstream:remotename)%00%(upstream:remoteref) refs/heads/master refs/remotes/master [1ms]
2023-10-24 09:47:43.989 [info] > git status -z -uall [2ms]
2023-10-24 09:47:45.104 [info] > git config --get commit.template [1ms]
2023-10-24 09:47:45.112 [info] > git for-each-ref --format=%(refname)%00%(upstream:short)%00%(objectname)%00%(upstream:track)%00%(upstream:remotename)%00%(upstream:remoteref) refs/heads/master refs/remotes/master [1ms]
2023-10-24 09:47:45.120 [info] > git status -z -uall [2ms]
2023-10-24 09:47:45.224 [info] > git ls-files --stage -- /workspace/mijn-website/style.css [2ms]
2023-10-24 09:47:45.232 [info] > git cat-file -s 96cee73c10ae90f069a48d07f679e06d5eea960b [2ms]
2023-10-24 09:47:45.260 [info] > git show --textconv :style.css [1ms]
2023-10-24 09:50:28.149 [info] > git config --get commit.template [7ms]
2023-10-24 09:50:28.149 [info] > git for-each-ref --format=%(refname)%00%(upstream:short)%00%(objectname)%00%(upstream:track)%00%(upstream:remotename)%00%(upstream:remoteref) refs/heads/master refs/remotes/master [1ms]
2023-10-24 09:50:28.157 [info] > git status -z -uall [2ms]
2023-10-24 09:50:33.175 [info] > git config --get commit.template [6ms]
2023-10-24 09:50:33.175 [info] > git for-each-ref --format=%(refname)%00%(upstream:short)%00%(objectname)%00%(upstream:track)%00%(upstream:remotename)%00%(upstream:remoteref) refs/heads/master refs/remotes/master [1ms]
2023-10-24 09:50:33.183 [info] > git status -z -uall [1ms]
2023-10-24 09:51:33.165 [info] > git config --local branch.master.github-pr-owner-number [2ms]
2023-10-24 09:51:33.177 [info] > git config --get commit.template [6ms]
2023-10-24 09:51:33.178 [info] > git for-each-ref --format=%(refname)%00%(upstream:short)%00%(objectname)%00%(upstream:track)%00%(upstream:remotename)%00%(upstream:remoteref) refs/heads/master refs/remotes/master [1ms]
2023-10-24 09:51:33.185 [info] > git status -z -uall [1ms]
2023-10-24 09:52:49.330 [info] > git fetch [327ms]
2023-10-24 09:52:49.347 [info] > git config --get commit.template [7ms]
2023-10-24 09:52:49.347 [info] > git for-each-ref --format=%(refname)%00%(upstream:short)%00%(objectname)%00%(upstream:track)%00%(upstream:remotename)%00%(upstream:remoteref) refs/heads/master refs/remotes/master [1ms]
2023-10-24 09:52:49.356 [info] > git status -z -uall [2ms]
2023-10-24 09:52:50.481 [info] > git config --get commit.template [9ms]
2023-10-24 09:52:50.481 [info] > git for-each-ref --format=%(refname)%00%(upstream:short)%00%(objectname)%00%(upstream:track)%00%(upstream:remotename)%00%(upstream:remoteref) refs/heads/master refs/remotes/master [2ms]
2023-10-24 09:52:50.489 [info] > git status -z -uall [1ms]
2023-10-24 09:52:50.675 [info] > git ls-files --stage -- /workspace/mijn-website/style.css [1ms]
2023-10-24 09:52:50.684 [info] > git cat-file -s 96cee73c10ae90f069a48d07f679e06d5eea960b [1ms]
2023-10-24 09:52:50.718 [info] > git show --textconv :style.css [1ms]
2023-10-24 09:53:00.325 [info] > git add -A -- . [2ms]
2023-10-24 09:53:00.338 [info] > git -c user.useConfigOnly=true commit --quiet --allow-empty-message --file - [4ms]
2023-10-24 09:53:00.348 [info] > git config --get commit.template [1ms]
2023-10-24 09:53:00.365 [info] > git config --get commit.template [8ms]
2023-10-24 09:53:00.368 [info] > git for-each-ref --format=%(refname)%00%(upstream:short)%00%(objectname)%00%(upstream:track)%00%(upstream:remotename)%00%(upstream:remoteref) refs/heads/master refs/remotes/master [3ms]
2023-10-24 09:53:00.378 [info] > git status -z -uall [1ms]
2023-10-24 09:53:00.540 [info] > git config --local branch.master.github-pr-owner-number [3ms]
2023-10-24 09:53:00.580 [info] > git config --get commit.template [10ms]
2023-10-24 09:53:00.587 [info] > git config --get commit.template [8ms]
2023-10-24 09:53:00.593 [info] > git for-each-ref --format=%(refname)%00%(upstream:short)%00%(objectname)%00%(upstream:track)%00%(upstream:remotename)%00%(upstream:remoteref) refs/heads/master refs/remotes/master [7ms]
2023-10-24 09:53:00.619 [info] > git for-each-ref --format=%(refname)%00%(upstream:short)%00%(objectname)%00%(upstream:track)%00%(upstream:remotename)%00%(upstream:remoteref) refs/heads/master refs/remotes/master [26ms]
2023-10-24 09:53:00.628 [info] > git status -z -uall [1ms]
2023-10-24 09:53:01.605 [info] > git ls-files --stage -- /workspace/mijn-website/style.css [2ms]
2023-10-24 09:53:01.613 [info] > git cat-file -s eea4475d297e5d3ae2958d4ba54f91fd7f1fe289 [2ms]
2023-10-24 09:53:01.632 [info] > git show --textconv :style.css [1ms]
2023-10-24 09:53:02.355 [info] > git log --oneline --cherry master...master@{upstream} -- [2ms]
2023-10-24 09:53:02.710 [info] > git pull --tags origin master [347ms]
2023-10-24 09:53:02.710 [info] From https://github.com/TimmeB1/mijn-website
 * branch            master     -> FETCH_HEAD
2023-10-24 09:53:03.903 [info] > git push origin master:master [1185ms]
2023-10-24 09:53:03.903 [info] To https://github.com/TimmeB1/mijn-website.git
   c6ca9b9..ed6292d  master -> master
2023-10-24 09:53:03.923 [info] > git config --get commit.template [9ms]
2023-10-24 09:53:03.924 [info] > git for-each-ref --format=%(refname)%00%(upstream:short)%00%(objectname)%00%(upstream:track)%00%(upstream:remotename)%00%(upstream:remoteref) refs/heads/master refs/remotes/master [1ms]
2023-10-24 09:53:03.933 [info] > git status -z -uall [1ms]
2023-10-24 09:53:04.097 [info] > git config --local branch.master.github-pr-owner-number [100ms]
2023-10-24 09:53:04.116 [info] > git config --get commit.template [11ms]
2023-10-24 09:53:04.133 [info] > git for-each-ref --format=%(refname)%00%(upstream:short)%00%(objectname)%00%(upstream:track)%00%(upstream:remotename)%00%(upstream:remoteref) refs/heads/master refs/remotes/master [8ms]
2023-10-24 09:53:04.141 [info] > git ls-files --stage -- /workspace/mijn-website/style.css [25ms]
2023-10-24 09:53:04.151 [info] > git status -z -uall [10ms]
2023-10-24 09:53:04.176 [info] > git cat-file -s eea4475d297e5d3ae2958d4ba54f91fd7f1fe289 [29ms]
2023-10-24 09:53:04.205 [info] > git show --textconv :style.css [3ms]
2023-10-24 09:53:05.274 [info] > git ls-files --stage -- /workspace/mijn-website/style.css [1ms]
2023-10-24 09:53:05.283 [info] > git cat-file -s eea4475d297e5d3ae2958d4ba54f91fd7f1fe289 [1ms]
2023-10-24 09:53:05.306 [info] > git show --textconv :style.css [2ms]
2023-10-24 09:55:47.022 [info] > git for-each-ref --format=%(refname)%00%(upstream:short)%00%(objectname)%00%(upstream:track)%00%(upstream:remotename)%00%(upstream:remoteref) refs/heads/master refs/remotes/master [2ms]
2023-10-24 09:55:47.022 [info] > git config --get commit.template [12ms]
2023-10-24 09:55:47.033 [info] > git status -z -uall [1ms]
2023-10-24 09:55:49.702 [info] > git fetch [336ms]
2023-10-24 09:55:49.719 [info] > git config --get commit.template [8ms]
2023-10-24 09:55:49.720 [info] > git for-each-ref --format=%(refname)%00%(upstream:short)%00%(objectname)%00%(upstream:track)%00%(upstream:remotename)%00%(upstream:remoteref) refs/heads/master refs/remotes/master [1ms]
2023-10-24 09:55:49.730 [info] > git status -z -uall [2ms]
2023-10-24 09:55:50.965 [info] > git ls-files --stage -- /workspace/mijn-website/style.css [1ms]
2023-10-24 09:55:50.973 [info] > git cat-file -s eea4475d297e5d3ae2958d4ba54f91fd7f1fe289 [1ms]
2023-10-24 09:55:50.994 [info] > git show --textconv :style.css [1ms]
2023-10-24 09:55:52.052 [info] > git config --get commit.template [7ms]
2023-10-24 09:55:52.053 [info] > git for-each-ref --format=%(refname)%00%(upstream:short)%00%(objectname)%00%(upstream:track)%00%(upstream:remotename)%00%(upstream:remoteref) refs/heads/master refs/remotes/master [1ms]
2023-10-24 09:55:52.060 [info] > git status -z -uall [1ms]
2023-10-24 09:55:57.081 [info] > git config --get commit.template [9ms]
2023-10-24 09:55:57.081 [info] > git for-each-ref --format=%(refname)%00%(upstream:short)%00%(objectname)%00%(upstream:track)%00%(upstream:remotename)%00%(upstream:remoteref) refs/heads/master refs/remotes/master [1ms]
2023-10-24 09:55:57.091 [info] > git status -z -uall [1ms]
2023-10-24 09:56:29.790 [info] > git config --get commit.template [10ms]
2023-10-24 09:56:29.791 [info] > git for-each-ref --format=%(refname)%00%(upstream:short)%00%(objectname)%00%(upstream:track)%00%(upstream:remotename)%00%(upstream:remoteref) refs/heads/master refs/remotes/master [1ms]
2023-10-24 09:56:29.800 [info] > git status -z -uall [2ms]
2023-10-24 09:56:33.197 [info] > git config --local branch.master.github-pr-owner-number [1ms]
2023-10-24 09:56:33.217 [info] > git config --get commit.template [9ms]
2023-10-24 09:56:33.218 [info] > git for-each-ref --format=%(refname)%00%(upstream:short)%00%(objectname)%00%(upstream:track)%00%(upstream:remotename)%00%(upstream:remoteref) refs/heads/master refs/remotes/master [2ms]
2023-10-24 09:56:33.225 [info] > git status -z -uall [1ms]
2023-10-24 09:56:34.821 [info] > git config --get commit.template [10ms]
2023-10-24 09:56:34.821 [info] > git for-each-ref --format=%(refname)%00%(upstream:short)%00%(objectname)%00%(upstream:track)%00%(upstream:remotename)%00%(upstream:remoteref) refs/heads/master refs/remotes/master [1ms]
2023-10-24 09:56:34.831 [info] > git status -z -uall [1ms]
2023-10-24 09:57:00.078 [info] > git config --get commit.template [19ms]
2023-10-24 09:57:00.078 [info] > git for-each-ref --format=%(refname)%00%(upstream:short)%00%(objectname)%00%(upstream:track)%00%(upstream:remotename)%00%(upstream:remoteref) refs/heads/master refs/remotes/master [1ms]
2023-10-24 09:57:00.089 [info] > git status -z -uall [1ms]
2023-10-24 09:57:23.688 [info] > git config --get commit.template [8ms]
2023-10-24 09:57:23.689 [info] > git for-each-ref --format=%(refname)%00%(upstream:short)%00%(objectname)%00%(upstream:track)%00%(upstream:remotename)%00%(upstream:remoteref) refs/heads/master refs/remotes/master [1ms]
2023-10-24 09:57:23.696 [info] > git status -z -uall [1ms]
2023-10-24 09:57:28.713 [info] > git config --get commit.template [7ms]
2023-10-24 09:57:28.713 [info] > git for-each-ref --format=%(refname)%00%(upstream:short)%00%(objectname)%00%(upstream:track)%00%(upstream:remotename)%00%(upstream:remoteref) refs/heads/master refs/remotes/master [1ms]
2023-10-24 09:57:28.721 [info] > git status -z -uall [2ms]
2023-10-24 09:57:33.738 [info] > git config --get commit.template [7ms]
2023-10-24 09:57:33.739 [info] > git for-each-ref --format=%(refname)%00%(upstream:short)%00%(objectname)%00%(upstream:track)%00%(upstream:remotename)%00%(upstream:remoteref) refs/heads/master refs/remotes/master [1ms]
2023-10-24 09:57:33.746 [info] > git status -z -uall [2ms]
2023-10-24 09:58:35.472 [info] > git check-ignore -v -z --stdin [2ms]
2023-10-24 09:58:35.996 [info] > git config --get commit.template [11ms]
2023-10-24 09:58:35.996 [info] > git for-each-ref --format=%(refname)%00%(upstream:short)%00%(objectname)%00%(upstream:track)%00%(upstream:remotename)%00%(upstream:remoteref) refs/heads/master refs/remotes/master [1ms]
2023-10-24 09:58:36.007 [info] > git status -z -uall [2ms]
2023-10-24 09:58:43.616 [info] > git show --textconv :style.css [9ms]
2023-10-24 09:58:43.617 [info] > git ls-files --stage -- /workspace/mijn-website/style.css [2ms]
2023-10-24 09:58:43.627 [info] > git cat-file -s eea4475d297e5d3ae2958d4ba54f91fd7f1fe289 [2ms]
2023-10-24 09:58:49.448 [info] > git config --get commit.template [10ms]
2023-10-24 09:58:49.449 [info] > git for-each-ref --format=%(refname)%00%(upstream:short)%00%(objectname)%00%(upstream:track)%00%(upstream:remotename)%00%(upstream:remoteref) refs/heads/master refs/remotes/master [2ms]
2023-10-24 09:58:49.457 [info] > git status -z -uall [2ms]
2023-10-24 09:58:50.098 [info] > git fetch [356ms]
2023-10-24 09:58:50.117 [info] > git config --get commit.template [10ms]
2023-10-24 09:58:50.118 [info] > git for-each-ref --format=%(refname)%00%(upstream:short)%00%(objectname)%00%(upstream:track)%00%(upstream:remotename)%00%(upstream:remoteref) refs/heads/master refs/remotes/master [1ms]
2023-10-24 09:58:50.128 [info] > git status -z -uall [2ms]
2023-10-24 09:58:51.357 [info] > git ls-files --stage -- /workspace/mijn-website/style.css [2ms]
2023-10-24 09:58:51.367 [info] > git cat-file -s eea4475d297e5d3ae2958d4ba54f91fd7f1fe289 [2ms]
2023-10-24 09:58:51.392 [info] > git show --textconv :style.css [2ms]
2023-10-24 09:58:54.479 [info] > git config --get commit.template [10ms]
2023-10-24 09:58:54.480 [info] > git for-each-ref --format=%(refname)%00%(upstream:short)%00%(objectname)%00%(upstream:track)%00%(upstream:remotename)%00%(upstream:remoteref) refs/heads/master refs/remotes/master [2ms]
2023-10-24 09:58:54.489 [info] > git status -z -uall [1ms]
2023-10-24 09:58:56.117 [info] > git show --textconv :prijzen.html [11ms]
2023-10-24 09:58:56.118 [info] > git ls-files --stage -- /workspace/mijn-website/prijzen.html [1ms]
2023-10-24 09:58:56.131 [info] > git cat-file -s ca563e61fbcc7a7470cc7d0b2ef3ced1e4df57ac [2ms]
2023-10-24 09:58:56.642 [info] > git show --textconv :overmij.html [11ms]
2023-10-24 09:58:56.643 [info] > git ls-files --stage -- /workspace/mijn-website/overmij.html [1ms]
2023-10-24 09:58:56.654 [info] > git cat-file -s 2659ed5ec4d38bbb51b3d273ca7aa81aa66b8792 [1ms]
2023-10-24 09:58:59.164 [info] > git show --textconv :style.css [10ms]
2023-10-24 09:58:59.165 [info] > git ls-files --stage -- /workspace/mijn-website/style.css [2ms]
2023-10-24 09:58:59.175 [info] > git cat-file -s eea4475d297e5d3ae2958d4ba54f91fd7f1fe289 [1ms]
2023-10-24 09:59:10.388 [info] > git show --textconv :style.css [11ms]
2023-10-24 09:59:10.389 [info] > git ls-files --stage -- /workspace/mijn-website/style.css [2ms]
2023-10-24 09:59:10.398 [info] > git cat-file -s eea4475d297e5d3ae2958d4ba54f91fd7f1fe289 [1ms]
2023-10-24 09:59:15.087 [info] > git config --get commit.template [9ms]
2023-10-24 09:59:15.088 [info] > git for-each-ref --format=%(refname)%00%(upstream:short)%00%(objectname)%00%(upstream:track)%00%(upstream:remotename)%00%(upstream:remoteref) refs/heads/master refs/remotes/master [2ms]
2023-10-24 09:59:15.097 [info] > git status -z -uall [1ms]
2023-10-24 09:59:33.355 [info] > git show --textconv :overmij.html [7ms]
2023-10-24 09:59:33.356 [info] > git ls-files --stage -- /workspace/mijn-website/overmij.html [1ms]
2023-10-24 09:59:33.373 [info] > git cat-file -s 2659ed5ec4d38bbb51b3d273ca7aa81aa66b8792 [5ms]
2023-10-24 09:59:35.209 [info] > git show --textconv :style.css [8ms]
2023-10-24 09:59:35.210 [info] > git ls-files --stage -- /workspace/mijn-website/style.css [1ms]
2023-10-24 09:59:35.217 [info] > git cat-file -s eea4475d297e5d3ae2958d4ba54f91fd7f1fe289 [1ms]
2023-10-24 09:59:46.938 [info] > git config --get commit.template [10ms]
2023-10-24 09:59:46.938 [info] > git for-each-ref --format=%(refname)%00%(upstream:short)%00%(objectname)%00%(upstream:track)%00%(upstream:remotename)%00%(upstream:remoteref) refs/heads/master refs/remotes/master [1ms]
2023-10-24 09:59:46.948 [info] > git status -z -uall [2ms]
2023-10-24 09:59:50.964 [info] > git show --textconv :info.html [12ms]
2023-10-24 09:59:50.965 [info] > git ls-files --stage -- /workspace/mijn-website/info.html [2ms]
2023-10-24 09:59:50.976 [info] > git cat-file -s 85225ed6d34747530226d7e29e683719ee214ccc [2ms]
2023-10-24 09:59:56.449 [info] > git show --textconv :index.html [7ms]
2023-10-24 09:59:56.450 [info] > git ls-files --stage -- /workspace/mijn-website/index.html [1ms]
2023-10-24 09:59:56.457 [info] > git cat-file -s c4655f987f21fb0d233a39880ad0a000ceb4b7d6 [2ms]
2023-10-24 10:00:07.737 [info] > git show --textconv :style.css [11ms]
2023-10-24 10:00:07.738 [info] > git ls-files --stage -- /workspace/mijn-website/style.css [2ms]
2023-10-24 10:00:07.751 [info] > git cat-file -s eea4475d297e5d3ae2958d4ba54f91fd7f1fe289 [2ms]
2023-10-24 10:00:14.282 [info] > git config --get commit.template [1ms]
2023-10-24 10:00:14.297 [info] > git for-each-ref --format=%(refname)%00%(upstream:short)%00%(objectname)%00%(upstream:track)%00%(upstream:remotename)%00%(upstream:remoteref) refs/heads/master refs/remotes/master [3ms]
2023-10-24 10:00:14.309 [info] > git status -z -uall [2ms]
2023-10-24 10:00:19.333 [info] > git config --get commit.template [11ms]
2023-10-24 10:00:19.334 [info] > git for-each-ref --format=%(refname)%00%(upstream:short)%00%(objectname)%00%(upstream:track)%00%(upstream:remotename)%00%(upstream:remoteref) refs/heads/master refs/remotes/master [2ms]
2023-10-24 10:00:19.344 [info] > git status -z -uall [2ms]
2023-10-24 10:00:22.132 [info] > git show --textconv :info.html [10ms]
2023-10-24 10:00:22.133 [info] > git ls-files --stage -- /workspace/mijn-website/info.html [2ms]
2023-10-24 10:00:22.142 [info] > git cat-file -s 85225ed6d34747530226d7e29e683719ee214ccc [2ms]
2023-10-24 10:00:24.106 [info] > git show --textconv :index.html [10ms]
2023-10-24 10:00:24.107 [info] > git ls-files --stage -- /workspace/mijn-website/index.html [1ms]
2023-10-24 10:00:24.114 [info] > git cat-file -s c4655f987f21fb0d233a39880ad0a000ceb4b7d6 [1ms]
2023-10-24 10:00:24.357 [info] > git config --get commit.template [2ms]
2023-10-24 10:00:24.373 [info] > git for-each-ref --format=%(refname)%00%(upstream:short)%00%(objectname)%00%(upstream:track)%00%(upstream:remotename)%00%(upstream:remoteref) refs/heads/master refs/remotes/master [1ms]
2023-10-24 10:00:24.388 [info] > git status -z -uall [1ms]
2023-10-24 10:00:28.601 [info] > git show --textconv :style.css [14ms]
2023-10-24 10:00:28.602 [info] > git ls-files --stage -- /workspace/mijn-website/style.css [2ms]
2023-10-24 10:00:28.612 [info] > git cat-file -s eea4475d297e5d3ae2958d4ba54f91fd7f1fe289 [1ms]
2023-10-24 10:00:38.892 [info] > git config --get commit.template [11ms]
2023-10-24 10:00:38.893 [info] > git for-each-ref --format=%(refname)%00%(upstream:short)%00%(objectname)%00%(upstream:track)%00%(upstream:remotename)%00%(upstream:remoteref) refs/heads/master refs/remotes/master [2ms]
2023-10-24 10:00:38.904 [info] > git status -z -uall [2ms]
2023-10-24 10:00:48.539 [info] > git config --get commit.template [7ms]
2023-10-24 10:00:48.539 [info] > git for-each-ref --format=%(refname)%00%(upstream:short)%00%(objectname)%00%(upstream:track)%00%(upstream:remotename)%00%(upstream:remoteref) refs/heads/master refs/remotes/master [1ms]
2023-10-24 10:00:48.546 [info] > git status -z -uall [1ms]
2023-10-24 10:00:53.562 [info] > git config --get commit.template [2ms]
2023-10-24 10:00:53.575 [info] > git for-each-ref --format=%(refname)%00%(upstream:short)%00%(objectname)%00%(upstream:track)%00%(upstream:remotename)%00%(upstream:remoteref) refs/heads/master refs/remotes/master [2ms]
2023-10-24 10:00:53.596 [info] > git status -z -uall [3ms]
2023-10-24 10:01:33.236 [info] > git config --local branch.master.github-pr-owner-number [1ms]
2023-10-24 10:01:33.255 [info] > git config --get commit.template [11ms]
2023-10-24 10:01:33.257 [info] > git for-each-ref --format=%(refname)%00%(upstream:short)%00%(objectname)%00%(upstream:track)%00%(upstream:remotename)%00%(upstream:remoteref) refs/heads/master refs/remotes/master [2ms]
2023-10-24 10:01:33.274 [info] > git status -z -uall [3ms]
2023-10-24 10:01:50.490 [info] > git fetch [349ms]
2023-10-24 10:01:50.512 [info] > git config --get commit.template [12ms]
2023-10-24 10:01:50.513 [info] > git for-each-ref --format=%(refname)%00%(upstream:short)%00%(objectname)%00%(upstream:track)%00%(upstream:remotename)%00%(upstream:remoteref) refs/heads/master refs/remotes/master [2ms]
2023-10-24 10:01:50.523 [info] > git status -z -uall [1ms]
2023-10-24 10:01:51.753 [info] > git ls-files --stage -- /workspace/mijn-website/style.css [1ms]
2023-10-24 10:01:51.767 [info] > git cat-file -s eea4475d297e5d3ae2958d4ba54f91fd7f1fe289 [1ms]
2023-10-24 10:01:51.792 [info] > git show --textconv :style.css [2ms]
2023-10-24 10:01:52.208 [info] > git for-each-ref --format=%(refname)%00%(upstream:short)%00%(objectname)%00%(upstream:track)%00%(upstream:remotename)%00%(upstream:remoteref) refs/heads/master refs/remotes/master [2ms]
2023-10-24 10:01:52.209 [info] > git config --get commit.template [13ms]
2023-10-24 10:01:52.220 [info] > git status -z -uall [1ms]
2023-10-24 10:01:57.243 [info] > git config --get commit.template [9ms]
2023-10-24 10:01:57.254 [info] > git for-each-ref --format=%(refname)%00%(upstream:short)%00%(objectname)%00%(upstream:track)%00%(upstream:remotename)%00%(upstream:remoteref) refs/heads/master refs/remotes/master [12ms]
2023-10-24 10:01:57.266 [info] > git status -z -uall [1ms]
2023-10-24 10:02:02.293 [info] > git config --get commit.template [1ms]
2023-10-24 10:02:02.307 [info] > git for-each-ref --format=%(refname)%00%(upstream:short)%00%(objectname)%00%(upstream:track)%00%(upstream:remotename)%00%(upstream:remoteref) refs/heads/master refs/remotes/master [2ms]
2023-10-24 10:02:02.317 [info] > git status -z -uall [2ms]
2023-10-24 10:02:07.339 [info] > git config --get commit.template [11ms]
2023-10-24 10:02:07.340 [info] > git for-each-ref --format=%(refname)%00%(upstream:short)%00%(objectname)%00%(upstream:track)%00%(upstream:remotename)%00%(upstream:remoteref) refs/heads/master refs/remotes/master [1ms]
2023-10-24 10:02:07.350 [info] > git status -z -uall [2ms]
2023-10-24 10:02:12.370 [info] > git config --get commit.template [0ms]
2023-10-24 10:02:12.392 [info] > git for-each-ref --format=%(refname)%00%(upstream:short)%00%(objectname)%00%(upstream:track)%00%(upstream:remotename)%00%(upstream:remoteref) refs/heads/master refs/remotes/master [2ms]
2023-10-24 10:02:12.405 [info] > git status -z -uall [2ms]
2023-10-24 10:02:17.422 [info] > git config --get commit.template [7ms]
2023-10-24 10:02:17.423 [info] > git for-each-ref --format=%(refname)%00%(upstream:short)%00%(objectname)%00%(upstream:track)%00%(upstream:remotename)%00%(upstream:remoteref) refs/heads/master refs/remotes/master [2ms]
2023-10-24 10:02:17.430 [info] > git status -z -uall [2ms]
2023-10-24 10:02:22.449 [info] > git for-each-ref --format=%(refname)%00%(upstream:short)%00%(objectname)%00%(upstream:track)%00%(upstream:remotename)%00%(upstream:remoteref) refs/heads/master refs/remotes/master [2ms]
2023-10-24 10:02:22.449 [info] > git config --get commit.template [9ms]
2023-10-24 10:02:22.465 [info] > git status -z -uall [4ms]
2023-10-24 10:02:27.509 [info] > git config --get commit.template [15ms]
2023-10-24 10:02:27.510 [info] > git for-each-ref --format=%(refname)%00%(upstream:short)%00%(objectname)%00%(upstream:track)%00%(upstream:remotename)%00%(upstream:remoteref) refs/heads/master refs/remotes/master [2ms]
2023-10-24 10:02:27.527 [info] > git status -z -uall [1ms]
2023-10-24 10:02:32.546 [info] > git config --get commit.template [8ms]
2023-10-24 10:02:32.547 [info] > git for-each-ref --format=%(refname)%00%(upstream:short)%00%(objectname)%00%(upstream:track)%00%(upstream:remotename)%00%(upstream:remoteref) refs/heads/master refs/remotes/master [1ms]
2023-10-24 10:02:32.556 [info] > git status -z -uall [2ms]
2023-10-24 10:02:37.593 [info] > git config --get commit.template [13ms]
2023-10-24 10:02:37.593 [info] > git for-each-ref --format=%(refname)%00%(upstream:short)%00%(objectname)%00%(upstream:track)%00%(upstream:remotename)%00%(upstream:remoteref) refs/heads/master refs/remotes/master [1ms]
2023-10-24 10:02:37.603 [info] > git status -z -uall [1ms]
2023-10-24 10:02:42.627 [info] > git config --get commit.template [11ms]
2023-10-24 10:02:42.628 [info] > git for-each-ref --format=%(refname)%00%(upstream:short)%00%(objectname)%00%(upstream:track)%00%(upstream:remotename)%00%(upstream:remoteref) refs/heads/master refs/remotes/master [1ms]
2023-10-24 10:02:42.639 [info] > git status -z -uall [1ms]
2023-10-24 10:02:52.803 [info] > git show --textconv :style.css [7ms]
2023-10-24 10:02:52.804 [info] > git ls-files --stage -- /workspace/mijn-website/style.css [2ms]
2023-10-24 10:02:52.810 [info] > git cat-file -s eea4475d297e5d3ae2958d4ba54f91fd7f1fe289 [1ms]
2023-10-24 10:03:06.145 [info] > git for-each-ref --format=%(refname)%00%(upstream:short)%00%(objectname)%00%(upstream:track)%00%(upstream:remotename)%00%(upstream:remoteref) refs/heads/master refs/remotes/master [1ms]
2023-10-24 10:03:06.145 [info] > git config --get commit.template [8ms]
2023-10-24 10:03:06.152 [info] > git status -z -uall [1ms]
2023-10-24 10:03:11.180 [info] > git config --get commit.template [1ms]
2023-10-24 10:03:11.195 [info] > git for-each-ref --format=%(refname)%00%(upstream:short)%00%(objectname)%00%(upstream:track)%00%(upstream:remotename)%00%(upstream:remoteref) refs/heads/master refs/remotes/master [1ms]
2023-10-24 10:03:11.206 [info] > git status -z -uall [1ms]
2023-10-24 10:03:16.230 [info] > git config --get commit.template [12ms]
2023-10-24 10:03:16.231 [info] > git for-each-ref --format=%(refname)%00%(upstream:short)%00%(objectname)%00%(upstream:track)%00%(upstream:remotename)%00%(upstream:remoteref) refs/heads/master refs/remotes/master [2ms]
2023-10-24 10:03:16.242 [info] > git status -z -uall [1ms]
2023-10-24 10:03:21.268 [info] > git config --get commit.template [15ms]
2023-10-24 10:03:21.269 [info] > git for-each-ref --format=%(refname)%00%(upstream:short)%00%(objectname)%00%(upstream:track)%00%(upstream:remotename)%00%(upstream:remoteref) refs/heads/master refs/remotes/master [2ms]
2023-10-24 10:03:21.292 [info] > git status -z -uall [1ms]
2023-10-24 10:03:26.319 [info] > git for-each-ref --format=%(refname)%00%(upstream:short)%00%(objectname)%00%(upstream:track)%00%(upstream:remotename)%00%(upstream:remoteref) refs/heads/master refs/remotes/master [0ms]
2023-10-24 10:03:26.319 [info] > git config --get commit.template [13ms]
2023-10-24 10:03:26.327 [info] > git status -z -uall [1ms]
2023-10-24 10:03:34.747 [info] > git config --get commit.template [8ms]
2023-10-24 10:03:34.747 [info] > git for-each-ref --format=%(refname)%00%(upstream:short)%00%(objectname)%00%(upstream:track)%00%(upstream:remotename)%00%(upstream:remoteref) refs/heads/master refs/remotes/master [1ms]
2023-10-24 10:03:34.755 [info] > git status -z -uall [1ms]
2023-10-24 10:03:39.789 [info] > git config --get commit.template [12ms]
2023-10-24 10:03:39.790 [info] > git for-each-ref --format=%(refname)%00%(upstream:short)%00%(objectname)%00%(upstream:track)%00%(upstream:remotename)%00%(upstream:remoteref) refs/heads/master refs/remotes/master [2ms]
2023-10-24 10:03:39.800 [info] > git status -z -uall [1ms]
2023-10-24 10:03:44.822 [info] > git config --get commit.template [10ms]
2023-10-24 10:03:44.822 [info] > git for-each-ref --format=%(refname)%00%(upstream:short)%00%(objectname)%00%(upstream:track)%00%(upstream:remotename)%00%(upstream:remoteref) refs/heads/master refs/remotes/master [1ms]
2023-10-24 10:03:44.831 [info] > git status -z -uall [2ms]
2023-10-24 10:03:49.853 [info] > git config --get commit.template [8ms]
2023-10-24 10:03:49.853 [info] > git for-each-ref --format=%(refname)%00%(upstream:short)%00%(objectname)%00%(upstream:track)%00%(upstream:remotename)%00%(upstream:remoteref) refs/heads/master refs/remotes/master [1ms]
2023-10-24 10:03:49.867 [info] > git status -z -uall [2ms]
2023-10-24 10:03:55.191 [info] > git config --get commit.template [11ms]
2023-10-24 10:03:55.192 [info] > git for-each-ref --format=%(refname)%00%(upstream:short)%00%(objectname)%00%(upstream:track)%00%(upstream:remotename)%00%(upstream:remoteref) refs/heads/master refs/remotes/master [1ms]
2023-10-24 10:03:55.204 [info] > git status -z -uall [2ms]
2023-10-24 10:04:07.461 [info] > git config --get commit.template [7ms]
2023-10-24 10:04:07.462 [info] > git for-each-ref --format=%(refname)%00%(upstream:short)%00%(objectname)%00%(upstream:track)%00%(upstream:remotename)%00%(upstream:remoteref) refs/heads/master refs/remotes/master [1ms]
2023-10-24 10:04:07.473 [info] > git status -z -uall [1ms]
2023-10-24 10:04:20.014 [info] > git config --get commit.template [9ms]
2023-10-24 10:04:20.014 [info] > git for-each-ref --format=%(refname)%00%(upstream:short)%00%(objectname)%00%(upstream:track)%00%(upstream:remotename)%00%(upstream:remoteref) refs/heads/master refs/remotes/master [1ms]
2023-10-24 10:04:20.023 [info] > git status -z -uall [2ms]
2023-10-24 10:04:32.134 [info] > git config --get commit.template [7ms]
2023-10-24 10:04:32.134 [info] > git for-each-ref --format=%(refname)%00%(upstream:short)%00%(objectname)%00%(upstream:track)%00%(upstream:remotename)%00%(upstream:remoteref) refs/heads/master refs/remotes/master [1ms]
2023-10-24 10:04:32.143 [info] > git status -z -uall [2ms]
2023-10-24 10:04:37.166 [info] > git config --get commit.template [12ms]
2023-10-24 10:04:37.167 [info] > git for-each-ref --format=%(refname)%00%(upstream:short)%00%(objectname)%00%(upstream:track)%00%(upstream:remotename)%00%(upstream:remoteref) refs/heads/master refs/remotes/master [2ms]
2023-10-24 10:04:37.180 [info] > git status -z -uall [2ms]
2023-10-24 10:04:42.201 [info] > git config --get commit.template [9ms]
2023-10-24 10:04:42.201 [info] > git for-each-ref --format=%(refname)%00%(upstream:short)%00%(objectname)%00%(upstream:track)%00%(upstream:remotename)%00%(upstream:remoteref) refs/heads/master refs/remotes/master [1ms]
2023-10-24 10:04:42.209 [info] > git status -z -uall [1ms]
2023-10-24 10:04:47.234 [info] > git config --get commit.template [11ms]
2023-10-24 10:04:47.234 [info] > git for-each-ref --format=%(refname)%00%(upstream:short)%00%(objectname)%00%(upstream:track)%00%(upstream:remotename)%00%(upstream:remoteref) refs/heads/master refs/remotes/master [1ms]
2023-10-24 10:04:47.244 [info] > git status -z -uall [2ms]
2023-10-24 10:04:53.475 [info] > git for-each-ref --format=%(refname)%00%(upstream:short)%00%(objectname)%00%(upstream:track)%00%(upstream:remotename)%00%(upstream:remoteref) refs/heads/master refs/remotes/master [2ms]
2023-10-24 10:04:53.475 [info] > git config --get commit.template [11ms]
2023-10-24 10:04:53.485 [info] > git status -z -uall [1ms]
2023-10-24 10:04:53.784 [info] > git fetch [330ms]
2023-10-24 10:04:53.808 [info] > git config --get commit.template [13ms]
2023-10-24 10:04:53.809 [info] > git for-each-ref --format=%(refname)%00%(upstream:short)%00%(objectname)%00%(upstream:track)%00%(upstream:remotename)%00%(upstream:remoteref) refs/heads/master refs/remotes/master [2ms]
2023-10-24 10:04:53.822 [info] > git status -z -uall [2ms]
2023-10-24 10:04:55.043 [info] > git ls-files --stage -- /workspace/mijn-website/style.css [1ms]
2023-10-24 10:04:55.050 [info] > git cat-file -s eea4475d297e5d3ae2958d4ba54f91fd7f1fe289 [1ms]
2023-10-24 10:04:55.074 [info] > git show --textconv :style.css [1ms]
2023-10-24 10:04:58.507 [info] > git config --get commit.template [9ms]
2023-10-24 10:04:58.507 [info] > git for-each-ref --format=%(refname)%00%(upstream:short)%00%(objectname)%00%(upstream:track)%00%(upstream:remotename)%00%(upstream:remoteref) refs/heads/master refs/remotes/master [1ms]
2023-10-24 10:04:58.517 [info] > git status -z -uall [1ms]
2023-10-24 10:05:05.046 [info] > git config --get commit.template [8ms]
2023-10-24 10:05:05.047 [info] > git for-each-ref --format=%(refname)%00%(upstream:short)%00%(objectname)%00%(upstream:track)%00%(upstream:remotename)%00%(upstream:remoteref) refs/heads/master refs/remotes/master [2ms]
2023-10-24 10:05:05.055 [info] > git status -z -uall [2ms]
2023-10-24 10:05:10.080 [info] > git config --get commit.template [11ms]
2023-10-24 10:05:10.081 [info] > git for-each-ref --format=%(refname)%00%(upstream:short)%00%(objectname)%00%(upstream:track)%00%(upstream:remotename)%00%(upstream:remoteref) refs/heads/master refs/remotes/master [2ms]
2023-10-24 10:05:10.092 [info] > git status -z -uall [2ms]
2023-10-24 10:06:33.286 [info] > git config --local branch.master.github-pr-owner-number [1ms]
2023-10-24 10:06:33.301 [info] > git config --get commit.template [7ms]
2023-10-24 10:06:33.302 [info] > git for-each-ref --format=%(refname)%00%(upstream:short)%00%(objectname)%00%(upstream:track)%00%(upstream:remotename)%00%(upstream:remoteref) refs/heads/master refs/remotes/master [1ms]
2023-10-24 10:06:33.310 [info] > git status -z -uall [2ms]
2023-10-24 10:06:42.813 [info] > git config --get commit.template [7ms]
2023-10-24 10:06:42.813 [info] > git for-each-ref --format=%(refname)%00%(upstream:short)%00%(objectname)%00%(upstream:track)%00%(upstream:remotename)%00%(upstream:remoteref) refs/heads/master refs/remotes/master [1ms]
2023-10-24 10:06:42.820 [info] > git status -z -uall [1ms]
2023-10-24 10:06:56.899 [info] > git config --get commit.template [9ms]
2023-10-24 10:06:56.900 [info] > git for-each-ref --format=%(refname)%00%(upstream:short)%00%(objectname)%00%(upstream:track)%00%(upstream:remotename)%00%(upstream:remoteref) refs/heads/master refs/remotes/master [1ms]
2023-10-24 10:06:56.909 [info] > git status -z -uall [1ms]
2023-10-24 10:07:54.186 [info] > git fetch [353ms]
2023-10-24 10:07:54.208 [info] > git config --get commit.template [11ms]
2023-10-24 10:07:54.208 [info] > git for-each-ref --format=%(refname)%00%(upstream:short)%00%(objectname)%00%(upstream:track)%00%(upstream:remotename)%00%(upstream:remoteref) refs/heads/master refs/remotes/master [2ms]
2023-10-24 10:07:54.216 [info] > git status -z -uall [1ms]
2023-10-24 10:08:25.560 [info] > git config --get commit.template [9ms]
2023-10-24 10:08:25.560 [info] > git for-each-ref --format=%(refname)%00%(upstream:short)%00%(objectname)%00%(upstream:track)%00%(upstream:remotename)%00%(upstream:remoteref) refs/heads/master refs/remotes/master [2ms]
2023-10-24 10:08:25.568 [info] > git status -z -uall [1ms]
2023-10-24 10:08:25.576 [info] > git ls-files --stage -- /workspace/mijn-website/style.css [1ms]
2023-10-24 10:08:25.582 [info] > git cat-file -s eea4475d297e5d3ae2958d4ba54f91fd7f1fe289 [1ms]
2023-10-24 10:08:25.614 [info] > git show --textconv :style.css [1ms]
2023-10-24 10:08:30.582 [info] > git config --get commit.template [6ms]
2023-10-24 10:08:30.583 [info] > git for-each-ref --format=%(refname)%00%(upstream:short)%00%(objectname)%00%(upstream:track)%00%(upstream:remotename)%00%(upstream:remoteref) refs/heads/master refs/remotes/master [1ms]
2023-10-24 10:08:30.590 [info] > git status -z -uall [1ms]
2023-10-24 10:08:40.559 [info] > git config --get commit.template [8ms]
2023-10-24 10:08:40.559 [info] > git for-each-ref --format=%(refname)%00%(upstream:short)%00%(objectname)%00%(upstream:track)%00%(upstream:remotename)%00%(upstream:remoteref) refs/heads/master refs/remotes/master [1ms]
2023-10-24 10:08:40.570 [info] > git status -z -uall [2ms]
2023-10-24 10:09:18.875 [info] > git config --get commit.template [7ms]
2023-10-24 10:09:18.875 [info] > git for-each-ref --format=%(refname)%00%(upstream:short)%00%(objectname)%00%(upstream:track)%00%(upstream:remotename)%00%(upstream:remoteref) refs/heads/master refs/remotes/master [1ms]
2023-10-24 10:09:18.882 [info] > git status -z -uall [1ms]
2023-10-24 10:09:23.904 [info] > git config --get commit.template [9ms]
2023-10-24 10:09:23.904 [info] > git for-each-ref --format=%(refname)%00%(upstream:short)%00%(objectname)%00%(upstream:track)%00%(upstream:remotename)%00%(upstream:remoteref) refs/heads/master refs/remotes/master [1ms]
2023-10-24 10:09:23.914 [info] > git status -z -uall [1ms]
2023-10-24 10:10:54.578 [info] > git fetch [350ms]
2023-10-24 10:10:54.597 [info] > git config --get commit.template [9ms]
2023-10-24 10:10:54.598 [info] > git for-each-ref --format=%(refname)%00%(upstream:short)%00%(objectname)%00%(upstream:track)%00%(upstream:remotename)%00%(upstream:remoteref) refs/heads/master refs/remotes/master [2ms]
2023-10-24 10:10:54.607 [info] > git status -z -uall [1ms]
2023-10-24 10:10:55.734 [info] > git config --get commit.template [10ms]
2023-10-24 10:10:55.735 [info] > git for-each-ref --format=%(refname)%00%(upstream:short)%00%(objectname)%00%(upstream:track)%00%(upstream:remotename)%00%(upstream:remoteref) refs/heads/master refs/remotes/master [2ms]
2023-10-24 10:10:55.746 [info] > git status -z -uall [1ms]
2023-10-24 10:10:55.840 [info] > git ls-files --stage -- /workspace/mijn-website/style.css [1ms]
2023-10-24 10:10:55.848 [info] > git cat-file -s eea4475d297e5d3ae2958d4ba54f91fd7f1fe289 [1ms]
2023-10-24 10:10:55.876 [info] > git show --textconv :style.css [1ms]
2023-10-24 10:11:33.320 [info] > git config --local branch.master.github-pr-owner-number [1ms]
2023-10-24 10:11:33.337 [info] > git config --get commit.template [9ms]
2023-10-24 10:11:33.337 [info] > git for-each-ref --format=%(refname)%00%(upstream:short)%00%(objectname)%00%(upstream:track)%00%(upstream:remotename)%00%(upstream:remoteref) refs/heads/master refs/remotes/master [1ms]
2023-10-24 10:11:33.346 [info] > git status -z -uall [1ms]
2023-10-24 10:11:56.980 [info] > git config --get commit.template [7ms]
2023-10-24 10:11:56.980 [info] > git for-each-ref --format=%(refname)%00%(upstream:short)%00%(objectname)%00%(upstream:track)%00%(upstream:remotename)%00%(upstream:remoteref) refs/heads/master refs/remotes/master [1ms]
2023-10-24 10:11:56.988 [info] > git status -z -uall [1ms]
2023-10-24 10:12:02.869 [info] > git config --get commit.template [10ms]
2023-10-24 10:12:02.870 [info] > git for-each-ref --format=%(refname)%00%(upstream:short)%00%(objectname)%00%(upstream:track)%00%(upstream:remotename)%00%(upstream:remoteref) refs/heads/master refs/remotes/master [1ms]
2023-10-24 10:12:02.879 [info] > git status -z -uall [1ms]
2023-10-24 10:13:14.539 [info] > git config --get commit.template [7ms]
2023-10-24 10:13:14.540 [info] > git for-each-ref --format=%(refname)%00%(upstream:short)%00%(objectname)%00%(upstream:track)%00%(upstream:remotename)%00%(upstream:remoteref) refs/heads/master refs/remotes/master [1ms]
2023-10-24 10:13:14.548 [info] > git status -z -uall [1ms]
2023-10-24 10:13:20.058 [info] > git config --get commit.template [11ms]
2023-10-24 10:13:20.059 [info] > git for-each-ref --format=%(refname)%00%(upstream:short)%00%(objectname)%00%(upstream:track)%00%(upstream:remotename)%00%(upstream:remoteref) refs/heads/master refs/remotes/master [2ms]
2023-10-24 10:13:20.072 [info] > git status -z -uall [2ms]
2023-10-24 10:13:25.092 [info] > git config --get commit.template [8ms]
2023-10-24 10:13:25.093 [info] > git for-each-ref --format=%(refname)%00%(upstream:short)%00%(objectname)%00%(upstream:track)%00%(upstream:remotename)%00%(upstream:remoteref) refs/heads/master refs/remotes/master [2ms]
2023-10-24 10:13:25.101 [info] > git status -z -uall [2ms]
2023-10-24 10:13:30.119 [info] > git for-each-ref --format=%(refname)%00%(upstream:short)%00%(objectname)%00%(upstream:track)%00%(upstream:remotename)%00%(upstream:remoteref) refs/heads/master refs/remotes/master [1ms]
2023-10-24 10:13:30.119 [info] > git config --get commit.template [8ms]
2023-10-24 10:13:30.127 [info] > git status -z -uall [2ms]
2023-10-24 10:13:36.841 [info] > git config --get commit.template [1ms]
2023-10-24 10:13:36.850 [info] > git for-each-ref --format=%(refname)%00%(upstream:short)%00%(objectname)%00%(upstream:track)%00%(upstream:remotename)%00%(upstream:remoteref) refs/heads/master refs/remotes/master [1ms]
2023-10-24 10:13:36.857 [info] > git status -z -uall [1ms]
2023-10-24 10:13:48.576 [info] > git config --get commit.template [8ms]
2023-10-24 10:13:48.577 [info] > git for-each-ref --format=%(refname)%00%(upstream:short)%00%(objectname)%00%(upstream:track)%00%(upstream:remotename)%00%(upstream:remoteref) refs/heads/master refs/remotes/master [1ms]
2023-10-24 10:13:48.585 [info] > git status -z -uall [2ms]
2023-10-24 10:13:53.605 [info] > git config --get commit.template [8ms]
2023-10-24 10:13:53.606 [info] > git for-each-ref --format=%(refname)%00%(upstream:short)%00%(objectname)%00%(upstream:track)%00%(upstream:remotename)%00%(upstream:remoteref) refs/heads/master refs/remotes/master [2ms]
2023-10-24 10:13:53.614 [info] > git status -z -uall [1ms]
2023-10-24 10:13:54.940 [info] > git fetch [323ms]
2023-10-24 10:13:54.957 [info] > git config --get commit.template [7ms]
2023-10-24 10:13:54.958 [info] > git for-each-ref --format=%(refname)%00%(upstream:short)%00%(objectname)%00%(upstream:track)%00%(upstream:remotename)%00%(upstream:remoteref) refs/heads/master refs/remotes/master [1ms]
2023-10-24 10:13:54.970 [info] > git status -z -uall [2ms]
2023-10-24 10:13:56.218 [info] > git ls-files --stage -- /workspace/mijn-website/style.css [1ms]
2023-10-24 10:13:56.227 [info] > git cat-file -s eea4475d297e5d3ae2958d4ba54f91fd7f1fe289 [2ms]
2023-10-24 10:13:56.248 [info] > git show --textconv :style.css [1ms]
2023-10-24 10:13:58.634 [info] > git config --get commit.template [10ms]
2023-10-24 10:13:58.634 [info] > git for-each-ref --format=%(refname)%00%(upstream:short)%00%(objectname)%00%(upstream:track)%00%(upstream:remotename)%00%(upstream:remoteref) refs/heads/master refs/remotes/master [1ms]
2023-10-24 10:13:58.645 [info] > git status -z -uall [1ms]
2023-10-24 10:14:03.664 [info] > git config --get commit.template [8ms]
2023-10-24 10:14:03.664 [info] > git for-each-ref --format=%(refname)%00%(upstream:short)%00%(objectname)%00%(upstream:track)%00%(upstream:remotename)%00%(upstream:remoteref) refs/heads/master refs/remotes/master [1ms]
2023-10-24 10:14:03.672 [info] > git status -z -uall [1ms]
2023-10-24 10:14:08.693 [info] > git config --get commit.template [10ms]
2023-10-24 10:14:08.694 [info] > git for-each-ref --format=%(refname)%00%(upstream:short)%00%(objectname)%00%(upstream:track)%00%(upstream:remotename)%00%(upstream:remoteref) refs/heads/master refs/remotes/master [1ms]
2023-10-24 10:14:08.705 [info] > git status -z -uall [2ms]
2023-10-24 10:14:13.723 [info] > git config --get commit.template [8ms]
2023-10-24 10:14:13.723 [info] > git for-each-ref --format=%(refname)%00%(upstream:short)%00%(objectname)%00%(upstream:track)%00%(upstream:remotename)%00%(upstream:remoteref) refs/heads/master refs/remotes/master [1ms]
2023-10-24 10:14:13.730 [info] > git status -z -uall [1ms]
2023-10-24 10:14:23.686 [info] > git config --get commit.template [2ms]
2023-10-24 10:14:23.695 [info] > git for-each-ref --format=%(refname)%00%(upstream:short)%00%(objectname)%00%(upstream:track)%00%(upstream:remotename)%00%(upstream:remoteref) refs/heads/master refs/remotes/master [1ms]
2023-10-24 10:14:23.703 [info] > git status -z -uall [1ms]
2023-10-24 10:14:33.578 [info] > git for-each-ref --format=%(refname)%00%(upstream:short)%00%(objectname)%00%(upstream:track)%00%(upstream:remotename)%00%(upstream:remoteref) refs/heads/master refs/remotes/master [2ms]
2023-10-24 10:14:33.578 [info] > git config --get commit.template [14ms]
2023-10-24 10:14:33.593 [info] > git status -z -uall [2ms]
2023-10-24 10:14:40.462 [info] > git config --get commit.template [8ms]
2023-10-24 10:14:40.462 [info] > git for-each-ref --format=%(refname)%00%(upstream:short)%00%(objectname)%00%(upstream:track)%00%(upstream:remotename)%00%(upstream:remoteref) refs/heads/master refs/remotes/master [1ms]
2023-10-24 10:14:40.472 [info] > git status -z -uall [1ms]
2023-10-24 10:15:14.249 [info] > git config --get commit.template [9ms]
2023-10-24 10:15:14.250 [info] > git for-each-ref --format=%(refname)%00%(upstream:short)%00%(objectname)%00%(upstream:track)%00%(upstream:remotename)%00%(upstream:remoteref) refs/heads/master refs/remotes/master [1ms]
2023-10-24 10:15:14.263 [info] > git status -z -uall [2ms]
2023-10-24 10:15:26.391 [info] > git show --textconv :style.css [9ms]
2023-10-24 10:15:26.391 [info] > git ls-files --stage -- /workspace/mijn-website/style.css [1ms]
2023-10-24 10:15:26.401 [info] > git cat-file -s eea4475d297e5d3ae2958d4ba54f91fd7f1fe289 [1ms]
2023-10-24 10:15:36.464 [info] > git config --get commit.template [8ms]
2023-10-24 10:15:36.464 [info] > git for-each-ref --format=%(refname)%00%(upstream:short)%00%(objectname)%00%(upstream:track)%00%(upstream:remotename)%00%(upstream:remoteref) refs/heads/master refs/remotes/master [1ms]
2023-10-24 10:15:36.472 [info] > git status -z -uall [1ms]
2023-10-24 10:15:45.630 [info] > git config --get commit.template [8ms]
2023-10-24 10:15:45.630 [info] > git for-each-ref --format=%(refname)%00%(upstream:short)%00%(objectname)%00%(upstream:track)%00%(upstream:remotename)%00%(upstream:remoteref) refs/heads/master refs/remotes/master [1ms]
2023-10-24 10:15:45.637 [info] > git status -z -uall [1ms]
2023-10-24 10:15:57.256 [info] > git config --get commit.template [9ms]
2023-10-24 10:15:57.256 [info] > git for-each-ref --format=%(refname)%00%(upstream:short)%00%(objectname)%00%(upstream:track)%00%(upstream:remotename)%00%(upstream:remoteref) refs/heads/master refs/remotes/master [1ms]
2023-10-24 10:15:57.266 [info] > git status -z -uall [1ms]
2023-10-24 10:16:02.295 [info] > git config --get commit.template [13ms]
2023-10-24 10:16:02.296 [info] > git for-each-ref --format=%(refname)%00%(upstream:short)%00%(objectname)%00%(upstream:track)%00%(upstream:remotename)%00%(upstream:remoteref) refs/heads/master refs/remotes/master [2ms]
2023-10-24 10:16:02.308 [info] > git status -z -uall [2ms]
2023-10-24 10:16:08.175 [info] > git for-each-ref --format=%(refname)%00%(upstream:short)%00%(objectname)%00%(upstream:track)%00%(upstream:remotename)%00%(upstream:remoteref) refs/heads/master refs/remotes/master [1ms]
2023-10-24 10:16:08.175 [info] > git config --get commit.template [18ms]
2023-10-24 10:16:08.189 [info] > git status -z -uall [2ms]
2023-10-24 10:16:16.856 [info] > git config --get commit.template [11ms]
2023-10-24 10:16:16.856 [info] > git for-each-ref --format=%(refname)%00%(upstream:short)%00%(objectname)%00%(upstream:track)%00%(upstream:remotename)%00%(upstream:remoteref) refs/heads/master refs/remotes/master [1ms]
2023-10-24 10:16:16.869 [info] > git status -z -uall [2ms]
2023-10-24 10:16:21.893 [info] > git config --get commit.template [11ms]
2023-10-24 10:16:21.893 [info] > git for-each-ref --format=%(refname)%00%(upstream:short)%00%(objectname)%00%(upstream:track)%00%(upstream:remotename)%00%(upstream:remoteref) refs/heads/master refs/remotes/master [1ms]
2023-10-24 10:16:21.902 [info] > git status -z -uall [1ms]
2023-10-24 10:16:26.922 [info] > git config --get commit.template [8ms]
2023-10-24 10:16:26.923 [info] > git for-each-ref --format=%(refname)%00%(upstream:short)%00%(objectname)%00%(upstream:track)%00%(upstream:remotename)%00%(upstream:remoteref) refs/heads/master refs/remotes/master [2ms]
2023-10-24 10:16:26.930 [info] > git status -z -uall [1ms]
2023-10-24 10:16:32.761 [info] > git config --get commit.template [10ms]
2023-10-24 10:16:32.762 [info] > git for-each-ref --format=%(refname)%00%(upstream:short)%00%(objectname)%00%(upstream:track)%00%(upstream:remotename)%00%(upstream:remoteref) refs/heads/master refs/remotes/master [1ms]
2023-10-24 10:16:32.773 [info] > git status -z -uall [1ms]
2023-10-24 10:16:33.358 [info] > git config --local branch.master.github-pr-owner-number [1ms]
2023-10-24 10:16:33.379 [info] > git config --get commit.template [10ms]
2023-10-24 10:16:33.380 [info] > git for-each-ref --format=%(refname)%00%(upstream:short)%00%(objectname)%00%(upstream:track)%00%(upstream:remotename)%00%(upstream:remoteref) refs/heads/master refs/remotes/master [2ms]
2023-10-24 10:16:33.390 [info] > git status -z -uall [1ms]
2023-10-24 10:16:38.812 [info] > git config --get commit.template [8ms]
2023-10-24 10:16:38.813 [info] > git for-each-ref --format=%(refname)%00%(upstream:short)%00%(objectname)%00%(upstream:track)%00%(upstream:remotename)%00%(upstream:remoteref) refs/heads/master refs/remotes/master [2ms]
2023-10-24 10:16:38.839 [info] > git status -z -uall [17ms]
2023-10-24 10:16:43.858 [info] > git config --get commit.template [7ms]
2023-10-24 10:16:43.858 [info] > git for-each-ref --format=%(refname)%00%(upstream:short)%00%(objectname)%00%(upstream:track)%00%(upstream:remotename)%00%(upstream:remoteref) refs/heads/master refs/remotes/master [1ms]
2023-10-24 10:16:43.866 [info] > git status -z -uall [1ms]
2023-10-24 10:16:48.883 [info] > git config --get commit.template [6ms]
2023-10-24 10:16:48.884 [info] > git for-each-ref --format=%(refname)%00%(upstream:short)%00%(objectname)%00%(upstream:track)%00%(upstream:remotename)%00%(upstream:remoteref) refs/heads/master refs/remotes/master [1ms]
2023-10-24 10:16:48.891 [info] > git status -z -uall [1ms]
2023-10-24 10:16:55.330 [info] > git fetch [350ms]
2023-10-24 10:16:55.343 [info] > git config --get commit.template [5ms]
2023-10-24 10:16:55.344 [info] > git for-each-ref --format=%(refname)%00%(upstream:short)%00%(objectname)%00%(upstream:track)%00%(upstream:remotename)%00%(upstream:remoteref) refs/heads/master refs/remotes/master [1ms]
2023-10-24 10:16:55.352 [info] > git status -z -uall [2ms]
2023-10-24 10:16:56.487 [info] > git config --get commit.template [8ms]
2023-10-24 10:16:56.487 [info] > git for-each-ref --format=%(refname)%00%(upstream:short)%00%(objectname)%00%(upstream:track)%00%(upstream:remotename)%00%(upstream:remoteref) refs/heads/master refs/remotes/master [1ms]
2023-10-24 10:16:56.495 [info] > git status -z -uall [1ms]
2023-10-24 10:16:56.594 [info] > git ls-files --stage -- /workspace/mijn-website/style.css [1ms]
2023-10-24 10:16:56.601 [info] > git cat-file -s eea4475d297e5d3ae2958d4ba54f91fd7f1fe289 [1ms]
2023-10-24 10:16:56.632 [info] > git show --textconv :style.css [1ms]
2023-10-24 10:17:03.971 [info] > git config --get commit.template [10ms]
2023-10-24 10:17:03.972 [info] > git for-each-ref --format=%(refname)%00%(upstream:short)%00%(objectname)%00%(upstream:track)%00%(upstream:remotename)%00%(upstream:remoteref) refs/heads/master refs/remotes/master [1ms]
2023-10-24 10:17:03.985 [info] > git status -z -uall [1ms]
2023-10-24 10:17:09.002 [info] > git config --get commit.template [6ms]
2023-10-24 10:17:09.002 [info] > git for-each-ref --format=%(refname)%00%(upstream:short)%00%(objectname)%00%(upstream:track)%00%(upstream:remotename)%00%(upstream:remoteref) refs/heads/master refs/remotes/master [1ms]
2023-10-24 10:17:09.010 [info] > git status -z -uall [1ms]
2023-10-24 10:17:14.032 [info] > git config --get commit.template [9ms]
2023-10-24 10:17:14.033 [info] > git for-each-ref --format=%(refname)%00%(upstream:short)%00%(objectname)%00%(upstream:track)%00%(upstream:remotename)%00%(upstream:remoteref) refs/heads/master refs/remotes/master [2ms]
2023-10-24 10:17:14.041 [info] > git status -z -uall [1ms]
2023-10-24 10:17:20.274 [info] > git config --get commit.template [8ms]
2023-10-24 10:17:20.275 [info] > git for-each-ref --format=%(refname)%00%(upstream:short)%00%(objectname)%00%(upstream:track)%00%(upstream:remotename)%00%(upstream:remoteref) refs/heads/master refs/remotes/master [1ms]
2023-10-24 10:17:20.283 [info] > git status -z -uall [2ms]
2023-10-24 10:17:47.048 [info] > git config --get commit.template [10ms]
2023-10-24 10:17:47.048 [info] > git for-each-ref --format=%(refname)%00%(upstream:short)%00%(objectname)%00%(upstream:track)%00%(upstream:remotename)%00%(upstream:remoteref) refs/heads/master refs/remotes/master [1ms]
2023-10-24 10:17:47.058 [info] > git status -z -uall [2ms]
2023-10-24 10:17:52.080 [info] > git config --get commit.template [10ms]
2023-10-24 10:17:52.081 [info] > git for-each-ref --format=%(refname)%00%(upstream:short)%00%(objectname)%00%(upstream:track)%00%(upstream:remotename)%00%(upstream:remoteref) refs/heads/master refs/remotes/master [2ms]
2023-10-24 10:17:52.091 [info] > git status -z -uall [1ms]
2023-10-24 10:17:57.109 [info] > git config --get commit.template [7ms]
2023-10-24 10:17:57.110 [info] > git for-each-ref --format=%(refname)%00%(upstream:short)%00%(objectname)%00%(upstream:track)%00%(upstream:remotename)%00%(upstream:remoteref) refs/heads/master refs/remotes/master [1ms]
2023-10-24 10:17:57.118 [info] > git status -z -uall [1ms]
2023-10-24 10:18:02.143 [info] > git config --get commit.template [10ms]
2023-10-24 10:18:02.144 [info] > git for-each-ref --format=%(refname)%00%(upstream:short)%00%(objectname)%00%(upstream:track)%00%(upstream:remotename)%00%(upstream:remoteref) refs/heads/master refs/remotes/master [2ms]
2023-10-24 10:18:02.154 [info] > git status -z -uall [1ms]
2023-10-24 10:18:07.175 [info] > git config --get commit.template [10ms]
2023-10-24 10:18:07.176 [info] > git for-each-ref --format=%(refname)%00%(upstream:short)%00%(objectname)%00%(upstream:track)%00%(upstream:remotename)%00%(upstream:remoteref) refs/heads/master refs/remotes/master [1ms]
2023-10-24 10:18:07.187 [info] > git status -z -uall [2ms]
2023-10-24 10:18:12.205 [info] > git config --get commit.template [6ms]
2023-10-24 10:18:12.205 [info] > git for-each-ref --format=%(refname)%00%(upstream:short)%00%(objectname)%00%(upstream:track)%00%(upstream:remotename)%00%(upstream:remoteref) refs/heads/master refs/remotes/master [1ms]
2023-10-24 10:18:12.212 [info] > git status -z -uall [1ms]
2023-10-24 10:18:17.230 [info] > git config --get commit.template [8ms]
2023-10-24 10:18:17.231 [info] > git for-each-ref --format=%(refname)%00%(upstream:short)%00%(objectname)%00%(upstream:track)%00%(upstream:remotename)%00%(upstream:remoteref) refs/heads/master refs/remotes/master [2ms]
2023-10-24 10:18:17.239 [info] > git status -z -uall [2ms]
2023-10-24 10:18:22.264 [info] > git config --get commit.template [12ms]
2023-10-24 10:18:22.264 [info] > git for-each-ref --format=%(refname)%00%(upstream:short)%00%(objectname)%00%(upstream:track)%00%(upstream:remotename)%00%(upstream:remoteref) refs/heads/master refs/remotes/master [1ms]
2023-10-24 10:18:22.274 [info] > git status -z -uall [1ms]
2023-10-24 10:18:27.296 [info] > git config --get commit.template [10ms]
2023-10-24 10:18:27.297 [info] > git for-each-ref --format=%(refname)%00%(upstream:short)%00%(objectname)%00%(upstream:track)%00%(upstream:remotename)%00%(upstream:remoteref) refs/heads/master refs/remotes/master [1ms]
2023-10-24 10:18:27.309 [info] > git status -z -uall [1ms]
2023-10-24 10:18:47.634 [info] > git config --get commit.template [1ms]
2023-10-24 10:18:47.644 [info] > git for-each-ref --format=%(refname)%00%(upstream:short)%00%(objectname)%00%(upstream:track)%00%(upstream:remotename)%00%(upstream:remoteref) refs/heads/master refs/remotes/master [2ms]
2023-10-24 10:18:47.654 [info] > git status -z -uall [1ms]
2023-10-24 10:20:02.128 [info] > git config --get commit.template [10ms]
2023-10-24 10:20:02.128 [info] > git for-each-ref --format=%(refname)%00%(upstream:short)%00%(objectname)%00%(upstream:track)%00%(upstream:remotename)%00%(upstream:remoteref) refs/heads/master refs/remotes/master [1ms]
2023-10-24 10:20:02.138 [info] > git status -z -uall [1ms]
2023-10-24 10:20:02.496 [info] > git fetch [387ms]
2023-10-24 10:20:02.512 [info] > git config --get commit.template [8ms]
2023-10-24 10:20:02.512 [info] > git for-each-ref --format=%(refname)%00%(upstream:short)%00%(objectname)%00%(upstream:track)%00%(upstream:remotename)%00%(upstream:remoteref) refs/heads/master refs/remotes/master [1ms]
2023-10-24 10:20:02.521 [info] > git status -z -uall [1ms]
2023-10-24 10:20:03.757 [info] > git ls-files --stage -- /workspace/mijn-website/style.css [1ms]
2023-10-24 10:20:03.764 [info] > git cat-file -s eea4475d297e5d3ae2958d4ba54f91fd7f1fe289 [1ms]
2023-10-24 10:20:03.837 [info] > git show --textconv :style.css [1ms]
2023-10-24 10:20:07.164 [info] > git config --get commit.template [12ms]
2023-10-24 10:20:07.164 [info] > git for-each-ref --format=%(refname)%00%(upstream:short)%00%(objectname)%00%(upstream:track)%00%(upstream:remotename)%00%(upstream:remoteref) refs/heads/master refs/remotes/master [2ms]
2023-10-24 10:20:07.177 [info] > git status -z -uall [3ms]
2023-10-24 10:21:16.831 [info] > git config --get commit.template [2ms]
2023-10-24 10:21:16.839 [info] > git for-each-ref --format=%(refname)%00%(upstream:short)%00%(objectname)%00%(upstream:track)%00%(upstream:remotename)%00%(upstream:remoteref) refs/heads/master refs/remotes/master [1ms]
2023-10-24 10:21:16.847 [info] > git status -z -uall [1ms]
2023-10-24 10:21:29.348 [info] > git config --get commit.template [8ms]
2023-10-24 10:21:29.348 [info] > git for-each-ref --format=%(refname)%00%(upstream:short)%00%(objectname)%00%(upstream:track)%00%(upstream:remotename)%00%(upstream:remoteref) refs/heads/master refs/remotes/master [2ms]
2023-10-24 10:21:29.355 [info] > git status -z -uall [1ms]
2023-10-24 10:21:33.400 [info] > git config --local branch.master.github-pr-owner-number [1ms]
2023-10-24 10:21:33.416 [info] > git config --get commit.template [8ms]
2023-10-24 10:21:33.416 [info] > git for-each-ref --format=%(refname)%00%(upstream:short)%00%(objectname)%00%(upstream:track)%00%(upstream:remotename)%00%(upstream:remoteref) refs/heads/master refs/remotes/master [2ms]
2023-10-24 10:21:33.425 [info] > git status -z -uall [2ms]
2023-10-24 10:21:43.467 [info] > git config --get commit.template [7ms]
2023-10-24 10:21:43.467 [info] > git for-each-ref --format=%(refname)%00%(upstream:short)%00%(objectname)%00%(upstream:track)%00%(upstream:remotename)%00%(upstream:remoteref) refs/heads/master refs/remotes/master [1ms]
2023-10-24 10:21:43.474 [info] > git status -z -uall [2ms]
2023-10-24 10:21:55.172 [info] > git config --get commit.template [8ms]
2023-10-24 10:21:55.173 [info] > git for-each-ref --format=%(refname)%00%(upstream:short)%00%(objectname)%00%(upstream:track)%00%(upstream:remotename)%00%(upstream:remoteref) refs/heads/master refs/remotes/master [2ms]
2023-10-24 10:21:55.182 [info] > git status -z -uall [2ms]
2023-10-24 10:22:02.470 [info] > git config --get commit.template [2ms]
2023-10-24 10:22:02.483 [info] > git for-each-ref --format=%(refname)%00%(upstream:short)%00%(objectname)%00%(upstream:track)%00%(upstream:remotename)%00%(upstream:remoteref) refs/heads/master refs/remotes/master [1ms]
2023-10-24 10:22:02.493 [info] > git status -z -uall [2ms]
2023-10-24 10:22:12.831 [info] > git config --get commit.template [6ms]
2023-10-24 10:22:12.832 [info] > git for-each-ref --format=%(refname)%00%(upstream:short)%00%(objectname)%00%(upstream:track)%00%(upstream:remotename)%00%(upstream:remoteref) refs/heads/master refs/remotes/master [1ms]
2023-10-24 10:22:12.838 [info] > git status -z -uall [1ms]
2023-10-24 10:23:04.536 [info] > git config --get commit.template [11ms]
2023-10-24 10:23:04.536 [info] > git for-each-ref --format=%(refname)%00%(upstream:short)%00%(objectname)%00%(upstream:track)%00%(upstream:remotename)%00%(upstream:remoteref) refs/heads/master refs/remotes/master [1ms]
2023-10-24 10:23:04.547 [info] > git status -z -uall [1ms]
2023-10-24 10:23:04.852 [info] > git fetch [338ms]
2023-10-24 10:23:04.870 [info] > git config --get commit.template [9ms]
2023-10-24 10:23:04.870 [info] > git for-each-ref --format=%(refname)%00%(upstream:short)%00%(objectname)%00%(upstream:track)%00%(upstream:remotename)%00%(upstream:remoteref) refs/heads/master refs/remotes/master [2ms]
2023-10-24 10:23:04.879 [info] > git status -z -uall [2ms]
2023-10-24 10:23:06.120 [info] > git ls-files --stage -- /workspace/mijn-website/style.css [1ms]
2023-10-24 10:23:06.131 [info] > git cat-file -s eea4475d297e5d3ae2958d4ba54f91fd7f1fe289 [1ms]
2023-10-24 10:23:06.160 [info] > git show --textconv :style.css [2ms]
2023-10-24 10:23:12.723 [info] > git config --get commit.template [10ms]
2023-10-24 10:23:12.724 [info] > git for-each-ref --format=%(refname)%00%(upstream:short)%00%(objectname)%00%(upstream:track)%00%(upstream:remotename)%00%(upstream:remoteref) refs/heads/master refs/remotes/master [2ms]
2023-10-24 10:23:12.732 [info] > git status -z -uall [1ms]
2023-10-24 10:23:19.661 [info] > git config --get commit.template [8ms]
2023-10-24 10:23:19.662 [info] > git for-each-ref --format=%(refname)%00%(upstream:short)%00%(objectname)%00%(upstream:track)%00%(upstream:remotename)%00%(upstream:remoteref) refs/heads/master refs/remotes/master [1ms]
2023-10-24 10:23:19.670 [info] > git status -z -uall [1ms]
2023-10-24 10:24:12.686 [info] > git config --get commit.template [6ms]
2023-10-24 10:24:12.687 [info] > git for-each-ref --format=%(refname)%00%(upstream:short)%00%(objectname)%00%(upstream:track)%00%(upstream:remotename)%00%(upstream:remoteref) refs/heads/master refs/remotes/master [1ms]
2023-10-24 10:24:12.694 [info] > git status -z -uall [1ms]
2023-10-24 10:24:28.580 [info] > git config --get commit.template [9ms]
2023-10-24 10:24:28.581 [info] > git for-each-ref --format=%(refname)%00%(upstream:short)%00%(objectname)%00%(upstream:track)%00%(upstream:remotename)%00%(upstream:remoteref) refs/heads/master refs/remotes/master [1ms]
2023-10-24 10:24:28.591 [info] > git status -z -uall [2ms]
2023-10-24 10:24:36.007 [info] > git config --get commit.template [1ms]
2023-10-24 10:24:36.015 [info] > git for-each-ref --format=%(refname)%00%(upstream:short)%00%(objectname)%00%(upstream:track)%00%(upstream:remotename)%00%(upstream:remoteref) refs/heads/master refs/remotes/master [1ms]
2023-10-24 10:24:36.023 [info] > git status -z -uall [2ms]
2023-10-24 10:25:51.420 [info] > git config --get commit.template [2ms]
2023-10-24 10:25:51.432 [info] > git for-each-ref --format=%(refname)%00%(upstream:short)%00%(objectname)%00%(upstream:track)%00%(upstream:remotename)%00%(upstream:remoteref) refs/heads/master refs/remotes/master [2ms]
2023-10-24 10:25:51.443 [info] > git status -z -uall [2ms]
2023-10-24 10:26:33.438 [info] > git config --local branch.master.github-pr-owner-number [1ms]
2023-10-24 10:26:33.455 [info] > git config --get commit.template [9ms]
2023-10-24 10:26:33.455 [info] > git for-each-ref --format=%(refname)%00%(upstream:short)%00%(objectname)%00%(upstream:track)%00%(upstream:remotename)%00%(upstream:remoteref) refs/heads/master refs/remotes/master [1ms]
2023-10-24 10:26:33.465 [info] > git status -z -uall [1ms]
2023-10-24 10:27:14.281 [info] > git config --get commit.template [7ms]
2023-10-24 10:27:14.281 [info] > git for-each-ref --format=%(refname)%00%(upstream:short)%00%(objectname)%00%(upstream:track)%00%(upstream:remotename)%00%(upstream:remoteref) refs/heads/master refs/remotes/master [1ms]
2023-10-24 10:27:14.289 [info] > git status -z -uall [2ms]
2023-10-24 10:27:14.600 [info] > git fetch [335ms]
2023-10-24 10:27:14.616 [info] > git config --get commit.template [7ms]
2023-10-24 10:27:14.617 [info] > git for-each-ref --format=%(refname)%00%(upstream:short)%00%(objectname)%00%(upstream:track)%00%(upstream:remotename)%00%(upstream:remoteref) refs/heads/master refs/remotes/master [1ms]
2023-10-24 10:27:14.625 [info] > git status -z -uall [1ms]
2023-10-24 10:27:15.860 [info] > git ls-files --stage -- /workspace/mijn-website/style.css [1ms]
2023-10-24 10:27:15.868 [info] > git cat-file -s eea4475d297e5d3ae2958d4ba54f91fd7f1fe289 [1ms]
2023-10-24 10:27:15.890 [info] > git show --textconv :style.css [1ms]
2023-10-24 10:27:19.307 [info] > git config --get commit.template [7ms]
2023-10-24 10:27:19.308 [info] > git for-each-ref --format=%(refname)%00%(upstream:short)%00%(objectname)%00%(upstream:track)%00%(upstream:remotename)%00%(upstream:remoteref) refs/heads/master refs/remotes/master [1ms]
2023-10-24 10:27:19.316 [info] > git status -z -uall [2ms]
2023-10-24 10:27:31.334 [info] > git config --get commit.template [10ms]
2023-10-24 10:27:31.335 [info] > git for-each-ref --format=%(refname)%00%(upstream:short)%00%(objectname)%00%(upstream:track)%00%(upstream:remotename)%00%(upstream:remoteref) refs/heads/master refs/remotes/master [1ms]
2023-10-24 10:27:31.345 [info] > git status -z -uall [1ms]
2023-10-24 10:27:53.942 [info] > git show --textconv HEAD:style.css [11ms]
2023-10-24 10:27:53.942 [info] > git ls-tree -l HEAD -- /workspace/mijn-website/style.css [1ms]
2023-10-24 10:27:57.644 [info] > git ls-tree -l HEAD -- /workspace/mijn-website/afbeeldingen/feyenoord logo achtergrond .jpeg [8ms]
2023-10-24 10:27:57.644 [info] > git ls-tree -l HEAD -- /workspace/mijn-website/afbeeldingen/feyenoord logo achtergrond .jpeg [1ms]
2023-10-24 10:28:06.120 [info] > git show --textconv :overmij.html [9ms]
2023-10-24 10:28:06.121 [info] > git ls-files --stage -- /workspace/mijn-website/overmij.html [1ms]
2023-10-24 10:28:06.131 [info] > git cat-file -s 2659ed5ec4d38bbb51b3d273ca7aa81aa66b8792 [1ms]
2023-10-24 10:28:07.013 [info] > git show --textconv :prijzen.html [8ms]
2023-10-24 10:28:07.013 [info] > git ls-files --stage -- /workspace/mijn-website/prijzen.html [1ms]
2023-10-24 10:28:07.021 [info] > git cat-file -s ca563e61fbcc7a7470cc7d0b2ef3ced1e4df57ac [1ms]
2023-10-24 10:28:07.825 [info] > git show --textconv :index.html [8ms]
2023-10-24 10:28:07.825 [info] > git ls-files --stage -- /workspace/mijn-website/index.html [1ms]
2023-10-24 10:28:07.833 [info] > git cat-file -s c4655f987f21fb0d233a39880ad0a000ceb4b7d6 [1ms]
2023-10-24 10:28:08.608 [info] > git show --textconv :overmij.html [10ms]
2023-10-24 10:28:08.608 [info] > git ls-files --stage -- /workspace/mijn-website/overmij.html [1ms]
2023-10-24 10:28:08.617 [info] > git cat-file -s 2659ed5ec4d38bbb51b3d273ca7aa81aa66b8792 [2ms]
2023-10-24 10:28:33.116 [info] > git show --textconv :style.css [8ms]
2023-10-24 10:28:33.116 [info] > git ls-files --stage -- /workspace/mijn-website/style.css [1ms]
2023-10-24 10:28:33.124 [info] > git cat-file -s eea4475d297e5d3ae2958d4ba54f91fd7f1fe289 [1ms]
2023-10-24 10:28:51.117 [info] > git config --get commit.template [12ms]
2023-10-24 10:28:51.118 [info] > git for-each-ref --format=%(refname)%00%(upstream:short)%00%(objectname)%00%(upstream:track)%00%(upstream:remotename)%00%(upstream:remoteref) refs/heads/master refs/remotes/master [2ms]
2023-10-24 10:28:51.129 [info] > git status -z -uall [1ms]
2023-10-24 10:29:13.772 [info] > git config --get commit.template [11ms]
2023-10-24 10:29:13.773 [info] > git for-each-ref --format=%(refname)%00%(upstream:short)%00%(objectname)%00%(upstream:track)%00%(upstream:remotename)%00%(upstream:remoteref) refs/heads/master refs/remotes/master [2ms]
2023-10-24 10:29:13.785 [info] > git status -z -uall [2ms]
2023-10-24 10:29:26.788 [info] > git config --get commit.template [14ms]
2023-10-24 10:29:26.789 [info] > git for-each-ref --format=%(refname)%00%(upstream:short)%00%(objectname)%00%(upstream:track)%00%(upstream:remotename)%00%(upstream:remoteref) refs/heads/master refs/remotes/master [1ms]
2023-10-24 10:29:26.803 [info] > git status -z -uall [3ms]
2023-10-24 10:29:38.962 [info] > git config --get commit.template [1ms]
2023-10-24 10:29:38.976 [info] > git for-each-ref --format=%(refname)%00%(upstream:short)%00%(objectname)%00%(upstream:track)%00%(upstream:remotename)%00%(upstream:remoteref) refs/heads/master refs/remotes/master [2ms]
2023-10-24 10:29:38.991 [info] > git status -z -uall [2ms]
2023-10-24 10:29:47.156 [info] > git config --get commit.template [8ms]
2023-10-24 10:29:47.157 [info] > git for-each-ref --format=%(refname)%00%(upstream:short)%00%(objectname)%00%(upstream:track)%00%(upstream:remotename)%00%(upstream:remoteref) refs/heads/master refs/remotes/master [1ms]
2023-10-24 10:29:47.168 [info] > git status -z -uall [2ms]
2023-10-24 10:30:04.958 [info] > git config --get commit.template [7ms]
2023-10-24 10:30:04.959 [info] > git for-each-ref --format=%(refname)%00%(upstream:short)%00%(objectname)%00%(upstream:track)%00%(upstream:remotename)%00%(upstream:remoteref) refs/heads/master refs/remotes/master [2ms]
2023-10-24 10:30:04.968 [info] > git status -z -uall [2ms]
2023-10-24 10:30:12.514 [info] > git config --get commit.template [9ms]
2023-10-24 10:30:12.514 [info] > git for-each-ref --format=%(refname)%00%(upstream:short)%00%(objectname)%00%(upstream:track)%00%(upstream:remotename)%00%(upstream:remoteref) refs/heads/master refs/remotes/master [1ms]
2023-10-24 10:30:12.525 [info] > git status -z -uall [1ms]
2023-10-24 10:30:14.971 [info] > git fetch [335ms]
2023-10-24 10:30:14.982 [info] > git config --get commit.template [2ms]
2023-10-24 10:30:14.990 [info] > git for-each-ref --format=%(refname)%00%(upstream:short)%00%(objectname)%00%(upstream:track)%00%(upstream:remotename)%00%(upstream:remoteref) refs/heads/master refs/remotes/master [1ms]
2023-10-24 10:30:14.998 [info] > git status -z -uall [1ms]
2023-10-24 10:30:16.253 [info] > git ls-files --stage -- /workspace/mijn-website/style.css [1ms]
2023-10-24 10:30:16.262 [info] > git cat-file -s eea4475d297e5d3ae2958d4ba54f91fd7f1fe289 [1ms]
2023-10-24 10:30:16.285 [info] > git show --textconv :style.css [2ms]
2023-10-24 10:30:17.541 [info] > git config --get commit.template [2ms]
2023-10-24 10:30:17.552 [info] > git for-each-ref --format=%(refname)%00%(upstream:short)%00%(objectname)%00%(upstream:track)%00%(upstream:remotename)%00%(upstream:remoteref) refs/heads/master refs/remotes/master [1ms]
2023-10-24 10:30:17.560 [info] > git status -z -uall [1ms]
2023-10-24 10:30:19.071 [info] > git add -A -- . [3ms]
2023-10-24 10:30:19.085 [info] > git -c user.useConfigOnly=true commit --quiet --allow-empty-message --file - [6ms]
2023-10-24 10:30:19.094 [info] > git config --get commit.template [0ms]
2023-10-24 10:30:19.112 [info] > git config --get commit.template [9ms]
2023-10-24 10:30:19.115 [info] > git for-each-ref --format=%(refname)%00%(upstream:short)%00%(objectname)%00%(upstream:track)%00%(upstream:remotename)%00%(upstream:remoteref) refs/heads/master refs/remotes/master [3ms]
2023-10-24 10:30:19.124 [info] > git status -z -uall [1ms]
2023-10-24 10:30:19.284 [info] > git config --local branch.master.github-pr-owner-number [3ms]
2023-10-24 10:30:19.301 [info] > git config --get commit.template [9ms]
2023-10-24 10:30:19.308 [info] > git config --get commit.template [8ms]
2023-10-24 10:30:19.315 [info] > git for-each-ref --format=%(refname)%00%(upstream:short)%00%(objectname)%00%(upstream:track)%00%(upstream:remotename)%00%(upstream:remoteref) refs/heads/master refs/remotes/master [8ms]
2023-10-24 10:30:19.341 [info] > git for-each-ref --format=%(refname)%00%(upstream:short)%00%(objectname)%00%(upstream:track)%00%(upstream:remotename)%00%(upstream:remoteref) refs/heads/master refs/remotes/master [27ms]
2023-10-24 10:30:19.351 [info] > git status -z -uall [2ms]
2023-10-24 10:30:20.154 [info] > git log --oneline --cherry master...master@{upstream} -- [2ms]
2023-10-24 10:30:20.510 [info] > git pull --tags origin master [346ms]
2023-10-24 10:30:20.510 [info] From https://github.com/TimmeB1/mijn-website
 * branch            master     -> FETCH_HEAD
2023-10-24 10:30:21.662 [info] > git push origin master:master [1145ms]
2023-10-24 10:30:21.662 [info] To https://github.com/TimmeB1/mijn-website.git
   ed6292d..34198a3  master -> master
2023-10-24 10:30:21.679 [info] > git config --get commit.template [8ms]
2023-10-24 10:30:21.680 [info] > git for-each-ref --format=%(refname)%00%(upstream:short)%00%(objectname)%00%(upstream:track)%00%(upstream:remotename)%00%(upstream:remoteref) refs/heads/master refs/remotes/master [1ms]
2023-10-24 10:30:21.690 [info] > git status -z -uall [2ms]
2023-10-24 10:30:21.855 [info] > git config --local branch.master.github-pr-owner-number [108ms]
2023-10-24 10:30:21.867 [info] > git config --get commit.template [2ms]
2023-10-24 10:30:21.885 [info] > git for-each-ref --format=%(refname)%00%(upstream:short)%00%(objectname)%00%(upstream:track)%00%(upstream:remotename)%00%(upstream:remoteref) refs/heads/master refs/remotes/master [9ms]
2023-10-24 10:30:21.896 [info] > git status -z -uall [3ms]
2023-10-24 10:30:21.931 [info] > git ls-files --stage -- /workspace/mijn-website/style.css [2ms]
2023-10-24 10:30:21.938 [info] > git cat-file -s 4ccd9c04932db034d63b4abcf7330eda74b9e2d4 [2ms]
2023-10-24 10:30:21.958 [info] > git show --textconv :style.css [2ms]
2023-10-24 10:30:22.937 [info] > git config --get commit.template [7ms]
2023-10-24 10:30:22.938 [info] > git for-each-ref --format=%(refname)%00%(upstream:short)%00%(objectname)%00%(upstream:track)%00%(upstream:remotename)%00%(upstream:remoteref) refs/heads/master refs/remotes/master [2ms]
2023-10-24 10:30:22.944 [info] > git status -z -uall [1ms]
2023-10-24 10:30:23.008 [info] > git ls-files --stage -- /workspace/mijn-website/style.css [1ms]
2023-10-24 10:30:23.018 [info] > git cat-file -s 4ccd9c04932db034d63b4abcf7330eda74b9e2d4 [1ms]
2023-10-24 10:30:23.040 [info] > git show --textconv :style.css [1ms]
2023-10-24 10:30:27.961 [info] > git config --get commit.template [2ms]
2023-10-24 10:30:27.972 [info] > git for-each-ref --format=%(refname)%00%(upstream:short)%00%(objectname)%00%(upstream:track)%00%(upstream:remotename)%00%(upstream:remoteref) refs/heads/master refs/remotes/master [1ms]
2023-10-24 10:30:27.981 [info] > git status -z -uall [2ms]
