2023-10-13 08:25:25.446 [info] Log level: Info
2023-10-13 08:25:25.446 [info] Validating found git in: "git"
2023-10-13 08:25:25.446 [info] Using git "2.42.0" from "git"
2023-10-13 08:25:25.446 [info] > git rev-parse --show-toplevel [3ms]
2023-10-13 08:25:25.446 [info] > git rev-parse --git-dir --git-common-dir [5ms]
2023-10-13 08:25:25.446 [info] Open repository: /workspace/mijn-website
2023-10-13 08:25:25.446 [info] > git rev-parse --show-toplevel [3ms]
2023-10-13 08:25:25.446 [info] > git config --get commit.template [13ms]
2023-10-13 08:25:25.446 [info] > git for-each-ref --format=%(refname)%00%(upstream:short)%00%(objectname)%00%(upstream:track)%00%(upstream:remotename)%00%(upstream:remoteref) refs/heads/master refs/remotes/master [11ms]
2023-10-13 08:25:25.446 [info] > git status -z -uall [45ms]
2023-10-13 08:25:25.446 [info] > git config --get commit.template [2ms]
2023-10-13 08:25:25.446 [info] > git for-each-ref --format=%(refname)%00%(upstream:short)%00%(objectname)%00%(upstream:track)%00%(upstream:remotename)%00%(upstream:remoteref) refs/heads/master refs/remotes/master [8ms]
2023-10-13 08:25:25.446 [info] > git status -z -uall [95ms]
2023-10-13 08:25:25.629 [info] > git fetch [418ms]
2023-10-13 08:25:25.646 [info] > git config --get commit.template [3ms]
2023-10-13 08:25:25.694 [info] > git for-each-ref --format=%(refname)%00%(upstream:short)%00%(objectname)%00%(upstream:track)%00%(upstream:remotename)%00%(upstream:remoteref) refs/heads/master refs/remotes/master [5ms]
2023-10-13 08:25:25.709 [info] > git status -z -uall [4ms]
2023-10-13 08:25:25.738 [info] > git show --textconv :info.html [14ms]
2023-10-13 08:25:25.738 [info] > git ls-files --stage -- /workspace/mijn-website/info.html [4ms]
2023-10-13 08:25:25.750 [info] > git cat-file -s 6c023f97fd1adb00c8dcca30bba056bce77d7d41 [4ms]
2023-10-13 08:25:25.888 [info] > git config --local branch.master.github-pr-owner-number [2ms]
2023-10-13 08:25:25.907 [info] > git config --get commit.template [7ms]
2023-10-13 08:25:25.907 [info] > git for-each-ref --format=%(refname)%00%(upstream:short)%00%(objectname)%00%(upstream:track)%00%(upstream:remotename)%00%(upstream:remoteref) refs/heads/master refs/remotes/master [2ms]
2023-10-13 08:25:25.918 [info] > git status -z -uall [4ms]
2023-10-13 08:25:25.961 [info] > git check-ignore -v -z --stdin [2ms]
2023-10-13 08:26:28.424 [info] > git config --get commit.template [12ms]
2023-10-13 08:26:28.424 [info] > git for-each-ref --format=%(refname)%00%(upstream:short)%00%(objectname)%00%(upstream:track)%00%(upstream:remotename)%00%(upstream:remoteref) refs/heads/master refs/remotes/master [2ms]
2023-10-13 08:26:28.446 [info] > git status -z -uall [11ms]
2023-10-13 08:26:28.448 [info] > git ls-files --stage -- /workspace/mijn-website/info.html [3ms]
2023-10-13 08:26:28.457 [info] > git cat-file -s 6c023f97fd1adb00c8dcca30bba056bce77d7d41 [1ms]
2023-10-13 08:26:28.498 [info] > git show --textconv :info.html [2ms]
2023-10-13 08:27:26.001 [info] > git log --oneline --cherry master...master@{upstream} -- [1ms]
2023-10-13 08:27:26.352 [info] > git pull --tags origin master [343ms]
2023-10-13 08:27:26.352 [info] From https://github.com/TimmeB1/mijn-website
 * branch            master     -> FETCH_HEAD
2023-10-13 08:27:27.102 [info] > git push origin master:master [740ms]
2023-10-13 08:27:27.102 [info] remote: Permission to TimmeB1/mijn-website.git denied to TimmeB1.
fatal: unable to access 'https://github.com/TimmeB1/mijn-website.git/': The requested URL returned error: 403
2023-10-13 08:27:27.622 [info] > git ls-files --stage -- /workspace/mijn-website/info.html [2ms]
2023-10-13 08:27:27.628 [info] > git cat-file -s 6c023f97fd1adb00c8dcca30bba056bce77d7d41 [1ms]
2023-10-13 08:27:27.649 [info] > git show --textconv :info.html [1ms]
2023-10-13 08:27:31.415 [info] > git config --get commit.template [6ms]
2023-10-13 08:27:31.417 [info] > git for-each-ref --format=%(refname)%00%(upstream:short)%00%(objectname)%00%(upstream:track)%00%(upstream:remotename)%00%(upstream:remoteref) refs/heads/master refs/remotes/master [3ms]
2023-10-13 08:27:31.428 [info] > git status -z -uall [1ms]
2023-10-13 08:28:13.577 [info] > git log --oneline --cherry master...master@{upstream} -- [2ms]
2023-10-13 08:28:13.945 [info] > git pull --tags origin master [346ms]
2023-10-13 08:28:13.945 [info] From https://github.com/TimmeB1/mijn-website
 * branch            master     -> FETCH_HEAD
2023-10-13 08:28:15.427 [info] > git ls-files --stage -- /workspace/mijn-website/info.html [1ms]
2023-10-13 08:28:15.434 [info] > git cat-file -s 6c023f97fd1adb00c8dcca30bba056bce77d7d41 [1ms]
2023-10-13 08:28:15.460 [info] > git show --textconv :info.html [1ms]
2023-10-13 08:28:18.394 [info] > git push origin master:master [4439ms]
2023-10-13 08:28:18.394 [info] To https://github.com/TimmeB1/mijn-website.git
   d29d18b..c6ca9b9  master -> master
2023-10-13 08:28:18.411 [info] > git config --get commit.template [2ms]
2023-10-13 08:28:18.420 [info] > git for-each-ref --format=%(refname)%00%(upstream:short)%00%(objectname)%00%(upstream:track)%00%(upstream:remotename)%00%(upstream:remoteref) refs/heads/master refs/remotes/master [1ms]
2023-10-13 08:28:18.432 [info] > git status -z -uall [2ms]
2023-10-13 08:28:18.522 [info] > git config --local branch.master.github-pr-owner-number [1ms]
2023-10-13 08:28:18.534 [info] > git config --get commit.template [1ms]
2023-10-13 08:28:18.547 [info] > git for-each-ref --format=%(refname)%00%(upstream:short)%00%(objectname)%00%(upstream:track)%00%(upstream:remotename)%00%(upstream:remoteref) refs/heads/master refs/remotes/master [3ms]
2023-10-13 08:28:18.559 [info] > git status -z -uall [1ms]
2023-10-13 08:28:19.665 [info] > git ls-files --stage -- /workspace/mijn-website/info.html [1ms]
2023-10-13 08:28:19.684 [info] > git cat-file -s 6c023f97fd1adb00c8dcca30bba056bce77d7d41 [4ms]
2023-10-13 08:28:19.718 [info] > git show --textconv :info.html [2ms]
2023-10-13 08:28:26.060 [info] > git fetch [338ms]
2023-10-13 08:28:26.080 [info] > git config --get commit.template [8ms]
2023-10-13 08:28:26.093 [info] > git for-each-ref --format=%(refname)%00%(upstream:short)%00%(objectname)%00%(upstream:track)%00%(upstream:remotename)%00%(upstream:remoteref) refs/heads/master refs/remotes/master [2ms]
2023-10-13 08:28:26.106 [info] > git status -z -uall [1ms]
2023-10-13 08:28:27.216 [info] > git config --get commit.template [10ms]
2023-10-13 08:28:27.217 [info] > git for-each-ref --format=%(refname)%00%(upstream:short)%00%(objectname)%00%(upstream:track)%00%(upstream:remotename)%00%(upstream:remoteref) refs/heads/master refs/remotes/master [1ms]
2023-10-13 08:28:27.226 [info] > git status -z -uall [2ms]
2023-10-13 08:28:27.321 [info] > git ls-files --stage -- /workspace/mijn-website/info.html [2ms]
2023-10-13 08:28:27.333 [info] > git cat-file -s 6c023f97fd1adb00c8dcca30bba056bce77d7d41 [2ms]
2023-10-13 08:28:27.489 [info] > git show --textconv :info.html [2ms]
2023-10-13 08:30:25.852 [info] > git config --local branch.master.github-pr-owner-number [1ms]
2023-10-13 08:30:25.864 [info] > git config --get commit.template [6ms]
2023-10-13 08:30:25.865 [info] > git for-each-ref --format=%(refname)%00%(upstream:short)%00%(objectname)%00%(upstream:track)%00%(upstream:remotename)%00%(upstream:remoteref) refs/heads/master refs/remotes/master [1ms]
2023-10-13 08:30:25.882 [info] > git status -z -uall [2ms]
