2023-09-26 09:51:29.530 [info] Log level: Info
2023-09-26 09:51:29.913 [info] VSCODE_MACHINE_ID: 13b9c56f-588b-4606-89da-0ff44f5c16a6
2023-09-26 09:51:29.913 [info] VSCODE_SESSION_ID: 4b1925d3-4e34-44fa-8bd3-baa43450487d1695721888029
2023-09-26 09:51:29.913 [info] VSCODE_VERSION: 1.82.2
2023-09-26 09:51:29.913 [info] VSCODE_APP_NAME: Gitpod Code
2023-09-26 09:51:29.913 [info] VSCODE_APP_HOST: Gitpod
2023-09-26 09:51:29.913 [info] VSCODE_UI_KIND: web
2023-09-26 09:51:29.913 [info] GITPOD_WORKSPACE_CONTEXT_URL: https://github.com/timmeb1/mijn-website.git
2023-09-26 09:51:29.913 [info] GITPOD_INSTANCE_ID: 8f44eab9-37f9-4885-8cec-939e39a2f9f5
2023-09-26 09:51:29.913 [info] GITPOD_WORKSPACE_URL: https://timmeb1-mijnwebsite-wh2jp5oijgu.ws-eu104.gitpod.io
2023-09-26 09:51:29.925 [info] Gitpod Web 1de61b5
2023-09-26 09:51:29.925 [info] Reading sessions from keychain...
2023-09-26 09:51:29.998 [info] Getting sessions for all scopes...
2023-09-26 09:51:29.999 [info] Getting GitHub sessions for all scopes...
2023-09-26 09:51:29.999 [info] Getting sessions for function:accessCodeSyncStorage...
2023-09-26 09:51:29.999 [info] Got stored sessions!
2023-09-26 09:51:30.001 [info] Getting GitHub sessions for all scopes...
2023-09-26 09:51:30.412 [info] Verified session with the following scopes: function:accessCodeSyncStorage function:closePort function:controlAdmission function:deleteEnvVar function:generateNewGitpodToken function:getDefaultWorkspaceImage function:getEnvVars function:getGitpodTokenScopes function:getIDToken function:getLoggedInUser function:getOpenPorts function:getSupportedWorkspaceClasses function:getTeams function:getToken function:getWorkspace function:getWorkspaceEnvVars function:getWorkspaceOwner function:getWorkspaceTimeout function:getWorkspaceUsers function:guessGitTokenScopes function:isWorkspaceOwner function:openPort function:sendHeartBeat function:setEnvVar function:setWorkspaceTimeout function:stopWorkspace function:takeSnapshot function:trackEvent function:updateGitStatus function:waitForSnapshot resource:contentBlob::*::create/get resource:envVar::TimmeB1/mijn-website::create/get/update/delete resource:gitpodToken::*::create resource:snapshot::ws-timmeb1-mijnwebsite-wh2jp5oijgu::create resource:token::*::get resource:userStorage::*::create/get/update resource:workspace::timmeb1-mijnwebsite-wh2jp5oijgu::get/update resource:workspaceInstance::8f44eab9-37f9-4885-8cec-939e39a2f9f5::get/update/delete
2023-09-26 09:51:30.412 [info] Got 1 verified sessions.
2023-09-26 09:51:30.412 [info] Got 1 sessions for all scopes...
2023-09-26 09:51:30.412 [info] Got 1 sessions for function:accessCodeSyncStorage...
2023-09-26 09:51:30.453 [info] Got 1 GitHub sessions for all scopes...
2023-09-26 09:51:30.453 [info] Got 1 GitHub sessions for all scopes...
2023-09-26 09:51:30.615 [info] Getting sessions for all scopes...
2023-09-26 09:51:30.615 [info] Got 1 sessions for all scopes...
2023-09-26 09:51:30.677 [info] Getting GitHub sessions for all scopes...
2023-09-26 09:51:30.677 [info] Got 1 GitHub sessions for all scopes...
2023-09-26 09:51:31.174 [info] Getting GitHub sessions for read:user,repo,user:email,workflow...
2023-09-26 09:51:31.174 [info] Got 0 GitHub sessions for read:user,repo,user:email,workflow...
2023-09-26 09:51:31.191 [info] Getting GitHub sessions for read:user,repo,user:email,workflow...
2023-09-26 09:51:31.191 [info] Got 0 GitHub sessions for read:user,repo,user:email,workflow...
2023-09-26 09:51:31.240 [info] Getting GitHub sessions for read:user,repo,user:email...
2023-09-26 09:51:31.240 [info] Got 0 GitHub sessions for read:user,repo,user:email...
