2023-09-26 09:49:55.642 [info] Log level: Info
2023-09-26 09:49:55.996 [info] VSCODE_MACHINE_ID: 13b9c56f-588b-4606-89da-0ff44f5c16a6
2023-09-26 09:49:55.996 [info] VSCODE_SESSION_ID: 2a15b004-6946-471c-8ac3-fdef13fdd4521695721794119
2023-09-26 09:49:55.996 [info] VSCODE_VERSION: 1.82.2
2023-09-26 09:49:55.996 [info] VSCODE_APP_NAME: Gitpod Code
2023-09-26 09:49:55.996 [info] VSCODE_APP_HOST: Gitpod
2023-09-26 09:49:55.996 [info] VSCODE_UI_KIND: web
2023-09-26 09:49:55.996 [info] GITPOD_WORKSPACE_CONTEXT_URL: https://github.com/timmeb1/mijn-website.git
2023-09-26 09:49:55.996 [info] GITPOD_INSTANCE_ID: 8f44eab9-37f9-4885-8cec-939e39a2f9f5
2023-09-26 09:49:55.996 [info] GITPOD_WORKSPACE_URL: https://timmeb1-mijnwebsite-wh2jp5oijgu.ws-eu104.gitpod.io
2023-09-26 09:49:56.007 [info] Gitpod Web 1de61b5
2023-09-26 09:49:56.007 [info] Reading sessions from keychain...
2023-09-26 09:49:56.047 [info] Getting sessions for all scopes...
2023-09-26 09:49:56.047 [info] Getting GitHub sessions for all scopes...
2023-09-26 09:49:56.047 [info] Getting sessions for function:accessCodeSyncStorage...
2023-09-26 09:49:56.048 [info] Got stored sessions!
2023-09-26 09:49:56.327 [info] Getting GitHub sessions for all scopes...
2023-09-26 09:49:56.467 [info] Verified session with the following scopes: function:accessCodeSyncStorage function:closePort function:controlAdmission function:deleteEnvVar function:generateNewGitpodToken function:getDefaultWorkspaceImage function:getEnvVars function:getGitpodTokenScopes function:getIDToken function:getLoggedInUser function:getOpenPorts function:getSupportedWorkspaceClasses function:getTeams function:getToken function:getWorkspace function:getWorkspaceEnvVars function:getWorkspaceOwner function:getWorkspaceTimeout function:getWorkspaceUsers function:guessGitTokenScopes function:isWorkspaceOwner function:openPort function:sendHeartBeat function:setEnvVar function:setWorkspaceTimeout function:stopWorkspace function:takeSnapshot function:trackEvent function:updateGitStatus function:waitForSnapshot resource:contentBlob::*::create/get resource:envVar::TimmeB1/mijn-website::create/get/update/delete resource:gitpodToken::*::create resource:snapshot::ws-timmeb1-mijnwebsite-wh2jp5oijgu::create resource:token::*::get resource:userStorage::*::create/get/update resource:workspace::timmeb1-mijnwebsite-wh2jp5oijgu::get/update resource:workspaceInstance::8f44eab9-37f9-4885-8cec-939e39a2f9f5::get/update/delete
2023-09-26 09:49:56.468 [info] Got 1 verified sessions.
2023-09-26 09:49:56.468 [info] Got 1 sessions for all scopes...
2023-09-26 09:49:56.468 [info] Got 1 sessions for function:accessCodeSyncStorage...
2023-09-26 09:49:56.609 [info] Got 1 GitHub sessions for all scopes...
2023-09-26 09:49:56.609 [info] Got 1 GitHub sessions for all scopes...
2023-09-26 09:49:57.037 [info] Getting sessions for all scopes...
2023-09-26 09:49:57.037 [info] Got 1 sessions for all scopes...
2023-09-26 09:49:57.046 [info] Getting GitHub sessions for all scopes...
2023-09-26 09:49:57.046 [info] Got 1 GitHub sessions for all scopes...
2023-09-26 09:49:57.320 [info] Getting GitHub sessions for read:user,repo,user:email,workflow...
2023-09-26 09:49:57.320 [info] Got 0 GitHub sessions for read:user,repo,user:email,workflow...
2023-09-26 09:49:57.513 [info] Getting GitHub sessions for read:user,repo,user:email,workflow...
2023-09-26 09:49:57.513 [info] Got 0 GitHub sessions for read:user,repo,user:email,workflow...
2023-09-26 09:49:57.614 [info] Getting GitHub sessions for read:user,repo,user:email...
2023-09-26 09:49:57.614 [info] Got 0 GitHub sessions for read:user,repo,user:email...
